dataset: twitter, network: False
training set size:2753   valid set size:344  testing set size:345
3442
32.60139453805927
12627
training set size:2753   valid set size:344  testing set size:345
3442
32.60139453805927
12627
training set size:2753   valid set size:344  testing set size:345
3442
32.60139453805927
12627
[ Epoch 0 ]
  - (Training)   ppl:      nan, accuracy: 1.414 %, elapse: 0.997 min
  - (Validation) ppl:      nan, accuracy: 3.007 %, elapse: 0.064 min
  - (Test) 
hits@1 0.03479576399394856
map@1 0.03479576399394856
hits@5 0.038930912758446796
map@5 0.036217851739788205
hits@10 0.044780635400907716
map@10 0.03698872959841189
hits@20 0.0556732223903177
map@20 0.03775405567429566
hits@50 0.08219868885526979
map@50 0.03856154411547026
hits@100 0.12304589006555723
map@100 0.039127686195458845
    - [Info] The checkpoint file has been updated.
[ Epoch 1 ]
  - (Training)   ppl:      nan, accuracy: 3.022 %, elapse: 1.051 min
  - (Validation) ppl:      nan, accuracy: 3.007 %, elapse: 0.059 min
  - (Test) 
hits@1 0.0345940494200706
map@1 0.0345940494200706
hits@5 0.039233484619263743
map@5 0.036150613548495546
hits@10 0.04589006555723651
map@10 0.03697496177829007
hits@20 0.05698436712052446
map@20 0.03772301582018542
hits@50 0.08885526979324256
map@50 0.038704737111938184
hits@100 0.13212304589006554
map@100 0.03931186548572901
    - [Info] The checkpoint file has been updated.
[ Epoch 2 ]
  - (Training)   ppl:      nan, accuracy: 2.990 %, elapse: 0.986 min
  - (Validation) ppl:      nan, accuracy: 2.561 %, elapse: 0.066 min
  - (Test) 
hits@1 0.029652042360060513
map@1 0.029652042360060513
hits@5 0.04114977307110439
map@5 0.033481257354177174
hits@10 0.05123550176500252
map@10 0.03477215058153031
hits@20 0.07110438729198185
map@20 0.0360821223555588
hits@50 0.11467473524962178
map@50 0.037443985182228544
hits@100 0.18396369137670196
map@100 0.03841608670949138
[ Epoch 3 ]
  - (Training)   ppl:      nan, accuracy: 2.921 %, elapse: 1.008 min
  - (Validation) ppl:      nan, accuracy: 2.806 %, elapse: 0.061 min
  - (Test) 
hits@1 0.03207261724659607
map@1 0.03207261724659607
hits@5 0.057488653555219364
map@5 0.04022860985039502
hits@10 0.07826525466464952
map@10 0.04292690248060898
hits@20 0.10489157841654059
map@20 0.04472552977715667
hits@50 0.16681795259707513
map@50 0.046645750582186174
hits@100 0.24387291981845688
map@100 0.04773490074137926
[ Epoch 4 ]
  - (Training)   ppl:      nan, accuracy: 3.386 %, elapse: 0.999 min
  - (Validation) ppl:      nan, accuracy: 3.435 %, elapse: 0.057 min
  - (Test) 
hits@1 0.038830055471507814
map@1 0.038830055471507814
hits@5 0.07463439233484619
map@5 0.05092116322070936
hits@10 0.10327786182551689
map@10 0.05467025270353559
hits@20 0.13988905698436713
map@20 0.057205007587309016
hits@50 0.21744831064044376
map@50 0.059629830758092514
hits@100 0.3046898638426626
map@100 0.06084859723659962
    - [Info] The checkpoint file has been updated.
[ Epoch 5 ]
  - (Training)   ppl:      nan, accuracy: 4.475 %, elapse: 1.011 min
  - (Validation) ppl:      nan, accuracy: 5.882 %, elapse: 0.058 min
  - (Test) 
hits@1 0.05658093797276853
map@1 0.05658093797276853
hits@5 0.11064044377206253
map@5 0.0752916456547319
hits@10 0.1410993444276349
map@10 0.07931481081254153
hits@20 0.178315683308119
map@20 0.08189634478280304
hits@50 0.2557740796772567
map@50 0.08428500286035813
hits@100 0.3388804841149773
map@100 0.0854485084603645
    - [Info] The checkpoint file has been updated.
[ Epoch 6 ]
  - (Training)   ppl:      nan, accuracy: 6.907 %, elapse: 1.012 min
  - (Validation) ppl:      nan, accuracy: 8.242 %, elapse: 0.063 min
  - (Test) 
hits@1 0.07695410993444277
map@1 0.07695410993444277
hits@5 0.13373676248108926
map@5 0.0973171961674231
hits@10 0.16822995461422088
map@10 0.10189619703991865
hits@20 0.21089258698941
map@20 0.10480682580369705
hits@50 0.2940998487140696
map@50 0.10743126205229293
hits@100 0.39162884518406454
map@100 0.1088130959092648
    - [Info] The checkpoint file has been updated.
[ Epoch 7 ]
  - (Training)   ppl:      nan, accuracy: 9.408 %, elapse: 0.984 min
  - (Validation) ppl:      nan, accuracy: 9.728 %, elapse: 0.057 min
  - (Test) 
hits@1 0.09127584467977812
map@1 0.09127584467977812
hits@5 0.15037821482602118
map@5 0.11268952765170616
hits@10 0.18345940494200705
map@10 0.1171023541371499
hits@20 0.23388804841149774
map@20 0.12051579721062115
hits@50 0.3179021684316692
map@50 0.1231527887341417
hits@100 0.4156328794755421
map@100 0.12453788839642735
    - [Info] The checkpoint file has been updated.
[ Epoch 8 ]
  - (Training)   ppl:      nan, accuracy: 11.751 %, elapse: 1.003 min
  - (Validation) ppl:      nan, accuracy: 11.205 %, elapse: 0.056 min
  - (Test) 
hits@1 0.09894099848714069
map@1 0.09894099848714069
hits@5 0.16520423600605144
map@5 0.1229097327281896
hits@10 0.2
map@10 0.12759035131954954
hits@20 0.2509329299041856
map@20 0.13107660980747068
hits@50 0.3427130610186586
map@50 0.13396610616982105
hits@100 0.4360060514372163
map@100 0.1352833236011809
    - [Info] The checkpoint file has been updated.
[ Epoch 9 ]
  - (Training)   ppl:      nan, accuracy: 13.837 %, elapse: 0.998 min
  - (Validation) ppl:      nan, accuracy: 12.298 %, elapse: 0.064 min
  - (Test) 
hits@1 0.11064044377206253
map@1 0.11064044377206253
hits@5 0.17579425113464447
map@5 0.13462262565136998
hits@10 0.216238023197176
map@10 0.13998647231627562
hits@20 0.2671709531013616
map@20 0.1434313849668201
hits@50 0.36338880484114977
map@50 0.14644566841735104
hits@100 0.4586989409984871
map@100 0.14779997836397749
    - [Info] The checkpoint file has been updated.
[ Epoch 10 ]
  - (Training)   ppl:      nan, accuracy: 15.993 %, elapse: 1.007 min
  - (Validation) ppl:      nan, accuracy: 13.294 %, elapse: 0.057 min
  - (Test) 
hits@1 0.11719616742309631
map@1 0.11719616742309631
hits@5 0.18658598083711547
map@5 0.14262901327954278
hits@10 0.22360060514372163
map@10 0.14758494825060636
hits@20 0.2761472516389309
map@20 0.15117921846698493
hits@50 0.3734745335350479
map@50 0.15423008660137325
hits@100 0.47029752899647
map@100 0.15560958140339556
    - [Info] The checkpoint file has been updated.
[ Epoch 11 ]
  - (Training)   ppl:      nan, accuracy: 18.064 %, elapse: 1.025 min
  - (Validation) ppl:      nan, accuracy: 13.487 %, elapse: 0.062 min
  - (Test) 
hits@1 0.12022188603126575
map@1 0.12022188603126575
hits@5 0.1935451336359052
map@5 0.14680618591359887
hits@10 0.23267776096822995
map@10 0.1520642925181503
hits@20 0.28774583963691375
map@20 0.15589606534607303
hits@50 0.3852748361069087
map@50 0.15891975546419088
hits@100 0.4833081190115986
map@100 0.16030399767048256
    - [Info] The checkpoint file has been updated.
[ Epoch 12 ]
  - (Training)   ppl:      nan, accuracy: 20.028 %, elapse: 0.999 min
  - (Validation) ppl:      nan, accuracy: 13.915 %, elapse: 0.060 min
  - (Test) 
hits@1 0.12455874936964195
map@1 0.12455874936964195
hits@5 0.19969742813918306
map@5 0.15209783156833084
hits@10 0.23973777105395866
map@10 0.15733844823859952
hits@20 0.2901664145234493
map@20 0.16075376730846447
hits@50 0.3864851235501765
map@50 0.16382438215770576
hits@100 0.48129097327281894
map@100 0.16516135911246585
    - [Info] The checkpoint file has been updated.
[ Epoch 13 ]
  - (Training)   ppl:      nan, accuracy: 22.160 %, elapse: 1.002 min
  - (Validation) ppl:      nan, accuracy: 14.160 %, elapse: 0.057 min
  - (Test) 
hits@1 0.12778618255168936
map@1 0.12778618255168936
hits@5 0.20262228946041352
map@5 0.15537905530341234
hits@10 0.2421583459404942
map@10 0.16071500612347814
hits@20 0.2944024205748865
map@20 0.16431944066392995
hits@50 0.3929399899142713
map@50 0.16737654568473734
hits@100 0.48572869389813417
map@100 0.16868998156440024
    - [Info] The checkpoint file has been updated.
[ Epoch 14 ]
  - (Training)   ppl:      nan, accuracy: 23.998 %, elapse: 1.042 min
  - (Validation) ppl:      nan, accuracy: 14.299 %, elapse: 0.059 min
  - (Test) 
hits@1 0.12778618255168936
map@1 0.12778618255168936
hits@5 0.20574886535552195
map@5 0.15643133299714235
hits@10 0.24457892082702976
map@10 0.16157313353985064
hits@20 0.2999495713565305
map@20 0.16535446067983084
hits@50 0.3931417044881493
map@50 0.1682750930665968
hits@100 0.4856278366111952
map@100 0.16958261412563022
    - [Info] The checkpoint file has been updated.
[ Epoch 15 ]
  - (Training)   ppl:      nan, accuracy: 26.093 %, elapse: 0.974 min
  - (Validation) ppl:      nan, accuracy: 14.500 %, elapse: 0.061 min
  - (Test) 
hits@1 0.1303076147251639
map@1 0.1303076147251639
hits@5 0.2102874432677761
map@5 0.15972096150613554
hits@10 0.2515380736258195
map@10 0.16514312129289432
hits@20 0.30307614725163895
map@20 0.16869021950264365
hits@50 0.3961674230963187
map@50 0.17157287677947874
hits@100 0.48905698436712053
map@100 0.17289107935035353
    - [Info] The checkpoint file has been updated.
[ Epoch 16 ]
  - (Training)   ppl:      nan, accuracy: 28.003 %, elapse: 0.992 min
  - (Validation) ppl:      nan, accuracy: 14.693 %, elapse: 0.064 min
  - (Test) 
hits@1 0.13272818961169944
map@1 0.13272818961169944
hits@5 0.21472516389309126
map@5 0.16309631870902666
hits@10 0.2546646495209279
map@10 0.1684044537297185
hits@20 0.30458900655572363
map@20 0.17183885715613606
hits@50 0.39687342410489157
map@50 0.17468552199853
hits@100 0.48532526475037824
map@100 0.1759448104350863
    - [Info] The checkpoint file has been updated.
[ Epoch 17 ]
  - (Training)   ppl:      nan, accuracy: 29.767 %, elapse: 0.993 min
  - (Validation) ppl:      nan, accuracy: 14.798 %, elapse: 0.061 min
  - (Test) 
hits@1 0.1340393343419062
map@1 0.1340393343419062
hits@5 0.21724659606656582
map@5 0.16503950243738444
hits@10 0.25547150781643974
map@10 0.17009345308135018
hits@20 0.30398386283408974
map@20 0.17341636466018792
hits@50 0.3965708522440746
map@50 0.17629224793094309
hits@100 0.4870398386283409
map@100 0.17758056454505186
    - [Info] The checkpoint file has been updated.
[ Epoch 18 ]
  - (Training)   ppl:      nan, accuracy: 31.485 %, elapse: 0.977 min
  - (Validation) ppl:      nan, accuracy: 14.710 %, elapse: 0.059 min
  - (Test) 
hits@1 0.13474533535047908
map@1 0.13474533535047908
hits@5 0.21724659606656582
map@5 0.1651285930408472
hits@10 0.25910237014624304
map@10 0.17072217019266944
hits@20 0.3059001512859304
map@20 0.1739210236483928
hits@50 0.4016137165910237
map@50 0.17690430421615908
hits@100 0.4922844175491679
map@100 0.17819465369566134
[ Epoch 19 ]
  - (Training)   ppl:      nan, accuracy: 33.034 %, elapse: 0.999 min
  - (Validation) ppl:      nan, accuracy: 14.972 %, elapse: 0.062 min
  - (Test) 
hits@1 0.13514876449823499
map@1 0.13514876449823499
hits@5 0.21754916792738274
map@5 0.1656026222894604
hits@10 0.2586989409984871
map@10 0.1710179381888913
hits@20 0.3108421583459405
map@20 0.1746508437334093
hits@50 0.400201714573878
map@50 0.17740271668563
hits@100 0.49067070095814425
map@100 0.178678293795138
    - [Info] The checkpoint file has been updated.
[ Epoch 20 ]
  - (Training)   ppl:      nan, accuracy: 34.739 %, elapse: 1.014 min
  - (Validation) ppl:      nan, accuracy: 14.850 %, elapse: 0.059 min
  - (Test) 
hits@1 0.1367624810892587
map@1 0.1367624810892587
hits@5 0.2183560262228946
map@5 0.16709531013615736
hits@10 0.2561775088250126
map@10 0.17211412082062608
hits@20 0.30670700958144226
map@20 0.17561114491029994
hits@50 0.3956631366616238
map@50 0.17838138271342271
hits@100 0.48290468986384266
map@100 0.1796090941712364
[ Epoch 21 ]
  - (Training)   ppl:      nan, accuracy: 36.435 %, elapse: 1.014 min
  - (Validation) ppl:      nan, accuracy: 14.868 %, elapse: 0.060 min
  - (Test) 
hits@1 0.13555219364599091
map@1 0.13555219364599091
hits@5 0.21765002521432172
map@5 0.16589174651201882
hits@10 0.2583963691376702
map@10 0.17131062443467887
hits@20 0.31033787191124557
map@20 0.1748725356077595
hits@50 0.39747856782652546
map@50 0.1775664868004135
hits@100 0.48663640948058495
map@100 0.17882933178180432
[ Epoch 22 ]
  - (Training)   ppl:      nan, accuracy: 37.628 %, elapse: 0.967 min
  - (Validation) ppl:      nan, accuracy: 14.876 %, elapse: 0.061 min
  - (Test) 
hits@1 0.13817448310640443
map@1 0.13817448310640443
hits@5 0.2210791729702471
map@5 0.16869894099848712
hits@10 0.25970751386787694
map@10 0.17373332052605883
hits@20 0.3076147251638931
map@20 0.1770713544240497
hits@50 0.39586485123550175
map@50 0.17982618217065227
hits@100 0.4827029752899647
map@100 0.18106064592196427
[ Epoch 23 ]
  - (Training)   ppl:      nan, accuracy: 39.070 %, elapse: 0.988 min
  - (Validation) ppl:      nan, accuracy: 14.981 %, elapse: 0.060 min
  - (Test) 
hits@1 0.13666162380231972
map@1 0.13666162380231972
hits@5 0.21916288451840646
map@5 0.16739956295175662
hits@10 0.259505799293999
map@10 0.17273663440834397
hits@20 0.30842158345940496
map@20 0.17610842217510503
hits@50 0.3941502773575391
map@50 0.1787951774634253
hits@100 0.4785678265254665
map@100 0.18001266522407247
    - [Info] The checkpoint file has been updated.
[ Epoch 24 ]
  - (Training)   ppl:      nan, accuracy: 40.247 %, elapse: 1.015 min
  - (Validation) ppl:      nan, accuracy: 14.955 %, elapse: 0.058 min
  - (Test) 
hits@1 0.13484619263741807
map@1 0.13484619263741807
hits@5 0.21805345436207765
map@5 0.1660194990754749
hits@10 0.2572869389813414
map@10 0.17120564480624995
hits@20 0.30680786686838124
map@20 0.17460831533601
hits@50 0.3955622793746848
map@50 0.17739946212510813
hits@100 0.4783661119515885
map@100 0.17856880376506976
[ Epoch 25 ]
  - (Training)   ppl:      nan, accuracy: 41.555 %, elapse: 1.057 min
  - (Validation) ppl:      nan, accuracy: 15.104 %, elapse: 0.060 min
  - (Test) 
hits@1 0.13595562279374684
map@1 0.13595562279374684
hits@5 0.21754916792738274
map@5 0.1663590519415028
hits@10 0.2583963691376702
map@10 0.17176768404453732
hits@20 0.30801815431164903
map@20 0.1751610712494517
hits@50 0.3960665658093797
map@50 0.17790688443288513
hits@100 0.4803832576903681
map@100 0.1790926335648694
    - [Info] The checkpoint file has been updated.
[ Epoch 26 ]
  - (Training)   ppl:      nan, accuracy: 42.496 %, elapse: 0.982 min
  - (Validation) ppl:      nan, accuracy: 15.104 %, elapse: 0.056 min
  - (Test) 
hits@1 0.13746848209783158
map@1 0.13746848209783158
hits@5 0.21875945537065053
map@5 0.1677374348630022
hits@10 0.25970751386787694
map@10 0.1732029392695051
hits@20 0.3092284417549168
map@20 0.17656305274716963
hits@50 0.3929399899142713
map@50 0.1791659810798487
hits@100 0.4761472516389309
map@100 0.18034323994290627
    - [Info] The checkpoint file has been updated.
[ Epoch 27 ]
  - (Training)   ppl:      nan, accuracy: 43.561 %, elapse: 1.000 min
  - (Validation) ppl:      nan, accuracy: 14.841 %, elapse: 0.059 min
  - (Test) 
hits@1 0.13797276853252646
map@1 0.13797276853252646
hits@5 0.21875945537065053
map@5 0.16797613044209111
hits@10 0.26142208774583964
map@10 0.17360228609850395
hits@20 0.3118507312153303
map@20 0.17700322793327342
hits@50 0.3917297024710035
map@50 0.1794918732035766
hits@100 0.47655068078668683
map@100 0.1806961029349046
[ Epoch 28 ]
  - (Training)   ppl:      nan, accuracy: 44.726 %, elapse: 1.028 min
  - (Validation) ppl:      nan, accuracy: 15.016 %, elapse: 0.065 min
  - (Test) 
hits@1 0.1367624810892587
map@1 0.1367624810892587
hits@5 0.22067574382249117
map@5 0.1679374684820978
hits@10 0.26192637418053455
map@10 0.1733539850635161
hits@20 0.3070095814422592
map@20 0.17644843817760592
hits@50 0.3908219868885527
map@50 0.1790908620504225
hits@100 0.47534039334341904
map@100 0.18030437223309795
[ Epoch 29 ]
  - (Training)   ppl:      nan, accuracy: 45.634 %, elapse: 1.009 min
  - (Validation) ppl:      nan, accuracy: 14.999 %, elapse: 0.062 min
  - (Test) 
hits@1 0.1356530509329299
map@1 0.1356530509329299
hits@5 0.21976802824004035
map@5 0.16730711043872928
hits@10 0.2605143721633888
map@10 0.1726753195815223
hits@20 0.3086232980332829
map@20 0.17594907158386358
hits@50 0.3930408472012103
map@50 0.17859676779989672
hits@100 0.4745335350479072
map@100 0.17976772734710755
[ Epoch 30 ]
  - (Training)   ppl:      nan, accuracy: 46.518 %, elapse: 1.014 min
  - (Validation) ppl:      nan, accuracy: 15.112 %, elapse: 0.057 min
  - (Test) 
hits@1 0.1394856278366112
map@1 0.1394856278366112
hits@5 0.21865859808371155
map@5 0.1690418557740797
hits@10 0.2584972264246092
map@10 0.1742953197416132
hits@20 0.3087241553202219
map@20 0.17773593960723652
hits@50 0.3924357034795764
map@50 0.18035221619119543
hits@100 0.4743318204740293
map@100 0.18150828143522443
    - [Info] The checkpoint file has been updated.
[ Epoch 31 ]
  - (Training)   ppl:      nan, accuracy: 47.210 %, elapse: 0.978 min
  - (Validation) ppl:      nan, accuracy: 15.034 %, elapse: 0.060 min
  - (Test) 
hits@1 0.13857791225416036
map@1 0.13857791225416036
hits@5 0.21865859808371155
map@5 0.16826525466464956
hits@10 0.2574886535552194
map@10 0.1733633103602846
hits@20 0.3086232980332829
map@20 0.17682568578989238
hits@50 0.39112455874936963
map@50 0.179407111522743
hits@100 0.4726172465960666
map@100 0.18057476959951485
[ Epoch 32 ]
  - (Training)   ppl:      nan, accuracy: 48.108 %, elapse: 0.983 min
  - (Validation) ppl:      nan, accuracy: 15.104 %, elapse: 0.063 min
  - (Test) 
hits@1 0.1383761976802824
map@1 0.1383761976802824
hits@5 0.21825516893595562
map@5 0.16771894436039667
hits@10 0.2583963691376702
map@10 0.17299850314978907
hits@20 0.30983358547655065
map@20 0.17649403919080464
hits@50 0.3924357034795764
map@50 0.17902841316075188
hits@100 0.4726172465960666
map@100 0.1801733396421249
[ Epoch 33 ]
  - (Training)   ppl:      nan, accuracy: 48.900 %, elapse: 0.997 min
  - (Validation) ppl:      nan, accuracy: 14.990 %, elapse: 0.057 min
  - (Test) 
hits@1 0.13706505295007565
map@1 0.13706505295007565
hits@5 0.21906202723146748
map@5 0.16794923516557403
hits@10 0.2580937972768533
map@10 0.17313930312417455
hits@20 0.3070095814422592
map@20 0.17649559630768324
hits@50 0.38930912758446795
map@50 0.1790908347924175
hits@100 0.47110438729198184
map@100 0.18027216244126473
[ Epoch 34 ]
  - (Training)   ppl:      nan, accuracy: 49.597 %, elapse: 0.981 min
  - (Validation) ppl:      nan, accuracy: 14.920 %, elapse: 0.067 min
  - (Test) 
hits@1 0.13857791225416036
map@1 0.13857791225416036
hits@5 0.21936459909228442
map@5 0.16836106908724158
hits@10 0.2567826525466465
map@10 0.17330539746576049
hits@20 0.30559757942511345
map@20 0.17668741232709892
hits@50 0.38900655572365106
map@50 0.17929841759331966
hits@100 0.4665658093797277
map@100 0.18040646437690902
[ Epoch 35 ]
  - (Training)   ppl:      nan, accuracy: 50.330 %, elapse: 1.000 min
  - (Validation) ppl:      nan, accuracy: 15.112 %, elapse: 0.058 min
  - (Test) 
hits@1 0.13978819969742814
map@1 0.13978819969742814
hits@5 0.2189611699445285
map@5 0.16907043200537908
hits@10 0.2586989409984871
map@10 0.17423548575590933
hits@20 0.30620272314674735
map@20 0.17751625922073172
hits@50 0.38940998487140693
map@50 0.18009702889638934
hits@100 0.4652546646495209
map@100 0.18117595861675886
    - [Info] The checkpoint file has been updated.
[ Epoch 36 ]
  - (Training)   ppl:      nan, accuracy: 50.901 %, elapse: 1.021 min
  - (Validation) ppl:      nan, accuracy: 15.156 %, elapse: 0.056 min
  - (Test) 
hits@1 0.1383761976802824
map@1 0.1383761976802824
hits@5 0.21754916792738274
map@5 0.16791561606992772
hits@10 0.2556732223903177
map@10 0.17297589030569357
hits@20 0.3048915784165406
map@20 0.17637499532413187
hits@50 0.3858799798285426
map@50 0.17892390682578257
hits@100 0.4637418053454362
map@100 0.18003987889586734
    - [Info] The checkpoint file has been updated.
[ Epoch 37 ]
  - (Training)   ppl:      nan, accuracy: 51.348 %, elapse: 1.019 min
  - (Validation) ppl:      nan, accuracy: 15.139 %, elapse: 0.058 min
  - (Test) 
hits@1 0.13797276853252646
map@1 0.13797276853252646
hits@5 0.21875945537065053
map@5 0.16824508320726173
hits@10 0.2572869389813414
map@10 0.17342214377766568
hits@20 0.3066061522945033
map@20 0.17679111455066587
hits@50 0.3896116994452849
map@50 0.1794017404469115
hits@100 0.4682803832576904
map@100 0.18051444417491802
[ Epoch 38 ]
  - (Training)   ppl:      nan, accuracy: 52.056 %, elapse: 1.027 min
  - (Validation) ppl:      nan, accuracy: 14.955 %, elapse: 0.062 min
  - (Test) 
hits@1 0.13756933938477056
map@1 0.13756933938477056
hits@5 0.21926374180534544
map@5 0.16758614893259371
hits@10 0.2572869389813414
map@10 0.17259967661631806
hits@20 0.30247100353000506
map@20 0.17567007053013103
hits@50 0.3863842662632375
map@50 0.17836131413290573
hits@100 0.46515380736258194
map@100 0.17949324478299683
[ Epoch 39 ]
  - (Training)   ppl:      nan, accuracy: 52.816 %, elapse: 1.017 min
  - (Validation) ppl:      nan, accuracy: 14.911 %, elapse: 0.059 min
  - (Test) 
hits@1 0.1373676248108926
map@1 0.1373676248108926
hits@5 0.2194654563792234
map@5 0.16808707345772397
hits@10 0.2567826525466465
map@10 0.17308647311673028
hits@20 0.30186585980837116
map@20 0.17617936594861977
hits@50 0.3863842662632375
map@50 0.17884396138349334
hits@100 0.4636409480584972
map@100 0.17995116016880175
[ Epoch 40 ]
  - (Training)   ppl:      nan, accuracy: 53.496 %, elapse: 1.023 min
  - (Validation) ppl:      nan, accuracy: 15.121 %, elapse: 0.060 min
  - (Test) 
hits@1 0.13908219868885527
map@1 0.13908219868885527
hits@5 0.2200706001008573
map@5 0.16847369305765672
hits@10 0.2586989409984871
map@10 0.17355353840981674
hits@20 0.302773575390822
map@20 0.1764909956538528
hits@50 0.38930912758446795
map@50 0.1792233189882845
hits@100 0.46575895108421583
map@100 0.18029298285026088
[ Epoch 41 ]
  - (Training)   ppl:      nan, accuracy: 53.752 %, elapse: 0.963 min
  - (Validation) ppl:      nan, accuracy: 14.999 %, elapse: 0.061 min
  - (Test) 
hits@1 0.13716591023701463
map@1 0.13716591023701463
hits@5 0.21936459909228442
map@5 0.16763153471171624
hits@10 0.25769036812909735
map@10 0.17269056824276194
hits@20 0.3017650025214322
map@20 0.17570396077071623
hits@50 0.38840141200201717
map@50 0.17839696006349884
hits@100 0.46565809379727685
map@100 0.17948029179845668
[ Epoch 42 ]
  - (Training)   ppl:      nan, accuracy: 54.380 %, elapse: 1.026 min
  - (Validation) ppl:      nan, accuracy: 15.165 %, elapse: 0.060 min
  - (Test) 
hits@1 0.1394856278366112
map@1 0.1394856278366112
hits@5 0.2188603126575895
map@5 0.16893427466801142
hits@10 0.25859808371154813
map@10 0.1741104947610243
hits@20 0.30186585980837116
map@20 0.1770844140582505
hits@50 0.3834594049420071
map@50 0.17969433334951793
hits@100 0.464851235501765
map@100 0.1808808287051917
    - [Info] The checkpoint file has been updated.
[ Epoch 43 ]
  - (Training)   ppl:      nan, accuracy: 54.667 %, elapse: 1.005 min
  - (Validation) ppl:      nan, accuracy: 14.990 %, elapse: 0.060 min
  - (Test) 
hits@1 0.14059505799294
map@1 0.14059505799294
hits@5 0.21815431164901664
map@5 0.16927718944360398
hits@10 0.2568835098335855
map@10 0.1743988585516573
hits@20 0.3022692889561271
map@20 0.17751577173519725
hits@50 0.383560262228946
map@50 0.18009275928291335
hits@100 0.464750378214826
map@100 0.18125390258809768
[ Epoch 44 ]
  - (Training)   ppl:      nan, accuracy: 54.945 %, elapse: 1.000 min
  - (Validation) ppl:      nan, accuracy: 15.182 %, elapse: 0.058 min
  - (Test) 
hits@1 0.13807362581946545
map@1 0.13807362581946545
hits@5 0.21765002521432172
map@5 0.1676080013447639
hits@10 0.2568835098335855
map@10 0.1727889040975274
hits@20 0.30146243066061523
map@20 0.1758300229432134
hits@50 0.38497226424609177
map@50 0.1784636130872018
hits@100 0.46394351991931415
map@100 0.179581529783286
    - [Info] The checkpoint file has been updated.
[ Epoch 45 ]
  - (Training)   ppl:      nan, accuracy: 55.452 %, elapse: 1.015 min
  - (Validation) ppl:      nan, accuracy: 14.876 %, elapse: 0.065 min
  - (Test) 
hits@1 0.1373676248108926
map@1 0.1373676248108926
hits@5 0.21744831064044376
map@5 0.16735249621785175
hits@10 0.254059505799294
map@10 0.17225708202258885
hits@20 0.3023701462430661
map@20 0.1756037971354735
hits@50 0.38517397881996973
map@50 0.1782399962768312
hits@100 0.46555723651033787
map@100 0.17937094827897127
[ Epoch 46 ]
  - (Training)   ppl:      nan, accuracy: 55.873 %, elapse: 1.020 min
  - (Validation) ppl:      nan, accuracy: 15.156 %, elapse: 0.063 min
  - (Test) 
hits@1 0.13756933938477056
map@1 0.13756933938477056
hits@5 0.21825516893595562
map@5 0.16762817280215167
hits@10 0.2574886535552194
map@10 0.17281535912398244
hits@20 0.3021684316691881
map@20 0.17590051133845602
hits@50 0.38688855269793243
map@50 0.17858263863037457
hits@100 0.464851235501765
map@100 0.17968062988945072
[ Epoch 47 ]
  - (Training)   ppl:      nan, accuracy: 56.445 %, elapse: 1.016 min
  - (Validation) ppl:      nan, accuracy: 15.139 %, elapse: 0.063 min
  - (Test) 
hits@1 0.13857791225416036
map@1 0.13857791225416036
hits@5 0.21613716591023702
map@5 0.1675458060178181
hits@10 0.25547150781643974
map@10 0.17282168271578258
hits@20 0.3032778618255169
map@20 0.1760791871288445
hits@50 0.3852748361069087
map@50 0.17865680778022613
hits@100 0.4622289460413515
map@100 0.17975191496716666
[ Epoch 48 ]
  - (Training)   ppl:      nan, accuracy: 56.642 %, elapse: 0.999 min
  - (Validation) ppl:      nan, accuracy: 14.868 %, elapse: 0.056 min
  - (Test) 
hits@1 0.1382753403933434
map@1 0.1382753403933434
hits@5 0.2167423096318709
map@5 0.16776433013951925
hits@10 0.25718608169440244
map@10 0.17315687310392305
hits@20 0.30368129097327284
map@20 0.17634791712876094
hits@50 0.38517397881996973
map@50 0.1789085486317723
hits@100 0.46384266263237517
map@100 0.18002265538058657
[ Epoch 49 ]
  - (Training)   ppl:      nan, accuracy: 56.924 %, elapse: 0.994 min
  - (Validation) ppl:      nan, accuracy: 15.025 %, elapse: 0.062 min
  - (Test) 
hits@1 0.13787191124558748
map@1 0.13787191124558748
hits@5 0.21704488149268786
map@5 0.16745167255000834
hits@10 0.2562783661119516
map@10 0.17264930480512936
hits@20 0.3015632879475542
map@20 0.17572077212778986
hits@50 0.3823499747856783
map@50 0.1782551365382744
hits@100 0.4616238023197176
map@100 0.17938551479527942
