dataset: twitter, network: True
training set size:2753   valid set size:344  testing set size:345
3442
32.60139453805927
12627
edge:
309631.0
training set size:2753   valid set size:344  testing set size:345
3442
32.60139453805927
12627
edge:
309631.0
training set size:2753   valid set size:344  testing set size:345
3442
32.60139453805927
12627
edge:
309631.0
[ Epoch 0 ]
  - (Training)   ppl:      nan, accuracy: 1.802 %, elapse: 9.757 min
  - (Validation) ppl:      nan, accuracy: 3.007 %, elapse: 1.071 min
  - (Test) 
hits@1 0.03479576399394856
map@1 0.03479576399394856
hits@5 0.039536056480080684
map@5 0.03634728525802656
hits@10 0.04387291981845688
map@10 0.03691148572389118
hits@20 0.053857791225416035
map@20 0.03757945638888765
hits@50 0.08260211800302572
map@50 0.03842912764737997
hits@100 0.12970247100353
map@100 0.03907762929173276
    - [Info] The checkpoint file has been updated.
[ Epoch 1 ]
  - (Training)   ppl:      nan, accuracy: 3.033 %, elapse: 9.701 min
  - (Validation) ppl:      nan, accuracy: 3.164 %, elapse: 1.068 min
  - (Test) 
hits@1 0.03691376701966717
map@1 0.03691376701966717
hits@5 0.06414523449319214
map@5 0.04570684148596403
hits@10 0.0870398386283409
map@10 0.04866864378967253
hits@20 0.1280887544125063
map@20 0.05142797637625579
hits@50 0.21341401916288452
map@50 0.054047695516719424
hits@100 0.3064044377206253
map@100 0.055355408774512026
    - [Info] The checkpoint file has been updated.
[ Epoch 2 ]
  - (Training)   ppl:      nan, accuracy: 3.529 %, elapse: 9.805 min
  - (Validation) ppl:      nan, accuracy: 3.339 %, elapse: 1.064 min
  - (Test) 
hits@1 0.04205748865355522
map@1 0.04205748865355522
hits@5 0.09147755925365608
map@5 0.05921163220709362
hits@10 0.1232476046394352
map@10 0.06338684372723706
hits@20 0.1702471003530005
map@20 0.0666328108815568
hits@50 0.2947049924357035
map@50 0.07045797622774176
hits@100 0.3994957135653051
map@100 0.0719258897144249
    - [Info] The checkpoint file has been updated.
[ Epoch 3 ]
  - (Training)   ppl:      nan, accuracy: 5.239 %, elapse: 9.633 min
  - (Validation) ppl:      nan, accuracy: 5.743 %, elapse: 1.041 min
  - (Test) 
hits@1 0.06525466464952093
map@1 0.06525466464952093
hits@5 0.13656076651538074
map@5 0.09104555387460077
hits@10 0.18144225920322743
map@10 0.09704260019691185
hits@20 0.23751891074130105
map@20 0.100851889130555
hits@50 0.3381744831064044
map@50 0.1040042190145938
hits@100 0.45315179021684315
map@100 0.10562852226111477
    - [Info] The checkpoint file has been updated.
[ Epoch 4 ]
  - (Training)   ppl:      nan, accuracy: 8.047 %, elapse: 10.042 min
  - (Validation) ppl:      nan, accuracy: 8.880 %, elapse: 1.078 min
  - (Test) 
hits@1 0.0913767019667171
map@1 0.0913767019667171
hits@5 0.16631366616238022
map@5 0.11720457219700792
hits@10 0.2087745839636914
map@10 0.12276453025318382
hits@20 0.26495209278870396
map@20 0.12662749937125473
hits@50 0.3757942511346445
map@50 0.13012187410547102
hits@100 0.49147755925365605
map@100 0.13174899109855356
    - [Info] The checkpoint file has been updated.
[ Epoch 5 ]
  - (Training)   ppl:      nan, accuracy: 11.560 %, elapse: 10.181 min
  - (Validation) ppl:      nan, accuracy: 11.048 %, elapse: 1.051 min
  - (Test) 
hits@1 0.10983358547655069
map@1 0.10983358547655069
hits@5 0.18830055471507817
map@5 0.13884518406454868
hits@10 0.23469490670700957
map@10 0.14502201250310173
hits@20 0.2927887039838628
map@20 0.14906456614656266
hits@50 0.40574886535552196
map@50 0.15261645911896488
hits@100 0.5100353000504286
map@100 0.15409764015955882
    - [Info] The checkpoint file has been updated.
[ Epoch 6 ]
  - (Training)   ppl:      nan, accuracy: 16.121 %, elapse: 9.581 min
  - (Validation) ppl:      nan, accuracy: 13.443 %, elapse: 1.074 min
  - (Test) 
hits@1 0.12244074634392335
map@1 0.12244074634392335
hits@5 0.2090771558245083
map@5 0.1537737434863002
hits@10 0.25769036812909735
map@10 0.16028660279038498
hits@20 0.3167927382753404
map@20 0.16428509156174576
hits@50 0.4255168935955623
map@50 0.16772914174942272
hits@100 0.5276853252647504
map@100 0.1691827787574539
    - [Info] The checkpoint file has been updated.
[ Epoch 7 ]
  - (Training)   ppl:      nan, accuracy: 21.149 %, elapse: 10.063 min
  - (Validation) ppl:      nan, accuracy: 14.107 %, elapse: 1.048 min
  - (Test) 
hits@1 0.12718103883005547
map@1 0.12718103883005547
hits@5 0.21815431164901664
map@5 0.16016305261388472
hits@10 0.2657589510842158
map@10 0.16642440906434855
hits@20 0.32708018154311647
map@20 0.17063387445841086
hits@50 0.4260211800302572
map@50 0.1737410913884453
hits@100 0.5323247604639435
map@100 0.1752594549226901
    - [Info] The checkpoint file has been updated.
[ Epoch 8 ]
  - (Training)   ppl:      nan, accuracy: 26.929 %, elapse: 9.957 min
  - (Validation) ppl:      nan, accuracy: 14.422 %, elapse: 1.074 min
  - (Test) 
hits@1 0.12859304084720122
map@1 0.12859304084720122
hits@5 0.2194654563792234
map@5 0.16225752227265086
hits@10 0.2681795259707514
map@10 0.16869201706569328
hits@20 0.3275844679778114
map@20 0.1727775165702853
hits@50 0.4362077660110943
map@50 0.17615988776472757
hits@100 0.5338376197680282
map@100 0.17755080214441163
    - [Info] The checkpoint file has been updated.
[ Epoch 9 ]
  - (Training)   ppl:      nan, accuracy: 32.726 %, elapse: 10.045 min
  - (Validation) ppl:      nan, accuracy: 14.780 %, elapse: 1.060 min
  - (Test) 
hits@1 0.13000504286434694
map@1 0.13000504286434694
hits@5 0.22289460413514878
map@5 0.16415027735753907
hits@10 0.27160867372667674
map@10 0.1706185113144266
hits@20 0.3303076147251639
map@20 0.17457098716441677
hits@50 0.43378719112455877
map@50 0.177832551828077
hits@100 0.5337367624810893
map@100 0.17924936583606035
    - [Info] The checkpoint file has been updated.
[ Epoch 10 ]
  - (Training)   ppl:      nan, accuracy: 38.898 %, elapse: 9.798 min
  - (Validation) ppl:      nan, accuracy: 14.911 %, elapse: 1.066 min
  - (Test) 
hits@1 0.13313161875945537
map@1 0.13313161875945537
hits@5 0.22349974785678264
map@5 0.16602622289460414
hits@10 0.2691880988401412
map@10 0.17202030753467967
hits@20 0.3284921835602622
map@20 0.17608839446993949
hits@50 0.4368129097327282
map@50 0.17949122178495744
hits@100 0.5335350479072113
map@100 0.18084478324401063
    - [Info] The checkpoint file has been updated.
[ Epoch 11 ]
  - (Training)   ppl:      nan, accuracy: 44.254 %, elapse: 9.932 min
  - (Validation) ppl:      nan, accuracy: 14.911 %, elapse: 1.058 min
  - (Test) 
hits@1 0.1302067574382249
map@1 0.1302067574382249
hits@5 0.2210791729702471
map@5 0.16349638594721805
hits@10 0.2691880988401412
map@10 0.16986904561791097
hits@20 0.3269793242561775
map@20 0.17384131862361676
hits@50 0.4341906202723147
map@50 0.1772282058746014
hits@100 0.5345436207766011
map@100 0.17865425372790544
    - [Info] The checkpoint file has been updated.
[ Epoch 12 ]
  - (Training)   ppl:      nan, accuracy: 49.195 %, elapse: 10.095 min
  - (Validation) ppl:      nan, accuracy: 14.946 %, elapse: 1.068 min
  - (Test) 
hits@1 0.13000504286434694
map@1 0.13000504286434694
hits@5 0.21976802824004035
map@5 0.1632156664985712
hits@10 0.2670700958144226
map@10 0.1694592128328891
hits@20 0.3226424609178013
map@20 0.17325929054092123
hits@50 0.43045890065557235
map@50 0.17666907226107245
hits@100 0.5289964699949571
map@100 0.17806858548329804
    - [Info] The checkpoint file has been updated.
[ Epoch 13 ]
  - (Training)   ppl:      nan, accuracy: 53.446 %, elapse: 9.637 min
  - (Validation) ppl:      nan, accuracy: 15.025 %, elapse: 1.042 min
  - (Test) 
hits@1 0.1280887544125063
map@1 0.1280887544125063
hits@5 0.21976802824004035
map@5 0.16186249789880652
hits@10 0.270095814422592
map@10 0.16850355001640932
hits@20 0.3248613212304589
map@20 0.1722301697067977
hits@50 0.4281391830559758
map@50 0.17548095966558444
hits@100 0.5300050428643469
map@100 0.1769414619479878
    - [Info] The checkpoint file has been updated.
[ Epoch 14 ]
  - (Training)   ppl:      nan, accuracy: 57.428 %, elapse: 9.634 min
  - (Validation) ppl:      nan, accuracy: 15.016 %, elapse: 1.064 min
  - (Test) 
hits@1 0.13161875945537066
map@1 0.13161875945537066
hits@5 0.22188603126575895
map@5 0.16450663977139013
hits@10 0.2668683812405446
map@10 0.17050220525258347
hits@20 0.32778618255168934
map@20 0.17469611751880618
hits@50 0.42803832576903683
map@50 0.177854040751833
hits@100 0.5271810388300555
map@100 0.17926556886150974
[ Epoch 15 ]
  - (Training)   ppl:      nan, accuracy: 60.682 %, elapse: 9.936 min
  - (Validation) ppl:      nan, accuracy: 14.640 %, elapse: 1.066 min
  - (Test) 
hits@1 0.13121533030761473
map@1 0.13121533030761473
hits@5 0.21976802824004035
map@5 0.16387796268280386
hits@10 0.2663640948058497
map@10 0.17004306446061365
hits@20 0.3237518910741301
map@20 0.1740357677985838
hits@50 0.4277357539082199
map@50 0.1772984577027953
hits@100 0.5247604639435199
map@100 0.17867559897044183
[ Epoch 16 ]
  - (Training)   ppl:      nan, accuracy: 63.680 %, elapse: 10.011 min
  - (Validation) ppl:      nan, accuracy: 14.955 %, elapse: 1.069 min
  - (Test) 
hits@1 0.13282904689863842
map@1 0.13282904689863842
hits@5 0.22118003025718608
map@5 0.16487140695915278
hits@10 0.2691880988401412
map@10 0.1712402644702191
hits@20 0.3254664649520928
map@20 0.17504919092297253
hits@50 0.4276348966212809
map@50 0.17824773570742036
hits@100 0.518709026727181
map@100 0.17954264631005923
[ Epoch 17 ]
  - (Training)   ppl:      nan, accuracy: 66.160 %, elapse: 10.069 min
  - (Validation) ppl:      nan, accuracy: 14.841 %, elapse: 1.058 min
  - (Test) 
hits@1 0.13313161875945537
map@1 0.13313161875945537
hits@5 0.22400403429147756
map@5 0.1669305765674903
hits@10 0.26777609682299547
map@10 0.1727032554490951
hits@20 0.324357034795764
map@20 0.1765609977086397
hits@50 0.42561775088250126
map@50 0.1797747801337989
hits@100 0.5204236006051437
map@100 0.18111772715519014
[ Epoch 18 ]
  - (Training)   ppl:      nan, accuracy: 68.381 %, elapse: 10.424 min
  - (Validation) ppl:      nan, accuracy: 14.702 %, elapse: 1.089 min
  - (Test) 
hits@1 0.13313161875945537
map@1 0.13313161875945537
hits@5 0.21976802824004035
map@5 0.1648226592704656
hits@10 0.2670700958144226
map@10 0.1711059081558325
hits@20 0.32405446293494705
map@20 0.17503376798447592
hits@50 0.4254160363086233
map@50 0.1782238673739527
hits@100 0.5222390317700454
map@100 0.17958725246602247
[ Epoch 19 ]
  - (Training)   ppl:      nan, accuracy: 70.124 %, elapse: 11.056 min
  - (Validation) ppl:      nan, accuracy: 14.929 %, elapse: 1.162 min
  - (Test) 
hits@1 0.1329299041855774
map@1 0.1329299041855774
hits@5 0.22148260211800302
map@5 0.16552025550512695
hits@10 0.2688855269793243
map@10 0.17175223526963315
hits@20 0.32304589006555723
map@20 0.17545252778726084
hits@50 0.42198688855269795
map@50 0.17857514559889748
hits@100 0.5212304589006556
map@100 0.17998999744757863
[ Epoch 20 ]
  - (Training)   ppl:      nan, accuracy: 71.605 %, elapse: 10.496 min
  - (Validation) ppl:      nan, accuracy: 14.798 %, elapse: 1.176 min
  - (Test) 
hits@1 0.1302067574382249
map@1 0.1302067574382249
hits@5 0.21916288451840646
map@5 0.16375693393847712
hits@10 0.2652546646495209
map@10 0.16988197296064161
hits@20 0.3208270297528997
map@20 0.17372942987389858
hits@50 0.421684316691881
map@50 0.17691640430982028
hits@100 0.5199193141704488
map@100 0.1783097636266696
[ Epoch 21 ]
  - (Training)   ppl:      nan, accuracy: 72.863 %, elapse: 10.619 min
  - (Validation) ppl:      nan, accuracy: 14.728 %, elapse: 1.129 min
  - (Test) 
hits@1 0.1302067574382249
map@1 0.1302067574382249
hits@5 0.22138174483106404
map@5 0.16428139183055976
hits@10 0.2664649520927887
map@10 0.17021220052990102
hits@20 0.32244074634392333
map@20 0.17407362879831648
hits@50 0.421684316691881
map@50 0.1771707794897023
hits@100 0.5198184568835098
map@100 0.1785659747638967
[ Epoch 22 ]
  - (Training)   ppl:      nan, accuracy: 74.248 %, elapse: 10.646 min
  - (Validation) ppl:      nan, accuracy: 14.841 %, elapse: 1.158 min
  - (Test) 
hits@1 0.13161875945537066
map@1 0.13161875945537066
hits@5 0.22138174483106404
map@5 0.1644982349974785
hits@10 0.264851235501765
map@10 0.17037881516701486
hits@20 0.3227433182047403
map@20 0.1744105411803758
hits@50 0.42249117498739286
map@50 0.17756805856702668
hits@100 0.518406454866364
map@100 0.1789246273979681
[ Epoch 23 ]
  - (Training)   ppl:      nan, accuracy: 75.076 %, elapse: 10.516 min
  - (Validation) ppl:      nan, accuracy: 14.771 %, elapse: 1.019 min
  - (Test) 
hits@1 0.13182047402924862
map@1 0.13182047402924862
hits@5 0.22138174483106404
map@5 0.1649554546982686
hits@10 0.26727181038830056
map@10 0.17107056808267093
hits@20 0.32344931921331316
map@20 0.17490041431714384
hits@50 0.42208774583963693
map@50 0.17801053663534078
hits@100 0.5195158850226929
map@100 0.1794051655267149
[ Epoch 24 ]
  - (Training)   ppl:      nan, accuracy: 76.146 %, elapse: 9.988 min
  - (Validation) ppl:      nan, accuracy: 14.876 %, elapse: 1.129 min
  - (Test) 
hits@1 0.1320221886031266
map@1 0.1320221886031266
hits@5 0.21996974281391832
map@5 0.16438729198184568
hits@10 0.26555723651033786
map@10 0.17045037581346204
hits@20 0.32233988905698435
map@20 0.17439709972718878
hits@50 0.4248108925869894
map@50 0.1775722962128698
hits@100 0.5216338880484115
map@100 0.17894667638605496
[ Epoch 25 ]
  - (Training)   ppl:      nan, accuracy: 77.080 %, elapse: 10.260 min
  - (Validation) ppl:      nan, accuracy: 14.771 %, elapse: 1.053 min
  - (Test) 
hits@1 0.1308119011598588
map@1 0.1308119011598588
hits@5 0.221684316691881
map@5 0.1645890065557237
hits@10 0.2688855269793243
map@10 0.17080541747712705
hits@20 0.3219364599092284
map@20 0.17443875842321058
hits@50 0.41976802824004034
map@50 0.1775401882190778
hits@100 0.5193141704488149
map@100 0.1789562832501025
[ Epoch 26 ]
  - (Training)   ppl:      nan, accuracy: 77.646 %, elapse: 9.903 min
  - (Validation) ppl:      nan, accuracy: 14.719 %, elapse: 1.041 min
  - (Test) 
hits@1 0.13262733232476046
map@1 0.13262733232476046
hits@5 0.2210791729702471
map@5 0.1648075306774248
hits@10 0.2682803832576904
map@10 0.17111555363446443
hits@20 0.32465960665658095
map@20 0.17497297582998958
hits@50 0.4189611699445285
map@50 0.17790431490000813
hits@100 0.518507312153303
map@100 0.17931927017069144
[ Epoch 27 ]
  - (Training)   ppl:      nan, accuracy: 78.168 %, elapse: 10.520 min
  - (Validation) ppl:      nan, accuracy: 14.483 %, elapse: 0.997 min
  - (Test) 
hits@1 0.1314170448814927
map@1 0.1314170448814927
hits@5 0.22067574382249117
map@5 0.16438729198184568
hits@10 0.2663640948058497
map@10 0.17055719648760492
hits@20 0.32465960665658095
map@20 0.1745520884271628
hits@50 0.4204740292486132
map@50 0.17754662479276384
hits@100 0.5214321734745335
map@100 0.17896886528483638
[ Epoch 28 ]
  - (Training)   ppl:      nan, accuracy: 78.814 %, elapse: 9.720 min
  - (Validation) ppl:      nan, accuracy: 14.780 %, elapse: 1.002 min
  - (Test) 
hits@1 0.13182047402924862
map@1 0.13182047402924862
hits@5 0.21986888552697934
map@5 0.163926710371491
hits@10 0.26737266767523954
map@10 0.17027307510666057
hits@20 0.3221381744831064
map@20 0.17405667465170138
hits@50 0.42178517397882
map@50 0.17715007877019864
hits@100 0.519011598587998
map@100 0.17851696550201598
[ Epoch 29 ]
  - (Training)   ppl:      nan, accuracy: 79.546 %, elapse: 9.828 min
  - (Validation) ppl:      nan, accuracy: 14.894 %, elapse: 1.025 min
  - (Test) 
hits@1 0.1308119011598588
map@1 0.1308119011598588
hits@5 0.21996974281391832
map@5 0.16407799630189948
hits@10 0.2654563792233989
map@10 0.1701208286306622
hits@20 0.32344931921331316
map@20 0.17411989250362717
hits@50 0.4204740292486132
map@50 0.17717825502807724
hits@100 0.5170953101361573
map@100 0.1785403166155908
[ Epoch 30 ]
  - (Training)   ppl:      nan, accuracy: 80.000 %, elapse: 9.803 min
  - (Validation) ppl:      nan, accuracy: 14.780 %, elapse: 1.016 min
  - (Test) 
hits@1 0.12879475542107918
map@1 0.12879475542107918
hits@5 0.2200706001008573
map@5 0.16212304589006551
hits@10 0.2676752395360565
map@10 0.1683890850002802
hits@20 0.32223903177004537
map@20 0.17217152221458953
hits@50 0.42138174483106405
map@50 0.1752692473045545
hits@100 0.5181038830055471
map@100 0.17663614882232348
[ Epoch 31 ]
  - (Training)   ppl:      nan, accuracy: 80.258 %, elapse: 9.869 min
  - (Validation) ppl:      nan, accuracy: 14.684 %, elapse: 1.056 min
  - (Test) 
hits@1 0.13091275844679778
map@1 0.13091275844679778
hits@5 0.21875945537065053
map@5 0.16307950916120353
hits@10 0.26898638426626326
map@10 0.169774111695443
hits@20 0.3220373171961674
map@20 0.17342960897656845
hits@50 0.42148260211800304
map@50 0.17652624387251528
hits@100 0.5151790216843167
map@100 0.17784247428781055
[ Epoch 32 ]
  - (Training)   ppl:      nan, accuracy: 80.570 %, elapse: 9.900 min
  - (Validation) ppl:      nan, accuracy: 14.920 %, elapse: 1.028 min
  - (Test) 
hits@1 0.13071104387291982
map@1 0.13071104387291982
hits@5 0.22148260211800302
map@5 0.16384434358715752
hits@10 0.26626323751891073
map@10 0.1698128136781692
hits@20 0.3206253151790217
map@20 0.17356548219057177
hits@50 0.4183560262228946
map@50 0.17662967966888962
hits@100 0.5167927382753404
map@100 0.17803504937050632
[ Epoch 33 ]
  - (Training)   ppl:      nan, accuracy: 80.878 %, elapse: 9.478 min
  - (Validation) ppl:      nan, accuracy: 14.999 %, elapse: 1.131 min
  - (Test) 
hits@1 0.1302067574382249
map@1 0.1302067574382249
hits@5 0.22178517397881997
map@5 0.16355017650025214
hits@10 0.26797781139687343
map@10 0.16956287171113194
hits@20 0.32173474533535046
map@20 0.17330315058300144
hits@50 0.42087745839636914
map@50 0.176372882373771
hits@100 0.5204236006051437
map@100 0.17779384919304259
[ Epoch 34 ]
  - (Training)   ppl:      nan, accuracy: 81.464 %, elapse: 10.038 min
  - (Validation) ppl:      nan, accuracy: 14.745 %, elapse: 1.002 min
  - (Test) 
hits@1 0.13061018658598084
map@1 0.13061018658598084
hits@5 0.2188603126575895
map@5 0.16278366111951592
hits@10 0.26444780635400905
map@10 0.16884510401908284
hits@20 0.32133131618759453
map@20 0.17281556229292325
hits@50 0.41976802824004034
map@50 0.1759128157526845
hits@100 0.5159858799798286
map@100 0.17729057732410658
[ Epoch 35 ]
  - (Training)   ppl:      nan, accuracy: 81.723 %, elapse: 9.858 min
  - (Validation) ppl:      nan, accuracy: 14.763 %, elapse: 1.112 min
  - (Test) 
hits@1 0.13061018658598084
map@1 0.13061018658598084
hits@5 0.2209783156833081
map@5 0.1639536056480081
hits@10 0.26606152294503277
map@10 0.16987120684548823
hits@20 0.32284417549167926
map@20 0.1737676430024547
hits@50 0.4211800302571861
map@50 0.17687414221069372
hits@100 0.5152798789712557
map@100 0.17821768141525063
[ Epoch 36 ]
  - (Training)   ppl:      nan, accuracy: 82.082 %, elapse: 10.141 min
  - (Validation) ppl:      nan, accuracy: 14.780 %, elapse: 0.974 min
  - (Test) 
hits@1 0.12879475542107918
map@1 0.12879475542107918
hits@5 0.22037317196167422
map@5 0.1626374180534544
hits@10 0.26797781139687343
map@10 0.16890890025534502
hits@20 0.3206253151790217
map@20 0.17251755895657853
hits@50 0.41956631366616237
map@50 0.175620470107758
hits@100 0.5147755925365608
map@100 0.17697513335296725
[ Epoch 37 ]
  - (Training)   ppl:      nan, accuracy: 82.258 %, elapse: 10.145 min
  - (Validation) ppl:      nan, accuracy: 14.964 %, elapse: 1.050 min
  - (Test) 
hits@1 0.129601613716591
map@1 0.129601613716591
hits@5 0.22017145738779625
map@5 0.16298369473861155
hits@10 0.2671709531013616
map@10 0.16909152398562383
hits@20 0.32233988905698435
map@20 0.17289827636754843
hits@50 0.4209783156833081
map@50 0.17593931101238244
hits@100 0.5156833081190116
map@100 0.17726603440965077
[ Epoch 38 ]
  - (Training)   ppl:      nan, accuracy: 82.448 %, elapse: 10.083 min
  - (Validation) ppl:      nan, accuracy: 15.051 %, elapse: 1.079 min
  - (Test) 
hits@1 0.13121533030761473
map@1 0.13121533030761473
hits@5 0.21986888552697934
map@5 0.1636527147419734
hits@10 0.2688855269793243
map@10 0.17015056552121605
hits@20 0.3214321734745335
map@20 0.1737805800716392
hits@50 0.42188603126575897
map@50 0.17690951628091472
hits@100 0.5143721633888049
map@100 0.17821970081122449
    - [Info] The checkpoint file has been updated.
[ Epoch 39 ]
  - (Training)   ppl:      nan, accuracy: 82.786 %, elapse: 9.860 min
  - (Validation) ppl:      nan, accuracy: 14.859 %, elapse: 0.946 min
  - (Test) 
hits@1 0.13182047402924862
map@1 0.13182047402924862
hits@5 0.22057488653555218
map@5 0.16453353504790716
hits@10 0.2665658093797277
map@10 0.17067394279951012
hits@20 0.3210287443267776
map@20 0.17443558822443422
hits@50 0.42138174483106405
map@50 0.17758721457215276
hits@100 0.5142713061018659
map@100 0.1788957910744737
[ Epoch 40 ]
  - (Training)   ppl:      nan, accuracy: 82.936 %, elapse: 9.521 min
  - (Validation) ppl:      nan, accuracy: 14.806 %, elapse: 0.979 min
  - (Test) 
hits@1 0.13272818961169944
map@1 0.13272818961169944
hits@5 0.22087745839636913
map@5 0.1648915784165406
hits@10 0.26495209278870396
map@10 0.17075398826533467
hits@20 0.324256177508825
map@20 0.17477636583080067
hits@50 0.42299546142208777
map@50 0.177836635905213
hits@100 0.5161875945537066
map@100 0.17916513738847792
[ Epoch 41 ]
  - (Training)   ppl:      nan, accuracy: 83.039 %, elapse: 9.363 min
  - (Validation) ppl:      nan, accuracy: 14.798 %, elapse: 0.977 min
  - (Test) 
hits@1 0.13161875945537066
map@1 0.13161875945537066
hits@5 0.21966717095310137
map@5 0.16422760127752564
hits@10 0.2665658093797277
map@10 0.17042256001408798
hits@20 0.32294503277861825
map@20 0.17430098910786535
hits@50 0.4182551689359556
map@50 0.17724180102592418
hits@100 0.5151790216843167
map@100 0.17862466909821723
[ Epoch 42 ]
  - (Training)   ppl:      nan, accuracy: 83.400 %, elapse: 9.730 min
  - (Validation) ppl:      nan, accuracy: 14.815 %, elapse: 1.181 min
  - (Test) 
hits@1 0.1280887544125063
map@1 0.1280887544125063
hits@5 0.21906202723146748
map@5 0.16208942679441923
hits@10 0.2653555219364599
map@10 0.1682504862762049
hits@20 0.319112455874937
map@20 0.1720420279954806
hits@50 0.4210791729702471
map@50 0.17524893502113947
hits@100 0.5151790216843167
map@100 0.17658101061276762
[ Epoch 43 ]
  - (Training)   ppl:      nan, accuracy: 83.589 %, elapse: 9.504 min
  - (Validation) ppl:      nan, accuracy: 14.763 %, elapse: 0.964 min
  - (Test) 
hits@1 0.13111447302067575
map@1 0.13111447302067575
hits@5 0.22057488653555218
map@5 0.16412002017145735
hits@10 0.2665658093797277
map@10 0.17012635176780413
hits@20 0.3232476046394352
map@20 0.17399936432724028
hits@50 0.42138174483106405
map@50 0.1770879606205292
hits@100 0.5147755925365608
map@100 0.17841977185285027
[ Epoch 44 ]
  - (Training)   ppl:      nan, accuracy: 83.581 %, elapse: 9.203 min
  - (Validation) ppl:      nan, accuracy: 14.780 %, elapse: 0.972 min
  - (Test) 
hits@1 0.13010590015128592
map@1 0.13010590015128592
hits@5 0.2194654563792234
map@5 0.16292654227601275
hits@10 0.26434694906707007
map@10 0.16886575574926554
hits@20 0.31921331316187596
map@20 0.17272885038451566
hits@50 0.4192637418053454
map@50 0.17587439842435498
hits@100 0.5139687342410489
map@100 0.1772209135208902
[ Epoch 45 ]
  - (Training)   ppl:      nan, accuracy: 83.699 %, elapse: 9.769 min
  - (Validation) ppl:      nan, accuracy: 14.789 %, elapse: 0.958 min
  - (Test) 
hits@1 0.12889561270801816
map@1 0.12889561270801816
hits@5 0.21815431164901664
map@5 0.1624172129769709
hits@10 0.264851235501765
map@10 0.1685477351135445
hits@20 0.3216338880484115
map@20 0.17244563788197836
hits@50 0.416439737771054
map@50 0.17540348800455852
hits@100 0.5110438729198185
map@100 0.17676110020084704
[ Epoch 46 ]
  - (Training)   ppl:      nan, accuracy: 84.118 %, elapse: 9.590 min
  - (Validation) ppl:      nan, accuracy: 14.894 %, elapse: 0.982 min
  - (Test) 
hits@1 0.1286938981341402
map@1 0.1286938981341402
hits@5 0.21976802824004035
map@5 0.1620070600100857
hits@10 0.2639435199193142
map@10 0.1678259651482042
hits@20 0.3220373171961674
map@20 0.17179513633275406
hits@50 0.41976802824004034
map@50 0.1748332731771652
hits@100 0.5145738779626828
map@100 0.17618874993909261
[ Epoch 47 ]
  - (Training)   ppl:      nan, accuracy: 84.271 %, elapse: 9.682 min
  - (Validation) ppl:      nan, accuracy: 14.938 %, elapse: 1.172 min
  - (Test) 
hits@1 0.13061018658598084
map@1 0.13061018658598084
hits@5 0.21916288451840646
map@5 0.16296520423600608
hits@10 0.2632375189107413
map@10 0.16874456691400713
hits@20 0.32123045890065555
map@20 0.1727101708936625
hits@50 0.42027231467473525
map@50 0.1757872316035767
hits@100 0.51386787695411
map@100 0.17711976926206352
[ Epoch 48 ]
  - (Training)   ppl:      nan, accuracy: 84.328 %, elapse: 9.781 min
  - (Validation) ppl:      nan, accuracy: 14.693 %, elapse: 0.983 min
  - (Test) 
hits@1 0.12788703983862834
map@1 0.12788703983862834
hits@5 0.21744831064044376
map@5 0.1613061018658598
hits@10 0.26505295007564295
map@10 0.1676160859368121
hits@20 0.31860816944024206
map@20 0.17124202182163897
hits@50 0.41855774079677255
map@50 0.17438253903499007
hits@100 0.5119515885022693
map@100 0.17572443032414284
[ Epoch 49 ]
  - (Training)   ppl:      nan, accuracy: 84.568 %, elapse: 9.755 min
  - (Validation) ppl:      nan, accuracy: 14.667 %, elapse: 1.162 min
  - (Test) 
hits@1 0.12899646999495715
map@1 0.12899646999495715
hits@5 0.22037317196167422
map@5 0.16280551353168599
hits@10 0.26616238023197175
map@10 0.16876549880332029
hits@20 0.32133131618759453
map@20 0.17254634347089723
hits@50 0.421583459404942
map@50 0.1756789314852241
hits@100 0.5127584467977812
map@100 0.17696803288889618
