dataset: twitter, network: False
training set size:2753   valid set size:344  testing set size:345
3442
32.60139453805927
12627
training set size:2753   valid set size:344  testing set size:345
3442
32.60139453805927
12627
training set size:2753   valid set size:344  testing set size:345
3442
32.60139453805927
12627
[ Epoch 0 ]
  - (Training)   ppl:      nan, accuracy: 1.709 %, elapse: 2.530 min
  - (Validation) ppl:      nan, accuracy: 3.007 %, elapse: 0.113 min
  - (Test) 
hits@1 0.03479576399394856
map@1 0.03479576399394856
hits@5 0.03983862834089763
map@5 0.036345604303244246
hits@10 0.046192637418053455
map@10 0.03715486396273083
hits@20 0.05779122541603631
map@20 0.0379232663955244
hits@50 0.0913767019667171
map@50 0.03893823174927868
hits@100 0.14291477559253657
map@100 0.03965175016013605
    - [Info] The checkpoint file has been updated.
[ Epoch 1 ]
  - (Training)   ppl:      nan, accuracy: 2.939 %, elapse: 2.687 min
  - (Validation) ppl:      nan, accuracy: 2.884 %, elapse: 0.093 min
  - (Test) 
hits@1 0.03328290468986384
map@1 0.03328290468986384
hits@5 0.0670700958144226
map@5 0.04495545469826862
hits@10 0.09752899646999495
map@10 0.04890765955062476
hits@20 0.13484619263741807
map@20 0.05146537759070135
hits@50 0.2113968734241049
map@50 0.05384590229901831
hits@100 0.2998487140695915
map@100 0.055081132312637476
[ Epoch 2 ]
  - (Training)   ppl:      nan, accuracy: 3.033 %, elapse: 2.494 min
  - (Validation) ppl:      nan, accuracy: 2.876 %, elapse: 0.092 min
  - (Test) 
hits@1 0.03600605143721634
map@1 0.03600605143721634
hits@5 0.07483610690872415
map@5 0.04936796100184906
hits@10 0.10821986888552698
map@10 0.05375165093773264
hits@20 0.16621280887544124
map@20 0.05771853550013576
hits@50 0.27866868381240545
map@50 0.06122297629104464
hits@100 0.3907211296016137
map@100 0.06282679601337687
[ Epoch 3 ]
  - (Training)   ppl:      nan, accuracy: 3.590 %, elapse: 2.413 min
  - (Validation) ppl:      nan, accuracy: 4.222 %, elapse: 0.091 min
  - (Test) 
hits@1 0.040746343923348464
map@1 0.040746343923348464
hits@5 0.09641956631366616
map@5 0.060389981509497384
hits@10 0.13706505295007565
map@10 0.06576071208446396
hits@20 0.1914271306101866
map@20 0.06950473847841801
hits@50 0.2946041351487645
map@50 0.07272446836983222
hits@100 0.41724659606656583
map@100 0.07445508782955759
    - [Info] The checkpoint file has been updated.
[ Epoch 4 ]
  - (Training)   ppl:      nan, accuracy: 4.730 %, elapse: 2.469 min
  - (Validation) ppl:      nan, accuracy: 5.638 %, elapse: 0.091 min
  - (Test) 
hits@1 0.052344931921331314
map@1 0.052344931921331314
hits@5 0.12405446293494705
map@5 0.07721129601613716
hits@10 0.16359051941502772
map@10 0.0824360636841726
hits@20 0.21996974281391832
map@20 0.08632866349205227
hits@50 0.340393343419062
map@50 0.09007807918045367
hits@100 0.4653555219364599
map@100 0.09183184327810993
    - [Info] The checkpoint file has been updated.
[ Epoch 5 ]
  - (Training)   ppl:      nan, accuracy: 5.952 %, elapse: 2.424 min
  - (Validation) ppl:      nan, accuracy: 6.826 %, elapse: 0.092 min
  - (Test) 
hits@1 0.0686838124054463
map@1 0.0686838124054463
hits@5 0.1409984871406959
map@5 0.09458396369137667
hits@10 0.1853756933938477
map@10 0.10038525882701373
hits@20 0.24770549672213818
map@20 0.10465648523867846
hits@50 0.3626828038325769
map@50 0.10824191741352171
hits@100 0.4831064044377206
map@100 0.10993034013779844
    - [Info] The checkpoint file has been updated.
[ Epoch 6 ]
  - (Training)   ppl:      nan, accuracy: 8.065 %, elapse: 2.386 min
  - (Validation) ppl:      nan, accuracy: 6.879 %, elapse: 0.094 min
  - (Test) 
hits@1 0.07876954109934443
map@1 0.07876954109934443
hits@5 0.15098335854765507
map@5 0.10488989746175831
hits@10 0.1956631366616238
map@10 0.11078064340545428
hits@20 0.2606152294503278
map@20 0.11520420335549399
hits@50 0.3804336863338376
map@50 0.11896855619605297
hits@100 0.507816439737771
map@100 0.12077620941697259
    - [Info] The checkpoint file has been updated.
[ Epoch 7 ]
  - (Training)   ppl:      nan, accuracy: 10.050 %, elapse: 2.449 min
  - (Validation) ppl:      nan, accuracy: 9.038 %, elapse: 0.093 min
  - (Test) 
hits@1 0.08996469994957136
map@1 0.08996469994957136
hits@5 0.1697428139183056
map@5 0.11935283240880822
hits@10 0.21845688350983358
map@10 0.1258554859160003
hits@20 0.27917297024710036
map@20 0.13002543780878276
hits@50 0.3954614220877458
map@50 0.1336622698706786
hits@100 0.5153807362581947
map@100 0.135367419710356
    - [Info] The checkpoint file has been updated.
[ Epoch 8 ]
  - (Training)   ppl:      nan, accuracy: 11.946 %, elapse: 2.503 min
  - (Validation) ppl:      nan, accuracy: 9.475 %, elapse: 0.093 min
  - (Test) 
hits@1 0.09248613212304589
map@1 0.09248613212304589
hits@5 0.178315683308119
map@5 0.1235938813245924
hits@10 0.22743318204740293
map@10 0.13006359612259763
hits@20 0.28946041351487645
map@20 0.134292908752565
hits@50 0.40887544125063036
map@50 0.1380368582524466
hits@100 0.5272818961169945
map@100 0.13971536877936053
    - [Info] The checkpoint file has been updated.
[ Epoch 9 ]
  - (Training)   ppl:      nan, accuracy: 13.834 %, elapse: 2.409 min
  - (Validation) ppl:      nan, accuracy: 10.148 %, elapse: 0.093 min
  - (Test) 
hits@1 0.09884014120020171
map@1 0.09884014120020171
hits@5 0.1827534039334342
map@5 0.12905194150277355
hits@10 0.23066061522945033
map@10 0.13537717423496545
hits@20 0.29531013615733737
map@20 0.13981849121204307
hits@50 0.4130105900151286
map@50 0.1435361818171121
hits@100 0.5254664649520928
map@100 0.1451197587200657
    - [Info] The checkpoint file has been updated.
[ Epoch 10 ]
  - (Training)   ppl:      nan, accuracy: 15.557 %, elapse: 2.484 min
  - (Validation) ppl:      nan, accuracy: 11.092 %, elapse: 0.090 min
  - (Test) 
hits@1 0.10166414523449319
map@1 0.10166414523449319
hits@5 0.1881996974281392
map@5 0.1335081526306942
hits@10 0.23580433686333838
map@10 0.1398304236806506
hits@20 0.30317700453857793
map@20 0.14439252079302803
hits@50 0.42319717599596574
map@50 0.1481750158405992
hits@100 0.535047907211296
map@100 0.14974377579181367
    - [Info] The checkpoint file has been updated.
[ Epoch 11 ]
  - (Training)   ppl:      nan, accuracy: 17.538 %, elapse: 2.467 min
  - (Validation) ppl:      nan, accuracy: 10.899 %, elapse: 0.091 min
  - (Test) 
hits@1 0.10610186585980837
map@1 0.10610186585980837
hits@5 0.1923348461926374
map@5 0.13733232476046398
hits@10 0.23812405446293494
map@10 0.14347965644486066
hits@20 0.30186585980837116
map@20 0.14786981224781864
hits@50 0.42188603126575897
map@50 0.1516487259399329
hits@100 0.535451336359052
map@100 0.15326732615062946
[ Epoch 12 ]
  - (Training)   ppl:      nan, accuracy: 19.273 %, elapse: 2.431 min
  - (Validation) ppl:      nan, accuracy: 11.502 %, elapse: 0.092 min
  - (Test) 
hits@1 0.10559757942511347
map@1 0.10559757942511347
hits@5 0.1880988401412002
map@5 0.1362178517397882
hits@10 0.23751891074130105
map@10 0.14275940734337103
hits@20 0.30025214321734744
map@20 0.1470604055200173
hits@50 0.41795259707513865
map@50 0.15074779885479545
hits@100 0.5346444780635401
map@100 0.15239698590149023
    - [Info] The checkpoint file has been updated.
[ Epoch 13 ]
  - (Training)   ppl:      nan, accuracy: 20.973 %, elapse: 2.545 min
  - (Validation) ppl:      nan, accuracy: 11.555 %, elapse: 0.090 min
  - (Test) 
hits@1 0.10943015632879476
map@1 0.10943015632879476
hits@5 0.19263741805345436
map@5 0.1395158850226929
hits@10 0.2405446293494705
map@10 0.14586613196295498
hits@20 0.3006555723651034
map@20 0.14993629542505907
hits@50 0.4151285930408472
map@50 0.1535037273071472
hits@100 0.5334341906202723
map@100 0.15517056313232977
    - [Info] The checkpoint file has been updated.
[ Epoch 14 ]
  - (Training)   ppl:      nan, accuracy: 22.527 %, elapse: 2.449 min
  - (Validation) ppl:      nan, accuracy: 11.572 %, elapse: 0.090 min
  - (Test) 
hits@1 0.11064044377206253
map@1 0.11064044377206253
hits@5 0.19576399394856278
map@5 0.14142040679105727
hits@10 0.24599092284417548
map@10 0.14803936636009254
hits@20 0.3053958648512355
map@20 0.15207957483162046
hits@50 0.42299546142208777
map@50 0.1557669884728645
hits@100 0.5356530509329299
map@100 0.1573607204409071
    - [Info] The checkpoint file has been updated.
[ Epoch 15 ]
  - (Training)   ppl:      nan, accuracy: 23.934 %, elapse: 2.428 min
  - (Validation) ppl:      nan, accuracy: 11.870 %, elapse: 0.091 min
  - (Test) 
hits@1 0.11366616238023197
map@1 0.11366616238023197
hits@5 0.19788199697428138
map@5 0.14462430660615228
hits@10 0.24326777609682299
map@10 0.15067966605031657
hits@20 0.3047907211296016
map@20 0.15483378842410095
hits@50 0.41845688350983357
map@50 0.15844725150754957
hits@100 0.529803328290469
map@100 0.160027570484203
    - [Info] The checkpoint file has been updated.
[ Epoch 16 ]
  - (Training)   ppl:      nan, accuracy: 25.551 %, elapse: 2.467 min
  - (Validation) ppl:      nan, accuracy: 11.669 %, elapse: 0.091 min
  - (Test) 
hits@1 0.11235501765002522
map@1 0.11235501765002522
hits@5 0.19717599596570853
map@5 0.14275004202386957
hits@10 0.24256177508825014
map@10 0.1486708450399827
hits@20 0.3069087241553202
map@20 0.15308327812914402
hits@50 0.42259203227433184
map@50 0.15674562512945137
hits@100 0.5332324760463943
map@100 0.15831332605845866
[ Epoch 17 ]
  - (Training)   ppl:      nan, accuracy: 26.882 %, elapse: 2.426 min
  - (Validation) ppl:      nan, accuracy: 11.817 %, elapse: 0.093 min
  - (Test) 
hits@1 0.11336359051941503
map@1 0.11336359051941503
hits@5 0.19495713565305092
map@5 0.14354177172634056
hits@10 0.24407463439233484
map@10 0.1500645966909204
hits@20 0.30438729198184566
map@20 0.15416942578651077
hits@50 0.4209783156833081
map@50 0.1577725664101153
hits@100 0.5310136157337367
map@100 0.15933351432258264
[ Epoch 18 ]
  - (Training)   ppl:      nan, accuracy: 28.187 %, elapse: 2.407 min
  - (Validation) ppl:      nan, accuracy: 11.922 %, elapse: 0.091 min
  - (Test) 
hits@1 0.11346444780635401
map@1 0.11346444780635401
hits@5 0.19768028240040342
map@5 0.144256177508825
hits@10 0.24568835098335856
map@10 0.15064516645454618
hits@20 0.3070095814422592
map@20 0.15485322432805604
hits@50 0.41916288451840644
map@50 0.1583246402806649
hits@100 0.5286938981341401
map@100 0.15988566610450786
    - [Info] The checkpoint file has been updated.
[ Epoch 19 ]
  - (Training)   ppl:      nan, accuracy: 29.521 %, elapse: 2.389 min
  - (Validation) ppl:      nan, accuracy: 12.210 %, elapse: 0.092 min
  - (Test) 
hits@1 0.11285930408472013
map@1 0.11285930408472013
hits@5 0.1983862834089763
map@5 0.14442259203227434
hits@10 0.2454866364094806
map@10 0.15068703023317243
hits@20 0.30569843671205243
map@20 0.15479856515330254
hits@50 0.421684316691881
map@50 0.15845841020108903
hits@100 0.529803328290469
map@100 0.1599880959484867
    - [Info] The checkpoint file has been updated.
[ Epoch 20 ]
  - (Training)   ppl:      nan, accuracy: 30.563 %, elapse: 2.488 min
  - (Validation) ppl:      nan, accuracy: 11.870 %, elapse: 0.093 min
  - (Test) 
hits@1 0.11427130610186587
map@1 0.11427130610186587
hits@5 0.20171457387796268
map@5 0.1462077660110943
hits@10 0.24518406454866365
map@10 0.15196323511754678
hits@20 0.30569843671205243
map@20 0.1561425988218469
hits@50 0.416439737771054
map@50 0.15958566773562702
hits@100 0.5311144730206757
map@100 0.16122494431381185
[ Epoch 21 ]
  - (Training)   ppl:      nan, accuracy: 31.742 %, elapse: 2.451 min
  - (Validation) ppl:      nan, accuracy: 12.097 %, elapse: 0.090 min
  - (Test) 
hits@1 0.11174987392839132
map@1 0.11174987392839132
hits@5 0.19959657085224408
map@5 0.14363926710371488
hits@10 0.2448814926878467
map@10 0.14963503269857276
hits@20 0.3060010085728694
map@20 0.15382536556479076
hits@50 0.4168431669188099
map@50 0.15730086226229945
hits@100 0.5309127584467978
map@100 0.1589041333173574
[ Epoch 22 ]
  - (Training)   ppl:      nan, accuracy: 32.595 %, elapse: 2.451 min
  - (Validation) ppl:      nan, accuracy: 12.219 %, elapse: 0.091 min
  - (Test) 
hits@1 0.11336359051941503
map@1 0.11336359051941503
hits@5 0.2
map@5 0.14517565977475205
hits@10 0.24679778113968734
map@10 0.15139443203739725
hits@20 0.30912758446797783
map@20 0.15563932928378632
hits@50 0.41654059505799296
map@50 0.15901258021308196
hits@100 0.5257690368129098
map@100 0.16055712192945976
    - [Info] The checkpoint file has been updated.
[ Epoch 23 ]
  - (Training)   ppl:      nan, accuracy: 33.856 %, elapse: 2.460 min
  - (Validation) ppl:      nan, accuracy: 12.324 %, elapse: 0.093 min
  - (Test) 
hits@1 0.11285930408472013
map@1 0.11285930408472013
hits@5 0.1968734241048916
map@5 0.14364935283240882
hits@10 0.24568835098335856
map@10 0.150150125271154
hits@20 0.3065052950075643
map@20 0.15425761132502955
hits@50 0.4194654563792234
map@50 0.15775143618395224
hits@100 0.5248613212304589
map@100 0.15924287292557548
    - [Info] The checkpoint file has been updated.
[ Epoch 24 ]
  - (Training)   ppl:      nan, accuracy: 34.449 %, elapse: 2.480 min
  - (Validation) ppl:      nan, accuracy: 12.280 %, elapse: 0.091 min
  - (Test) 
hits@1 0.11376701966717095
map@1 0.11376701966717095
hits@5 0.19979828542612205
map@5 0.1453471171625483
hits@10 0.2469994957135653
map@10 0.15158638106444464
hits@20 0.30499243570347956
map@20 0.1555715887317668
hits@50 0.41492687846696924
map@50 0.15898907720559266
hits@100 0.5237518910741301
map@100 0.1605262066019817
[ Epoch 25 ]
  - (Training)   ppl:      nan, accuracy: 35.341 %, elapse: 2.352 min
  - (Validation) ppl:      nan, accuracy: 12.097 %, elapse: 0.091 min
  - (Test) 
hits@1 0.11316187594553706
map@1 0.11316187594553706
hits@5 0.19939485627836612
map@5 0.14452681122877795
hits@10 0.24498234997478568
map@10 0.15063656156697006
hits@20 0.3042864346949067
map@20 0.15470848579710048
hits@50 0.41664145234493194
map@50 0.1582455191631255
hits@100 0.524457892082703
map@100 0.15977405641235942
[ Epoch 26 ]
  - (Training)   ppl:      nan, accuracy: 36.029 %, elapse: 2.438 min
  - (Validation) ppl:      nan, accuracy: 12.289 %, elapse: 0.092 min
  - (Test) 
hits@1 0.11396873424104892
map@1 0.11396873424104892
hits@5 0.1961674230963187
map@5 0.14418053454362076
hits@10 0.24679778113968734
map@10 0.15086753275860693
hits@20 0.30317700453857793
map@20 0.154703373822508
hits@50 0.4169440242057489
map@50 0.15825130527383274
hits@100 0.5284921835602622
map@100 0.15981725531019225
[ Epoch 27 ]
  - (Training)   ppl:      nan, accuracy: 36.926 %, elapse: 2.471 min
  - (Validation) ppl:      nan, accuracy: 12.062 %, elapse: 0.090 min
  - (Test) 
hits@1 0.11437216338880483
map@1 0.11437216338880483
hits@5 0.20020171457387798
map@5 0.1457791225416036
hits@10 0.24669692385274836
map@10 0.15189247492575778
hits@20 0.30731215330307615
map@20 0.1560693827433522
hits@50 0.42027231467473525
map@50 0.15959856114302043
hits@100 0.5267776096822996
map@100 0.1611055341785129
[ Epoch 28 ]
  - (Training)   ppl:      nan, accuracy: 37.905 %, elapse: 2.423 min
  - (Validation) ppl:      nan, accuracy: 12.114 %, elapse: 0.092 min
  - (Test) 
hits@1 0.11356530509329299
map@1 0.11356530509329299
hits@5 0.19979828542612205
map@5 0.1450193309799966
hits@10 0.24599092284417548
map@10 0.15108365551633327
hits@20 0.3092284417549168
map@20 0.1553841041712992
hits@50 0.41543116490166415
map@50 0.1586983509400481
hits@100 0.5248613212304589
map@100 0.1602540585881236
[ Epoch 29 ]
  - (Training)   ppl:      nan, accuracy: 38.339 %, elapse: 2.533 min
  - (Validation) ppl:      nan, accuracy: 12.342 %, elapse: 0.092 min
  - (Test) 
hits@1 0.11608673726676752
map@1 0.11608673726676752
hits@5 0.2004034291477559
map@5 0.14685325264750382
hits@10 0.2476046394351992
map@10 0.1531522304669052
hits@20 0.308219868885527
map@20 0.15731208261363575
hits@50 0.41200201714573875
map@50 0.160563399754053
hits@100 0.5209278870398386
map@100 0.1621052476351696
    - [Info] The checkpoint file has been updated.
[ Epoch 30 ]
  - (Training)   ppl:      nan, accuracy: 39.115 %, elapse: 2.434 min
  - (Validation) ppl:      nan, accuracy: 12.385 %, elapse: 0.092 min
  - (Test) 
hits@1 0.11628845184064548
map@1 0.11628845184064548
hits@5 0.19929399899142713
map@5 0.14613044209110776
hits@10 0.24629349470499243
map@10 0.15240768756653783
hits@20 0.30499243570347956
map@20 0.15645288659835294
hits@50 0.4128088754412506
map@50 0.15981414099776753
hits@100 0.5232476046394352
map@100 0.161382552709493
    - [Info] The checkpoint file has been updated.
[ Epoch 31 ]
  - (Training)   ppl:      nan, accuracy: 39.633 %, elapse: 2.461 min
  - (Validation) ppl:      nan, accuracy: 12.158 %, elapse: 0.089 min
  - (Test) 
hits@1 0.11588502269288956
map@1 0.11588502269288956
hits@5 0.20060514372163388
map@5 0.14658934274668012
hits@10 0.24770549672213818
map@10 0.15281391830559757
hits@20 0.3066061522945033
map@20 0.15687511634279364
hits@50 0.4123045890065557
map@50 0.1601700057044973
hits@100 0.524155320221886
map@100 0.16175973354848844
[ Epoch 32 ]
  - (Training)   ppl:      nan, accuracy: 40.251 %, elapse: 2.420 min
  - (Validation) ppl:      nan, accuracy: 12.368 %, elapse: 0.092 min
  - (Test) 
hits@1 0.11427130610186587
map@1 0.11427130610186587
hits@5 0.2005042864346949
map@5 0.14553370314338546
hits@10 0.24447806354009077
map@10 0.15135144762224942
hits@20 0.3041855774079677
map@20 0.1554754568351216
hits@50 0.41180030257186084
map@50 0.15886030341594307
hits@100 0.5221381744831064
map@100 0.16042011974637777
[ Epoch 33 ]
  - (Training)   ppl:      nan, accuracy: 40.851 %, elapse: 2.489 min
  - (Validation) ppl:      nan, accuracy: 12.412 %, elapse: 0.091 min
  - (Test) 
hits@1 0.11689359556227938
map@1 0.11689359556227938
hits@5 0.20131114473020675
map@5 0.14736594385611027
hits@10 0.24629349470499243
map@10 0.15331500292165953
hits@20 0.30610186585980836
map@20 0.1573853354802217
hits@50 0.4129097327281896
map@50 0.16073350140699794
hits@100 0.5235501765002522
map@100 0.1622954552767815
    - [Info] The checkpoint file has been updated.
[ Epoch 34 ]
  - (Training)   ppl:      nan, accuracy: 41.493 %, elapse: 2.447 min
  - (Validation) ppl:      nan, accuracy: 12.385 %, elapse: 0.090 min
  - (Test) 
hits@1 0.11628845184064548
map@1 0.11628845184064548
hits@5 0.20080685829551184
map@5 0.14731719616742311
hits@10 0.24407463439233484
map@10 0.15291861777489615
hits@20 0.3051941502773575
map@20 0.15706349558321192
hits@50 0.4129097327281896
map@50 0.16041560023990245
hits@100 0.5217347453353505
map@100 0.16194651314993072
[ Epoch 35 ]
  - (Training)   ppl:      nan, accuracy: 41.956 %, elapse: 2.470 min
  - (Validation) ppl:      nan, accuracy: 12.350 %, elapse: 0.092 min
  - (Test) 
hits@1 0.11759959657085224
map@1 0.11759959657085224
hits@5 0.2011094301563288
map@5 0.14745335350479072
hits@10 0.248613212304589
map@10 0.15372547607040798
hits@20 0.3069087241553202
map@20 0.15771040575784534
hits@50 0.41311144730206756
map@50 0.16101477831223648
hits@100 0.5198184568835098
map@100 0.1625151117375336
[ Epoch 36 ]
  - (Training)   ppl:      nan, accuracy: 42.401 %, elapse: 2.406 min
  - (Validation) ppl:      nan, accuracy: 12.307 %, elapse: 0.092 min
  - (Test) 
hits@1 0.11437216338880483
map@1 0.11437216338880483
hits@5 0.19848714069591528
map@5 0.14506471675911917
hits@10 0.2448814926878467
map@10 0.1512409448566786
hits@20 0.30680786686838124
map@20 0.15547864067909456
hits@50 0.41543116490166415
map@50 0.15886885971193745
hits@100 0.5215330307614725
map@100 0.16036169112858586
[ Epoch 37 ]
  - (Training)   ppl:      nan, accuracy: 42.695 %, elapse: 2.420 min
  - (Validation) ppl:      nan, accuracy: 12.263 %, elapse: 0.090 min
  - (Test) 
hits@1 0.11275844679778114
map@1 0.11275844679778114
hits@5 0.19919314170448815
map@5 0.1448176164061187
hits@10 0.24367120524457891
map@10 0.15072261044273147
hits@20 0.30559757942511345
map@20 0.15496793049482005
hits@50 0.4113968734241049
map@50 0.15826312382255384
hits@100 0.5160867372667676
map@100 0.15974282849324337
[ Epoch 38 ]
  - (Training)   ppl:      nan, accuracy: 43.345 %, elapse: 2.399 min
  - (Validation) ppl:      nan, accuracy: 12.272 %, elapse: 0.091 min
  - (Test) 
hits@1 0.11548159354513364
map@1 0.11548159354513364
hits@5 0.20030257186081693
map@5 0.14603126575895106
hits@10 0.24498234997478568
map@10 0.15195967309431757
hits@20 0.30368129097327284
map@20 0.15595731280734534
hits@50 0.41180030257186084
map@50 0.15937948253622725
hits@100 0.5159858799798286
map@100 0.16086183018591393
[ Epoch 39 ]
  - (Training)   ppl:      nan, accuracy: 43.538 %, elapse: 2.443 min
  - (Validation) ppl:      nan, accuracy: 12.228 %, elapse: 0.092 min
  - (Test) 
hits@1 0.11659102370146243
map@1 0.11659102370146243
hits@5 0.20131114473020675
map@5 0.14735922003698096
hits@10 0.24740292486132123
map@10 0.15339124622785744
hits@20 0.3033787191124559
map@20 0.1571903448298862
hits@50 0.4135148764498235
map@50 0.16061940431066288
hits@100 0.5173978819969742
map@100 0.16209648407838484
[ Epoch 40 ]
  - (Training)   ppl:      nan, accuracy: 44.145 %, elapse: 2.447 min
  - (Validation) ppl:      nan, accuracy: 12.324 %, elapse: 0.092 min
  - (Test) 
hits@1 0.11578416540595057
map@1 0.11578416540595057
hits@5 0.2021180030257186
map@5 0.1468028240040343
hits@10 0.24679778113968734
map@10 0.1527368745447414
hits@20 0.30569843671205243
map@20 0.15675245935803164
hits@50 0.4130105900151286
map@50 0.16010240419496627
hits@100 0.5205244578920827
map@100 0.16163279962444632
[ Epoch 41 ]
  - (Training)   ppl:      nan, accuracy: 44.521 %, elapse: 2.401 min
  - (Validation) ppl:      nan, accuracy: 12.298 %, elapse: 0.091 min
  - (Test) 
hits@1 0.11588502269288956
map@1 0.11588502269288956
hits@5 0.20070600100857286
map@5 0.14637418053454362
hits@10 0.2463943519919314
map@10 0.15225892306830277
hits@20 0.3042864346949067
map@20 0.15622479324128716
hits@50 0.41109430156328797
map@50 0.15956301894419467
hits@100 0.5172970247100352
map@100 0.16107740118329952
[ Epoch 42 ]
  - (Training)   ppl:      nan, accuracy: 45.023 %, elapse: 2.499 min
  - (Validation) ppl:      nan, accuracy: 12.368 %, elapse: 0.092 min
  - (Test) 
hits@1 0.11467473524962178
map@1 0.11467473524962178
hits@5 0.19909228441754917
map@5 0.14583627500420238
hits@10 0.2448814926878467
map@10 0.1518975578128377
hits@20 0.3069087241553202
map@20 0.15613429210142138
hits@50 0.4129097327281896
map@50 0.15941483680540938
hits@100 0.5200201714573878
map@100 0.16094051701153395
[ Epoch 43 ]
  - (Training)   ppl:      nan, accuracy: 45.471 %, elapse: 2.371 min
  - (Validation) ppl:      nan, accuracy: 12.438 %, elapse: 0.093 min
  - (Test) 
hits@1 0.11447302067574382
map@1 0.11447302067574382
hits@5 0.20131114473020675
map@5 0.14633047571020333
hits@10 0.24599092284417548
map@10 0.15215162212136493
hits@20 0.3066061522945033
map@20 0.15633238480860062
hits@50 0.41371659102370145
map@50 0.15968376695711262
hits@100 0.5226424609178013
map@100 0.16121281712030433
    - [Info] The checkpoint file has been updated.
[ Epoch 44 ]
  - (Training)   ppl:      nan, accuracy: 45.327 %, elapse: 2.400 min
  - (Validation) ppl:      nan, accuracy: 12.333 %, elapse: 0.092 min
  - (Test) 
hits@1 0.11608673726676752
map@1 0.11608673726676752
hits@5 0.20070600100857286
map@5 0.14719952933266095
hits@10 0.24478063540090772
map@10 0.1530155528340097
hits@20 0.302773575390822
map@20 0.15699850807644378
hits@50 0.4101865859808371
map@50 0.16039307091967
hits@100 0.5194150277357539
map@100 0.16194896978038406
[ Epoch 45 ]
  - (Training)   ppl:      nan, accuracy: 46.069 %, elapse: 2.522 min
  - (Validation) ppl:      nan, accuracy: 12.385 %, elapse: 0.094 min
  - (Test) 
hits@1 0.11669188098840141
map@1 0.11669188098840141
hits@5 0.20070600100857286
map@5 0.14738275340393342
hits@10 0.24780635400907716
map@10 0.15355453897813956
hits@20 0.3057992939989914
map@20 0.15747395348374027
hits@50 0.41169944528492186
map@50 0.16074648683401008
hits@100 0.5191124558749369
map@100 0.16226313288577818
[ Epoch 46 ]
  - (Training)   ppl:      nan, accuracy: 46.399 %, elapse: 2.438 min
  - (Validation) ppl:      nan, accuracy: 12.429 %, elapse: 0.091 min
  - (Test) 
hits@1 0.11598587997982854
map@1 0.11598587997982854
hits@5 0.19939485627836612
map@5 0.14618255168935956
hits@10 0.248613212304589
map@10 0.15267347853580832
hits@20 0.30186585980837116
map@20 0.15630979884157822
hits@50 0.4114977307110439
map@50 0.1597546079515058
hits@100 0.5146747352496218
map@100 0.16122836676492727
[ Epoch 47 ]
  - (Training)   ppl:      nan, accuracy: 46.562 %, elapse: 2.425 min
  - (Validation) ppl:      nan, accuracy: 12.184 %, elapse: 0.091 min
  - (Test) 
hits@1 0.1172970247100353
map@1 0.1172970247100353
hits@5 0.20121028744326777
map@5 0.1475626155656413
hits@10 0.2497226424609178
map@10 0.15393119291757718
hits@20 0.3042864346949067
map@20 0.15764114377398494
hits@50 0.41109430156328797
map@50 0.16097887006159559
hits@100 0.5167927382753404
map@100 0.16248846286979268
[ Epoch 48 ]
  - (Training)   ppl:      nan, accuracy: 47.099 %, elapse: 2.428 min
  - (Validation) ppl:      nan, accuracy: 12.359 %, elapse: 0.091 min
  - (Test) 
hits@1 0.11477559253656076
map@1 0.11477559253656076
hits@5 0.19979828542612205
map@5 0.14599260379895782
hits@10 0.24629349470499243
map@10 0.15217427498819333
hits@20 0.30247100353000506
map@20 0.15598812564169023
hits@50 0.41008572869389814
map@50 0.15939099526268002
hits@100 0.513767019667171
map@100 0.1608795264867254
[ Epoch 49 ]
  - (Training)   ppl:      nan, accuracy: 46.927 %, elapse: 2.428 min
  - (Validation) ppl:      nan, accuracy: 12.342 %, elapse: 0.091 min
  - (Test) 
hits@1 0.11467473524962178
map@1 0.11467473524962178
hits@5 0.20242057488653556
map@5 0.14648848545974114
hits@10 0.24750378214826022
map@10 0.1524385851163461
hits@20 0.30297528996469997
map@20 0.15618768416229106
hits@50 0.4104891578416541
map@50 0.1595400402142758
hits@100 0.5129601613716591
map@100 0.16100649742243722
