dataset: twitter, network: False
training set size:2753   valid set size:344  testing set size:345
3442
32.60139453805927
12627
training set size:2753   valid set size:344  testing set size:345
3442
32.60139453805927
12627
training set size:2753   valid set size:344  testing set size:345
3442
32.60139453805927
12627
[ Epoch 0 ]
  - (Training)   ppl:      nan, accuracy: 1.481 %, elapse: 2.478 min
  - (Validation) ppl:      nan, accuracy: 3.007 %, elapse: 0.103 min
  - (Test) 
hits@1 0.03479576399394856
map@1 0.03479576399394856
hits@5 0.04064548663640948
map@5 0.036663304757102035
hits@10 0.046192637418053455
map@10 0.037379471539834626
hits@20 0.05940494200706001
map@20 0.038275326410212106
hits@50 0.091880988401412
map@50 0.03927164154337837
hits@100 0.13323247604639435
map@100 0.03985972637741696
    - [Info] The checkpoint file has been updated.
[ Epoch 1 ]
  - (Training)   ppl:      nan, accuracy: 3.029 %, elapse: 2.454 min
  - (Validation) ppl:      nan, accuracy: 3.007 %, elapse: 0.091 min
  - (Test) 
hits@1 0.03479576399394856
map@1 0.03479576399394856
hits@5 0.03913262733232476
map@5 0.03630189947890401
hits@10 0.043973777105395864
map@10 0.0369509881612756
hits@20 0.05577407967725668
map@20 0.037751087583865105
hits@50 0.08633383761976803
map@50 0.038649974918145626
hits@100 0.13797276853252646
map@100 0.03936920536806496
    - [Info] The checkpoint file has been updated.
[ Epoch 2 ]
  - (Training)   ppl:      nan, accuracy: 2.947 %, elapse: 2.431 min
  - (Validation) ppl:      nan, accuracy: 3.251 %, elapse: 0.091 min
  - (Test) 
hits@1 0.034896621280887545
map@1 0.034896621280887545
hits@5 0.05254664649520928
map@5 0.040709362918137496
hits@10 0.06696923852748361
map@10 0.04258578872799751
hits@20 0.09016641452344933
map@20 0.044150663794099716
hits@50 0.14140191628845183
map@50 0.04575519230293573
hits@100 0.21230458900655572
map@100 0.046727607078781354
    - [Info] The checkpoint file has been updated.
[ Epoch 3 ]
  - (Training)   ppl:      nan, accuracy: 3.289 %, elapse: 2.464 min
  - (Validation) ppl:      nan, accuracy: 3.898 %, elapse: 0.089 min
  - (Test) 
hits@1 0.041754916792738274
map@1 0.041754916792738274
hits@5 0.07655068078668684
map@5 0.05397713901496049
hits@10 0.10337871911245587
map@10 0.0574249773871559
hits@20 0.13514876449823499
map@20 0.059585328413365966
hits@50 0.20231971759959658
map@50 0.061642361908051876
hits@100 0.27856782652546647
map@100 0.06271875641964413
    - [Info] The checkpoint file has been updated.
[ Epoch 4 ]
  - (Training)   ppl:      nan, accuracy: 4.430 %, elapse: 2.481 min
  - (Validation) ppl:      nan, accuracy: 5.209 %, elapse: 0.090 min
  - (Test) 
hits@1 0.04891578416540595
map@1 0.04891578416540595
hits@5 0.09662128088754413
map@5 0.06570347957639942
hits@10 0.12576903681290974
map@10 0.06959320894267944
hits@20 0.1615733736762481
map@20 0.07203245573819993
hits@50 0.23257690368129097
map@50 0.0742286854707252
hits@100 0.31497730711043875
map@100 0.07536865540620163
    - [Info] The checkpoint file has been updated.
[ Epoch 5 ]
  - (Training)   ppl:      nan, accuracy: 6.187 %, elapse: 2.496 min
  - (Validation) ppl:      nan, accuracy: 7.657 %, elapse: 0.090 min
  - (Test) 
hits@1 0.07070095814422592
map@1 0.07070095814422592
hits@5 0.12556732223903178
map@5 0.09068414859640277
hits@10 0.15693393847705497
map@10 0.0948573990026335
hits@20 0.1983862834089763
map@20 0.09770533976100174
hits@50 0.2819969742813918
map@50 0.10029432050808325
hits@100 0.3738779626828038
map@100 0.1015860631537109
    - [Info] The checkpoint file has been updated.
[ Epoch 6 ]
  - (Training)   ppl:      nan, accuracy: 8.893 %, elapse: 2.527 min
  - (Validation) ppl:      nan, accuracy: 9.588 %, elapse: 0.090 min
  - (Test) 
hits@1 0.09006555723651034
map@1 0.09006555723651034
hits@5 0.15753908219868887
map@5 0.11477391158177845
hits@10 0.19646999495713566
map@10 0.11998931393031241
hits@20 0.2427634896621281
map@20 0.12319858438085114
hits@50 0.3292990418557741
map@50 0.1258781849888692
hits@100 0.41593545133635906
map@100 0.12709568796687717
    - [Info] The checkpoint file has been updated.
[ Epoch 7 ]
  - (Training)   ppl:      nan, accuracy: 11.966 %, elapse: 2.441 min
  - (Validation) ppl:      nan, accuracy: 11.266 %, elapse: 0.090 min
  - (Test) 
hits@1 0.10549672213817449
map@1 0.10549672213817449
hits@5 0.1795259707513868
map@5 0.1320036981005211
hits@10 0.21855774079677256
map@10 0.1371807186481922
hits@20 0.2681795259707514
map@20 0.1405752576814342
hits@50 0.3583459404942007
map@50 0.14339034581034038
hits@100 0.4515380736258195
map@100 0.14471747075062535
    - [Info] The checkpoint file has been updated.
[ Epoch 8 ]
  - (Training)   ppl:      nan, accuracy: 14.931 %, elapse: 2.444 min
  - (Validation) ppl:      nan, accuracy: 12.412 %, elapse: 0.089 min
  - (Test) 
hits@1 0.11628845184064548
map@1 0.11628845184064548
hits@5 0.19455370650529502
map@5 0.145015969070432
hits@10 0.2357034795763994
map@10 0.15050248541171382
hits@20 0.2886535552193646
map@20 0.15415005546528288
hits@50 0.37962682803832576
map@50 0.15699053238749747
hits@100 0.47523953605648006
map@100 0.15834990411535943
    - [Info] The checkpoint file has been updated.
[ Epoch 9 ]
  - (Training)   ppl:      nan, accuracy: 17.922 %, elapse: 2.425 min
  - (Validation) ppl:      nan, accuracy: 13.312 %, elapse: 0.090 min
  - (Test) 
hits@1 0.12123045890065558
map@1 0.12123045890065558
hits@5 0.2037317196167423
map@5 0.15122037317196163
hits@10 0.24578920827029752
map@10 0.156768724635593
hits@20 0.2957135653050933
map@20 0.1602593666707637
hits@50 0.3888048411497731
map@50 0.16319909933578444
hits@100 0.47876954109934444
map@100 0.1644836220638382
    - [Info] The checkpoint file has been updated.
[ Epoch 10 ]
  - (Training)   ppl:      nan, accuracy: 20.871 %, elapse: 2.479 min
  - (Validation) ppl:      nan, accuracy: 13.373 %, elapse: 0.092 min
  - (Test) 
hits@1 0.12586989409984872
map@1 0.12586989409984872
hits@5 0.20736258194654564
map@5 0.15508993108085392
hits@10 0.25063035804336864
map@10 0.16074674415067758
hits@20 0.3022692889561271
map@20 0.1642835723962336
hits@50 0.394755421079173
map@50 0.16716783980347824
hits@100 0.48179525970751386
map@100 0.16841849108467813
    - [Info] The checkpoint file has been updated.
[ Epoch 11 ]
  - (Training)   ppl:      nan, accuracy: 23.996 %, elapse: 2.395 min
  - (Validation) ppl:      nan, accuracy: 13.635 %, elapse: 0.091 min
  - (Test) 
hits@1 0.13091275844679778
map@1 0.13091275844679778
hits@5 0.21200201714573877
map@5 0.16031433854429317
hits@10 0.25779122541603633
map@10 0.16640051549279997
hits@20 0.3092284417549168
map@20 0.16993065054520864
hits@50 0.4031265758951084
map@50 0.1728730064960743
hits@100 0.4885526979324256
map@100 0.17408420572168104
    - [Info] The checkpoint file has been updated.
[ Epoch 12 ]
  - (Training)   ppl:      nan, accuracy: 27.317 %, elapse: 2.464 min
  - (Validation) ppl:      nan, accuracy: 13.959 %, elapse: 0.090 min
  - (Test) 
hits@1 0.13010590015128592
map@1 0.13010590015128592
hits@5 0.21260716086737266
map@5 0.1605648008068583
hits@10 0.25476550680786686
map@10 0.16614244891098143
hits@20 0.3077155824508321
map@20 0.16979375069858577
hits@50 0.3984871406959153
map@50 0.17265366130127774
hits@100 0.4874432677760968
map@100 0.1739071324124155
    - [Info] The checkpoint file has been updated.
[ Epoch 13 ]
  - (Training)   ppl:      nan, accuracy: 30.281 %, elapse: 2.473 min
  - (Validation) ppl:      nan, accuracy: 14.273 %, elapse: 0.094 min
  - (Test) 
hits@1 0.13272818961169944
map@1 0.13272818961169944
hits@5 0.21664145234493193
map@5 0.1636241385106741
hits@10 0.2563792233988906
map@10 0.16891262236950588
hits@20 0.31094301563287946
map@20 0.17266965866320444
hits@50 0.39929399899142715
map@50 0.175471262763485
hits@100 0.4834089762985376
map@100 0.17666875327650836
    - [Info] The checkpoint file has been updated.
[ Epoch 14 ]
  - (Training)   ppl:      nan, accuracy: 33.709 %, elapse: 2.491 min
  - (Validation) ppl:      nan, accuracy: 14.422 %, elapse: 0.092 min
  - (Test) 
hits@1 0.13061018658598084
map@1 0.13061018658598084
hits@5 0.21492687846696923
map@5 0.16164061186754078
hits@10 0.25698436712052447
map@10 0.16725372011302422
hits@20 0.3101361573373676
map@20 0.17092600318169748
hits@50 0.3989914271306102
map@50 0.17371887845544468
hits@100 0.4785678265254665
map@100 0.17484596930638333
    - [Info] The checkpoint file has been updated.
[ Epoch 15 ]
  - (Training)   ppl:      nan, accuracy: 37.099 %, elapse: 2.471 min
  - (Validation) ppl:      nan, accuracy: 14.474 %, elapse: 0.094 min
  - (Test) 
hits@1 0.13272818961169944
map@1 0.13272818961169944
hits@5 0.2178517397881997
map@5 0.16410489157841657
hits@10 0.2566817952597075
map@10 0.16925153487180714
hits@20 0.3092284417549168
map@20 0.17282889653935965
hits@50 0.3983862834089763
map@50 0.17563042141948904
hits@100 0.47927382753403935
map@100 0.17678224156918892
    - [Info] The checkpoint file has been updated.
[ Epoch 16 ]
  - (Training)   ppl:      nan, accuracy: 39.776 %, elapse: 2.483 min
  - (Validation) ppl:      nan, accuracy: 14.299 %, elapse: 0.094 min
  - (Test) 
hits@1 0.13272818961169944
map@1 0.13272818961169944
hits@5 0.21704488149268786
map@5 0.16389477223062698
hits@10 0.2615229450327786
map@10 0.16989834225840283
hits@20 0.30852244074634394
map@20 0.17312989874462084
hits@50 0.39989914271306104
map@50 0.17603867972120588
hits@100 0.4766515380736258
map@100 0.17713306548207566
[ Epoch 17 ]
  - (Training)   ppl:      nan, accuracy: 42.530 %, elapse: 2.617 min
  - (Validation) ppl:      nan, accuracy: 14.448 %, elapse: 0.107 min
  - (Test) 
hits@1 0.13171961674230964
map@1 0.13171961674230964
hits@5 0.21805345436207765
map@5 0.16378719112455872
hits@10 0.25819465456379226
map@10 0.16913963131058443
hits@20 0.31043872919818455
map@20 0.17268178274945156
hits@50 0.39818456883509834
map@50 0.17546175302303943
hits@100 0.4745335350479072
map@100 0.1765489957545425
[ Epoch 18 ]
  - (Training)   ppl:      nan, accuracy: 45.271 %, elapse: 2.532 min
  - (Validation) ppl:      nan, accuracy: 14.230 %, elapse: 0.092 min
  - (Test) 
hits@1 0.13262733232476046
map@1 0.13262733232476046
hits@5 0.21875945537065053
map@5 0.16411833921667507
hits@10 0.2587997982854261
map@10 0.1694439641716495
hits@20 0.3111447302067574
map@20 0.17302666311529186
hits@50 0.39757942511346445
map@50 0.17576454036544703
hits@100 0.4709026727181039
map@100 0.1768116421300278
[ Epoch 19 ]
  - (Training)   ppl:      nan, accuracy: 47.458 %, elapse: 2.517 min
  - (Validation) ppl:      nan, accuracy: 14.509 %, elapse: 0.093 min
  - (Test) 
hits@1 0.13182047402924862
map@1 0.13182047402924862
hits@5 0.21533030761472516
map@5 0.1628223230795092
hits@10 0.2580937972768533
map@10 0.16846408760175774
hits@20 0.30781643973777106
map@20 0.1718432372833131
hits@50 0.3930408472012103
map@50 0.17458242659464127
hits@100 0.47211296016137166
map@100 0.17569095299512322
    - [Info] The checkpoint file has been updated.
[ Epoch 20 ]
  - (Training)   ppl:      nan, accuracy: 49.717 %, elapse: 2.531 min
  - (Validation) ppl:      nan, accuracy: 14.466 %, elapse: 0.091 min
  - (Test) 
hits@1 0.13514876449823499
map@1 0.13514876449823499
hits@5 0.2183560262228946
map@5 0.16525802655908553
hits@10 0.2579929399899143
map@10 0.17052657909692703
hits@20 0.3088250126071609
map@20 0.17399635235295624
hits@50 0.39576399394856276
map@50 0.176752756810486
hits@100 0.46848209783156836
map@100 0.17778563034356354
[ Epoch 21 ]
  - (Training)   ppl:      nan, accuracy: 51.698 %, elapse: 2.493 min
  - (Validation) ppl:      nan, accuracy: 14.527 %, elapse: 0.094 min
  - (Test) 
hits@1 0.1319213313161876
map@1 0.1319213313161876
hits@5 0.2167423096318709
map@5 0.16370482434022526
hits@10 0.2579929399899143
map@10 0.1692170352760368
hits@20 0.31094301563287946
map@20 0.1728837163561383
hits@50 0.3935451336359052
map@50 0.17554158392954908
hits@100 0.47029752899647
map@100 0.17662999208285451
    - [Info] The checkpoint file has been updated.
[ Epoch 22 ]
  - (Training)   ppl:      nan, accuracy: 53.748 %, elapse: 2.580 min
  - (Validation) ppl:      nan, accuracy: 14.614 %, elapse: 0.094 min
  - (Test) 
hits@1 0.135047907211296
map@1 0.135047907211296
hits@5 0.21654059505799295
map@5 0.16535720289124223
hits@10 0.25708522440746345
map@10 0.17076667547166788
hits@20 0.30902672718103885
map@20 0.17435296742888437
hits@50 0.39213313161875946
map@50 0.17702088060862844
hits@100 0.4670700958144226
map@100 0.1780821367194866
    - [Info] The checkpoint file has been updated.
[ Epoch 23 ]
  - (Training)   ppl:      nan, accuracy: 55.221 %, elapse: 2.623 min
  - (Validation) ppl:      nan, accuracy: 14.570 %, elapse: 0.089 min
  - (Test) 
hits@1 0.1320221886031266
map@1 0.1320221886031266
hits@5 0.2150277357539082
map@5 0.1629820137838292
hits@10 0.2573877962682804
map@10 0.16863262333005147
hits@20 0.30680786686838124
map@20 0.1720341243540332
hits@50 0.3875945537065053
map@50 0.17463331459434758
hits@100 0.46142208774583965
map@100 0.17570011065938881
[ Epoch 24 ]
  - (Training)   ppl:      nan, accuracy: 57.071 %, elapse: 2.488 min
  - (Validation) ppl:      nan, accuracy: 14.378 %, elapse: 0.089 min
  - (Test) 
hits@1 0.13303076147251638
map@1 0.13303076147251638
hits@5 0.2177508825012607
map@5 0.1641654059505799
hits@10 0.2604135148764498
map@10 0.1699409264462215
hits@20 0.3066061522945033
map@20 0.17309180978540425
hits@50 0.39152798789712556
map@50 0.17578614348370877
hits@100 0.4618255168935956
map@100 0.17678251226067004
[ Epoch 25 ]
  - (Training)   ppl:      nan, accuracy: 58.181 %, elapse: 2.482 min
  - (Validation) ppl:      nan, accuracy: 14.422 %, elapse: 0.091 min
  - (Test) 
hits@1 0.1324256177508825
map@1 0.1324256177508825
hits@5 0.21603630862329803
map@5 0.16324928559421753
hits@10 0.2587997982854261
map@10 0.16892935187186325
hits@20 0.3064044377206253
map@20 0.17219098351650353
hits@50 0.38850226928895615
map@50 0.1748331511176233
hits@100 0.4623298033282905
map@100 0.17587100476136364
[ Epoch 26 ]
  - (Training)   ppl:      nan, accuracy: 59.458 %, elapse: 2.519 min
  - (Validation) ppl:      nan, accuracy: 14.299 %, elapse: 0.091 min
  - (Test) 
hits@1 0.1346444780635401
map@1 0.1346444780635401
hits@5 0.21553202218860312
map@5 0.1643671205244579
hits@10 0.2573877962682804
map@10 0.16991655260187788
hits@20 0.30680786686838124
map@20 0.17330597306300222
hits@50 0.38940998487140693
map@50 0.17591014212334474
hits@100 0.4627332324760464
map@100 0.17695180465371793
[ Epoch 27 ]
  - (Training)   ppl:      nan, accuracy: 60.830 %, elapse: 2.411 min
  - (Validation) ppl:      nan, accuracy: 14.518 %, elapse: 0.091 min
  - (Test) 
hits@1 0.1341401916288452
map@1 0.1341401916288452
hits@5 0.21462430660615228
map@5 0.16469490670700954
hits@10 0.2567826525466465
map@10 0.17027911853933037
hits@20 0.3047907211296016
map@20 0.17357249635886235
hits@50 0.38608169440242057
map@50 0.1761911813938866
hits@100 0.45910237014624306
map@100 0.17723674541166207
[ Epoch 28 ]
  - (Training)   ppl:      nan, accuracy: 61.777 %, elapse: 2.503 min
  - (Validation) ppl:      nan, accuracy: 14.553 %, elapse: 0.092 min
  - (Test) 
hits@1 0.13363590519415028
map@1 0.13363590519415028
hits@5 0.21714573877962684
map@5 0.16486636409480585
hits@10 0.2586989409984871
map@10 0.17037865507608319
hits@20 0.3065052950075643
map@20 0.1736474336691898
hits@50 0.3889056984367121
map@50 0.17624719704750733
hits@100 0.46081694402420575
map@100 0.17727160006467652
[ Epoch 29 ]
  - (Training)   ppl:      nan, accuracy: 62.863 %, elapse: 2.482 min
  - (Validation) ppl:      nan, accuracy: 14.457 %, elapse: 0.104 min
  - (Test) 
hits@1 0.1341401916288452
map@1 0.1341401916288452
hits@5 0.21875945537065053
map@5 0.16578752731551524
hits@10 0.2589006555723651
map@10 0.17111727461197968
hits@20 0.30993444276348964
map@20 0.1746016384386805
hits@50 0.38628340897629854
map@50 0.17704559246650092
hits@100 0.45859808371154814
map@100 0.1780773274838671
[ Epoch 30 ]
  - (Training)   ppl:      nan, accuracy: 63.837 %, elapse: 2.497 min
  - (Validation) ppl:      nan, accuracy: 14.369 %, elapse: 0.096 min
  - (Test) 
hits@1 0.13555219364599091
map@1 0.13555219364599091
hits@5 0.21805345436207765
map@5 0.16625315179021682
hits@10 0.2556732223903177
map@10 0.17125363206301178
hits@20 0.3048915784165406
map@20 0.1746144740728658
hits@50 0.38446797781139685
map@50 0.17713614876097328
hits@100 0.4556732223903177
map@100 0.1781446484069542
[ Epoch 31 ]
  - (Training)   ppl:      nan, accuracy: 64.675 %, elapse: 2.516 min
  - (Validation) ppl:      nan, accuracy: 14.492 %, elapse: 0.101 min
  - (Test) 
hits@1 0.13545133635905193
map@1 0.13545133635905193
hits@5 0.21815431164901664
map@5 0.16620272314674736
hits@10 0.2589006555723651
map@10 0.1716053118171121
hits@20 0.3059001512859304
map@20 0.1747822549226276
hits@50 0.3846696923852748
map@50 0.17724804544124656
hits@100 0.4550680786686838
map@100 0.17825960028058643
[ Epoch 32 ]
  - (Training)   ppl:      nan, accuracy: 65.078 %, elapse: 2.548 min
  - (Validation) ppl:      nan, accuracy: 14.299 %, elapse: 0.094 min
  - (Test) 
hits@1 0.13383761976802824
map@1 0.13383761976802824
hits@5 0.21371659102370147
map@5 0.16344427634896624
hits@10 0.2563792233988906
map@10 0.16912406246748155
hits@20 0.3047907211296016
map@20 0.172488547734001
hits@50 0.38255168935955625
map@50 0.17493206589084298
hits@100 0.45305093292990417
map@100 0.17594142702997279
[ Epoch 33 ]
  - (Training)   ppl:      nan, accuracy: 66.172 %, elapse: 2.184 min
  - (Validation) ppl:      nan, accuracy: 14.396 %, elapse: 0.093 min
  - (Test) 
hits@1 0.13605648008068583
map@1 0.13605648008068583
hits@5 0.21654059505799295
map@5 0.16584972264246092
hits@10 0.2574886535552194
map@10 0.1712375029016481
hits@20 0.30297528996469997
map@20 0.17437173796367814
hits@50 0.38305597579425116
map@50 0.17691992725430658
hits@100 0.4522440746343923
map@100 0.1779050351626528
[ Epoch 34 ]
  - (Training)   ppl:      nan, accuracy: 66.932 %, elapse: 2.766 min
  - (Validation) ppl:      nan, accuracy: 14.483 %, elapse: 0.090 min
  - (Test) 
hits@1 0.13222390317700453
map@1 0.13222390317700453
hits@5 0.2168431669188099
map@5 0.16381240544629352
hits@10 0.25910237014624304
map@10 0.16943007628332896
hits@20 0.3053958648512355
map@20 0.17261198097643018
hits@50 0.3829551185073122
map@50 0.17506178900014346
hits@100 0.45385779122541603
map@100 0.17607313080817008
[ Epoch 35 ]
  - (Training)   ppl:      nan, accuracy: 67.479 %, elapse: 2.549 min
  - (Validation) ppl:      nan, accuracy: 14.457 %, elapse: 0.099 min
  - (Test) 
hits@1 0.13182047402924862
map@1 0.13182047402924862
hits@5 0.21533030761472516
map@5 0.16299714237687007
hits@10 0.2566817952597075
map@10 0.16843907339368755
hits@20 0.3038830055471508
map@20 0.17167673294288613
hits@50 0.383560262228946
map@50 0.17414111761010576
hits@100 0.4517397881996974
map@100 0.1751072002128882
[ Epoch 36 ]
  - (Training)   ppl:      nan, accuracy: 68.241 %, elapse: 2.443 min
  - (Validation) ppl:      nan, accuracy: 14.457 %, elapse: 0.096 min
  - (Test) 
hits@1 0.13444276348966214
map@1 0.13444276348966214
hits@5 0.21583459404942007
map@5 0.1646848209783157
hits@10 0.25658093797276854
map@10 0.17010177780979593
hits@20 0.30297528996469997
map@20 0.17326163321040441
hits@50 0.3805345436207766
map@50 0.175711841296334
hits@100 0.4515380736258195
map@100 0.17672040023698654
[ Epoch 37 ]
  - (Training)   ppl:      nan, accuracy: 68.523 %, elapse: 2.429 min
  - (Validation) ppl:      nan, accuracy: 14.369 %, elapse: 0.093 min
  - (Test) 
hits@1 0.13605648008068583
map@1 0.13605648008068583
hits@5 0.21472516389309126
map@5 0.16527483610690868
hits@10 0.2562783661119516
map@10 0.17077952276893277
hits@20 0.3016641452344932
map@20 0.17393392668235408
hits@50 0.3794251134644478
map@50 0.17637556781018518
hits@100 0.4491174987392839
map@100 0.177370770154087
[ Epoch 38 ]
  - (Training)   ppl:      nan, accuracy: 69.156 %, elapse: 2.749 min
  - (Validation) ppl:      nan, accuracy: 14.369 %, elapse: 0.094 min
  - (Test) 
hits@1 0.1334341906202723
map@1 0.1334341906202723
hits@5 0.21714573877962684
map@5 0.16464111615397542
hits@10 0.2567826525466465
map@10 0.16996405958584476
hits@20 0.30368129097327284
map@20 0.1731607997132018
hits@50 0.3821482602118003
map@50 0.17561150585789795
hits@100 0.45012607160867374
map@100 0.17657276080019357
[ Epoch 39 ]
  - (Training)   ppl:      nan, accuracy: 69.631 %, elapse: 2.416 min
  - (Validation) ppl:      nan, accuracy: 14.640 %, elapse: 0.096 min
  - (Test) 
hits@1 0.1361573373676248
map@1 0.1361573373676248
hits@5 0.21855774079677256
map@5 0.16662464279710879
hits@10 0.2568835098335855
map@10 0.17170476830839915
hits@20 0.302874432677761
map@20 0.17487825542982846
hits@50 0.3804336863338376
map@50 0.17733376450351643
hits@100 0.4497226424609178
map@100 0.17832503181690693
    - [Info] The checkpoint file has been updated.
[ Epoch 40 ]
  - (Training)   ppl:      nan, accuracy: 70.062 %, elapse: 2.402 min
  - (Validation) ppl:      nan, accuracy: 14.422 %, elapse: 0.090 min
  - (Test) 
hits@1 0.13454362077660112
map@1 0.13454362077660112
hits@5 0.21613716591023702
map@5 0.16492855942175155
hits@10 0.2568835098335855
map@10 0.1702593473092717
hits@20 0.30307614725163895
map@20 0.17339995274626172
hits@50 0.3804336863338376
map@50 0.17584994928146358
hits@100 0.4497226424609178
map@100 0.17683662812610149
[ Epoch 41 ]
  - (Training)   ppl:      nan, accuracy: 70.350 %, elapse: 2.733 min
  - (Validation) ppl:      nan, accuracy: 14.588 %, elapse: 0.091 min
  - (Test) 
hits@1 0.13535047907211295
map@1 0.13535047907211295
hits@5 0.21603630862329803
map@5 0.1654479744494873
hits@10 0.25758951084215836
map@10 0.17102642300826867
hits@20 0.3033787191124559
map@20 0.17416523117075336
hits@50 0.3800302571860817
map@50 0.17657844268638098
hits@100 0.44851235501765
map@100 0.1775502266897419
[ Epoch 42 ]
  - (Training)   ppl:      nan, accuracy: 71.121 %, elapse: 2.918 min
  - (Validation) ppl:      nan, accuracy: 14.640 %, elapse: 0.090 min
  - (Test) 
hits@1 0.1340393343419062
map@1 0.1340393343419062
hits@5 0.21472516389309126
map@5 0.1641368297192805
hits@10 0.2557740796772567
map@10 0.16966024702030752
hits@20 0.30186585980837116
map@20 0.17286585166527135
hits@50 0.37912254160363085
map@50 0.1753039867112843
hits@100 0.4476046394351992
map@100 0.17627731926394383
    - [Info] The checkpoint file has been updated.
[ Epoch 43 ]
  - (Training)   ppl:      nan, accuracy: 71.251 %, elapse: 2.849 min
  - (Validation) ppl:      nan, accuracy: 14.404 %, elapse: 0.090 min
  - (Test) 
hits@1 0.13555219364599091
map@1 0.13555219364599091
hits@5 0.2156328794755421
map@5 0.1654311649016641
hits@10 0.2550680786686838
map@10 0.17066753916224414
hits@20 0.3021684316691881
map@20 0.17395543301299896
hits@50 0.37922339889056983
map@50 0.17637467160680984
hits@100 0.4448814926878467
map@100 0.1773148517250888
[ Epoch 44 ]
  - (Training)   ppl:      nan, accuracy: 71.545 %, elapse: 2.731 min
  - (Validation) ppl:      nan, accuracy: 14.448 %, elapse: 0.091 min
  - (Test) 
hits@1 0.13333333333333333
map@1 0.13333333333333333
hits@5 0.21401916288451842
map@5 0.1634157001176668
hits@10 0.2524457892082703
map@10 0.16866424128905222
hits@20 0.30126071608673727
map@20 0.17204319706584315
hits@50 0.3773071104387292
map@50 0.17443483312437177
hits@100 0.44568835098335857
map@100 0.17540783034007845
[ Epoch 45 ]
  - (Training)   ppl:      nan, accuracy: 72.168 %, elapse: 2.656 min
  - (Validation) ppl:      nan, accuracy: 14.667 %, elapse: 0.092 min
  - (Test) 
hits@1 0.13383761976802824
map@1 0.13383761976802824
hits@5 0.21492687846696923
map@5 0.164096486804505
hits@10 0.25274836106908727
map@10 0.16905122109358114
hits@20 0.30015128593040846
map@20 0.1723641851005284
hits@50 0.37599596570852245
map@50 0.1747926598634714
hits@100 0.44619263741805343
map@100 0.1757972226714598
    - [Info] The checkpoint file has been updated.
[ Epoch 46 ]
  - (Training)   ppl:      nan, accuracy: 72.423 %, elapse: 2.547 min
  - (Validation) ppl:      nan, accuracy: 14.308 %, elapse: 0.093 min
  - (Test) 
hits@1 0.1346444780635401
map@1 0.1346444780635401
hits@5 0.21442259203227435
map@5 0.164686501933098
hits@10 0.2544629349470499
map@10 0.16996670108621692
hits@20 0.29914271306101864
map@20 0.17309357827047273
hits@50 0.37438224911749873
map@50 0.17544698678174364
hits@100 0.44619263741805343
map@100 0.1764659478052621
[ Epoch 47 ]
  - (Training)   ppl:      nan, accuracy: 72.578 %, elapse: 2.478 min
  - (Validation) ppl:      nan, accuracy: 14.387 %, elapse: 0.092 min
  - (Test) 
hits@1 0.1356530509329299
map@1 0.1356530509329299
hits@5 0.21341401916288452
map@5 0.164819297360901
hits@10 0.25365607665153805
map@10 0.17015032538481856
hits@20 0.3000504286434695
map@20 0.1733337335723602
hits@50 0.37599596570852245
map@50 0.17574500462837278
hits@100 0.44407463439233485
map@100 0.1767159601397112
[ Epoch 48 ]
  - (Training)   ppl:      nan, accuracy: 72.946 %, elapse: 2.513 min
  - (Validation) ppl:      nan, accuracy: 14.404 %, elapse: 0.092 min
  - (Test) 
hits@1 0.13434190620272315
map@1 0.13434190620272315
hits@5 0.21553202218860312
map@5 0.16446965876617917
hits@10 0.25365607665153805
map@10 0.1695352160026895
hits@20 0.3003530005042864
map@20 0.17276833082408416
hits@50 0.3735753908219869
map@50 0.17509208359544862
hits@100 0.4444780635400908
map@100 0.1761077592178584
[ Epoch 49 ]
  - (Training)   ppl:      nan, accuracy: 72.993 %, elapse: 2.514 min
  - (Validation) ppl:      nan, accuracy: 14.492 %, elapse: 0.091 min
  - (Test) 
hits@1 0.13645990922844176
map@1 0.13645990922844176
hits@5 0.21482602118003025
map@5 0.16572869389813413
hits@10 0.25426122037317195
map@10 0.1709096766963635
hits@20 0.3011598587997983
map@20 0.17416651745896536
hits@50 0.372768532526475
map@50 0.176400418018296
hits@100 0.4436712052445789
map@100 0.17740824606869182
