dataset: douban, network: False
training set size:8487   valid set size:1057  testing set size:1058
10602
27.143935106583662
23123
training set size:8487   valid set size:1057  testing set size:1058
10602
27.143935106583662
23123
training set size:8487   valid set size:1057  testing set size:1058
10602
27.143935106583662
23123
[ Epoch 0 ]
  - (Training)   ppl:      nan, accuracy: 3.068 %, elapse: 3.071 min
  - (Validation) ppl:      nan, accuracy: 3.503 %, elapse: 0.219 min
  - (Test) 
hits@1 0.039700156471744116
map@1 0.039700156471744116
hits@5 0.07579782395109348
map@5 0.052758875829360896
hits@10 0.10341690622611986
map@10 0.05641148603104136
hits@20 0.1304901568356319
map@20 0.058297053626976465
hits@50 0.17186419708162004
map@50 0.05957700376402585
hits@100 0.22055238164550053
map@100 0.06026212761331078
    - [Info] The checkpoint file has been updated.
[ Epoch 1 ]
  - (Training)   ppl:      nan, accuracy: 4.321 %, elapse: 3.029 min
  - (Validation) ppl:      nan, accuracy: 4.363 %, elapse: 0.215 min
  - (Test) 
hits@1 0.04854262945307667
map@1 0.04854262945307667
hits@5 0.09391943524617008
map@5 0.06545673980810986
hits@10 0.12248462574142134
map@10 0.06924234232829261
hits@20 0.15414286234125396
map@20 0.07144138935343565
hits@50 0.20967213711291438
map@50 0.07320313100316665
hits@100 0.26818529165605326
map@100 0.07402422434389716
    - [Info] The checkpoint file has been updated.
[ Epoch 2 ]
  - (Training)   ppl:      nan, accuracy: 4.947 %, elapse: 3.164 min
  - (Validation) ppl:      nan, accuracy: 4.739 %, elapse: 0.211 min
  - (Test) 
hits@1 0.0530912266656963
map@1 0.0530912266656963
hits@5 0.10501801244496198
map@5 0.07206494183860362
hits@10 0.1348931989374477
map@10 0.07606890590497448
hits@20 0.17386557985517267
map@20 0.07873788099442035
hits@50 0.24074815326953167
map@50 0.08082641538503028
hits@100 0.30548378879953425
map@100 0.08174183045329397
    - [Info] The checkpoint file has been updated.
[ Epoch 3 ]
  - (Training)   ppl:      nan, accuracy: 5.354 %, elapse: 3.077 min
  - (Validation) ppl:      nan, accuracy: 4.845 %, elapse: 0.224 min
  - (Test) 
hits@1 0.054837887995342234
map@1 0.054837887995342234
hits@5 0.11062188421090935
map@5 0.07509673350072171
hits@10 0.14169790036752666
map@10 0.07922083829347029
hits@20 0.18281721916960808
map@20 0.08205363200563796
hits@50 0.2516283978021178
map@50 0.0841994067228903
hits@100 0.31865652632728064
map@100 0.08515481628006585
    - [Info] The checkpoint file has been updated.
[ Epoch 4 ]
  - (Training)   ppl:      nan, accuracy: 5.657 %, elapse: 3.101 min
  - (Validation) ppl:      nan, accuracy: 4.915 %, elapse: 0.225 min
  - (Test) 
hits@1 0.05651177176958626
map@1 0.05651177176958626
hits@5 0.11269604453986391
map@5 0.07681852916560533
hits@10 0.14770204868818457
map@10 0.08146091412075182
hits@20 0.18725665004912484
map@20 0.08416828746090013
hits@50 0.25945198500782357
map@50 0.0864225112195054
hits@100 0.3266984461991922
map@100 0.08737967494294972
    - [Info] The checkpoint file has been updated.
[ Epoch 5 ]
  - (Training)   ppl:      nan, accuracy: 5.960 %, elapse: 2.919 min
  - (Validation) ppl:      nan, accuracy: 4.819 %, elapse: 0.215 min
  - (Test) 
hits@1 0.05578399621556712
map@1 0.05578399621556712
hits@5 0.11564353553364143
map@5 0.07722365755734265
hits@10 0.149012044685419
map@10 0.08162802813834437
hits@20 0.1918780248171464
map@20 0.08455712310532833
hits@50 0.2655289108838834
map@50 0.08685219420184498
hits@100 0.33339398129616826
map@100 0.08781181522815634
[ Epoch 6 ]
  - (Training)   ppl:      nan, accuracy: 6.176 %, elapse: 2.911 min
  - (Validation) ppl:      nan, accuracy: 4.752 %, elapse: 0.212 min
  - (Test) 
hits@1 0.05629343910338052
map@1 0.05629343910338052
hits@5 0.11567992431134239
map@5 0.07754569823999609
hits@10 0.15032204068265348
map@10 0.08214379574228199
hits@20 0.19256941159346458
map@20 0.08501559833445287
hits@50 0.266766129325716
map@50 0.0873485784292509
hits@100 0.3357956406244314
map@100 0.088334692698693
[ Epoch 7 ]
  - (Training)   ppl:      nan, accuracy: 6.548 %, elapse: 2.880 min
  - (Validation) ppl:      nan, accuracy: 4.719 %, elapse: 0.200 min
  - (Test) 
hits@1 0.05680288199119392
map@1 0.05680288199119392
hits@5 0.11487937120192132
map@5 0.07798357653166432
hits@10 0.15090426112586877
map@10 0.08276039780442823
hits@20 0.19446162803391434
map@20 0.08574197797128548
hits@50 0.26793057021214656
map@50 0.08806255589691385
hits@100 0.3348859211819075
map@100 0.08902025065237912
[ Epoch 8 ]
  - (Training)   ppl:      nan, accuracy: 6.755 %, elapse: 2.868 min
  - (Validation) ppl:      nan, accuracy: 4.829 %, elapse: 0.220 min
  - (Test) 
hits@1 0.05756704632291401
map@1 0.05756704632291401
hits@5 0.11629853353225865
map@5 0.07883931928726513
hits@10 0.15061315090426114
map@10 0.08339416901605319
hits@20 0.19391579636839998
map@20 0.08637146568203885
hits@50 0.26611113132709874
map@50 0.08865252332335595
hits@100 0.33364870274007496
map@100 0.08961493615199519
[ Epoch 9 ]
  - (Training)   ppl:      nan, accuracy: 7.036 %, elapse: 2.803 min
  - (Validation) ppl:      nan, accuracy: 4.732 %, elapse: 0.220 min
  - (Test) 
hits@1 0.05709399221280157
map@1 0.05709399221280157
hits@5 0.11618936719915578
map@5 0.07850514901204472
hits@10 0.15017648557184965
map@10 0.08298459310704134
hits@20 0.19395218514610094
map@20 0.08598543948187014
hits@50 0.26480113532986427
map@50 0.08820862521493066
hits@100 0.33415814562788837
map@100 0.08919229423042777
[ Epoch 10 ]
  - (Training)   ppl:      nan, accuracy: 7.327 %, elapse: 2.838 min
  - (Validation) ppl:      nan, accuracy: 4.630 %, elapse: 0.208 min
  - (Test) 
hits@1 0.057021214657399656
map@1 0.057021214657399656
hits@5 0.1147338160911175
map@5 0.07802178474825029
hits@10 0.149012044685419
map@10 0.08263427892171388
hits@20 0.1918780248171464
map@20 0.0856001351376062
hits@50 0.26229030966849826
map@50 0.08783033005389004
hits@100 0.33306648229685965
map@100 0.08882814772211006
[ Epoch 11 ]
  - (Training)   ppl:      nan, accuracy: 7.607 %, elapse: 2.906 min
  - (Validation) ppl:      nan, accuracy: 4.755 %, elapse: 0.205 min
  - (Test) 
hits@1 0.05665732688039009
map@1 0.05665732688039009
hits@5 0.11495214875732324
map@5 0.07783316958383368
hits@10 0.15010370801644773
map@10 0.0824948608071493
hits@20 0.19180524726174447
map@20 0.085347371719797
hits@50 0.2629816964448164
map@50 0.08759594471035859
hits@100 0.3306648229685965
map@100 0.08855374842473744
[ Epoch 12 ]
  - (Training)   ppl:      nan, accuracy: 7.933 %, elapse: 2.735 min
  - (Validation) ppl:      nan, accuracy: 4.607 %, elapse: 0.208 min
  - (Test) 
hits@1 0.05582038499326808
map@1 0.05582038499326808
hits@5 0.11382409664859357
map@5 0.07693315381536332
hits@10 0.1483570466868018
map@10 0.08151413992813507
hits@20 0.18922164404497652
map@20 0.08432844326180232
hits@50 0.2591608747862159
map@50 0.08654422741419053
hits@100 0.32840871875113714
map@100 0.08752360470507849
[ Epoch 13 ]
  - (Training)   ppl:      nan, accuracy: 8.130 %, elapse: 2.748 min
  - (Validation) ppl:      nan, accuracy: 4.533 %, elapse: 0.199 min
  - (Test) 
hits@1 0.05494705432844511
map@1 0.05494705432844511
hits@5 0.11407881809250027
map@5 0.07632303530924396
hits@10 0.14806593646519414
map@10 0.08084912057565892
hits@20 0.1895855318219861
map@20 0.0837169693702938
hits@50 0.25861504312070155
map@50 0.08588910670980306
hits@100 0.32695316764309884
map@100 0.0868564174735283
[ Epoch 14 ]
  - (Training)   ppl:      nan, accuracy: 8.391 %, elapse: 2.806 min
  - (Validation) ppl:      nan, accuracy: 4.588 %, elapse: 0.202 min
  - (Test) 
hits@1 0.05520177577235181
map@1 0.05520177577235181
hits@5 0.11462464975801463
map@5 0.07678881166381622
hits@10 0.14752010479967978
map@10 0.08112046244938062
hits@20 0.18867581237946218
map@20 0.08396725195188569
hits@50 0.2584694880098978
map@50 0.08613581505940407
hits@100 0.32640733597758453
map@100 0.0870966126004407
[ Epoch 15 ]
  - (Training)   ppl:      nan, accuracy: 8.677 %, elapse: 2.803 min
  - (Validation) ppl:      nan, accuracy: 4.556 %, elapse: 0.204 min
  - (Test) 
hits@1 0.054474000218332666
map@1 0.054474000218332666
hits@5 0.11415159564790218
map@5 0.07624055407978846
hits@10 0.1474109384665769
map@10 0.08064904005826826
hits@20 0.1880572031585459
map@20 0.08343457937802773
hits@50 0.2570867144572614
map@50 0.0855933243215126
hits@100 0.32535206142425677
map@100 0.08656452186952125
[ Epoch 16 ]
  - (Training)   ppl:      nan, accuracy: 8.987 %, elapse: 2.904 min
  - (Validation) ppl:      nan, accuracy: 4.581 %, elapse: 0.191 min
  - (Test) 
hits@1 0.05571121866016521
map@1 0.05571121866016521
hits@5 0.11444270586950984
map@5 0.07698409810414471
hits@10 0.14748371602197882
map@10 0.08140127695729751
hits@20 0.18922164404497652
map@20 0.08427346734071571
hits@50 0.2563225501255413
map@50 0.08636527149527053
hits@100 0.32389651031621847
map@100 0.08732232651607909
[ Epoch 17 ]
  - (Training)   ppl:      nan, accuracy: 9.206 %, elapse: 2.948 min
  - (Validation) ppl:      nan, accuracy: 4.546 %, elapse: 0.195 min
  - (Test) 
hits@1 0.05578399621556712
map@1 0.05578399621556712
hits@5 0.11331465376078018
map@5 0.07674939048797351
hits@10 0.14617372002474438
map@10 0.0811370828791956
hits@20 0.1877297041592373
map@20 0.08400913482874557
hits@50 0.25472144390669915
map@50 0.08609478878371211
hits@100 0.3233506786507041
map@100 0.08706551647053137
[ Epoch 18 ]
  - (Training)   ppl:      nan, accuracy: 9.381 %, elapse: 2.967 min
  - (Validation) ppl:      nan, accuracy: 4.556 %, elapse: 0.192 min
  - (Test) 
hits@1 0.054655944106837454
map@1 0.054655944106837454
hits@5 0.11178632509733998
map@5 0.0756589401162015
hits@10 0.1450456679160147
map@10 0.0800936491186118
hits@20 0.1846730468323569
map@20 0.082817640579971
hits@50 0.25075506713729484
map@50 0.08490426205151895
hits@100 0.31898402532658926
map@100 0.08586468135574558
[ Epoch 19 ]
  - (Training)   ppl:      nan, accuracy: 9.623 %, elapse: 2.952 min
  - (Validation) ppl:      nan, accuracy: 4.565 %, elapse: 0.197 min
  - (Test) 
hits@1 0.055456497216258505
map@1 0.055456497216258505
hits@5 0.11313270987227539
map@5 0.07665174726780928
hits@10 0.14562788835923002
map@10 0.0809488142745666
hits@20 0.18430915905534734
map@20 0.08359083560381235
hits@50 0.25235617335613697
map@50 0.08572779080103471
hits@100 0.3190568028819912
map@100 0.08666792810442667
[ Epoch 20 ]
  - (Training)   ppl:      nan, accuracy: 9.894 %, elapse: 2.983 min
  - (Validation) ppl:      nan, accuracy: 4.536 %, elapse: 0.193 min
  - (Test) 
hits@1 0.05425566755212692
map@1 0.05425566755212692
hits@5 0.11247771187365817
map@5 0.07547760270732505
hits@10 0.14468178013900512
map@10 0.0797487354899749
hits@20 0.18474582438775883
map@20 0.08250967117427263
hits@50 0.25039117936028527
map@50 0.08459059186081133
hits@100 0.3188020814380845
map@100 0.08556751290175817
[ Epoch 21 ]
  - (Training)   ppl:      nan, accuracy: 10.092 %, elapse: 3.004 min
  - (Validation) ppl:      nan, accuracy: 4.524 %, elapse: 0.189 min
  - (Test) 
hits@1 0.05476511043994032
map@1 0.05476511043994032
hits@5 0.11225937920745242
map@5 0.07549155173877709
hits@10 0.14446344747279938
map@10 0.0797951311815436
hits@20 0.1844183253884502
map@20 0.08253425820854342
hits@50 0.2504639569156872
map@50 0.08462658315202916
hits@100 0.31716458644154144
map@100 0.0855691592169679
[ Epoch 22 ]
  - (Training)   ppl:      nan, accuracy: 10.384 %, elapse: 2.945 min
  - (Validation) ppl:      nan, accuracy: 4.514 %, elapse: 0.190 min
  - (Test) 
hits@1 0.054655944106837454
map@1 0.054655944106837454
hits@5 0.11171354754193806
map@5 0.07517800177092052
hits@10 0.1441359484734908
map@10 0.07947616621700533
hits@20 0.1838361049452349
map@20 0.08221461540804863
hits@50 0.2502820130271824
map@50 0.08431486999092874
hits@100 0.3165823659983261
map@100 0.08525336395447977
[ Epoch 23 ]
  - (Training)   ppl:      nan, accuracy: 10.573 %, elapse: 2.932 min
  - (Validation) ppl:      nan, accuracy: 4.466 %, elapse: 0.194 min
  - (Test) 
hits@1 0.054619555329136496
map@1 0.054619555329136496
hits@5 0.11040355154470362
map@5 0.07479046128840532
hits@10 0.1429351188093592
map@10 0.07912889886981078
hits@20 0.1827080528365052
map@20 0.08187420301014575
hits@50 0.2490084058076489
map@50 0.08397082528697919
hits@100 0.3153087587787926
map@100 0.08490987283838454
[ Epoch 24 ]
  - (Training)   ppl:      nan, accuracy: 10.787 %, elapse: 2.927 min
  - (Validation) ppl:      nan, accuracy: 4.427 %, elapse: 0.190 min
  - (Test) 
hits@1 0.05374622466431352
map@1 0.05374622466431352
hits@5 0.11062188421090935
map@5 0.07444476790024623
hits@10 0.1430078963647611
map@10 0.07874639794420736
hits@20 0.18379971616753393
map@20 0.08154861987431139
hits@50 0.25031840180488335
map@50 0.08363934995922818
hits@100 0.31494487100178303
map@100 0.08454661135916638
[ Epoch 25 ]
  - (Training)   ppl:      nan, accuracy: 10.931 %, elapse: 2.926 min
  - (Validation) ppl:      nan, accuracy: 4.373 %, elapse: 0.191 min
  - (Test) 
hits@1 0.053382336887303955
map@1 0.053382336887303955
hits@5 0.11025799643389979
map@5 0.07411241706391082
hits@10 0.1435173392525745
map@10 0.07853314815488678
hits@20 0.1823077762817947
map@20 0.08116602879856985
hits@50 0.24962701502856519
map@50 0.0832831633287771
hits@100 0.3146173720024744
map@100 0.08420531813441018
[ Epoch 26 ]
  - (Training)   ppl:      nan, accuracy: 11.063 %, elapse: 2.868 min
  - (Validation) ppl:      nan, accuracy: 4.363 %, elapse: 0.189 min
  - (Test) 
hits@1 0.05389177977511735
map@1 0.05389177977511735
hits@5 0.11073105054401222
map@5 0.07456727678517279
hits@10 0.14380844947418217
map@10 0.07893691918745593
hits@20 0.18219860994869183
map@20 0.08158894259061356
hits@50 0.24780757614351734
map@50 0.08365172353584817
hits@100 0.31239765656271606
map@100 0.08456195487205913
[ Epoch 27 ]
  - (Training)   ppl:      nan, accuracy: 11.305 %, elapse: 2.964 min
  - (Validation) ppl:      nan, accuracy: 4.334 %, elapse: 0.189 min
  - (Test) 
hits@1 0.053673447108911615
map@1 0.053673447108911615
hits@5 0.10942105454677778
map@5 0.07397717210678892
hits@10 0.14271678614315345
map@10 0.07840448783372984
hits@20 0.18107055783996215
map@20 0.08104507655369309
hits@50 0.24802590880972308
map@50 0.08314791034225345
hits@100 0.31061460645536915
map@100 0.08403523575309979
[ Epoch 28 ]
  - (Training)   ppl:      nan, accuracy: 11.445 %, elapse: 2.925 min
  - (Validation) ppl:      nan, accuracy: 4.382 %, elapse: 0.187 min
  - (Test) 
hits@1 0.05327317055420108
map@1 0.05327317055420108
hits@5 0.10963938721298351
map@5 0.07376975607389348
hits@10 0.14260761981005057
map@10 0.0781090022948034
hits@20 0.1811069466176631
map@20 0.08077150842655985
hits@50 0.24722535570030202
map@50 0.08286606835108914
hits@100 0.31181543611950074
map@100 0.08377969858441789
[ Epoch 29 ]
  - (Training)   ppl:      nan, accuracy: 11.673 %, elapse: 2.921 min
  - (Validation) ppl:      nan, accuracy: 4.299 %, elapse: 0.188 min
  - (Test) 
hits@1 0.05301844911029439
map@1 0.05301844911029439
hits@5 0.10912994432517012
map@5 0.07338221559137827
hits@10 0.1419162330337324
map@10 0.07771263897769484
hits@20 0.18048833739674686
map@20 0.08035275676883928
hits@50 0.2483534078090317
map@50 0.08249551257732385
hits@100 0.30835850223790984
map@100 0.08334719877438
[ Epoch 30 ]
  - (Training)   ppl:      nan, accuracy: 11.809 %, elapse: 2.932 min
  - (Validation) ppl:      nan, accuracy: 4.341 %, elapse: 0.191 min
  - (Test) 
hits@1 0.05327317055420108
map@1 0.05327317055420108
hits@5 0.10847494632655288
map@5 0.07339191926543188
hits@10 0.14107929114661039
map@10 0.0777076571807477
hits@20 0.17986972817583058
map@20 0.08038561014844346
hits@50 0.245551471926058
map@50 0.08246081013433026
hits@100 0.3095229431243405
map@100 0.08336930688243575
[ Epoch 31 ]
  - (Training)   ppl:      nan, accuracy: 11.956 %, elapse: 2.967 min
  - (Validation) ppl:      nan, accuracy: 4.405 %, elapse: 0.201 min
  - (Test) 
hits@1 0.053054837887995344
map@1 0.053054837887995344
hits@5 0.10843855754885194
map@5 0.0730492582754145
hits@10 0.14198901058913432
map@10 0.07747523108317839
hits@20 0.1811069466176631
map@20 0.08013918748678157
hits@50 0.2460609148138714
map@50 0.08218217311238925
hits@100 0.30981405334594814
map@100 0.08308589502029634
[ Epoch 32 ]
  - (Training)   ppl:      nan, accuracy: 12.112 %, elapse: 2.800 min
  - (Validation) ppl:      nan, accuracy: 4.344 %, elapse: 0.191 min
  - (Test) 
hits@1 0.053527891998107785
map@1 0.053527891998107785
hits@5 0.10803828099414141
map@5 0.07334400737479226
hits@10 0.14107929114661039
map@10 0.07769958522569415
hits@20 0.17946945162112005
map@20 0.0803310585325021
hits@50 0.24489647392744077
map@50 0.08237682760001656
hits@100 0.31035988501146244
map@100 0.08330053385286966
[ Epoch 33 ]
  - (Training)   ppl:      nan, accuracy: 12.270 %, elapse: 2.763 min
  - (Validation) ppl:      nan, accuracy: 4.283 %, elapse: 0.214 min
  - (Test) 
hits@1 0.05403733488592118
map@1 0.05403733488592118
hits@5 0.10847494632655288
map@5 0.0736824230074112
hits@10 0.1403879043702922
map@10 0.0779235494884489
hits@20 0.17932389651031622
map@20 0.08061476749645684
hits@50 0.24358647793020632
map@50 0.0826361776781584
hits@100 0.30886794512572324
map@100 0.08356702277413881
[ Epoch 34 ]
  - (Training)   ppl:      nan, accuracy: 12.481 %, elapse: 2.859 min
  - (Validation) ppl:      nan, accuracy: 4.318 %, elapse: 0.204 min
  - (Test) 
hits@1 0.05312761544339726
map@1 0.05312761544339726
hits@5 0.10836577999345003
map@5 0.07318389675290805
hits@10 0.14147956770132092
map@10 0.07754803751856264
hits@20 0.1788144536225028
map@20 0.0801110395842692
hits@50 0.24416869837342164
map@50 0.08216110420901719
hits@100 0.3070848950183763
map@100 0.08305676703145091
[ Epoch 35 ]
  - (Training)   ppl:      nan, accuracy: 12.562 %, elapse: 2.988 min
  - (Validation) ppl:      nan, accuracy: 4.353 %, elapse: 0.199 min
  - (Test) 
hits@1 0.05349150322040683
map@1 0.05349150322040683
hits@5 0.10760161566172992
map@5 0.07311960991230305
hits@10 0.14151595647902188
map@10 0.07759095317226392
hits@20 0.1783413995123904
map@20 0.0801112532956068
hits@50 0.2434409228194025
map@50 0.08216639487195393
hits@100 0.3075579491284888
map@100 0.08307613238336188
[ Epoch 36 ]
  - (Training)   ppl:      nan, accuracy: 12.658 %, elapse: 2.738 min
  - (Validation) ppl:      nan, accuracy: 4.334 %, elapse: 0.197 min
  - (Test) 
hits@1 0.05298206033259343
map@1 0.05298206033259343
hits@5 0.10647356355300025
map@5 0.07265989835401429
hits@10 0.13922346348386158
map@10 0.07698261078505612
hits@20 0.17728612495906262
map@20 0.07961103946010574
hits@50 0.24205814926676614
map@50 0.0816499492682894
hits@100 0.30602962046504856
map@100 0.0825530033363739
[ Epoch 37 ]
  - (Training)   ppl:      nan, accuracy: 12.780 %, elapse: 2.795 min
  - (Validation) ppl:      nan, accuracy: 4.334 %, elapse: 0.189 min
  - (Test) 
hits@1 0.052581783777882904
map@1 0.052581783777882904
hits@5 0.10887522288126342
map@5 0.07296859648484408
hits@10 0.13995123903788073
map@10 0.07708064388498143
hits@20 0.17830501073468943
map@20 0.07972642604644332
hits@50 0.2432589789308977
map@50 0.08175874365009815
hits@100 0.30653906335286196
map@100 0.08265544848851304
[ Epoch 38 ]
  - (Training)   ppl:      nan, accuracy: 13.036 %, elapse: 2.826 min
  - (Validation) ppl:      nan, accuracy: 4.357 %, elapse: 0.206 min
  - (Test) 
hits@1 0.0530912266656963
map@1 0.0530912266656963
hits@5 0.10800189221644045
map@5 0.07309717016605413
hits@10 0.14002401659328262
map@10 0.0773073950660283
hits@20 0.17794112295767986
map@20 0.07992042060198547
hits@50 0.24249481459917763
map@50 0.08195993946383903
hits@100 0.3055565663549361
map@100 0.08285842558835824
[ Epoch 39 ]
  - (Training)   ppl:      nan, accuracy: 13.062 %, elapse: 2.788 min
  - (Validation) ppl:      nan, accuracy: 4.286 %, elapse: 0.191 min
  - (Test) 
hits@1 0.05316400422109821
map@1 0.05316400422109821
hits@5 0.10789272588333758
map@5 0.07307291098092013
hits@10 0.139732906371675
map@10 0.07727260912734513
hits@20 0.17724973618136167
map@20 0.07986384608628001
hits@50 0.24074815326953167
map@50 0.0818867500157645
hits@100 0.3044285142462065
map@100 0.0827904965452003
[ Epoch 40 ]
  - (Training)   ppl:      nan, accuracy: 13.242 %, elapse: 2.967 min
  - (Validation) ppl:      nan, accuracy: 4.395 %, elapse: 0.208 min
  - (Test) 
hits@1 0.05440122266293075
map@1 0.05440122266293075
hits@5 0.10716495032931844
map@5 0.0735162475892435
hits@10 0.13958735126087116
map@10 0.07781371891575303
hits@20 0.17724973618136167
map@20 0.08040931811554419
hits@50 0.24249481459917763
map@50 0.08246365553133032
hits@100 0.30577489902114185
map@100 0.08336084339830105
[ Epoch 41 ]
  - (Training)   ppl:      nan, accuracy: 13.407 %, elapse: 2.789 min
  - (Validation) ppl:      nan, accuracy: 4.334 %, elapse: 0.189 min
  - (Test) 
hits@1 0.05301844911029439
map@1 0.05301844911029439
hits@5 0.10712856155161748
map@5 0.07271993983722087
hits@10 0.13987846148247882
map@10 0.07704369194762559
hits@20 0.1774680688475674
map@20 0.07958675006241107
hits@50 0.24224009315527092
map@50 0.08162659064861971
hits@100 0.3045012918016084
map@100 0.08250135100115757
[ Epoch 42 ]
  - (Training)   ppl:      nan, accuracy: 13.554 %, elapse: 2.996 min
  - (Validation) ppl:      nan, accuracy: 4.254 %, elapse: 0.200 min
  - (Test) 
hits@1 0.05345511444270587
map@1 0.05345511444270587
hits@5 0.10760161566172992
map@5 0.07322998920466263
hits@10 0.13845929915214147
map@10 0.07730242770907234
hits@20 0.17710418107055784
map@20 0.07998235322085755
hits@50 0.24143954004584986
map@50 0.08199341039953888
hits@100 0.30490156835631893
map@100 0.08288883869194033
[ Epoch 43 ]
  - (Training)   ppl:      nan, accuracy: 13.590 %, elapse: 2.941 min
  - (Validation) ppl:      nan, accuracy: 4.312 %, elapse: 0.193 min
  - (Test) 
hits@1 0.05250900622248099
map@1 0.05250900622248099
hits@5 0.10872966777045959
map@5 0.07317722547699623
hits@10 0.13867763181834722
map@10 0.0771670961120035
hits@20 0.17572140751792148
map@20 0.07972613498616096
hits@50 0.24002037771551255
map@50 0.08176482350135468
hits@100 0.3054474000218333
map@100 0.0826897583950506
[ Epoch 44 ]
  - (Training)   ppl:      nan, accuracy: 13.778 %, elapse: 2.937 min
  - (Validation) ppl:      nan, accuracy: 4.286 %, elapse: 0.192 min
  - (Test) 
hits@1 0.05247261744478003
map@1 0.05247261744478003
hits@5 0.10774717077253375
map@5 0.07266475019104107
hits@10 0.13787707870892615
map@10 0.07667552993323525
hits@20 0.17557585240711765
map@20 0.07927578622994216
hits@50 0.24020232160401733
map@50 0.0813182520360734
hits@100 0.30300935191586914
map@100 0.08221021022896731
[ Epoch 45 ]
  - (Training)   ppl:      nan, accuracy: 13.793 %, elapse: 2.961 min
  - (Validation) ppl:      nan, accuracy: 4.344 %, elapse: 0.192 min
  - (Test) 
hits@1 0.05174484189076089
map@1 0.05174484189076089
hits@5 0.107528838106328
map@5 0.0720327984183011
hits@10 0.13875040937374913
map@10 0.07616522064595282
hits@20 0.1753575197409119
map@20 0.07866139837532427
hits@50 0.23863760416287616
map@50 0.08067571087819855
hits@100 0.3036279611367854
map@100 0.08159360039980049
[ Epoch 46 ]
  - (Training)   ppl:      nan, accuracy: 13.912 %, elapse: 2.956 min
  - (Validation) ppl:      nan, accuracy: 4.235 %, elapse: 0.192 min
  - (Test) 
hits@1 0.05294567155489247
map@1 0.05294567155489247
hits@5 0.10745606055092609
map@5 0.07278119427968414
hits@10 0.13820457770823477
map@10 0.0768883032028478
hits@20 0.17590335140642627
map@20 0.07947416486718284
hits@50 0.23900149193988574
map@50 0.08145845254712263
hits@100 0.30319129580437393
map@100 0.08237075612985707
[ Epoch 47 ]
  - (Training)   ppl:      nan, accuracy: 14.151 %, elapse: 2.987 min
  - (Validation) ppl:      nan, accuracy: 4.270 %, elapse: 0.191 min
  - (Test) 
hits@1 0.05298206033259343
map@1 0.05298206033259343
hits@5 0.10851133510425384
map@5 0.07307654985869026
hits@10 0.138859575706852
map@10 0.07708553904198169
hits@20 0.17583057385102435
map@20 0.07964179382666463
hits@50 0.2390378807175867
map@50 0.0816421001397493
hits@100 0.3025362978057567
map@100 0.08254371359218515
[ Epoch 48 ]
  - (Training)   ppl:      nan, accuracy: 14.203 %, elapse: 2.945 min
  - (Validation) ppl:      nan, accuracy: 4.222 %, elapse: 0.193 min
  - (Test) 
hits@1 0.052290673556275244
map@1 0.052290673556275244
hits@5 0.1069466176631127
map@5 0.07226447363633058
hits@10 0.13758596848731852
map@10 0.07632159131012883
hits@20 0.17477529929769658
map@20 0.07887034015402275
hits@50 0.23932899093919435
map@50 0.08090897297951422
hits@100 0.3015174120301299
map@100 0.08178692833992665
[ Epoch 49 ]
  - (Training)   ppl:      nan, accuracy: 14.305 %, elapse: 2.939 min
  - (Validation) ppl:      nan, accuracy: 4.238 %, elapse: 0.188 min
  - (Test) 
hits@1 0.052581783777882904
map@1 0.052581783777882904
hits@5 0.10683745133000982
map@5 0.07251252380432538
hits@10 0.1372584694880099
map@10 0.07652857414328976
hits@20 0.17419307885448126
map@20 0.07907928854309146
hits@50 0.2398020450493068
map@50 0.08115017764000591
hits@100 0.30257268658345765
map@100 0.08203235032396622
