
training set size:2753   valid set size:344  testing set size:345
3442
32.60139453805927
12627
training set size:2753   valid set size:344  testing set size:345
3442
32.60139453805927
12627
training set size:2753   valid set size:344  testing set size:345
3442
32.60139453805927
12627
[ Epoch 0 ]
  - (Training)   ppl:      nan, accuracy: 1.424 %, elapse: 0.853 min
  - (Validation) ppl:      nan, accuracy: 3.007 %, Reward: -1.66127605 , elapse: 0.256 min
    - [Info] The checkpoint file has been updated.
[ Epoch 1 ]
  - (Training)   ppl:      nan, accuracy: 3.019 %, elapse: 0.855 min
  - (Validation) ppl:      nan, accuracy: 2.989 %, Reward: -1.89962867 , elapse: 0.259 min
[ Epoch 2 ]
  - (Training)   ppl:      nan, accuracy: 2.993 %, elapse: 0.875 min
  - (Validation) ppl:      nan, accuracy: 2.963 %, Reward: -1.94652099 , elapse: 0.250 min
[ Epoch 3 ]
  - (Training)   ppl:      nan, accuracy: 3.240 %, elapse: 0.862 min
  - (Validation) ppl:      nan, accuracy: 3.697 %, Reward: -2.09414987 , elapse: 0.237 min
    - [Info] The checkpoint file has been updated.
[ Epoch 4 ]
  - (Training)   ppl:      nan, accuracy: 3.934 %, elapse: 0.852 min
  - (Validation) ppl:      nan, accuracy: 5.236 %, Reward: -1.86151980 , elapse: 0.249 min
  - (Test) 
hits@1 0.048714069591527985
map@1 0.048714069591527985
hits@5 0.0832072617246596
map@5 0.06084047739115819
hits@10 0.10559757942511347
map@10 0.06380035860368688
hits@20 0.13303076147251638
map@20 0.06569813063073109
hits@50 0.20564800806858297
map@50 0.06790788784968745
hits@100 0.2879475542107917
map@100 0.06906457100350695
reward -1.5953240111254263

    - [Info] The checkpoint file has been updated.
[ Epoch 5 ]
  - (Training)   ppl:      nan, accuracy: 5.722 %, elapse: 0.879 min
  - (Validation) ppl:      nan, accuracy: 6.721 %, Reward: -2.29771365 , elapse: 0.256 min
    - [Info] The checkpoint file has been updated.
[ Epoch 6 ]
  - (Training)   ppl:      nan, accuracy: 7.957 %, elapse: 0.861 min
  - (Validation) ppl:      nan, accuracy: 9.011 %, Reward: -1.96423440 , elapse: 0.249 min
    - [Info] The checkpoint file has been updated.
[ Epoch 7 ]
  - (Training)   ppl:      nan, accuracy: 10.644 %, elapse: 0.837 min
  - (Validation) ppl:      nan, accuracy: 10.838 %, Reward: -1.55517789 , elapse: 0.249 min
    - [Info] The checkpoint file has been updated.
[ Epoch 8 ]
  - (Training)   ppl:      nan, accuracy: 13.068 %, elapse: 0.854 min
  - (Validation) ppl:      nan, accuracy: 11.642 %, Reward: -1.44251256 , elapse: 0.252 min
    - [Info] The checkpoint file has been updated.
[ Epoch 9 ]
  - (Training)   ppl:      nan, accuracy: 15.130 %, elapse: 0.848 min
  - (Validation) ppl:      nan, accuracy: 12.709 %, Reward: -1.58158168 , elapse: 0.238 min
  - (Test) 
hits@1 0.11205244578920827
map@1 0.11205244578920827
hits@5 0.1789208270297529
map@5 0.13644141872583626
hits@10 0.21553202218860312
map@10 0.14123290028736324
hits@20 0.2670700958144226
map@20 0.14473766337020016
hits@50 0.3630862329803328
map@50 0.14776760270814862
hits@100 0.45748865355521934
map@100 0.1491159224621501
reward -1.5116262933482294

    - [Info] The checkpoint file has been updated.
[ Epoch 10 ]
  - (Training)   ppl:      nan, accuracy: 17.459 %, elapse: 0.878 min
  - (Validation) ppl:      nan, accuracy: 13.242 %, Reward: -1.51918312 , elapse: 0.253 min
  - (Test) 
hits@1 0.11820474029248614
map@1 0.11820474029248614
hits@5 0.1874936964195663
map@5 0.143693057656749
hits@10 0.22662632375189107
map@10 0.14892166750714403
hits@20 0.2767523953605648
map@20 0.15232081735738592
hits@50 0.3698436712052446
map@50 0.15525577179845504
hits@100 0.4618255168935956
map@100 0.1565603190016357
reward -1.2942253098971601

    - [Info] The checkpoint file has been updated.
[ Epoch 11 ]
  - (Training)   ppl:      nan, accuracy: 19.644 %, elapse: 0.874 min
  - (Validation) ppl:      nan, accuracy: 13.793 %, Reward: -1.35168287 , elapse: 0.237 min
  - (Test) 
hits@1 0.1248613212304589
map@1 0.1248613212304589
hits@5 0.19546142208774583
map@5 0.15068751050596738
hits@10 0.23066061522945033
map@10 0.1553281864098808
hits@20 0.28119011598588
map@20 0.15876565845277057
hits@50 0.3834594049420071
map@50 0.16198307446111493
hits@100 0.4745335350479072
map@100 0.1632724455375127
reward -1.3612641956495202

    - [Info] The checkpoint file has been updated.
[ Epoch 12 ]
  - (Training)   ppl:      nan, accuracy: 21.929 %, elapse: 0.851 min
  - (Validation) ppl:      nan, accuracy: 13.941 %, Reward: -1.30389233 , elapse: 0.258 min
  - (Test) 
hits@1 0.12465960665658093
map@1 0.12465960665658093
hits@5 0.20070600100857286
map@5 0.15274163724995796
hits@10 0.24064548663640947
map@10 0.15802335726692762
hits@20 0.29238527483610693
map@20 0.16153290151618044
hits@50 0.3889056984367121
map@50 0.16454158074867561
hits@100 0.4744326777609682
map@100 0.16574249072803482
reward -1.416300030031066

    - [Info] The checkpoint file has been updated.
[ Epoch 13 ]
  - (Training)   ppl:      nan, accuracy: 24.142 %, elapse: 0.867 min
  - (Validation) ppl:      nan, accuracy: 14.256 %, Reward: -1.57619824 , elapse: 0.253 min
  - (Test) 
hits@1 0.12990418557740796
map@1 0.12990418557740796
hits@5 0.20393343419062027
map@5 0.15746007732391998
hits@10 0.2421583459404942
map@10 0.1624960177380752
hits@20 0.2934947049924357
map@20 0.1660153525196639
hits@50 0.3919314170448815
map@50 0.16911384358392345
hits@100 0.481089258698941
map@100 0.17038834596039118
reward -1.4150745917057646

    - [Info] The checkpoint file has been updated.
[ Epoch 14 ]
  - (Training)   ppl:      nan, accuracy: 26.027 %, elapse: 0.858 min
  - (Validation) ppl:      nan, accuracy: 14.457 %, Reward: -1.41513590 , elapse: 0.242 min
  - (Test) 
hits@1 0.13252647503782147
map@1 0.13252647503782147
hits@5 0.2075642965204236
map@5 0.16035804336863335
hits@10 0.24367120524457891
map@10 0.16518178325288763
hits@20 0.2946041351487645
map@20 0.16870199213680337
hits@50 0.38900655572365106
map@50 0.17164702657370073
hits@100 0.4784669692385275
map@100 0.17291517782183094
reward -1.3370901522429093

    - [Info] The checkpoint file has been updated.
[ Epoch 15 ]
  - (Training)   ppl:      nan, accuracy: 27.837 %, elapse: 0.854 min
  - (Validation) ppl:      nan, accuracy: 14.754 %, Reward: -1.44918363 , elapse: 0.255 min
  - (Test) 
hits@1 0.1334341906202723
map@1 0.1334341906202723
hits@5 0.21129601613716592
map@5 0.1622877794587326
hits@10 0.2507312153303076
map@10 0.16752071176428213
hits@20 0.29843671205244576
map@20 0.17082852230692072
hits@50 0.39162884518406454
map@50 0.17376938493410327
hits@100 0.48119011598587996
map@100 0.17504197970830698
reward -1.3552152771880661

    - [Info] The checkpoint file has been updated.
[ Epoch 16 ]
  - (Training)   ppl:      nan, accuracy: 29.827 %, elapse: 0.885 min
  - (Validation) ppl:      nan, accuracy: 14.806 %, Reward: -1.33196012 , elapse: 0.235 min
  - (Test) 
hits@1 0.13524962178517397
map@1 0.13524962178517397
hits@5 0.2119011598587998
map@5 0.16344427634896624
hits@10 0.2508320726172466
map@10 0.1686539154239608
hits@20 0.30549672213817447
map@20 0.172388389598862
hits@50 0.39324256177508826
map@50 0.1751229194626853
hits@100 0.4814926878466969
map@100 0.17638733221963412
reward -1.296016141642695

    - [Info] The checkpoint file has been updated.
[ Epoch 17 ]
  - (Training)   ppl:      nan, accuracy: 31.750 %, elapse: 0.860 min
  - (Validation) ppl:      nan, accuracy: 14.868 %, Reward: -1.27449606 , elapse: 0.245 min
  - (Test) 
hits@1 0.13434190620272315
map@1 0.13434190620272315
hits@5 0.21109430156328796
map@5 0.16308791393511518
hits@10 0.24931921331316187
map@10 0.16811881148492347
hits@20 0.30136157337367625
map@20 0.17167455090026432
hits@50 0.39515885022692887
map@50 0.17462135398627715
hits@100 0.48229954614220877
map@100 0.17586520744430092
reward -1.2337953595147617

    - [Info] The checkpoint file has been updated.
[ Epoch 18 ]
  - (Training)   ppl:      nan, accuracy: 33.162 %, elapse: 0.817 min
  - (Validation) ppl:      nan, accuracy: 14.824 %, Reward: -1.42465479 , elapse: 0.235 min
  - (Test) 
hits@1 0.1362581946545638
map@1 0.1362581946545638
hits@5 0.21109430156328796
map@5 0.16424441082534882
hits@10 0.25224407463439236
map@10 0.16967125327185842
hits@20 0.3000504286434695
map@20 0.17294689606173522
hits@50 0.39263741805345437
map@50 0.17585180757324373
hits@100 0.4832072617246596
map@100 0.177125310998209
reward -1.276762160702028

[ Epoch 19 ]
  - (Training)   ppl:      nan, accuracy: 35.029 %, elapse: 0.874 min
  - (Validation) ppl:      nan, accuracy: 14.938 %, Reward: -1.55573757 , elapse: 0.236 min
  - (Test) 
hits@1 0.13363590519415028
map@1 0.13363590519415028
hits@5 0.2136157337367625
map@5 0.16345604303244243
hits@10 0.2532526475037821
map@10 0.16864266903601247
hits@20 0.302773575390822
map@20 0.17201027655703935
hits@50 0.394654563792234
map@50 0.17484860504629116
hits@100 0.4778618255168936
map@100 0.17602108360630095
reward -1.3208489929420362

    - [Info] The checkpoint file has been updated.
[ Epoch 20 ]
  - (Training)   ppl:      nan, accuracy: 36.845 %, elapse: 0.823 min
  - (Validation) ppl:      nan, accuracy: 15.025 %, Reward: -1.49449991 , elapse: 0.233 min
  - (Test) 
hits@1 0.1346444780635401
map@1 0.1346444780635401
hits@5 0.21533030761472516
map@5 0.1644427634896621
hits@10 0.253958648512355
map@10 0.16956875505287003
hits@20 0.3037821482602118
map@20 0.1730136785948765
hits@50 0.3930408472012103
map@50 0.17582852692267745
hits@100 0.47695410993444276
map@100 0.17701447374691479
reward -1.244849543640579

    - [Info] The checkpoint file has been updated.
[ Epoch 21 ]
  - (Training)   ppl:      nan, accuracy: 38.129 %, elapse: 0.813 min
  - (Validation) ppl:      nan, accuracy: 14.990 %, Reward: -1.32757208 , elapse: 0.239 min
  - (Test) 
hits@1 0.13605648008068583
map@1 0.13605648008068583
hits@5 0.21422087745839638
map@5 0.16513027399562946
hits@10 0.2532526475037821
map@10 0.1703351103426746
hits@20 0.3042864346949067
map@20 0.1738651885934594
hits@50 0.3955622793746848
map@50 0.17676261085423753
hits@100 0.47705496722138174
map@100 0.17792614288682151
reward -1.1829358639924423

[ Epoch 22 ]
  - (Training)   ppl:      nan, accuracy: 39.576 %, elapse: 0.824 min
  - (Validation) ppl:      nan, accuracy: 14.946 %, Reward: -1.28884638 , elapse: 0.221 min
  - (Test) 
hits@1 0.13595562279374684
map@1 0.13595562279374684
hits@5 0.21119515885022694
map@5 0.16386451504454527
hits@10 0.25315179021684314
map@10 0.1695071200441851
hits@20 0.30398386283408974
map@20 0.17295772578746352
hits@50 0.39394856278366114
map@50 0.17577283965294507
hits@100 0.475743822491175
map@100 0.17693242822326585
reward -1.237273259093796

[ Epoch 23 ]
  - (Training)   ppl:      nan, accuracy: 40.722 %, elapse: 0.829 min
  - (Validation) ppl:      nan, accuracy: 15.243 %, Reward: -1.44076694 , elapse: 0.240 min
  - (Test) 
hits@1 0.13595562279374684
map@1 0.13595562279374684
hits@5 0.21462430660615228
map@5 0.1651706169104051
hits@10 0.25315179021684314
map@10 0.17031101665746148
hits@20 0.3070095814422592
map@20 0.17400204086537538
hits@50 0.3950579929399899
map@50 0.1767650027561309
hits@100 0.47695410993444276
map@100 0.1779267519106865
reward -1.2344618500142857

    - [Info] The checkpoint file has been updated.
[ Epoch 24 ]
  - (Training)   ppl:      nan, accuracy: 41.912 %, elapse: 0.815 min
  - (Validation) ppl:      nan, accuracy: 15.235 %, Reward: -1.40173911 , elapse: 0.228 min
  - (Test) 
hits@1 0.13645990922844176
map@1 0.13645990922844176
hits@5 0.21422087745839638
map@5 0.16506975962346615
hits@10 0.25718608169440244
map@10 0.1707749601773807
hits@20 0.3046898638426626
map@20 0.17404873548985106
hits@50 0.3908219868885527
map@50 0.1767411674537664
hits@100 0.4724155320221886
map@100 0.1778872263598289
reward -1.1957249876381695

[ Epoch 25 ]
  - (Training)   ppl:      nan, accuracy: 43.116 %, elapse: 0.840 min
  - (Validation) ppl:      nan, accuracy: 15.069 %, Reward: -1.18727055 , elapse: 0.233 min
  - (Test) 
hits@1 0.13716591023701463
map@1 0.13716591023701463
hits@5 0.2157337367624811
map@5 0.16635737098672043
hits@10 0.25758951084215836
map@10 0.17188955326625524
hits@20 0.308119011598588
map@20 0.17531341870120484
hits@50 0.39646999495713564
map@50 0.17809525585692978
hits@100 0.47392839132627335
map@100 0.17919093110174508
reward -1.2325869891954504

[ Epoch 26 ]
  - (Training)   ppl:      nan, accuracy: 44.127 %, elapse: 0.851 min
  - (Validation) ppl:      nan, accuracy: 15.278 %, Reward: -1.23005053 , elapse: 0.230 min
  - (Test) 
hits@1 0.13847705496722137
map@1 0.13847705496722137
hits@5 0.2156328794755421
map@5 0.16663640948058495
hits@10 0.25658093797276854
map@10 0.1721251670949099
hits@20 0.3075138678769541
map@20 0.17559146788733726
hits@50 0.3937468482097832
map@50 0.1782779446565977
hits@100 0.47231467473524963
map@100 0.17939387195258236
reward -1.288932906717494

    - [Info] The checkpoint file has been updated.
[ Epoch 27 ]
  - (Training)   ppl:      nan, accuracy: 45.339 %, elapse: 0.826 min
  - (Validation) ppl:      nan, accuracy: 15.173 %, Reward: -1.30308574 , elapse: 0.237 min
  - (Test) 
hits@1 0.1362581946545638
map@1 0.1362581946545638
hits@5 0.21533030761472516
map@5 0.1655858127416373
hits@10 0.25607665153807363
map@10 0.17103826973721073
hits@20 0.3042864346949067
map@20 0.1743497513078151
hits@50 0.3920322743318205
map@50 0.17714451253442684
hits@100 0.47160867372667675
map@100 0.17826449159787708
reward -1.25571229768836

[ Epoch 28 ]
  - (Training)   ppl:      nan, accuracy: 46.139 %, elapse: 0.857 min
  - (Validation) ppl:      nan, accuracy: 15.261 %, Reward: -1.42780340 , elapse: 0.231 min
  - (Test) 
hits@1 0.13756933938477056
map@1 0.13756933938477056
hits@5 0.21603630862329803
map@5 0.16681627164229285
hits@10 0.25829551185073124
map@10 0.17239271906442857
hits@20 0.3076147251638931
map@20 0.17574866064941144
hits@50 0.3924357034795764
map@50 0.1784263845622341
hits@100 0.46938981341401914
map@100 0.17950638415397
reward -1.5549426797507466

[ Epoch 29 ]
  - (Training)   ppl:      nan, accuracy: 47.219 %, elapse: 0.853 min
  - (Validation) ppl:      nan, accuracy: 15.104 %, Reward: -1.50324135 , elapse: 0.244 min
  - (Test) 
hits@1 0.13777105395864853
map@1 0.13777105395864853
hits@5 0.2156328794755421
map@5 0.16696587661791898
hits@10 0.25547150781643974
map@10 0.17229742493736439
hits@20 0.3101361573373676
map@20 0.1760346777565037
hits@50 0.3919314170448815
map@50 0.17859538206506895
hits@100 0.46979324256177507
map@100 0.1796980086115769
reward -1.4003708535346433

[ Epoch 30 ]
  - (Training)   ppl:      nan, accuracy: 47.892 %, elapse: 0.846 min
  - (Validation) ppl:      nan, accuracy: 15.296 %, Reward: -1.24785418 , elapse: 0.237 min
  - (Test) 
hits@1 0.13686333837619769
map@1 0.13686333837619769
hits@5 0.21654059505799295
map@5 0.16638762817280214
hits@10 0.25698436712052447
map@10 0.17178493384242247
hits@20 0.30741301059001513
map@20 0.17523415569588227
hits@50 0.3918305597579425
map@50 0.17788988908243916
hits@100 0.46989409984871405
map@100 0.17900381249723613
reward -1.4541816075642904

    - [Info] The checkpoint file has been updated.
[ Epoch 31 ]
  - (Training)   ppl:      nan, accuracy: 48.632 %, elapse: 0.813 min
  - (Validation) ppl:      nan, accuracy: 15.235 %, Reward: -1.27157656 , elapse: 0.229 min
  - (Test) 
hits@1 0.13706505295007565
map@1 0.13706505295007565
hits@5 0.21704488149268786
map@5 0.16620608505631201
hits@10 0.25970751386787694
map@10 0.17186201762601155
hits@20 0.308320726172466
map@20 0.17519122935264628
hits@50 0.3897125567322239
map@50 0.17778646824127917
hits@100 0.4690872415532022
map@100 0.17893667378428188
reward -1.3666191709214361

[ Epoch 32 ]
  - (Training)   ppl:      nan, accuracy: 49.603 %, elapse: 0.750 min
  - (Validation) ppl:      nan, accuracy: 15.340 %, Reward: -1.32869696 , elapse: 0.233 min
  - (Test) 
hits@1 0.13726676752395361
map@1 0.13726676752395361
hits@5 0.2168431669188099
map@5 0.1665052950075643
hits@10 0.25829551185073124
map@10 0.17195451016177188
hits@20 0.3077155824508321
map@20 0.1753131816460786
hits@50 0.39435199193141707
map@50 0.178074225805789
hits@100 0.47170953101361573
map@100 0.17917825568185222
reward -1.195343656125276

    - [Info] The checkpoint file has been updated.
[ Epoch 33 ]
  - (Training)   ppl:      nan, accuracy: 50.328 %, elapse: 0.820 min
  - (Validation) ppl:      nan, accuracy: 15.287 %, Reward: -1.34609133 , elapse: 0.239 min
  - (Test) 
hits@1 0.13877962682803832
map@1 0.13877962682803832
hits@5 0.21825516893595562
map@5 0.16766515380736258
hits@10 0.2567826525466465
map@10 0.1727668115489598
hits@20 0.3094301563287948
map@20 0.17638384430973994
hits@50 0.39223398890569844
map@50 0.1789812282346474
hits@100 0.4670700958144226
map@100 0.18004653662390202
reward -1.490686687524768

[ Epoch 34 ]
  - (Training)   ppl:      nan, accuracy: 50.994 %, elapse: 0.839 min
  - (Validation) ppl:      nan, accuracy: 15.305 %, Reward: -1.26758948 , elapse: 0.252 min
  - (Test) 
hits@1 0.1383761976802824
map@1 0.1383761976802824
hits@5 0.21654059505799295
map@5 0.16698436712052442
hits@10 0.2599092284417549
map@10 0.17269709194822655
hits@20 0.31033787191124557
map@20 0.17615126527549305
hits@50 0.3924357034795764
map@50 0.1787563068480367
hits@100 0.4681795259707514
map@100 0.179843733297453
reward -1.3359690597091896

[ Epoch 35 ]
  - (Training)   ppl:      nan, accuracy: 51.474 %, elapse: 0.843 min
  - (Validation) ppl:      nan, accuracy: 15.287 %, Reward: -1.22063089 , elapse: 0.235 min
  - (Test) 
hits@1 0.13605648008068583
map@1 0.13605648008068583
hits@5 0.21724659606656582
map@5 0.16602958480416877
hits@10 0.2580937972768533
map@10 0.17140019531093661
hits@20 0.30892586989409987
map@20 0.1748735226439638
hits@50 0.39213313161875946
map@50 0.17749406684400795
hits@100 0.4669692385274836
map@100 0.17855250607172737
reward -1.3668859620025193

[ Epoch 36 ]
  - (Training)   ppl:      nan, accuracy: 52.262 %, elapse: 0.829 min
  - (Validation) ppl:      nan, accuracy: 15.270 %, Reward: -1.26878629 , elapse: 0.228 min
  - (Test) 
hits@1 0.13303076147251638
map@1 0.13303076147251638
hits@5 0.21613716591023702
map@5 0.1644780635400908
hits@10 0.25758951084215836
map@10 0.16999383649913155
hits@20 0.30842158345940496
map@20 0.17347755651343888
hits@50 0.3920322743318205
map@50 0.17612004418381436
hits@100 0.4653555219364599
map@100 0.1771678495498134
reward -1.3741096344546995

[ Epoch 37 ]
  - (Training)   ppl:      nan, accuracy: 53.113 %, elapse: 0.803 min
  - (Validation) ppl:      nan, accuracy: 15.156 %, Reward: -1.40082838 , elapse: 0.237 min
  - (Test) 
hits@1 0.13656076651538074
map@1 0.13656076651538074
hits@5 0.21643973777105396
map@5 0.16631198520759793
hits@10 0.2574886535552194
map@10 0.17175931929335864
hits@20 0.30892586989409987
map@20 0.1752558110483643
hits@50 0.3896116994452849
map@50 0.17780182057167357
hits@100 0.4665658093797277
map@100 0.17889483594661776
reward -1.185413744829703

[ Epoch 38 ]
  - (Training)   ppl:      nan, accuracy: 53.326 %, elapse: 0.861 min
  - (Validation) ppl:      nan, accuracy: 15.270 %, Reward: -1.40617999 , elapse: 0.261 min
  - (Test) 
hits@1 0.13494704992435702
map@1 0.13494704992435702
hits@5 0.21472516389309126
map@5 0.16495713565305095
hits@10 0.25526979324256177
map@10 0.1703620856646575
hits@20 0.3077155824508321
map@20 0.17398343564347085
hits@50 0.38850226928895615
map@50 0.1765912528172293
hits@100 0.4643469490670701
map@100 0.17767256563626221
reward -1.3270698796147886

[ Epoch 39 ]
  - (Training)   ppl:      nan, accuracy: 53.719 %, elapse: 0.876 min
  - (Validation) ppl:      nan, accuracy: 15.042 %, Reward: -1.18401791 , elapse: 0.275 min
  - (Test) 
hits@1 0.13555219364599091
map@1 0.13555219364599091
hits@5 0.21492687846696923
map@5 0.1649302403765339
hits@10 0.2572869389813414
map@10 0.17058285105940177
hits@20 0.3069087241553202
map@20 0.1739804645991444
hits@50 0.3895108421583459
map@50 0.17661884437123362
hits@100 0.4627332324760464
map@100 0.17765095390304847
reward -1.287356069813604

[ Epoch 40 ]
  - (Training)   ppl:      nan, accuracy: 54.434 %, elapse: 0.854 min
  - (Validation) ppl:      nan, accuracy: 15.243 %, Reward: -1.34835145 , elapse: 0.229 min
  - (Test) 
hits@1 0.13777105395864853
map@1 0.13777105395864853
hits@5 0.21643973777105396
map@5 0.16698604807530681
hits@10 0.25758951084215836
map@10 0.17240884822579225
hits@20 0.30781643973777106
map@20 0.17582632796650866
hits@50 0.39051941502773574
map@50 0.17847080524649178
hits@100 0.46616238023197176
map@100 0.1795322876372539
reward -1.2568083638730256

[ Epoch 41 ]
  - (Training)   ppl:      nan, accuracy: 54.924 %, elapse: 0.907 min
  - (Validation) ppl:      nan, accuracy: 15.313 %, Reward: -1.28002195 , elapse: 0.258 min
  - (Test) 
hits@1 0.13545133635905193
map@1 0.13545133635905193
hits@5 0.21613716591023702
map@5 0.16583459404942008
hits@10 0.2551689359556228
map@10 0.17091151774207752
hits@20 0.3064044377206253
map@20 0.17444924542076579
hits@50 0.3903177004538578
map@50 0.17713998329187194
hits@100 0.4637418053454362
map@100 0.17817287786155056
reward -1.3357093410215517

[ Epoch 42 ]
  - (Training)   ppl:      nan, accuracy: 55.468 %, elapse: 0.863 min
  - (Validation) ppl:      nan, accuracy: 15.235 %, Reward: -1.48586594 , elapse: 0.271 min
  - (Test) 
hits@1 0.13635905194150277
map@1 0.13635905194150277
hits@5 0.21482602118003025
map@5 0.16597579425113465
hits@10 0.25426122037317195
map@10 0.17124698828934837
hits@20 0.3094301563287948
map@20 0.17505600300198035
hits@50 0.3901159858799798
map@50 0.1776440444737131
hits@100 0.46505295007564296
map@100 0.1787005383510129
reward -1.4332280932993129

[ Epoch 43 ]
  - (Training)   ppl:      nan, accuracy: 55.948 %, elapse: 0.877 min
  - (Validation) ppl:      nan, accuracy: 15.313 %, Reward: -1.41109725 , elapse: 0.274 min
  - (Test) 
hits@1 0.13595562279374684
map@1 0.13595562279374684
hits@5 0.21533030761472516
map@5 0.16581946545637927
hits@10 0.2556732223903177
map@10 0.17109374124502716
hits@20 0.3100353000504286
map@20 0.1747753709163853
hits@50 0.39112455874936963
map@50 0.1773639621964198
hits@100 0.46404437720625313
map@100 0.17838815302922711
reward -1.1847667998161868

[ Epoch 44 ]
  - (Training)   ppl:      nan, accuracy: 56.369 %, elapse: 0.843 min
  - (Validation) ppl:      nan, accuracy: 15.191 %, Reward: -1.23885296 , elapse: 0.240 min
  - (Test) 
hits@1 0.1362581946545638
map@1 0.1362581946545638
hits@5 0.21462430660615228
map@5 0.16597075138678763
hits@10 0.2532526475037821
map@10 0.1710766915608066
hits@20 0.3094301563287948
map@20 0.1749357286765075
hits@50 0.3874936964195663
map@50 0.17744501596355067
hits@100 0.4623298033282905
map@100 0.17849643284335803
reward -1.2819670856862828

[ Epoch 45 ]
  - (Training)   ppl:      nan, accuracy: 56.885 %, elapse: 0.852 min
  - (Validation) ppl:      nan, accuracy: 15.025 %, Reward: -1.18305869 , elapse: 0.265 min
  - (Test) 
hits@1 0.13696419566313667
map@1 0.13696419566313667
hits@5 0.21633888048411498
map@5 0.16684989073793915
hits@10 0.25365607665153805
map@10 0.17180534543620773
hits@20 0.30781643973777106
map@20 0.17550240732930208
hits@50 0.3887039838628341
map@50 0.17808860998605858
hits@100 0.4636409480584972
map@100 0.17914754468443725
reward -1.267448193785073

[ Epoch 46 ]
  - (Training)   ppl:      nan, accuracy: 57.065 %, elapse: 0.887 min
  - (Validation) ppl:      nan, accuracy: 15.296 %, Reward: -1.26590526 , elapse: 0.260 min
  - (Test) 
hits@1 0.1356530509329299
map@1 0.1356530509329299
hits@5 0.21543116490166414
map@5 0.16523281223735078
hits@10 0.25365607665153805
map@10 0.1701935499363639
hits@20 0.3038830055471508
map@20 0.1736424164571193
hits@50 0.38779626828038327
map@50 0.176347753059048
hits@100 0.46081694402420575
map@100 0.17736829073698238
reward -1.435945911683898

[ Epoch 47 ]
  - (Training)   ppl:      nan, accuracy: 57.467 %, elapse: 0.942 min
  - (Validation) ppl:      nan, accuracy: 15.182 %, Reward: -1.37133498 , elapse: 0.240 min
  - (Test) 
hits@1 0.13555219364599091
map@1 0.13555219364599091
hits@5 0.2145234493192133
map@5 0.16530845520255502
hits@10 0.25224407463439236
map@10 0.17029544781435854
hits@20 0.3070095814422592
map@20 0.17400356695421637
hits@50 0.38497226424609177
map@50 0.17651503527754503
hits@100 0.4562783661119516
map@100 0.17751484976447357
reward -1.230281934876373

[ Epoch 48 ]
  - (Training)   ppl:      nan, accuracy: 57.960 %, elapse: 0.900 min
  - (Validation) ppl:      nan, accuracy: 15.147 %, Reward: -1.44308003 , elapse: 0.272 min
  - (Test) 
hits@1 0.13746848209783158
map@1 0.13746848209783158
hits@5 0.21553202218860312
map@5 0.1662783661119516
hits@10 0.2520423600605144
map@10 0.1711227577263886
hits@20 0.30741301059001513
map@20 0.1748840301255607
hits@50 0.3865859808371155
map@50 0.17738530979784245
hits@100 0.45476550680786687
map@100 0.17834925944253988
reward -1.3421352801115616

[ Epoch 49 ]
  - (Training)   ppl:      nan, accuracy: 58.153 %, elapse: 0.872 min
  - (Validation) ppl:      nan, accuracy: 15.130 %, Reward: -1.55559504 , elapse: 0.271 min
  - (Test) 
hits@1 0.13635905194150277
map@1 0.13635905194150277
hits@5 0.21533030761472516
map@5 0.16575390821986888
hits@10 0.25375693393847704
map@10 0.170816823956007
hits@20 0.3041855774079677
map@20 0.1741703718489993
hits@50 0.3871911245587494
map@50 0.17678202041412636
hits@100 0.4583963691376702
map@100 0.17778873957612357
reward -1.3411214897598045

