dataset: twitter, network: False
training set size:2753   valid set size:344  testing set size:345
3442
32.60139453805927
12627
training set size:2753   valid set size:344  testing set size:345
3442
32.60139453805927
12627
training set size:2753   valid set size:344  testing set size:345
3442
32.60139453805927
12627
[ Epoch 0 ]
  - (Training)   ppl:      nan, accuracy: 1.546 %, elapse: 2.519 min
  - (Validation) ppl:      nan, accuracy: 3.007 %, elapse: 0.094 min
  - (Test) 
hits@1 0.03479576399394856
map@1 0.03479576399394856
hits@5 0.040746343923348464
map@5 0.03697764330139519
hits@10 0.04780635400907716
map@10 0.03786850931328995
hits@20 0.05990922844175492
map@20 0.03868749571863814
hits@50 0.09107413010590015
map@50 0.03965117749980453
hits@100 0.1341401916288452
map@100 0.040241190189762334
    - [Info] The checkpoint file has been updated.
[ Epoch 1 ]
  - (Training)   ppl:      nan, accuracy: 3.016 %, elapse: 2.368 min
  - (Validation) ppl:      nan, accuracy: 2.937 %, elapse: 0.079 min
  - (Test) 
hits@1 0.03429147755925366
map@1 0.03429147755925366
hits@5 0.04114977307110439
map@5 0.03686165742141536
hits@10 0.04931921331316188
map@10 0.037932465640483796
hits@20 0.06061522945032779
map@20 0.03867498342340616
hits@50 0.09420070600100858
map@50 0.039659637045001334
hits@100 0.14856278366111952
map@100 0.04040820322585835
[ Epoch 2 ]
  - (Training)   ppl:      nan, accuracy: 2.961 %, elapse: 2.445 min
  - (Validation) ppl:      nan, accuracy: 3.374 %, elapse: 0.080 min
  - (Test) 
hits@1 0.03509833585476551
map@1 0.03509833585476551
hits@5 0.06172465960665658
map@5 0.043809043536728855
hits@10 0.08159354513363591
map@10 0.0464769589126624
hits@20 0.10983358547655069
map@20 0.048356240535015534
hits@50 0.16197680282400403
map@50 0.04997273822576319
hits@100 0.22864346949067071
map@100 0.050903878978350026
    - [Info] The checkpoint file has been updated.
[ Epoch 3 ]
  - (Training)   ppl:      nan, accuracy: 3.424 %, elapse: 2.429 min
  - (Validation) ppl:      nan, accuracy: 4.563 %, elapse: 0.081 min
  - (Test) 
hits@1 0.04306606152294503
map@1 0.04306606152294503
hits@5 0.07544125063035804
map@5 0.05416204404101531
hits@10 0.09652042360060514
map@10 0.05696251470835433
hits@20 0.12183560262228946
map@20 0.05876097078118829
hits@50 0.1805345436207766
map@50 0.06057273475126102
hits@100 0.2529500756429652
map@100 0.06158318733517957
    - [Info] The checkpoint file has been updated.
[ Epoch 4 ]
  - (Training)   ppl:      nan, accuracy: 4.429 %, elapse: 2.293 min
  - (Validation) ppl:      nan, accuracy: 5.017 %, elapse: 0.078 min
  - (Test) 
hits@1 0.0492183560262229
map@1 0.0492183560262229
hits@5 0.08582955118507313
map@5 0.06272818961169946
hits@10 0.1075138678769541
map@10 0.06554058705344636
hits@20 0.1427130610186586
map@20 0.06793974861763137
hits@50 0.21765002521432172
map@50 0.07027472362476622
hits@100 0.3000504286434695
map@100 0.0714398228574286
    - [Info] The checkpoint file has been updated.
[ Epoch 5 ]
  - (Training)   ppl:      nan, accuracy: 5.986 %, elapse: 2.484 min
  - (Validation) ppl:      nan, accuracy: 6.477 %, elapse: 0.079 min
  - (Test) 
hits@1 0.06111951588502269
map@1 0.06111951588502269
hits@5 0.11497730711043873
map@5 0.0804521768364431
hits@10 0.1480584972264246
map@10 0.08482406006611755
hits@20 0.1902168431669188
map@20 0.08773424718260386
hits@50 0.2708018154311649
map@50 0.0902240889184377
hits@100 0.3583459404942007
map@100 0.09144799397322718
    - [Info] The checkpoint file has been updated.
[ Epoch 6 ]
  - (Training)   ppl:      nan, accuracy: 8.582 %, elapse: 2.345 min
  - (Validation) ppl:      nan, accuracy: 8.872 %, elapse: 0.081 min
  - (Test) 
hits@1 0.08512355017650025
map@1 0.08512355017650025
hits@5 0.15068078668683813
map@5 0.1093696419566314
hits@10 0.18779626828038326
map@10 0.11420394784237446
hits@20 0.232375189107413
map@20 0.11727239810180094
hits@50 0.3208270297528997
map@50 0.12006044472294915
hits@100 0.4152294503277862
map@100 0.12139882340997019
    - [Info] The checkpoint file has been updated.
[ Epoch 7 ]
  - (Training)   ppl:      nan, accuracy: 11.419 %, elapse: 2.527 min
  - (Validation) ppl:      nan, accuracy: 10.593 %, elapse: 0.084 min
  - (Test) 
hits@1 0.10317700453857791
map@1 0.10317700453857791
hits@5 0.17256681795259707
map@5 0.12861153134980668
hits@10 0.2075642965204236
map@10 0.13326305341433936
hits@20 0.2562783661119516
map@20 0.13659262764006022
hits@50 0.3465456379223399
map@50 0.1394094839130186
hits@100 0.4436712052445789
map@100 0.14079532746561071
    - [Info] The checkpoint file has been updated.
[ Epoch 8 ]
  - (Training)   ppl:      nan, accuracy: 14.045 %, elapse: 2.269 min
  - (Validation) ppl:      nan, accuracy: 11.922 %, elapse: 0.081 min
  - (Test) 
hits@1 0.11154815935451336
map@1 0.11154815935451336
hits@5 0.18991427130610186
map@5 0.14051437216338877
hits@10 0.2264246091780131
map@10 0.1453166198400691
hits@20 0.2760463943519919
map@20 0.1486491410643296
hits@50 0.36469994957135654
map@50 0.1514087683988852
hits@100 0.46021180030257186
map@100 0.15275558136864126
    - [Info] The checkpoint file has been updated.
[ Epoch 9 ]
  - (Training)   ppl:      nan, accuracy: 17.069 %, elapse: 2.541 min
  - (Validation) ppl:      nan, accuracy: 12.770 %, elapse: 0.090 min
  - (Test) 
hits@1 0.12022188603126575
map@1 0.12022188603126575
hits@5 0.19223398890569843
map@5 0.14689695747184403
hits@10 0.22854261220373173
map@10 0.15166090339312727
hits@20 0.28189611699445283
map@20 0.15532013196290748
hits@50 0.36994452849218357
map@50 0.15802909762571635
hits@100 0.4636409480584972
map@100 0.15937802419853067
    - [Info] The checkpoint file has been updated.
[ Epoch 10 ]
  - (Training)   ppl:      nan, accuracy: 19.940 %, elapse: 2.445 min
  - (Validation) ppl:      nan, accuracy: 13.286 %, elapse: 0.081 min
  - (Test) 
hits@1 0.1281896116994453
map@1 0.1281896116994453
hits@5 0.20121028744326777
map@5 0.15456379223398892
hits@10 0.2405446293494705
map@10 0.15974061266799544
hits@20 0.29127584467977813
map@20 0.16320943980781313
hits@50 0.383661119515885
map@50 0.16606237780091515
hits@100 0.4773575390821987
map@100 0.1673875135217226
    - [Info] The checkpoint file has been updated.
[ Epoch 11 ]
  - (Training)   ppl:      nan, accuracy: 22.833 %, elapse: 2.352 min
  - (Validation) ppl:      nan, accuracy: 13.347 %, elapse: 0.082 min
  - (Test) 
hits@1 0.13071104387291982
map@1 0.13071104387291982
hits@5 0.2028240040342915
map@5 0.15728525802655907
hits@10 0.23963691376701968
map@10 0.1621432573701863
hits@20 0.29218356026222897
map@20 0.16574493777749705
hits@50 0.38446797781139685
map@50 0.16861916996777276
hits@100 0.47644982349974785
map@100 0.16992167209959394
    - [Info] The checkpoint file has been updated.
[ Epoch 12 ]
  - (Training)   ppl:      nan, accuracy: 25.934 %, elapse: 2.348 min
  - (Validation) ppl:      nan, accuracy: 13.897 %, elapse: 0.082 min
  - (Test) 
hits@1 0.12889561270801816
map@1 0.12889561270801816
hits@5 0.21038830055471508
map@5 0.15878971255673222
hits@10 0.24619263741805344
map@10 0.16354993636385468
hits@20 0.29843671205244576
map@20 0.16708942228082477
hits@50 0.3923348461926374
map@50 0.16998934160457216
hits@100 0.48240040342914775
map@100 0.17126698412926597
    - [Info] The checkpoint file has been updated.
[ Epoch 13 ]
  - (Training)   ppl:      nan, accuracy: 28.929 %, elapse: 2.317 min
  - (Validation) ppl:      nan, accuracy: 14.028 %, elapse: 0.080 min
  - (Test) 
hits@1 0.13333333333333333
map@1 0.13333333333333333
hits@5 0.21099344427634897
map@5 0.16205412674399056
hits@10 0.2514372163388805
map@10 0.1673543372635657
hits@20 0.3016641452344932
map@20 0.17080164857027477
hits@50 0.4009077155824508
map@50 0.17389339802864864
hits@100 0.4881492687846697
map@100 0.17512914595800833
    - [Info] The checkpoint file has been updated.
[ Epoch 14 ]
  - (Training)   ppl:      nan, accuracy: 31.938 %, elapse: 2.452 min
  - (Validation) ppl:      nan, accuracy: 14.334 %, elapse: 0.085 min
  - (Test) 
hits@1 0.13383761976802824
map@1 0.13383761976802824
hits@5 0.21371659102370147
map@5 0.16314842830727855
hits@10 0.2545637922339889
map@10 0.16850367008460804
hits@20 0.3017650025214322
map@20 0.17173822724206092
hits@50 0.39586485123550175
map@50 0.17470815795582453
hits@100 0.4831064044377206
map@100 0.1759473019329327
    - [Info] The checkpoint file has been updated.
[ Epoch 15 ]
  - (Training)   ppl:      nan, accuracy: 34.708 %, elapse: 2.379 min
  - (Validation) ppl:      nan, accuracy: 14.133 %, elapse: 0.081 min
  - (Test) 
hits@1 0.1361573373676248
map@1 0.1361573373676248
hits@5 0.2156328794755421
map@5 0.1652748361069087
hits@10 0.25597579425113465
map@10 0.17052946073369674
hits@20 0.30731215330307615
map@20 0.17400289061214197
hits@50 0.40171457387796267
map@50 0.17697416472411867
hits@100 0.48653555219364597
map@100 0.1781710714466324
[ Epoch 16 ]
  - (Training)   ppl:      nan, accuracy: 37.549 %, elapse: 2.361 min
  - (Validation) ppl:      nan, accuracy: 14.369 %, elapse: 0.080 min
  - (Test) 
hits@1 0.13444276348966214
map@1 0.13444276348966214
hits@5 0.2136157337367625
map@5 0.16334005715246258
hits@10 0.253958648512355
map@10 0.16873656236742465
hits@20 0.3048915784165406
map@20 0.17219926440008826
hits@50 0.39515885022692887
map@50 0.17504789087552203
hits@100 0.4771558245083207
map@100 0.17622547350710688
    - [Info] The checkpoint file has been updated.
[ Epoch 17 ]
  - (Training)   ppl:      nan, accuracy: 40.441 %, elapse: 2.382 min
  - (Validation) ppl:      nan, accuracy: 14.125 %, elapse: 0.081 min
  - (Test) 
hits@1 0.1362581946545638
map@1 0.1362581946545638
hits@5 0.21654059505799295
map@5 0.16553538409816773
hits@10 0.2578920827029753
map@10 0.17099368441274646
hits@20 0.3100353000504286
map@20 0.17460376409473147
hits@50 0.3983862834089763
map@50 0.17736816473999586
hits@100 0.48250126071608673
map@100 0.1785680921181972
[ Epoch 18 ]
  - (Training)   ppl:      nan, accuracy: 42.969 %, elapse: 2.383 min
  - (Validation) ppl:      nan, accuracy: 14.046 %, elapse: 0.082 min
  - (Test) 
hits@1 0.1361573373676248
map@1 0.1361573373676248
hits@5 0.21643973777105396
map@5 0.16578584636073287
hits@10 0.2573877962682804
map@10 0.17125959545021574
hits@20 0.30852244074634394
map@20 0.17473293101628537
hits@50 0.39576399394856276
map@50 0.17748608806601518
hits@100 0.47695410993444276
map@100 0.17864332256947546
[ Epoch 19 ]
  - (Training)   ppl:      nan, accuracy: 45.494 %, elapse: 2.296 min
  - (Validation) ppl:      nan, accuracy: 14.518 %, elapse: 0.083 min
  - (Test) 
hits@1 0.13514876449823499
map@1 0.13514876449823499
hits@5 0.2157337367624811
map@5 0.16454866364094803
hits@10 0.2573877962682804
map@10 0.1700607144858279
hits@20 0.3101361573373676
map@20 0.1736828171292675
hits@50 0.39586485123550175
map@50 0.17638972001360043
hits@100 0.4707009581442259
map@100 0.17745083504580314
    - [Info] The checkpoint file has been updated.
[ Epoch 20 ]
  - (Training)   ppl:      nan, accuracy: 47.297 %, elapse: 2.498 min
  - (Validation) ppl:      nan, accuracy: 14.369 %, elapse: 0.086 min
  - (Test) 
hits@1 0.13605648008068583
map@1 0.13605648008068583
hits@5 0.2167423096318709
map@5 0.1653639267103715
hits@10 0.2583963691376702
map@10 0.17092660631238543
hits@20 0.30953101361573376
map@20 0.1744073919578128
hits@50 0.3940494200706001
map@50 0.17706007226308326
hits@100 0.47392839132627335
map@100 0.17818920546016215
[ Epoch 21 ]
  - (Training)   ppl:      nan, accuracy: 49.456 %, elapse: 2.355 min
  - (Validation) ppl:      nan, accuracy: 14.282 %, elapse: 0.081 min
  - (Test) 
hits@1 0.13817448310640443
map@1 0.13817448310640443
hits@5 0.2150277357539082
map@5 0.1664162044041015
hits@10 0.26192637418053455
map@10 0.17267628012711222
hits@20 0.31053958648512353
map@20 0.17598952241028695
hits@50 0.3935451336359052
map@50 0.17861387498243833
hits@100 0.47100353000504286
map@100 0.1797029013592882
[ Epoch 22 ]
  - (Training)   ppl:      nan, accuracy: 51.422 %, elapse: 2.572 min
  - (Validation) ppl:      nan, accuracy: 14.474 %, elapse: 0.081 min
  - (Test) 
hits@1 0.1383761976802824
map@1 0.1383761976802824
hits@5 0.216238023197176
map@5 0.1666414523449319
hits@10 0.25476550680786686
map@10 0.17175723811124724
hits@20 0.3046898638426626
map@20 0.1752243782515839
hits@50 0.38981341401916286
map@50 0.1779403198857139
hits@100 0.46747352496217853
map@100 0.17904919159291777
[ Epoch 23 ]
  - (Training)   ppl:      nan, accuracy: 53.022 %, elapse: 2.437 min
  - (Validation) ppl:      nan, accuracy: 14.605 %, elapse: 0.087 min
  - (Test) 
hits@1 0.13857791225416036
map@1 0.13857791225416036
hits@5 0.2178517397881997
map@5 0.16742645822827365
hits@10 0.25859808371154813
map@10 0.17285037901528066
hits@20 0.3092284417549168
map@20 0.17633751419419533
hits@50 0.3920322743318205
map@50 0.17893730285241302
hits@100 0.4709026727181039
map@100 0.18005182551026955
    - [Info] The checkpoint file has been updated.
[ Epoch 24 ]
  - (Training)   ppl:      nan, accuracy: 54.667 %, elapse: 2.410 min
  - (Validation) ppl:      nan, accuracy: 14.527 %, elapse: 0.081 min
  - (Test) 
hits@1 0.13535047907211295
map@1 0.13535047907211295
hits@5 0.21633888048411498
map@5 0.16531013615733736
hits@10 0.25779122541603633
map@10 0.1708073785910397
hits@20 0.3052950075642965
map@20 0.17411792377361945
hits@50 0.38628340897629854
map@50 0.17671417051548635
hits@100 0.46747352496217853
map@100 0.17787845376592556
[ Epoch 25 ]
  - (Training)   ppl:      nan, accuracy: 56.040 %, elapse: 2.342 min
  - (Validation) ppl:      nan, accuracy: 14.544 %, elapse: 0.081 min
  - (Test) 
hits@1 0.135047907211296
map@1 0.135047907211296
hits@5 0.2178517397881997
map@5 0.16539418389645316
hits@10 0.25940494200706
map@10 0.1709086761280407
hits@20 0.3065052950075643
map@20 0.17414411306209077
hits@50 0.38940998487140693
map@50 0.1767271105350759
hits@100 0.46192637418053456
map@100 0.17775639326039916
[ Epoch 26 ]
  - (Training)   ppl:      nan, accuracy: 57.393 %, elapse: 2.412 min
  - (Validation) ppl:      nan, accuracy: 14.413 %, elapse: 0.091 min
  - (Test) 
hits@1 0.13807362581946545
map@1 0.13807362581946545
hits@5 0.21825516893595562
map@5 0.16704992435703478
hits@10 0.2589006555723651
map@10 0.17251154655844522
hits@20 0.3066061522945033
map@20 0.17576989883667068
hits@50 0.38920827029752897
map@50 0.17839405643303352
hits@100 0.46515380736258194
map@100 0.17946683031768215
[ Epoch 27 ]
  - (Training)   ppl:      nan, accuracy: 58.735 %, elapse: 2.325 min
  - (Validation) ppl:      nan, accuracy: 14.649 %, elapse: 0.086 min
  - (Test) 
hits@1 0.13847705496722137
map@1 0.13847705496722137
hits@5 0.21795259707513867
map@5 0.16753067742477726
hits@10 0.2580937972768533
map@10 0.17287787463279142
hits@20 0.30670700958144226
map@20 0.17621574592483663
hits@50 0.3871911245587494
map@50 0.1787446530139985
hits@100 0.4611195158850227
map@100 0.17979492730822336
    - [Info] The checkpoint file has been updated.
[ Epoch 28 ]
  - (Training)   ppl:      nan, accuracy: 59.954 %, elapse: 2.251 min
  - (Validation) ppl:      nan, accuracy: 14.387 %, elapse: 0.087 min
  - (Test) 
hits@1 0.13777105395864853
map@1 0.13777105395864853
hits@5 0.21986888552697934
map@5 0.1680080685829551
hits@10 0.25900151285930406
map@10 0.17314722762529117
hits@20 0.3094301563287948
map@20 0.17659184506388056
hits@50 0.38618255168935955
map@50 0.17903051378355936
hits@100 0.45849722642460916
map@100 0.18004260099175123
[ Epoch 29 ]
  - (Training)   ppl:      nan, accuracy: 60.852 %, elapse: 2.329 min
  - (Validation) ppl:      nan, accuracy: 14.369 %, elapse: 0.088 min
  - (Test) 
hits@1 0.13716591023701463
map@1 0.13716591023701463
hits@5 0.21694402420574888
map@5 0.1667860144562111
hits@10 0.25718608169440244
map@10 0.1721471395752788
hits@20 0.3053958648512355
map@20 0.17549410475854127
hits@50 0.3847705496722138
map@50 0.17802072116967613
hits@100 0.45738779626828036
map@100 0.17904673510489322
[ Epoch 30 ]
  - (Training)   ppl:      nan, accuracy: 61.807 %, elapse: 2.304 min
  - (Validation) ppl:      nan, accuracy: 14.483 %, elapse: 0.087 min
  - (Test) 
hits@1 0.13524962178517397
map@1 0.13524962178517397
hits@5 0.2177508825012607
map@5 0.16562111279206587
hits@10 0.25758951084215836
map@10 0.17092848738083233
hits@20 0.30620272314674735
map@20 0.17425602577484514
hits@50 0.3846696923852748
map@50 0.1767265952181043
hits@100 0.45607665153807364
map@100 0.17773754615703546
[ Epoch 31 ]
  - (Training)   ppl:      nan, accuracy: 62.693 %, elapse: 2.398 min
  - (Validation) ppl:      nan, accuracy: 14.396 %, elapse: 0.090 min
  - (Test) 
hits@1 0.135047907211296
map@1 0.135047907211296
hits@5 0.21744831064044376
map@5 0.1655000840477391
hits@10 0.25718608169440244
map@10 0.17072369105652013
hits@20 0.30801815431164903
map@20 0.17419890715943934
hits@50 0.3829551185073122
map@50 0.1765478189163344
hits@100 0.45486636409480585
map@100 0.17758002135465734
[ Epoch 32 ]
  - (Training)   ppl:      nan, accuracy: 63.619 %, elapse: 2.365 min
  - (Validation) ppl:      nan, accuracy: 14.492 %, elapse: 0.086 min
  - (Test) 
hits@1 0.1361573373676248
map@1 0.1361573373676248
hits@5 0.2183560262228946
map@5 0.16626155656412842
hits@10 0.25758951084215836
map@10 0.17142733072385113
hits@20 0.3048915784165406
map@20 0.1747287310256331
hits@50 0.3848714069591528
map@50 0.1772776824948954
hits@100 0.4546646495209279
map@100 0.17826052718233754
[ Epoch 33 ]
  - (Training)   ppl:      nan, accuracy: 64.440 %, elapse: 2.255 min
  - (Validation) ppl:      nan, accuracy: 14.457 %, elapse: 0.087 min
  - (Test) 
hits@1 0.135047907211296
map@1 0.135047907211296
hits@5 0.2168431669188099
map@5 0.1654076315347117
hits@10 0.25769036812909735
map@10 0.17087813878282862
hits@20 0.3065052950075643
map@20 0.17424731798225382
hits@50 0.38204740292486133
map@50 0.17661806238930228
hits@100 0.4493192133131619
map@100 0.17756606960956897
[ Epoch 34 ]
  - (Training)   ppl:      nan, accuracy: 65.339 %, elapse: 2.377 min
  - (Validation) ppl:      nan, accuracy: 14.404 %, elapse: 0.091 min
  - (Test) 
hits@1 0.13555219364599091
map@1 0.13555219364599091
hits@5 0.21734745335350478
map@5 0.16563456043032443
hits@10 0.25658093797276854
map@10 0.170859728325689
hits@20 0.30549672213817447
map@20 0.17427950969415257
hits@50 0.3817448310640444
map@50 0.17669665268694246
hits@100 0.4524457892082703
map@100 0.1777036141648186
[ Epoch 35 ]
  - (Training)   ppl:      nan, accuracy: 65.800 %, elapse: 2.370 min
  - (Validation) ppl:      nan, accuracy: 14.404 %, elapse: 0.089 min
  - (Test) 
hits@1 0.13686333837619769
map@1 0.13686333837619769
hits@5 0.21724659606656582
map@5 0.16626659942847538
hits@10 0.2561775088250126
map@10 0.17140972072136976
hits@20 0.30438729198184566
map@20 0.17474802842791823
hits@50 0.38073625819465456
map@50 0.177226599246351
hits@100 0.44841149773071104
map@100 0.1781976962415587
[ Epoch 36 ]
  - (Training)   ppl:      nan, accuracy: 66.355 %, elapse: 2.360 min
  - (Validation) ppl:      nan, accuracy: 14.404 %, elapse: 0.096 min
  - (Test) 
hits@1 0.13635905194150277
map@1 0.13635905194150277
hits@5 0.21553202218860312
map@5 0.16525466464952096
hits@10 0.2561775088250126
map@10 0.1704905986600389
hits@20 0.3047907211296016
map@20 0.17383908765714878
hits@50 0.38013111447302067
map@50 0.17619999670650408
hits@100 0.4504286434694907
map@100 0.17719714781585563
[ Epoch 37 ]
  - (Training)   ppl:      nan, accuracy: 66.953 %, elapse: 2.327 min
  - (Validation) ppl:      nan, accuracy: 14.247 %, elapse: 0.085 min
  - (Test) 
hits@1 0.1367624810892587
map@1 0.1367624810892587
hits@5 0.21492687846696923
map@5 0.16587157505463102
hits@10 0.25597579425113465
map@10 0.17122193405854527
hits@20 0.30569843671205243
map@20 0.17463852943021851
hits@50 0.3806354009077156
map@50 0.17700850099570659
hits@100 0.45123550176500254
map@100 0.17800427337170982
[ Epoch 38 ]
  - (Training)   ppl:      nan, accuracy: 67.586 %, elapse: 2.332 min
  - (Validation) ppl:      nan, accuracy: 14.466 %, elapse: 0.086 min
  - (Test) 
hits@1 0.13535047907211295
map@1 0.13535047907211295
hits@5 0.21583459404942007
map@5 0.16465960665658094
hits@10 0.25587493696419567
map@10 0.16989990314498632
hits@20 0.3041855774079677
map@20 0.17320921850910886
hits@50 0.378113968734241
map@50 0.17554808947834866
hits@100 0.44881492687846697
map@100 0.17656350851751804
[ Epoch 39 ]
  - (Training)   ppl:      nan, accuracy: 68.244 %, elapse: 2.375 min
  - (Validation) ppl:      nan, accuracy: 14.439 %, elapse: 0.090 min
  - (Test) 
hits@1 0.1367624810892587
map@1 0.1367624810892587
hits@5 0.21543116490166414
map@5 0.1657421415363927
hits@10 0.2556732223903177
map@10 0.1711150333389365
hits@20 0.30458900655572363
map@20 0.17443305748345958
hits@50 0.3795259707513868
map@50 0.1767913082222735
hits@100 0.44942007060010086
map@100 0.17775979228353506
[ Epoch 40 ]
  - (Training)   ppl:      nan, accuracy: 68.803 %, elapse: 2.400 min
  - (Validation) ppl:      nan, accuracy: 14.457 %, elapse: 0.085 min
  - (Test) 
hits@1 0.13484619263741807
map@1 0.13484619263741807
hits@5 0.21492687846696923
map@5 0.1645184064548664
hits@10 0.25355521936459907
map@10 0.16958568466889196
hits@20 0.29954614220877457
map@20 0.17268999292756573
hits@50 0.3749873928391326
map@50 0.17508312253097347
hits@100 0.4449823499747857
map@100 0.17606853371853998
[ Epoch 41 ]
  - (Training)   ppl:      nan, accuracy: 68.819 %, elapse: 2.306 min
  - (Validation) ppl:      nan, accuracy: 14.334 %, elapse: 0.084 min
  - (Test) 
hits@1 0.13605648008068583
map@1 0.13605648008068583
hits@5 0.21553202218860312
map@5 0.16549167927382757
hits@10 0.25375693393847704
map@10 0.17063388004386496
hits@20 0.3022692889561271
map@20 0.17399658892544234
hits@50 0.3755925365607665
map@50 0.17630250234813982
hits@100 0.4439737771053959
map@100 0.1772672694501004
[ Epoch 42 ]
  - (Training)   ppl:      nan, accuracy: 69.559 %, elapse: 2.298 min
  - (Validation) ppl:      nan, accuracy: 14.387 %, elapse: 0.085 min
  - (Test) 
hits@1 0.13545133635905193
map@1 0.13545133635905193
hits@5 0.21371659102370147
map@5 0.1642763489662128
hits@10 0.25274836106908727
map@10 0.16944940726332558
hits@20 0.3034795763993949
map@20 0.1729137752456043
hits@50 0.3740796772566818
map@50 0.17510939284196925
hits@100 0.44306606152294503
map@100 0.1760979345741295
[ Epoch 43 ]
  - (Training)   ppl:      nan, accuracy: 69.860 %, elapse: 2.284 min
  - (Validation) ppl:      nan, accuracy: 14.605 %, elapse: 0.090 min
  - (Test) 
hits@1 0.13716591023701463
map@1 0.13716591023701463
hits@5 0.2135148764498235
map@5 0.16536056480080688
hits@10 0.2529500756429652
map@10 0.17061859135989244
hits@20 0.302874432677761
map@20 0.17400340854039395
hits@50 0.37549167927382754
map@50 0.17627217393043987
hits@100 0.443267776096823
map@100 0.17723759831690292
[ Epoch 44 ]
  - (Training)   ppl:      nan, accuracy: 70.396 %, elapse: 2.322 min
  - (Validation) ppl:      nan, accuracy: 14.238 %, elapse: 0.089 min
  - (Test) 
hits@1 0.13666162380231972
map@1 0.13666162380231972
hits@5 0.21341401916288452
map@5 0.16475542107917293
hits@10 0.25426122037317195
map@10 0.1702099592568579
hits@20 0.30025214321734744
map@20 0.1733839126809483
hits@50 0.37851739788199695
map@50 0.17584519168211415
hits@100 0.44286434694906707
map@100 0.17675493269554965
[ Epoch 45 ]
  - (Training)   ppl:      nan, accuracy: 70.746 %, elapse: 2.328 min
  - (Validation) ppl:      nan, accuracy: 14.500 %, elapse: 0.087 min
  - (Test) 
hits@1 0.13524962178517397
map@1 0.13524962178517397
hits@5 0.21260716086737266
map@5 0.163661119515885
hits@10 0.2509329299041856
map@10 0.16875809459773147
hits@20 0.297327281896117
map@20 0.17197997637916512
hits@50 0.3745839636913767
map@50 0.17444119223365026
hits@100 0.44074634392334844
map@100 0.1753735865506374
[ Epoch 46 ]
  - (Training)   ppl:      nan, accuracy: 71.239 %, elapse: 2.349 min
  - (Validation) ppl:      nan, accuracy: 14.457 %, elapse: 0.085 min
  - (Test) 
hits@1 0.13484619263741807
map@1 0.13484619263741807
hits@5 0.21321230458900656
map@5 0.16353840981677592
hits@10 0.25315179021684314
map@10 0.16885615029336665
hits@20 0.2986384266263237
map@20 0.1719539397076364
hits@50 0.37418053454362077
map@50 0.17434197199796383
hits@100 0.4437720625315179
map@100 0.17534247487893945
[ Epoch 47 ]
  - (Training)   ppl:      nan, accuracy: 71.310 %, elapse: 2.350 min
  - (Validation) ppl:      nan, accuracy: 14.308 %, elapse: 0.089 min
  - (Test) 
hits@1 0.13595562279374684
map@1 0.13595562279374684
hits@5 0.21210287443267775
map@5 0.16413346780971594
hits@10 0.24962178517397882
map@10 0.16902936868141102
hits@20 0.29914271306101864
map@20 0.1724194800127691
hits@50 0.37367624810892586
map@50 0.1747596414390219
hits@100 0.4414523449319213
map@100 0.17571516548628907
[ Epoch 48 ]
  - (Training)   ppl:      nan, accuracy: 71.819 %, elapse: 2.199 min
  - (Validation) ppl:      nan, accuracy: 14.317 %, elapse: 0.092 min
  - (Test) 
hits@1 0.1341401916288452
map@1 0.1341401916288452
hits@5 0.21270801815431165
map@5 0.16302571860816945
hits@10 0.25163893091275846
map@10 0.16816895996926257
hits@20 0.29843671205244576
map@20 0.17142622515921715
hits@50 0.37307110438729196
map@50 0.17376047739276915
hits@100 0.43983862834089765
map@100 0.1747056201368768
[ Epoch 49 ]
  - (Training)   ppl:      nan, accuracy: 72.081 %, elapse: 2.296 min
  - (Validation) ppl:      nan, accuracy: 14.352 %, elapse: 0.091 min
  - (Test) 
hits@1 0.13535047907211295
map@1 0.13535047907211295
hits@5 0.2136157337367625
map@5 0.16464783997310467
hits@10 0.2513363590519415
map@10 0.169604815535224
hits@20 0.2969238527483611
map@20 0.17272532604793744
hits@50 0.37256681795259705
map@50 0.17513149241438272
hits@100 0.4409480584972264
map@100 0.17611558996109306
