
training set size:2753   valid set size:344  testing set size:345
3442
32.60139453805927
12627
edge:
309631.0
training set size:2753   valid set size:344  testing set size:345
3442
32.60139453805927
12627
edge:
309631.0
training set size:2753   valid set size:344  testing set size:345
3442
32.60139453805927
12627
edge:
309631.0
[ Epoch 0 ]
  - (Training)   ppl:      nan, accuracy: 1.803 %, elapse: 7.988 min
  - (Validation) ppl:      nan, accuracy: 3.007 %, Reward: -2.28792303 , elapse: 5.339 min
    - [Info] The checkpoint file has been updated.
[ Epoch 1 ]
  - (Training)   ppl:      nan, accuracy: 3.010 %, elapse: 10.980 min
  - (Validation) ppl:      nan, accuracy: 3.007 %, Reward: -1.94225278 , elapse: 5.211 min
    - [Info] The checkpoint file has been updated.
[ Epoch 2 ]
  - (Training)   ppl:      nan, accuracy: 3.435 %, elapse: 8.759 min
  - (Validation) ppl:      nan, accuracy: 4.073 %, Reward: -1.75560606 , elapse: 5.294 min
    - [Info] The checkpoint file has been updated.
[ Epoch 3 ]
  - (Training)   ppl:      nan, accuracy: 5.033 %, elapse: 8.549 min
  - (Validation) ppl:      nan, accuracy: 6.433 %, Reward: -1.67720157 , elapse: 5.311 min
    - [Info] The checkpoint file has been updated.
[ Epoch 4 ]
  - (Training)   ppl:      nan, accuracy: 8.135 %, elapse: 8.937 min
  - (Validation) ppl:      nan, accuracy: 9.632 %, Reward: -1.65016633 , elapse: 6.272 min
  - (Test) 
hits@1 0.09238527483610691
map@1 0.09238527483610691
hits@5 0.1642965204236006
map@5 0.11807194486468317
hits@10 0.20625315179021683
map@10 0.12364499035452137
hits@20 0.2611195158850227
map@20 0.12739756367851757
hits@50 0.36399394856278366
map@50 0.1306323112427404
hits@100 0.4713061018658598
map@100 0.13215656878469426
reward -1.749514657172604

    - [Info] The checkpoint file has been updated.
[ Epoch 5 ]
  - (Training)   ppl:      nan, accuracy: 11.996 %, elapse: 8.349 min
  - (Validation) ppl:      nan, accuracy: 12.219 %, Reward: -1.85361556 , elapse: 5.346 min
    - [Info] The checkpoint file has been updated.
[ Epoch 6 ]
  - (Training)   ppl:      nan, accuracy: 15.934 %, elapse: 8.791 min
  - (Validation) ppl:      nan, accuracy: 13.189 %, Reward: -1.92647616 , elapse: 5.440 min
    - [Info] The checkpoint file has been updated.
[ Epoch 7 ]
  - (Training)   ppl:      nan, accuracy: 19.852 %, elapse: 12.313 min
  - (Validation) ppl:      nan, accuracy: 14.378 %, Reward: -1.55399727 , elapse: 6.933 min
    - [Info] The checkpoint file has been updated.
[ Epoch 8 ]
  - (Training)   ppl:      nan, accuracy: 23.945 %, elapse: 9.248 min
  - (Validation) ppl:      nan, accuracy: 14.326 %, Reward: -1.48418056 , elapse: 5.872 min
[ Epoch 9 ]
  - (Training)   ppl:      nan, accuracy: 28.099 %, elapse: 8.766 min
  - (Validation) ppl:      nan, accuracy: 15.104 %, Reward: -1.79365976 , elapse: 5.055 min
  - (Test) 
hits@1 0.13656076651538074
map@1 0.13656076651538074
hits@5 0.22834089762985377
map@5 0.17010253824172125
hits@10 0.2730206757438225
map@10 0.17601173466528988
hits@20 0.33222390317700456
map@20 0.18006714850082384
hits@50 0.432476046394352
map@50 0.18325534524146259
hits@100 0.5334341906202723
map@100 0.18468191836641557
reward -1.8063226630722267

    - [Info] The checkpoint file has been updated.
[ Epoch 10 ]
  - (Training)   ppl:      nan, accuracy: 32.638 %, elapse: 9.024 min
  - (Validation) ppl:      nan, accuracy: 14.719 %, Reward: -1.72733773 , elapse: 5.254 min
  - (Test) 
hits@1 0.13847705496722137
map@1 0.13847705496722137
hits@5 0.227029752899647
map@5 0.17093965372331485
hits@10 0.27392839132627333
map@10 0.1771928855589975
hits@20 0.33050932929904187
map@20 0.1810490952227251
hits@50 0.4331820474029249
map@50 0.18425432298793262
hits@100 0.5326273323247604
map@100 0.18565568947774636
reward -1.5077724069788836

[ Epoch 11 ]
  - (Training)   ppl:      nan, accuracy: 36.854 %, elapse: 8.409 min
  - (Validation) ppl:      nan, accuracy: 15.139 %, Reward: -1.77214440 , elapse: 5.161 min
  - (Test) 
hits@1 0.13958648512355018
map@1 0.13958648512355018
hits@5 0.22571860816944025
map@5 0.1713918305597579
hits@10 0.2740292486132123
map@10 0.17783741164981712
hits@20 0.3319213313161876
map@20 0.18178908678996503
hits@50 0.4317700453857791
map@50 0.18492474045299098
hits@100 0.5308119011598588
map@100 0.18632149248892074
reward -1.566801004824431

    - [Info] The checkpoint file has been updated.
[ Epoch 12 ]
  - (Training)   ppl:      nan, accuracy: 40.537 %, elapse: 9.069 min
  - (Validation) ppl:      nan, accuracy: 15.034 %, Reward: -1.54104326 , elapse: 5.340 min
  - (Test) 
hits@1 0.13938477054967222
map@1 0.13938477054967222
hits@5 0.22561775088250127
map@5 0.1713699781475878
hits@10 0.2766515380736258
map@10 0.17816667867348654
hits@20 0.33313161875945535
map@20 0.18203590894558938
hits@50 0.42995461422087744
map@50 0.18503439606808436
hits@100 0.5308119011598588
map@100 0.18647905295689143
reward -1.7159798193668974

[ Epoch 13 ]
  - (Training)   ppl:      nan, accuracy: 44.089 %, elapse: 8.825 min
  - (Validation) ppl:      nan, accuracy: 14.964 %, Reward: -1.96299381 , elapse: 5.366 min
  - (Test) 
hits@1 0.13706505295007565
map@1 0.13706505295007565
hits@5 0.22692889561270801
map@5 0.17050092452513027
hits@10 0.27090267271810387
map@10 0.17624314610698874
hits@20 0.3279878971255673
map@20 0.18020575990091642
hits@50 0.4295511850731215
map@50 0.18340037851164012
hits@100 0.5232476046394352
map@100 0.18472625836767087
reward -1.7142211402671925

[ Epoch 14 ]
  - (Training)   ppl:      nan, accuracy: 47.319 %, elapse: 8.589 min
  - (Validation) ppl:      nan, accuracy: 15.095 %, Reward: -1.55452470 , elapse: 5.129 min
  - (Test) 
hits@1 0.1383761976802824
map@1 0.1383761976802824
hits@5 0.22531517902168433
map@5 0.170887544125063
hits@10 0.27211296016137165
map@10 0.17713237118683411
hits@20 0.3279878971255673
map@20 0.18100478250281765
hits@50 0.4277357539082199
map@50 0.18413710234638359
hits@100 0.5221381744831064
map@100 0.18547739334601138
reward -1.3750561458477075

[ Epoch 15 ]
  - (Training)   ppl:      nan, accuracy: 50.244 %, elapse: 8.834 min
  - (Validation) ppl:      nan, accuracy: 15.139 %, Reward: -1.35550367 , elapse: 5.017 min
  - (Test) 
hits@1 0.13656076651538074
map@1 0.13656076651538074
hits@5 0.22501260716086738
map@5 0.16891578416540592
hits@10 0.2714069591527988
map@10 0.17507764410184984
hits@20 0.32829046898638425
map@20 0.1789425505375984
hits@50 0.4260211800302572
map@50 0.1819988121508409
hits@100 0.5227433182047403
map@100 0.18338244870937875
reward -1.34088396611421

    - [Info] The checkpoint file has been updated.
[ Epoch 16 ]
  - (Training)   ppl:      nan, accuracy: 52.757 %, elapse: 8.741 min
  - (Validation) ppl:      nan, accuracy: 14.938 %, Reward: -1.74023362 , elapse: 5.337 min
  - (Test) 
hits@1 0.13756933938477056
map@1 0.13756933938477056
hits@5 0.22511346444780636
map@5 0.17056480080685826
hits@10 0.2730206757438225
map@10 0.17685597419334181
hits@20 0.32899646999495713
map@20 0.18072241763842117
hits@50 0.42299546142208777
map@50 0.1836946856868
hits@100 0.5217347453353505
map@100 0.1851000638167271
reward -1.5791105298028476

[ Epoch 17 ]
  - (Training)   ppl:      nan, accuracy: 55.100 %, elapse: 8.828 min
  - (Validation) ppl:      nan, accuracy: 15.200 %, Reward: -1.53628904 , elapse: 5.112 min
  - (Test) 
hits@1 0.13787191124558748
map@1 0.13787191124558748
hits@5 0.22652546646495209
map@5 0.17008909060346275
hits@10 0.269994957135653
map@10 0.17585132355177746
hits@20 0.3249621785173979
map@20 0.17965941278820957
hits@50 0.4241048915784165
map@50 0.18279787325425703
hits@100 0.5213313161875945
map@100 0.18416260533245737
reward -1.5948547667351323

    - [Info] The checkpoint file has been updated.
[ Epoch 18 ]
  - (Training)   ppl:      nan, accuracy: 57.206 %, elapse: 8.838 min
  - (Validation) ppl:      nan, accuracy: 15.042 %, Reward: -1.64660308 , elapse: 5.249 min
  - (Test) 
hits@1 0.13877962682803832
map@1 0.13877962682803832
hits@5 0.22692889561270801
map@5 0.17039670532862666
hits@10 0.2713061018658598
map@10 0.17631938941318664
hits@20 0.32627332324760466
map@20 0.1800921205870668
hits@50 0.421583459404942
map@50 0.18303873691969352
hits@100 0.5193141704488149
map@100 0.1844267708519501
reward -1.6121971517369367

[ Epoch 19 ]
  - (Training)   ppl:      nan, accuracy: 59.243 %, elapse: 8.632 min
  - (Validation) ppl:      nan, accuracy: 14.999 %, Reward: -1.65185736 , elapse: 5.153 min
  - (Test) 
hits@1 0.13968734241048916
map@1 0.13968734241048916
hits@5 0.22581946545637924
map@5 0.17147419734409144
hits@10 0.2685829551185073
map@10 0.17722002097191203
hits@20 0.32476046394351993
map@20 0.18105611028654264
hits@50 0.4187594553706505
map@50 0.18399599917176923
hits@100 0.5144730206757439
map@100 0.18534806578643673
reward -1.429788207316744

[ Epoch 20 ]
  - (Training)   ppl:      nan, accuracy: 60.924 %, elapse: 9.087 min
  - (Validation) ppl:      nan, accuracy: 15.060 %, Reward: -1.48233584 , elapse: 5.494 min
  - (Test) 
hits@1 0.1394856278366112
map@1 0.1394856278366112
hits@5 0.2238023197175996
map@5 0.17067406286770884
hits@10 0.26838124054462936
map@10 0.17653635264830425
hits@20 0.32637418053454365
map@20 0.1804557711445671
hits@50 0.4209783156833081
map@50 0.1834301670471166
hits@100 0.513767019667171
map@100 0.18473373459522774
reward -1.5725962224213974

[ Epoch 21 ]
  - (Training)   ppl:      nan, accuracy: 62.547 %, elapse: 8.689 min
  - (Validation) ppl:      nan, accuracy: 15.051 %, Reward: -1.40167923 , elapse: 5.533 min
  - (Test) 
hits@1 0.13686333837619769
map@1 0.13686333837619769
hits@5 0.2248108925869894
map@5 0.16920322743318197
hits@10 0.2697932425617751
map@10 0.1751956711412082
hits@20 0.3237518910741301
map@20 0.1788578232659581
hits@50 0.4204740292486132
map@50 0.1818982560702274
hits@100 0.5160867372667676
map@100 0.18323408832128657
reward -1.6038816590240037

[ Epoch 22 ]
  - (Training)   ppl:      nan, accuracy: 63.767 %, elapse: 9.554 min
  - (Validation) ppl:      nan, accuracy: 15.025 %, Reward: -1.45196059 , elapse: 5.157 min
  - (Test) 
hits@1 0.13756933938477056
map@1 0.13756933938477056
hits@5 0.221684316691881
map@5 0.16866868381240543
hits@10 0.26797781139687343
map@10 0.1748633223671045
hits@20 0.32244074634392333
map@20 0.17863767662878216
hits@50 0.4175491679273828
map@50 0.18166059162911755
hits@100 0.5143721633888049
map@100 0.1830251965270811
reward -1.5671238802481389

[ Epoch 23 ]
  - (Training)   ppl:      nan, accuracy: 64.896 %, elapse: 8.588 min
  - (Validation) ppl:      nan, accuracy: 14.894 %, Reward: -1.89900844 , elapse: 5.068 min
  - (Test) 
hits@1 0.13605648008068583
map@1 0.13605648008068583
hits@5 0.22289460413514878
map@5 0.16815599260379896
hits@10 0.26797781139687343
map@10 0.1741028904417709
hits@20 0.32032274331820476
map@20 0.17768348360078917
hits@50 0.41593545133635906
map@50 0.18069730717243557
hits@100 0.5084215834594049
map@100 0.18200206072260328
reward -1.9911601439766262

[ Epoch 24 ]
  - (Training)   ppl:      nan, accuracy: 66.237 %, elapse: 9.099 min
  - (Validation) ppl:      nan, accuracy: 15.025 %, Reward: -1.74514508 , elapse: 5.268 min
  - (Test) 
hits@1 0.13706505295007565
map@1 0.13706505295007565
hits@5 0.2226928895612708
map@5 0.16897966044713394
hits@10 0.26626323751891073
map@10 0.17475582130650208
hits@20 0.3200201714573878
map@20 0.17841121516227954
hits@50 0.4146243066061523
map@50 0.18139996023657895
hits@100 0.5074130105900151
map@100 0.1827124803255643
reward -1.7882120740586434

[ Epoch 25 ]
  - (Training)   ppl:      nan, accuracy: 67.033 %, elapse: 9.095 min
  - (Validation) ppl:      nan, accuracy: 14.859 %, Reward: -1.63301114 , elapse: 5.130 min
  - (Test) 
hits@1 0.13867876954109934
map@1 0.13867876954109934
hits@5 0.22511346444780636
map@5 0.1704320053790553
hits@10 0.26777609682299547
map@10 0.1760653251046594
hits@20 0.3220373171961674
map@20 0.17976010906572773
hits@50 0.41482602118003026
map@50 0.18267489370695983
hits@100 0.5107413010590015
map@100 0.18402879316739673
reward -1.490525704535885

[ Epoch 26 ]
  - (Training)   ppl:      nan, accuracy: 68.049 %, elapse: 8.807 min
  - (Validation) ppl:      nan, accuracy: 14.815 %, Reward: -1.55413570 , elapse: 5.066 min
  - (Test) 
hits@1 0.13545133635905193
map@1 0.13545133635905193
hits@5 0.221684316691881
map@5 0.16767692049083877
hits@10 0.26555723651033786
map@10 0.17352164029168568
hits@20 0.32183560262228944
map@20 0.17737823233632424
hits@50 0.4134140191628845
map@50 0.1802481244632702
hits@100 0.5070095814422592
map@100 0.18157781720748525
reward -1.7249058930770211

[ Epoch 27 ]
  - (Training)   ppl:      nan, accuracy: 68.952 %, elapse: 8.595 min
  - (Validation) ppl:      nan, accuracy: 15.182 %, Reward: -1.75585949 , elapse: 5.120 min
  - (Test) 
hits@1 0.1362581946545638
map@1 0.1362581946545638
hits@5 0.221684316691881
map@5 0.16793410657253316
hits@10 0.26364094805849725
map@10 0.17343074866524186
hits@20 0.32173474533535046
map@20 0.1774515737422348
hits@50 0.41321230458900654
map@50 0.1803068653067638
hits@100 0.5104387291981846
map@100 0.18167227653965232
reward -1.6663115611974744

[ Epoch 28 ]
  - (Training)   ppl:      nan, accuracy: 69.738 %, elapse: 8.790 min
  - (Validation) ppl:      nan, accuracy: 15.007 %, Reward: -1.47324446 , elapse: 5.261 min
  - (Test) 
hits@1 0.13756933938477056
map@1 0.13756933938477056
hits@5 0.221583459404942
map@5 0.16888048411497728
hits@10 0.2659606656580938
map@10 0.17469390613868677
hits@20 0.3179021684316692
map@20 0.17822518587167097
hits@50 0.4156328794755421
map@50 0.18130505768436395
hits@100 0.508018154311649
map@100 0.1826135913575072
reward -1.2789187569549119

[ Epoch 29 ]
  - (Training)   ppl:      nan, accuracy: 70.330 %, elapse: 8.778 min
  - (Validation) ppl:      nan, accuracy: 15.042 %, Reward: -1.66873684 , elapse: 5.083 min
  - (Test) 
hits@1 0.1382753403933434
map@1 0.1382753403933434
hits@5 0.221583459404942
map@5 0.16884014120020166
hits@10 0.2654563792233989
map@10 0.174715238255329
hits@20 0.3195158850226929
map@20 0.17843923487058475
hits@50 0.41321230458900654
map@50 0.18138204898089602
hits@100 0.5074130105900151
map@100 0.18271141986570472
reward -1.4928673979164897

[ Epoch 30 ]
  - (Training)   ppl:      nan, accuracy: 71.195 %, elapse: 9.066 min
  - (Validation) ppl:      nan, accuracy: 14.859 %, Reward: -1.58419248 , elapse: 5.183 min
  - (Test) 
hits@1 0.13686333837619769
map@1 0.13686333837619769
hits@5 0.22198688855269794
map@5 0.16852412170112624
hits@10 0.26505295007564295
map@10 0.1741944224319413
hits@20 0.319011598587998
map@20 0.17790442152419503
hits@50 0.4092788703983863
map@50 0.18076615406684166
hits@100 0.5070095814422592
map@100 0.18215200265031295
reward -1.5660655436308488

[ Epoch 31 ]
  - (Training)   ppl:      nan, accuracy: 71.350 %, elapse: 8.946 min
  - (Validation) ppl:      nan, accuracy: 14.841 %, Reward: -1.63572570 , elapse: 5.260 min
  - (Test) 
hits@1 0.1373676248108926
map@1 0.1373676248108926
hits@5 0.21906202723146748
map@5 0.16752227265086572
hits@10 0.2640443772062532
map@10 0.17347429339865045
hits@20 0.31800302571860817
map@20 0.17718194426846065
hits@50 0.4130105900151286
map@50 0.18013320477669684
hits@100 0.5072112960161371
map@100 0.18146136831957532
reward -1.4921351805977199

[ Epoch 32 ]
  - (Training)   ppl:      nan, accuracy: 72.075 %, elapse: 8.720 min
  - (Validation) ppl:      nan, accuracy: 14.964 %, Reward: -1.45757800 , elapse: 5.111 min
  - (Test) 
hits@1 0.13585476550680786
map@1 0.13585476550680786
hits@5 0.21916288451840646
map@5 0.16690200033619093
hits@10 0.26434694906707007
map@10 0.17290024734048934
hits@20 0.3170953101361573
map@20 0.17647795125877402
hits@50 0.4115985879979829
map@50 0.17946792333483827
hits@100 0.5054967221381745
map@100 0.18079997709133996
reward -1.5559776665507883

[ Epoch 33 ]
  - (Training)   ppl:      nan, accuracy: 72.766 %, elapse: 8.956 min
  - (Validation) ppl:      nan, accuracy: 14.806 %, Reward: -1.60357439 , elapse: 5.181 min
  - (Test) 
hits@1 0.1362581946545638
map@1 0.1362581946545638
hits@5 0.22087745839636913
map@5 0.1681307782820642
hits@10 0.2632375189107413
map@10 0.17384630470107026
hits@20 0.31749873928391326
map@20 0.177569659945294
hits@50 0.41089258698941
map@50 0.18052340809983866
hits@100 0.5035804336863339
map@100 0.18184519824125708
reward -1.5971092479816382

[ Epoch 34 ]
  - (Training)   ppl:      nan, accuracy: 73.373 %, elapse: 8.882 min
  - (Validation) ppl:      nan, accuracy: 14.955 %, Reward: -1.47328518 , elapse: 5.194 min
  - (Test) 
hits@1 0.13635905194150277
map@1 0.13635905194150277
hits@5 0.2204740292486132
map@5 0.16740124390653893
hits@10 0.26313666162380234
map@10 0.1731134884614461
hits@20 0.3160867372667675
map@20 0.17674862291319673
hits@50 0.4115985879979829
map@50 0.17976235359777418
hits@100 0.5066061522945032
map@100 0.18110763960448042
reward -1.8072524202042732

[ Epoch 35 ]
  - (Training)   ppl:      nan, accuracy: 73.695 %, elapse: 9.091 min
  - (Validation) ppl:      nan, accuracy: 14.938 %, Reward: -1.49355302 , elapse: 5.327 min
  - (Test) 
hits@1 0.13666162380231972
map@1 0.13666162380231972
hits@5 0.22087745839636913
map@5 0.16793242561775087
hits@10 0.264649520927887
map@10 0.1737941951028184
hits@20 0.3156833081190116
map@20 0.1772541639161663
hits@50 0.41260716086737265
map@50 0.18030489996228233
hits@100 0.5064044377206253
map@100 0.18163082832186928
reward -1.4405832539434018

[ Epoch 36 ]
  - (Training)   ppl:      nan, accuracy: 74.055 %, elapse: 8.851 min
  - (Validation) ppl:      nan, accuracy: 14.990 %, Reward: -1.66330900 , elapse: 5.098 min
  - (Test) 
hits@1 0.13484619263741807
map@1 0.13484619263741807
hits@5 0.2231971759959657
map@5 0.16770381576735585
hits@10 0.2642460917801311
map@10 0.1731429451928695
hits@20 0.3173978819969743
map@20 0.17680154796780786
hits@50 0.41482602118003026
map@50 0.17986983123296055
hits@100 0.5065052950075642
map@100 0.1811714213883378
reward -1.5367019300875457

[ Epoch 37 ]
  - (Training)   ppl:      nan, accuracy: 74.428 %, elapse: 8.890 min
  - (Validation) ppl:      nan, accuracy: 14.868 %, Reward: -1.65177216 , elapse: 5.096 min
  - (Test) 
hits@1 0.13726676752395361
map@1 0.13726676752395361
hits@5 0.22067574382249117
map@5 0.16788703983862835
hits@10 0.26454866364094803
map@10 0.17360256625763437
hits@20 0.31649016641452343
map@20 0.17712778666158713
hits@50 0.41321230458900654
map@50 0.1801527793732193
hits@100 0.5073121533030761
map@100 0.18147909929616646
reward -1.7381679161735204

[ Epoch 38 ]
  - (Training)   ppl:      nan, accuracy: 74.984 %, elapse: 8.759 min
  - (Validation) ppl:      nan, accuracy: 14.815 %, Reward: -1.49697674 , elapse: 5.273 min
  - (Test) 
hits@1 0.1361573373676248
map@1 0.1361573373676248
hits@5 0.22249117498739285
map@5 0.16788367792906375
hits@10 0.26364094805849725
map@10 0.17329751298737683
hits@20 0.3142713061018659
map@20 0.1767540525529055
hits@50 0.4124054462934947
map@50 0.17981754231046138
hits@100 0.5031770045385779
map@100 0.18110840113648655
reward -1.6342995374099067

[ Epoch 39 ]
  - (Training)   ppl:      nan, accuracy: 75.095 %, elapse: 9.054 min
  - (Validation) ppl:      nan, accuracy: 14.903 %, Reward: -1.61464801 , elapse: 5.291 min
  - (Test) 
hits@1 0.13545133635905193
map@1 0.13545133635905193
hits@5 0.2204740292486132
map@5 0.16702639099008237
hits@10 0.26354009077155827
map@10 0.17274567954598208
hits@20 0.3151790216843167
map@20 0.176289480894264
hits@50 0.41069087241553204
map@50 0.17929538407920798
hits@100 0.5055975794251135
map@100 0.18062843245035518
reward -1.720008391228275

[ Epoch 40 ]
  - (Training)   ppl:      nan, accuracy: 75.559 %, elapse: 8.492 min
  - (Validation) ppl:      nan, accuracy: 14.903 %, Reward: -1.66639420 , elapse: 5.096 min
  - (Test) 
hits@1 0.13575390821986888
map@1 0.13575390821986888
hits@5 0.22239031770045387
map@5 0.16811733064380566
hits@10 0.2616238023197176
map@10 0.17329747296464387
hits@20 0.3151790216843167
map@20 0.17697558503558888
hits@50 0.4128088754412506
map@50 0.18001192780478514
hits@100 0.5044881492687847
map@100 0.18129893387381485
reward -1.4929877447045368

[ Epoch 41 ]
  - (Training)   ppl:      nan, accuracy: 75.818 %, elapse: 8.824 min
  - (Validation) ppl:      nan, accuracy: 14.833 %, Reward: -1.68020818 , elapse: 5.076 min
  - (Test) 
hits@1 0.1346444780635401
map@1 0.1346444780635401
hits@5 0.22128088754412506
map@5 0.16701798621617076
hits@10 0.2627332324760464
map@10 0.17253171801583297
hits@20 0.31649016641452343
map@20 0.17623227343105985
hits@50 0.41381744831064043
map@50 0.17926985811264678
hits@100 0.5031770045385779
map@100 0.18053515948818225
reward -1.5952141678851584

[ Epoch 42 ]
  - (Training)   ppl:      nan, accuracy: 76.089 %, elapse: 8.499 min
  - (Validation) ppl:      nan, accuracy: 14.763 %, Reward: -1.54516860 , elapse: 5.181 min
  - (Test) 
hits@1 0.13524962178517397
map@1 0.13524962178517397
hits@5 0.21875945537065053
map@5 0.16651033787191122
hits@10 0.26021180030257185
map@10 0.17199173130338036
hits@20 0.3151790216843167
map@20 0.17578493928291122
hits@50 0.4098840141200202
map@50 0.17876312403966532
hits@100 0.5006555723651034
map@100 0.18005135766448566
reward -1.6134373429892719

[ Epoch 43 ]
  - (Training)   ppl:      nan, accuracy: 76.267 %, elapse: 8.804 min
  - (Validation) ppl:      nan, accuracy: 14.920 %, Reward: -1.32303508 , elapse: 5.282 min
  - (Test) 
hits@1 0.13656076651538074
map@1 0.13656076651538074
hits@5 0.2210791729702471
map@5 0.16761976802824002
hits@10 0.25970751386787694
map@10 0.17276164861641413
hits@20 0.31437216338880486
map@20 0.1765152381941022
hits@50 0.40837115481593544
map@50 0.1794778966851863
hits@100 0.5029752899647
map@100 0.18080538094106977
reward -1.7226751659227455

[ Epoch 44 ]
  - (Training)   ppl:      nan, accuracy: 76.468 %, elapse: 8.790 min
  - (Validation) ppl:      nan, accuracy: 14.833 %, Reward: -1.72058562 , elapse: 5.164 min
  - (Test) 
hits@1 0.13645990922844176
map@1 0.13645990922844176
hits@5 0.22228946041351488
map@5 0.16811396873424106
hits@10 0.2616238023197176
map@10 0.17339156640972073
hits@20 0.3161875945537065
map@20 0.1771125525410711
hits@50 0.4096822995461422
map@50 0.1800337969589991
hits@100 0.5020675743822491
map@100 0.18134210131121498
reward -1.5163418507230455

[ Epoch 45 ]
  - (Training)   ppl:      nan, accuracy: 76.790 %, elapse: 8.958 min
  - (Validation) ppl:      nan, accuracy: 14.658 %, Reward: -1.70528232 , elapse: 4.999 min
  - (Test) 
hits@1 0.13716591023701463
map@1 0.13716591023701463
hits@5 0.22067574382249117
map@5 0.1684888216506976
hits@10 0.2621280887544125
map@10 0.1739528051933498
hits@20 0.31275844679778114
map@20 0.1773717812040693
hits@50 0.40827029752899646
map@50 0.1804004842363729
hits@100 0.5022692889561271
map@100 0.18173375210853798
reward -1.488777003772017

[ Epoch 46 ]
  - (Training)   ppl:      nan, accuracy: 76.970 %, elapse: 8.874 min
  - (Validation) ppl:      nan, accuracy: 14.885 %, Reward: -1.50082195 , elapse: 5.207 min
  - (Test) 
hits@1 0.13645990922844176
map@1 0.13645990922844176
hits@5 0.21996974281391832
map@5 0.167528996469995
hits@10 0.25960665658093796
map@10 0.17282940710323463
hits@20 0.3152798789712557
map@20 0.17661840556798705
hits@50 0.40766515380736257
map@50 0.17952535497215505
hits@100 0.5023701462430661
map@100 0.18087254726081803
reward -1.3614491435064786

[ Epoch 47 ]
  - (Training)   ppl:      nan, accuracy: 77.299 %, elapse: 8.845 min
  - (Validation) ppl:      nan, accuracy: 14.710 %, Reward: -1.52747937 , elapse: 5.023 min
  - (Test) 
hits@1 0.13524962178517397
map@1 0.13524962178517397
hits@5 0.22027231467473524
map@5 0.166796100184905
hits@10 0.26071608673726676
map@10 0.17222466360892988
hits@20 0.31215330307614725
map@20 0.17579085074211606
hits@50 0.40948058497226425
map@50 0.17888847755961898
hits@100 0.502571860816944
map@100 0.18020498735401366
reward -1.525599615815757

[ Epoch 48 ]
  - (Training)   ppl:      nan, accuracy: 77.515 %, elapse: 8.639 min
  - (Validation) ppl:      nan, accuracy: 14.868 %, Reward: -1.76054718 , elapse: 5.260 min
  - (Test) 
hits@1 0.13555219364599091
map@1 0.13555219364599091
hits@5 0.2195663136661624
map@5 0.16723146747352494
hits@10 0.26132123045890066
map@10 0.1727914655524338
hits@20 0.31326273323247605
map@20 0.17635311498685782
hits@50 0.41069087241553204
map@50 0.1794102374613721
hits@100 0.49863842662632374
map@100 0.18065979252683317
reward -1.4665922745414401

[ Epoch 49 ]
  - (Training)   ppl:      nan, accuracy: 77.601 %, elapse: 8.669 min
  - (Validation) ppl:      nan, accuracy: 14.806 %, Reward: -1.58252168 , elapse: 5.207 min
  - (Test) 
hits@1 0.13524962178517397
map@1 0.13524962178517397
hits@5 0.22228946041351488
map@5 0.16754916792738273
hits@10 0.26192637418053455
map@10 0.17278442155144122
hits@20 0.3129601613716591
map@20 0.1762711365423505
hits@50 0.4074634392334846
map@50 0.17927428015438118
hits@100 0.49863842662632374
map@100 0.18056426801879458
reward -1.6503141292627308

