
training set size:2753   valid set size:344  testing set size:345
3442
32.60139453805927
12627
training set size:2753   valid set size:344  testing set size:345
3442
32.60139453805927
12627
training set size:2753   valid set size:344  testing set size:345
3442
32.60139453805927
12627
[ Epoch 0 ]
  - (Training)   ppl:      nan, accuracy: 1.758 %, elapse: 2.295 min
  - (Validation) ppl:      nan, accuracy: 3.007 %, Reward: 0.00000000 , elapse: 0.084 min
  - (Test) 
hits@1 0.03479576399394856
map@1 0.03479576399394856
hits@5 0.039334341906202726
map@5 0.03625483274499916
hits@10 0.0464952092788704
map@10 0.03715442371266879
hits@20 0.05789208270297529
map@20 0.037921753973109214
hits@50 0.08532526475037822
map@50 0.03875997588240974
hits@100 0.13252647503782147
map@100 0.03941363408596985
reward 0.0

    - [Info] The checkpoint file has been updated.
[ Epoch 1 ]
  - (Training)   ppl:      nan, accuracy: 3.029 %, elapse: 2.163 min
  - (Validation) ppl:      nan, accuracy: 2.998 %, Reward: 0.00000000 , elapse: 0.082 min
  - (Test) 
hits@1 0.03469490670700958
map@1 0.03469490670700958
hits@5 0.04044377206253152
map@5 0.036629685661455705
hits@10 0.048714069591527985
map@10 0.03770301531269761
hits@20 0.061220373171961676
map@20 0.0385355595581096
hits@50 0.09460413514876449
map@50 0.039558443718608095
hits@100 0.1475542107917297
map@100 0.04030035463155108
reward 0.0

[ Epoch 2 ]
  - (Training)   ppl:      nan, accuracy: 2.971 %, elapse: 2.204 min
  - (Validation) ppl:      nan, accuracy: 3.120 %, Reward: 0.00000000 , elapse: 0.081 min
  - (Test) 
hits@1 0.034190620272314676
map@1 0.034190620272314676
hits@5 0.05436207766011094
map@5 0.0409446965876618
hits@10 0.07060010085728693
map@10 0.04305773679449928
hits@20 0.09581442259203228
map@20 0.04481889985784545
hits@50 0.14926878466969237
map@50 0.046490912640025306
hits@100 0.22692889561270801
map@100 0.04757724537390313
reward 0.0

    - [Info] The checkpoint file has been updated.
[ Epoch 3 ]
  - (Training)   ppl:      nan, accuracy: 3.377 %, elapse: 2.169 min
  - (Validation) ppl:      nan, accuracy: 4.021 %, Reward: 0.00000000 , elapse: 0.081 min
  - (Test) 
hits@1 0.042965204236006055
map@1 0.042965204236006055
hits@5 0.08098840141200202
map@5 0.05618927550848883
hits@10 0.10368129097327282
map@10 0.0592203171401356
hits@20 0.1340393343419062
map@20 0.06128267340120335
hits@50 0.1950579929399899
map@50 0.06314133705622865
hits@100 0.27221381744831064
map@100 0.06423073663043612
reward 0.0

    - [Info] The checkpoint file has been updated.
[ Epoch 4 ]
  - (Training)   ppl:      nan, accuracy: 4.584 %, elapse: 2.172 min
  - (Validation) ppl:      nan, accuracy: 5.437 %, Reward: 0.00000000 , elapse: 0.084 min
  - (Test) 
hits@1 0.05758951084215835
map@1 0.05758951084215835
hits@5 0.10600100857286938
map@5 0.0745621112792066
hits@10 0.1367624810892587
map@10 0.07858859832384796
hits@20 0.17609682299546142
map@20 0.08127650310091539
hits@50 0.24800806858295513
map@50 0.08353882977984052
hits@100 0.32990418557740797
map@100 0.0846989293899178
reward 0.0

    - [Info] The checkpoint file has been updated.
[ Epoch 5 ]
  - (Training)   ppl:      nan, accuracy: 6.258 %, elapse: 2.115 min
  - (Validation) ppl:      nan, accuracy: 7.359 %, Reward: 0.00000000 , elapse: 0.085 min
  - (Test) 
hits@1 0.0664649520927887
map@1 0.0664649520927887
hits@5 0.12465960665658093
map@5 0.08772062531517906
hits@10 0.15703479576399396
map@10 0.09197324080077483
hits@20 0.2043368633383762
map@20 0.09520730541580365
hits@50 0.28683812405446296
map@50 0.09779597083137849
hits@100 0.3799293998991427
map@100 0.09910532209295747
reward 0.0

    - [Info] The checkpoint file has been updated.
[ Epoch 6 ]
  - (Training)   ppl:      nan, accuracy: 8.817 %, elapse: 2.165 min
  - (Validation) ppl:      nan, accuracy: 9.221 %, Reward: 0.00000000 , elapse: 0.082 min
  - (Test) 
hits@1 0.08260211800302572
map@1 0.08260211800302572
hits@5 0.146041351487645
map@5 0.10560430324424275
hits@10 0.18234997478567827
map@10 0.11043384642476928
hits@20 0.2296520423600605
map@20 0.11365041547370366
hits@50 0.3151790216843167
map@50 0.11629058316275079
hits@100 0.4069591527987897
map@100 0.11758084584286782
reward 0.0

    - [Info] The checkpoint file has been updated.
[ Epoch 7 ]
  - (Training)   ppl:      nan, accuracy: 11.117 %, elapse: 2.179 min
  - (Validation) ppl:      nan, accuracy: 10.497 %, Reward: 0.00000000 , elapse: 0.086 min
  - (Test) 
hits@1 0.09480584972264246
map@1 0.09480584972264246
hits@5 0.16116994452849218
map@5 0.11852412170112625
hits@10 0.200100857286939
map@10 0.1236568771061963
hits@20 0.24931921331316187
map@20 0.12702237704461325
hits@50 0.3448310640443772
map@50 0.13002235178657925
hits@100 0.4404437720625315
map@100 0.1313643408693111
reward 0.0

    - [Info] The checkpoint file has been updated.
[ Epoch 8 ]
  - (Training)   ppl:      nan, accuracy: 13.614 %, elapse: 2.148 min
  - (Validation) ppl:      nan, accuracy: 11.266 %, Reward: 0.00000000 , elapse: 0.082 min
  - (Test) 
hits@1 0.10317700453857791
map@1 0.10317700453857791
hits@5 0.17165910237014625
map@5 0.12841485964027569
hits@10 0.21159858799798287
map@10 0.13370354361277204
hits@20 0.26253151790216844
map@20 0.1371903192694587
hits@50 0.35582450832072615
map@50 0.1400862008868403
hits@100 0.44720121028744325
map@100 0.141387780324386
reward 0.0

    - [Info] The checkpoint file has been updated.
[ Epoch 9 ]
  - (Training)   ppl:      nan, accuracy: 17.012 %, elapse: 2.267 min
  - (Validation) ppl:      nan, accuracy: 12.114 %, Reward: 0.00000000 , elapse: 0.084 min
  - (Test) 
hits@1 0.1124558749369642
map@1 0.1124558749369642
hits@5 0.18739283913262733
map@5 0.13996133804000668
hits@10 0.23015632879475542
map@10 0.14551965516413323
hits@20 0.2779626828038326
map@20 0.14877328006561552
hits@50 0.372768532526475
map@50 0.15175749573848973
hits@100 0.4676752395360565
map@100 0.1530986976160685
reward 0.0

    - [Info] The checkpoint file has been updated.
[ Epoch 10 ]
  - (Training)   ppl:      nan, accuracy: 19.834 %, elapse: 2.205 min
  - (Validation) ppl:      nan, accuracy: 12.717 %, Reward: 0.00000000 , elapse: 0.084 min
  - (Test) 
hits@1 0.11860816944024205
map@1 0.11860816944024205
hits@5 0.19919314170448815
map@5 0.14806354009077152
hits@10 0.237821482602118
map@10 0.15325849082278736
hits@20 0.29067070095814423
map@20 0.1568450389150098
hits@50 0.3843671205244579
map@50 0.15977495405499784
hits@100 0.47342410489157843
map@100 0.1610454499665376
reward 0.0

    - [Info] The checkpoint file has been updated.
[ Epoch 11 ]
  - (Training)   ppl:      nan, accuracy: 23.235 %, elapse: 2.162 min
  - (Validation) ppl:      nan, accuracy: 13.181 %, Reward: 0.00000000 , elapse: 0.087 min
  - (Test) 
hits@1 0.12153303076147251
map@1 0.12153303076147251
hits@5 0.20121028744326777
map@5 0.15133804000672385
hits@10 0.23883005547150782
map@10 0.15626423808723355
hits@20 0.2896621280887544
map@20 0.1597494724493174
hits@50 0.3869894099848714
map@50 0.16277968128092765
hits@100 0.4743318204740293
map@100 0.16402357523530922
reward 0.0

    - [Info] The checkpoint file has been updated.
[ Epoch 12 ]
  - (Training)   ppl:      nan, accuracy: 26.659 %, elapse: 2.207 min
  - (Validation) ppl:      nan, accuracy: 13.827 %, Reward: 0.00000000 , elapse: 0.084 min
  - (Test) 
hits@1 0.12667675239536055
map@1 0.12667675239536055
hits@5 0.20736258194654564
map@5 0.15635232812237349
hits@10 0.24800806858295513
map@10 0.16166786734865404
hits@20 0.3006555723651034
map@20 0.16522465479437984
hits@50 0.3897125567322239
map@50 0.16796320896620381
hits@100 0.4843166918809884
map@100 0.16931499826821758
reward 0.0

    - [Info] The checkpoint file has been updated.
[ Epoch 13 ]
  - (Training)   ppl:      nan, accuracy: 29.979 %, elapse: 2.174 min
  - (Validation) ppl:      nan, accuracy: 13.871 %, Reward: 0.00000000 , elapse: 0.083 min
  - (Test) 
hits@1 0.12990418557740796
map@1 0.12990418557740796
hits@5 0.20736258194654564
map@5 0.1587544125063036
hits@10 0.24790721129601614
map@10 0.1640445372971848
hits@20 0.29964699949571355
map@20 0.16758565666225042
hits@50 0.39263741805345437
map@50 0.17055101873540038
hits@100 0.48421583459404943
map@100 0.17185168507463525
reward 0.0

    - [Info] The checkpoint file has been updated.
[ Epoch 14 ]
  - (Training)   ppl:      nan, accuracy: 33.577 %, elapse: 2.209 min
  - (Validation) ppl:      nan, accuracy: 14.343 %, Reward: 0.00000000 , elapse: 0.085 min
  - (Test) 
hits@1 0.12970247100353
map@1 0.12970247100353
hits@5 0.21018658598083712
map@5 0.15912926542276015
hits@10 0.2503277861825517
map@10 0.1645483834818177
hits@20 0.29702471003530007
map@20 0.1677750386173102
hits@50 0.39102370146243065
map@50 0.17072649505226076
hits@100 0.4762481089258699
map@100 0.17194831984240389
reward 0.0

    - [Info] The checkpoint file has been updated.
[ Epoch 15 ]
  - (Training)   ppl:      nan, accuracy: 36.544 %, elapse: 2.216 min
  - (Validation) ppl:      nan, accuracy: 14.212 %, Reward: 0.00000000 , elapse: 0.086 min
  - (Test) 
hits@1 0.12939989914271305
map@1 0.12939989914271305
hits@5 0.21371659102370147
map@5 0.16044545301731383
hits@10 0.25355521936459907
map@10 0.16570620112223744
hits@20 0.30257186081694404
map@20 0.1690449434037112
hits@50 0.38940998487140693
map@50 0.17175382379148513
hits@100 0.4777609682299546
map@100 0.1730066094392491
reward 0.0

[ Epoch 16 ]
  - (Training)   ppl:      nan, accuracy: 39.907 %, elapse: 2.238 min
  - (Validation) ppl:      nan, accuracy: 13.994 %, Reward: 0.00000000 , elapse: 0.082 min
  - (Test) 
hits@1 0.13222390317700453
map@1 0.13222390317700453
hits@5 0.21018658598083712
map@5 0.16107749201546476
hits@10 0.25063035804336864
map@10 0.1664866844367601
hits@20 0.3034795763993949
map@20 0.17005407996334354
hits@50 0.38517397881996973
map@50 0.17261791430361972
hits@100 0.47402924861321233
map@100 0.17388964929629824
reward 0.0

[ Epoch 17 ]
  - (Training)   ppl:      nan, accuracy: 42.661 %, elapse: 2.231 min
  - (Validation) ppl:      nan, accuracy: 14.256 %, Reward: 0.00000000 , elapse: 0.087 min
  - (Test) 
hits@1 0.13171961674230964
map@1 0.13171961674230964
hits@5 0.20927887039838627
map@5 0.16115313498066902
hits@10 0.2504286434694907
map@10 0.16661711852332123
hits@20 0.30025214321734744
map@20 0.17007057403482748
hits@50 0.38920827029752897
map@50 0.17287252690591662
hits@100 0.4695915279878971
map@100 0.17400481158791894
reward 0.0

[ Epoch 18 ]
  - (Training)   ppl:      nan, accuracy: 45.380 %, elapse: 2.281 min
  - (Validation) ppl:      nan, accuracy: 13.932 %, Reward: 0.00000000 , elapse: 0.082 min
  - (Test) 
hits@1 0.13373676248108926
map@1 0.13373676248108926
hits@5 0.21109430156328796
map@5 0.16277189443603965
hits@10 0.2521432173474534
map@10 0.16815215042143938
hits@20 0.3010590015128593
map@20 0.17149823283954888
hits@50 0.3888048411497731
map@50 0.1742638574805365
hits@100 0.47170953101361573
map@100 0.17544892428021105
reward 0.0

[ Epoch 19 ]
  - (Training)   ppl:      nan, accuracy: 48.115 %, elapse: 2.175 min
  - (Validation) ppl:      nan, accuracy: 14.133 %, Reward: 0.00000000 , elapse: 0.086 min
  - (Test) 
hits@1 0.1319213313161876
map@1 0.1319213313161876
hits@5 0.2118003025718608
map@5 0.16173474533535045
hits@10 0.2518406454866364
map@10 0.16704556187914738
hits@20 0.2967221381744831
map@20 0.17014937298605445
hits@50 0.3859808371154816
map@50 0.17296662367660015
hits@100 0.4682803832576904
map@100 0.1741298767338106
reward 0.0

[ Epoch 20 ]
  - (Training)   ppl:      nan, accuracy: 50.214 %, elapse: 2.194 min
  - (Validation) ppl:      nan, accuracy: 14.326 %, Reward: 0.00000000 , elapse: 0.081 min
  - (Test) 
hits@1 0.13383761976802824
map@1 0.13383761976802824
hits@5 0.21311144730206757
map@5 0.16321566649857117
hits@10 0.2551689359556228
map@10 0.16877770573685852
hits@20 0.30297528996469997
map@20 0.17205889946117248
hits@50 0.38940998487140693
map@50 0.17478075314846542
hits@100 0.46979324256177507
map@100 0.17592411191947227
reward 0.0

[ Epoch 21 ]
  - (Training)   ppl:      nan, accuracy: 52.238 %, elapse: 2.193 min
  - (Validation) ppl:      nan, accuracy: 14.098 %, Reward: 0.00000000 , elapse: 0.083 min
  - (Test) 
hits@1 0.13282904689863842
map@1 0.13282904689863842
hits@5 0.21119515885022694
map@5 0.16202891242225578
hits@10 0.2503277861825517
map@10 0.1672968245963707
hits@20 0.30015128593040846
map@20 0.17068130172618165
hits@50 0.3857791225416036
map@50 0.17338150601377494
hits@100 0.4691880988401412
map@100 0.17456920396267858
reward 0.0

[ Epoch 22 ]
  - (Training)   ppl:      nan, accuracy: 54.276 %, elapse: 2.240 min
  - (Validation) ppl:      nan, accuracy: 14.221 %, Reward: 0.00000000 , elapse: 0.086 min
  - (Test) 
hits@1 0.13494704992435702
map@1 0.13494704992435702
hits@5 0.21401916288451842
map@5 0.16454866364094806
hits@10 0.2526475037821483
map@10 0.1697107557092429
hits@20 0.30297528996469997
map@20 0.1731901412721471
hits@50 0.38981341401916286
map@50 0.17593055005621358
hits@100 0.4666666666666667
map@100 0.1770251668550434
reward 0.0

[ Epoch 23 ]
  - (Training)   ppl:      nan, accuracy: 56.009 %, elapse: 2.199 min
  - (Validation) ppl:      nan, accuracy: 14.081 %, Reward: 0.00000000 , elapse: 0.082 min
  - (Test) 
hits@1 0.1341401916288452
map@1 0.1341401916288452
hits@5 0.21401916288451842
map@5 0.1634140191628845
hits@10 0.2507312153303076
map@10 0.16828818769060827
hits@20 0.30075642965204236
map@20 0.17174490676574958
hits@50 0.3815431164901664
map@50 0.17429375940586758
hits@100 0.46454866364094805
map@100 0.17546593486628964
reward 0.0

[ Epoch 24 ]
  - (Training)   ppl:      nan, accuracy: 57.456 %, elapse: 2.213 min
  - (Validation) ppl:      nan, accuracy: 14.116 %, Reward: 0.00000000 , elapse: 0.082 min
  - (Test) 
hits@1 0.1324256177508825
map@1 0.1324256177508825
hits@5 0.20998487140695915
map@5 0.1615263069423432
hits@10 0.2504286434694907
map@10 0.16688587117482728
hits@20 0.29954614220877457
map@20 0.170232177229456
hits@50 0.38194654563792235
map@50 0.17282299835649012
hits@100 0.45859808371154814
map@100 0.1739194789737083
reward 0.0

[ Epoch 25 ]
  - (Training)   ppl:      nan, accuracy: 59.059 %, elapse: 2.226 min
  - (Validation) ppl:      nan, accuracy: 14.142 %, Reward: 0.00000000 , elapse: 0.082 min
  - (Test) 
hits@1 0.13222390317700453
map@1 0.13222390317700453
hits@5 0.21250630358043368
map@5 0.16223566986048074
hits@10 0.25305093292990416
map@10 0.1675816663865075
hits@20 0.29964699949571355
map@20 0.1707848533634471
hits@50 0.383661119515885
map@50 0.17340666412323538
hits@100 0.46202723146747354
map@100 0.17450683322983376
reward 0.0

[ Epoch 26 ]
  - (Training)   ppl:      nan, accuracy: 60.493 %, elapse: 2.285 min
  - (Validation) ppl:      nan, accuracy: 13.967 %, Reward: 0.00000000 , elapse: 0.082 min
  - (Test) 
hits@1 0.1346444780635401
map@1 0.1346444780635401
hits@5 0.2124054462934947
map@5 0.16377878635064716
hits@10 0.2507312153303076
map@10 0.1688659958856631
hits@20 0.2993444276348966
map@20 0.17222889822359153
hits@50 0.3804336863338376
map@50 0.17478498250629654
hits@100 0.4575895108421583
map@100 0.1758737213074603
reward 0.0

[ Epoch 27 ]
  - (Training)   ppl:      nan, accuracy: 61.762 %, elapse: 2.167 min
  - (Validation) ppl:      nan, accuracy: 14.107 %, Reward: 0.00000000 , elapse: 0.081 min
  - (Test) 
hits@1 0.13484619263741807
map@1 0.13484619263741807
hits@5 0.21008572869389813
map@5 0.16288283745167256
hits@10 0.24962178517397882
map@10 0.16813510073721874
hits@20 0.29853756933938475
map@20 0.17151217619551787
hits@50 0.3821482602118003
map@50 0.17410913493705296
hits@100 0.4557740796772567
map@100 0.175147234250664
reward 0.0

[ Epoch 28 ]
  - (Training)   ppl:      nan, accuracy: 62.651 %, elapse: 2.236 min
  - (Validation) ppl:      nan, accuracy: 14.317 %, Reward: 0.00000000 , elapse: 0.082 min
  - (Test) 
hits@1 0.13333333333333333
map@1 0.13333333333333333
hits@5 0.2124054462934947
map@5 0.16251470835434528
hits@10 0.2508320726172466
map@10 0.16761064284513605
hits@20 0.2983358547655068
map@20 0.170885339910459
hits@50 0.3788199697428139
map@50 0.1733934018427954
hits@100 0.45597579425113466
map@100 0.17448386299225213
reward 0.0

[ Epoch 29 ]
  - (Training)   ppl:      nan, accuracy: 63.874 %, elapse: 2.178 min
  - (Validation) ppl:      nan, accuracy: 14.090 %, Reward: 0.00000000 , elapse: 0.083 min
  - (Test) 
hits@1 0.13444276348966214
map@1 0.13444276348966214
hits@5 0.21280887544125063
map@5 0.16323247604639432
hits@10 0.24881492687846696
map@10 0.16801319149276792
hits@20 0.2947049924357035
map@20 0.17122423356206962
hits@50 0.3774079677256682
map@50 0.17382742336646398
hits@100 0.45607665153807364
map@100 0.17494076139539086
reward 0.0

[ Epoch 30 ]
  - (Training)   ppl:      nan, accuracy: 64.757 %, elapse: 2.226 min
  - (Validation) ppl:      nan, accuracy: 14.107 %, Reward: 0.00000000 , elapse: 0.088 min
  - (Test) 
hits@1 0.13373676248108926
map@1 0.13373676248108926
hits@5 0.21059001512859304
map@5 0.16243906538914102
hits@10 0.25163893091275846
map@10 0.16789064188459046
hits@20 0.29813414019162887
map@20 0.17109007966363604
hits@50 0.37851739788199695
map@50 0.17362858696781908
hits@100 0.45658093797276855
map@100 0.17473405306407977
reward 0.0

[ Epoch 31 ]
  - (Training)   ppl:      nan, accuracy: 65.502 %, elapse: 2.168 min
  - (Validation) ppl:      nan, accuracy: 14.203 %, Reward: 0.00000000 , elapse: 0.083 min
  - (Test) 
hits@1 0.1341401916288452
map@1 0.1341401916288452
hits@5 0.21048915784165406
map@5 0.16227769373003867
hits@10 0.248613212304589
map@10 0.16738003185809538
hits@20 0.2968229954614221
map@20 0.17066663733540777
hits@50 0.3751891074130106
map@50 0.17313111730117023
hits@100 0.4509329299041856
map@100 0.1741900264026857
reward 0.0

[ Epoch 32 ]
  - (Training)   ppl:      nan, accuracy: 66.560 %, elapse: 2.241 min
  - (Validation) ppl:      nan, accuracy: 14.107 %, Reward: 0.00000000 , elapse: 0.083 min
  - (Test) 
hits@1 0.1323247604639435
map@1 0.1323247604639435
hits@5 0.21169944528492182
map@5 0.1615767355858128
hits@10 0.24720121028744327
map@10 0.16631298577592077
hits@20 0.2952092788703984
map@20 0.16962856621801697
hits@50 0.3744831064044377
map@50 0.1721610321136837
hits@100 0.45204236006051435
map@100 0.17326687012521244
reward 0.0

[ Epoch 33 ]
  - (Training)   ppl:      nan, accuracy: 67.075 %, elapse: 2.204 min
  - (Validation) ppl:      nan, accuracy: 14.264 %, Reward: 0.00000000 , elapse: 0.083 min
  - (Test) 
hits@1 0.13262733232476046
map@1 0.13262733232476046
hits@5 0.2130105900151286
map@5 0.16209951252311314
hits@10 0.24790721129601614
map@10 0.16670772999063466
hits@20 0.2958144225920323
map@20 0.170050940350257
hits@50 0.3756933938477055
map@50 0.1725813908151678
hits@100 0.4496217851739788
map@100 0.17362129443777247
reward 0.0

[ Epoch 34 ]
  - (Training)   ppl:      nan, accuracy: 68.042 %, elapse: 2.198 min
  - (Validation) ppl:      nan, accuracy: 14.413 %, Reward: 0.00000000 , elapse: 0.083 min
  - (Test) 
hits@1 0.13333333333333333
map@1 0.13333333333333333
hits@5 0.2113968734241049
map@5 0.1622827365943856
hits@10 0.2491174987392839
map@10 0.16725263949923555
hits@20 0.29712556732223905
map@20 0.17057366805827018
hits@50 0.3733736762481089
map@50 0.17297435817857668
hits@100 0.4482097831568331
map@100 0.174037959556235
reward 0.0

    - [Info] The checkpoint file has been updated.
[ Epoch 35 ]
  - (Training)   ppl:      nan, accuracy: 68.683 %, elapse: 2.270 min
  - (Validation) ppl:      nan, accuracy: 14.264 %, Reward: 0.00000000 , elapse: 0.084 min
  - (Test) 
hits@1 0.13444276348966214
map@1 0.13444276348966214
hits@5 0.21250630358043368
map@5 0.16273155152126406
hits@10 0.25002521432173475
map@10 0.1677134612459877
hits@20 0.2968229954614221
map@20 0.17095527337706604
hits@50 0.3755925365607665
map@50 0.17343848696894032
hits@100 0.44952092788703985
map@100 0.17447334557782754
reward 0.0

[ Epoch 36 ]
  - (Training)   ppl:      nan, accuracy: 69.124 %, elapse: 2.190 min
  - (Validation) ppl:      nan, accuracy: 14.081 %, Reward: 0.00000000 , elapse: 0.082 min
  - (Test) 
hits@1 0.13424104891578417
map@1 0.13424104891578417
hits@5 0.21018658598083712
map@5 0.16225584131786858
hits@10 0.24871406959152798
map@10 0.1673011070287923
hits@20 0.29823499747856785
map@20 0.17073031915694553
hits@50 0.37539082198688856
map@50 0.1731720279593646
hits@100 0.44659606656580936
map@100 0.17418090177114026
reward 0.0

[ Epoch 37 ]
  - (Training)   ppl:      nan, accuracy: 69.860 %, elapse: 2.212 min
  - (Validation) ppl:      nan, accuracy: 14.264 %, Reward: 0.00000000 , elapse: 0.084 min
  - (Test) 
hits@1 0.13222390317700453
map@1 0.13222390317700453
hits@5 0.21200201714573877
map@5 0.16161203563624138
hits@10 0.24982349974785678
map@10 0.16658854229202186
hits@20 0.29551185073121533
map@20 0.16974511733017467
hits@50 0.37478567826525466
map@50 0.17225235035045372
hits@100 0.44457892082702977
map@100 0.17324763541139238
reward 0.0

[ Epoch 38 ]
  - (Training)   ppl:      nan, accuracy: 70.419 %, elapse: 2.243 min
  - (Validation) ppl:      nan, accuracy: 14.195 %, Reward: 0.00000000 , elapse: 0.084 min
  - (Test) 
hits@1 0.13434190620272315
map@1 0.13434190620272315
hits@5 0.2113968734241049
map@5 0.1622844175491679
hits@10 0.24982349974785678
map@10 0.16731047234829385
hits@20 0.29722642460917803
map@20 0.17055164223447578
hits@50 0.37367624810892586
map@50 0.1729612268400003
hits@100 0.44770549672213816
map@100 0.17400396087494033
reward 0.0

[ Epoch 39 ]
  - (Training)   ppl:      nan, accuracy: 70.830 %, elapse: 2.078 min
  - (Validation) ppl:      nan, accuracy: 14.334 %, Reward: 0.00000000 , elapse: 0.083 min
  - (Test) 
hits@1 0.1335350479072113
map@1 0.1335350479072113
hits@5 0.21008572869389813
map@5 0.16189611699445283
hits@10 0.2518406454866364
map@10 0.16739756181511095
hits@20 0.2957135653050933
map@20 0.170420672382776
hits@50 0.3738779626828038
map@50 0.1729001661895409
hits@100 0.44659606656580936
map@100 0.17392724456102882
reward 0.0

[ Epoch 40 ]
  - (Training)   ppl:      nan, accuracy: 71.464 %, elapse: 2.193 min
  - (Validation) ppl:      nan, accuracy: 14.186 %, Reward: 0.00000000 , elapse: 0.082 min
  - (Test) 
hits@1 0.13313161875945537
map@1 0.13313161875945537
hits@5 0.21059001512859304
map@5 0.1617784501596907
hits@10 0.25012607160867373
map@10 0.1670584491991451
hits@20 0.2967221381744831
map@20 0.17020560857419123
hits@50 0.3720625315179022
map@50 0.17261801122082893
hits@100 0.44609178013111445
map@100 0.17367284521590212
reward 0.0

[ Epoch 41 ]
  - (Training)   ppl:      nan, accuracy: 71.775 %, elapse: 2.185 min
  - (Validation) ppl:      nan, accuracy: 14.028 %, Reward: 0.00000000 , elapse: 0.085 min
  - (Test) 
hits@1 0.13424104891578417
map@1 0.13424104891578417
hits@5 0.21089258698941
map@5 0.16242729870566483
hits@10 0.24952092788703983
map@10 0.1675961946385547
hits@20 0.2951084215834594
map@20 0.17075292760182428
hits@50 0.37014624306606153
map@50 0.17317396767087104
hits@100 0.443166918809884
map@100 0.1742106143456079
reward 0.0

[ Epoch 42 ]
  - (Training)   ppl:      nan, accuracy: 72.113 %, elapse: 2.149 min
  - (Validation) ppl:      nan, accuracy: 14.107 %, Reward: 0.00000000 , elapse: 0.085 min
  - (Test) 
hits@1 0.13434190620272315
map@1 0.13434190620272315
hits@5 0.20998487140695915
map@5 0.1618826693561943
hits@10 0.24871406959152798
map@10 0.16699833505431083
hits@20 0.2934947049924357
map@20 0.17012273780444487
hits@50 0.3708522440746344
map@50 0.17256793388350042
hits@100 0.44528492183560264
map@100 0.17362795370455728
reward 0.0

[ Epoch 43 ]
  - (Training)   ppl:      nan, accuracy: 72.663 %, elapse: 2.251 min
  - (Validation) ppl:      nan, accuracy: 14.090 %, Reward: 0.00000000 , elapse: 0.083 min
  - (Test) 
hits@1 0.13313161875945537
map@1 0.13313161875945537
hits@5 0.2091780131114473
map@5 0.16061354849554546
hits@10 0.2464952092788704
map@10 0.16552329723282827
hits@20 0.291981845688351
map@20 0.16866423905001815
hits@50 0.37014624306606153
map@50 0.17116388725526802
hits@100 0.443166918809884
map@100 0.17221194724567823
reward 0.0

[ Epoch 44 ]
  - (Training)   ppl:      nan, accuracy: 72.724 %, elapse: 2.213 min
  - (Validation) ppl:      nan, accuracy: 14.247 %, Reward: 0.00000000 , elapse: 0.083 min
  - (Test) 
hits@1 0.1319213313161876
map@1 0.1319213313161876
hits@5 0.21089258698941
map@5 0.16064044377206252
hits@10 0.24952092788703983
map@10 0.16570432005379057
hits@20 0.2950075642965204
map@20 0.16878882667001568
hits@50 0.3719616742309632
map@50 0.17122512350114086
hits@100 0.4416540595057993
map@100 0.1722165561806595
reward 0.0

[ Epoch 45 ]
  - (Training)   ppl:      nan, accuracy: 73.199 %, elapse: 2.159 min
  - (Validation) ppl:      nan, accuracy: 14.151 %, Reward: 0.00000000 , elapse: 0.083 min
  - (Test) 
hits@1 0.13262733232476046
map@1 0.13262733232476046
hits@5 0.21018658598083712
map@5 0.16140359724323414
hits@10 0.2492183560262229
map@10 0.16654767908171839
hits@20 0.29531013615733737
map@20 0.1697071151044983
hits@50 0.3744831064044377
map@50 0.17219784909255909
hits@100 0.4448814926878467
map@100 0.17319510480485786
reward 0.0

[ Epoch 46 ]
  - (Training)   ppl:      nan, accuracy: 73.520 %, elapse: 2.139 min
  - (Validation) ppl:      nan, accuracy: 14.160 %, Reward: 0.00000000 , elapse: 0.082 min
  - (Test) 
hits@1 0.1324256177508825
map@1 0.1324256177508825
hits@5 0.21149773071104389
map@5 0.16146243066061527
hits@10 0.2513363590519415
map@10 0.16668579753299873
hits@20 0.29712556732223905
map@20 0.16983316217997932
hits@50 0.3749873928391326
map@50 0.17230507048952493
hits@100 0.4454866364094806
map@100 0.17330421721167552
reward 0.0

[ Epoch 47 ]
  - (Training)   ppl:      nan, accuracy: 73.938 %, elapse: 2.187 min
  - (Validation) ppl:      nan, accuracy: 14.299 %, Reward: 0.00000000 , elapse: 0.083 min
  - (Test) 
hits@1 0.1323247604639435
map@1 0.1323247604639435
hits@5 0.21069087241553203
map@5 0.1614573877962683
hits@10 0.24962178517397882
map@10 0.16650029216595028
hits@20 0.29490670700958144
map@20 0.16957760085322698
hits@50 0.3744831064044377
map@50 0.17206206817518988
hits@100 0.44417549167927384
map@100 0.1730420377218598
reward 0.0

[ Epoch 48 ]
  - (Training)   ppl:      nan, accuracy: 74.235 %, elapse: 2.205 min
  - (Validation) ppl:      nan, accuracy: 14.247 %, Reward: 0.00000000 , elapse: 0.084 min
  - (Test) 
hits@1 0.13434190620272315
map@1 0.13434190620272315
hits@5 0.21008572869389813
map@5 0.1622911413682972
hits@10 0.24659606656580937
map@10 0.16713585316459748
hits@20 0.2934947049924357
map@20 0.17035035647460295
hits@50 0.3703479576399395
map@50 0.17279960951492868
hits@100 0.43862834089762986
map@100 0.1737745213559211
reward 0.0

[ Epoch 49 ]
  - (Training)   ppl:      nan, accuracy: 74.533 %, elapse: 2.192 min
  - (Validation) ppl:      nan, accuracy: 14.299 %, Reward: 0.00000000 , elapse: 0.082 min
  - (Test) 
hits@1 0.13161875945537066
map@1 0.13161875945537066
hits@5 0.210791729702471
map@5 0.16107413010590013
hits@10 0.24689863842662632
map@10 0.16579425113464444
hits@20 0.29420070600100856
map@20 0.16903912914795666
hits@50 0.36843166918809883
map@50 0.1713607257648611
hits@100 0.43812405446293495
map@100 0.17235806829632347
reward 0.0

