dataset: twitter, network: False
training set size:2753   valid set size:344  testing set size:345
3442
32.60139453805927
12627
training set size:2753   valid set size:344  testing set size:345
3442
32.60139453805927
12627
training set size:2753   valid set size:344  testing set size:345
3442
32.60139453805927
12627
[ Epoch 0 ]
  - (Training)   ppl:      nan, accuracy: 1.408 %, elapse: 2.527 min
  - (Validation) ppl:      nan, accuracy: 3.007 %, elapse: 0.087 min
  - (Test) 
hits@1 0.03479576399394856
map@1 0.03479576399394856
hits@5 0.038930912758446796
map@5 0.036009413346780976
hits@10 0.043973777105395864
map@10 0.03665165814182456
hits@20 0.05446293494704992
map@20 0.03734490981563623
hits@50 0.08744326777609682
map@50 0.03836075418300008
hits@100 0.13313161875945537
map@100 0.03899604857463529
    - [Info] The checkpoint file has been updated.
[ Epoch 1 ]
  - (Training)   ppl:      nan, accuracy: 3.032 %, elapse: 2.511 min
  - (Validation) ppl:      nan, accuracy: 3.015 %, elapse: 0.087 min
  - (Test) 
hits@1 0.034896621280887545
map@1 0.034896621280887545
hits@5 0.03983862834089763
map@5 0.03657421415363926
hits@10 0.04720121028744327
map@10 0.03754968822291061
hits@20 0.05980837115481594
map@20 0.0383946715114427
hits@50 0.09278870398386284
map@50 0.03937561385255954
hits@100 0.13867876954109934
map@100 0.04001291481480541
    - [Info] The checkpoint file has been updated.
[ Epoch 2 ]
  - (Training)   ppl:      nan, accuracy: 3.005 %, elapse: 2.453 min
  - (Validation) ppl:      nan, accuracy: 2.998 %, elapse: 0.083 min
  - (Test) 
hits@1 0.0345940494200706
map@1 0.0345940494200706
hits@5 0.0529500756429652
map@5 0.04075811060682467
hits@10 0.06989409984871407
map@10 0.042951836643213344
hits@20 0.09309127584467977
map@20 0.044519794744334915
hits@50 0.15713565305093294
map@50 0.04649728378734445
hits@100 0.23338376197680283
map@100 0.047557577590143875
[ Epoch 3 ]
  - (Training)   ppl:      nan, accuracy: 3.285 %, elapse: 2.451 min
  - (Validation) ppl:      nan, accuracy: 4.091 %, elapse: 0.086 min
  - (Test) 
hits@1 0.04064548663640948
map@1 0.04064548663640948
hits@5 0.07009581442259204
map@5 0.05085728693898134
hits@10 0.0929904185577408
map@10 0.053852268088274126
hits@20 0.12435703479576399
map@20 0.05597489373271213
hits@50 0.1822491174987393
map@50 0.05775583556264478
hits@100 0.2514372163388805
map@100 0.058716886813848936
    - [Info] The checkpoint file has been updated.
[ Epoch 4 ]
  - (Training)   ppl:      nan, accuracy: 4.366 %, elapse: 2.492 min
  - (Validation) ppl:      nan, accuracy: 4.947 %, elapse: 0.084 min
  - (Test) 
hits@1 0.04931921331316188
map@1 0.04931921331316188
hits@5 0.1000504286434695
map@5 0.06694066229618424
hits@10 0.12899646999495715
map@10 0.07079164965700518
hits@20 0.16459909228441755
map@20 0.07323409085825773
hits@50 0.23156833081190115
map@50 0.0752902921752161
hits@100 0.3069087241553202
map@100 0.07634496896790909
    - [Info] The checkpoint file has been updated.
[ Epoch 5 ]
  - (Training)   ppl:      nan, accuracy: 6.059 %, elapse: 2.541 min
  - (Validation) ppl:      nan, accuracy: 6.966 %, elapse: 0.083 min
  - (Test) 
hits@1 0.06525466464952093
map@1 0.06525466464952093
hits@5 0.11941502773575391
map@5 0.08476718776264919
hits@10 0.14846192637418054
map@10 0.0885532982734193
hits@20 0.18709026727181038
map@20 0.09120649184650625
hits@50 0.27271810388300555
map@50 0.0939013931036994
hits@100 0.36227937468482097
map@100 0.09517984878912518
    - [Info] The checkpoint file has been updated.
[ Epoch 6 ]
  - (Training)   ppl:      nan, accuracy: 8.668 %, elapse: 2.434 min
  - (Validation) ppl:      nan, accuracy: 9.169 %, elapse: 0.082 min
  - (Test) 
hits@1 0.08764498234997478
map@1 0.08764498234997478
hits@5 0.14896621280887545
map@5 0.10986720457219698
hits@10 0.18456883509833585
map@10 0.11463919506279568
hits@20 0.23217347453353504
map@20 0.11788520193527381
hits@50 0.32294503277861825
map@50 0.12075002323742692
hits@100 0.41260716086737265
map@100 0.12199656366277677
    - [Info] The checkpoint file has been updated.
[ Epoch 7 ]
  - (Training)   ppl:      nan, accuracy: 11.552 %, elapse: 2.423 min
  - (Validation) ppl:      nan, accuracy: 11.039 %, elapse: 0.095 min
  - (Test) 
hits@1 0.10358043368633384
map@1 0.10358043368633384
hits@5 0.1774079677256682
map@5 0.13091612035636238
hits@10 0.21553202218860312
map@10 0.1359411345644326
hits@20 0.26505295007564295
map@20 0.13934687432977858
hits@50 0.35148764498234997
map@50 0.14204125533864878
hits@100 0.44518406454866366
map@100 0.14335571548981782
    - [Info] The checkpoint file has been updated.
[ Epoch 8 ]
  - (Training)   ppl:      nan, accuracy: 14.480 %, elapse: 2.560 min
  - (Validation) ppl:      nan, accuracy: 12.114 %, elapse: 0.092 min
  - (Test) 
hits@1 0.11316187594553706
map@1 0.11316187594553706
hits@5 0.18830055471507817
map@5 0.14101025382417212
hits@10 0.22410489157841654
map@10 0.14565617270609704
hits@20 0.27503782148260214
map@20 0.14914264271167924
hits@50 0.36712052445789206
map@50 0.15199135732136546
hits@100 0.4606152294503278
map@100 0.1533141895464162
    - [Info] The checkpoint file has been updated.
[ Epoch 9 ]
  - (Training)   ppl:      nan, accuracy: 17.653 %, elapse: 2.508 min
  - (Validation) ppl:      nan, accuracy: 12.787 %, elapse: 0.097 min
  - (Test) 
hits@1 0.1178013111447302
map@1 0.1178013111447302
hits@5 0.19536056480080685
map@5 0.1462195326945705
hits@10 0.23580433686333838
map@10 0.15153058937476488
hits@20 0.2836106908724155
map@20 0.1547889198380058
hits@50 0.37256681795259705
map@50 0.1575637432039299
hits@100 0.46515380736258194
map@100 0.15887042983572108
    - [Info] The checkpoint file has been updated.
[ Epoch 10 ]
  - (Training)   ppl:      nan, accuracy: 20.039 %, elapse: 2.469 min
  - (Validation) ppl:      nan, accuracy: 13.067 %, elapse: 0.096 min
  - (Test) 
hits@1 0.1227433182047403
map@1 0.1227433182047403
hits@5 0.2010085728693898
map@5 0.15150445453017314
hits@10 0.23913262733232477
map@10 0.15656568931152895
hits@20 0.28825012607160866
map@20 0.15993174821430167
hits@50 0.37609682299546143
map@50 0.16271136940149436
hits@100 0.4632375189107413
map@100 0.1639520684354727
    - [Info] The checkpoint file has been updated.
[ Epoch 11 ]
  - (Training)   ppl:      nan, accuracy: 23.405 %, elapse: 2.549 min
  - (Validation) ppl:      nan, accuracy: 14.020 %, elapse: 0.088 min
  - (Test) 
hits@1 0.12627332324760465
map@1 0.12627332324760465
hits@5 0.20292486132123047
map@5 0.15481089258698938
hits@10 0.24135148764498235
map@10 0.15985231611555364
hits@20 0.2909732728189612
map@20 0.16329164937452645
hits@50 0.38386283408976296
map@50 0.16618997272531066
hits@100 0.46616238023197176
map@100 0.1673682553198516
    - [Info] The checkpoint file has been updated.
[ Epoch 12 ]
  - (Training)   ppl:      nan, accuracy: 26.666 %, elapse: 2.561 min
  - (Validation) ppl:      nan, accuracy: 13.976 %, elapse: 0.086 min
  - (Test) 
hits@1 0.13161875945537066
map@1 0.13161875945537066
hits@5 0.21099344427634897
map@5 0.16074970583291312
hits@10 0.2503277861825517
map@10 0.16592920779002474
hits@20 0.2939989914271306
map@20 0.16893168898232055
hits@50 0.38245083207261726
map@50 0.17174016395338956
hits@100 0.4666666666666667
map@100 0.17294023306361792
[ Epoch 13 ]
  - (Training)   ppl:      nan, accuracy: 29.697 %, elapse: 2.513 min
  - (Validation) ppl:      nan, accuracy: 13.862 %, elapse: 0.080 min
  - (Test) 
hits@1 0.12990418557740796
map@1 0.12990418557740796
hits@5 0.21089258698941
map@5 0.15971423768700616
hits@10 0.2504286434694907
map@10 0.16489754180374455
hits@20 0.2958144225920323
map@20 0.16798686563665277
hits@50 0.38134140191628846
map@50 0.170645409809594
hits@100 0.4636409480584972
map@100 0.17180898479283122
[ Epoch 14 ]
  - (Training)   ppl:      nan, accuracy: 32.923 %, elapse: 2.484 min
  - (Validation) ppl:      nan, accuracy: 14.028 %, elapse: 0.095 min
  - (Test) 
hits@1 0.13000504286434694
map@1 0.13000504286434694
hits@5 0.210791729702471
map@5 0.15968566145570684
hits@10 0.24942007060010085
map@10 0.1648122533599084
hits@20 0.29359556227937467
map@20 0.16780602903893907
hits@50 0.37922339889056983
map@50 0.17051838140052342
hits@100 0.4623298033282905
map@100 0.17168758106001264
    - [Info] The checkpoint file has been updated.
[ Epoch 15 ]
  - (Training)   ppl:      nan, accuracy: 36.088 %, elapse: 2.498 min
  - (Validation) ppl:      nan, accuracy: 14.090 %, elapse: 0.092 min
  - (Test) 
hits@1 0.12788703983862834
map@1 0.12788703983862834
hits@5 0.2081694402420575
map@5 0.1576970919482266
hits@10 0.24841149773071106
map@10 0.16307906891114154
hits@20 0.29379727685325263
map@20 0.16621474108770543
hits@50 0.38245083207261726
map@50 0.16899716637280243
hits@100 0.4611195158850227
map@100 0.17011964284793937
    - [Info] The checkpoint file has been updated.
[ Epoch 16 ]
  - (Training)   ppl:      nan, accuracy: 39.117 %, elapse: 2.491 min
  - (Validation) ppl:      nan, accuracy: 14.326 %, elapse: 0.089 min
  - (Test) 
hits@1 0.13091275844679778
map@1 0.13091275844679778
hits@5 0.2124054462934947
map@5 0.1608707345772398
hits@10 0.24780635400907716
map@10 0.16559926037989578
hits@20 0.29319213313161874
map@20 0.1687241725778538
hits@50 0.3746848209783157
map@50 0.17127549713983797
hits@100 0.45385779122541603
map@100 0.17240291960210394
    - [Info] The checkpoint file has been updated.
[ Epoch 17 ]
  - (Training)   ppl:      nan, accuracy: 41.976 %, elapse: 2.443 min
  - (Validation) ppl:      nan, accuracy: 14.273 %, elapse: 0.082 min
  - (Test) 
hits@1 0.13161875945537066
map@1 0.13161875945537066
hits@5 0.20937972768532526
map@5 0.16022692889561274
hits@10 0.24841149773071106
map@10 0.16537549328018314
hits@20 0.2928895612708018
map@20 0.16845462046123164
hits@50 0.37418053454362077
map@50 0.1710237971522542
hits@100 0.45486636409480585
map@100 0.17218676350885093
[ Epoch 18 ]
  - (Training)   ppl:      nan, accuracy: 44.648 %, elapse: 2.454 min
  - (Validation) ppl:      nan, accuracy: 14.369 %, elapse: 0.089 min
  - (Test) 
hits@1 0.13272818961169944
map@1 0.13272818961169944
hits@5 0.2118003025718608
map@5 0.16173138342578583
hits@10 0.24770549672213818
map@10 0.1665668899935163
hits@20 0.2932929904185577
map@20 0.1697145255909067
hits@50 0.37599596570852245
map@50 0.17234285357270177
hits@100 0.45365607665153806
map@100 0.17343485049067253
    - [Info] The checkpoint file has been updated.
[ Epoch 19 ]
  - (Training)   ppl:      nan, accuracy: 46.920 %, elapse: 2.558 min
  - (Validation) ppl:      nan, accuracy: 14.369 %, elapse: 0.088 min
  - (Test) 
hits@1 0.1319213313161876
map@1 0.1319213313161876
hits@5 0.2113968734241049
map@5 0.1614304925197512
hits@10 0.25173978819969745
map@10 0.16679261820714167
hits@20 0.297428139183056
map@20 0.16995312159883613
hits@50 0.3789208270297529
map@50 0.17246403939176638
hits@100 0.45315179021684315
map@100 0.1735153351232653
    - [Info] The checkpoint file has been updated.
[ Epoch 20 ]
  - (Training)   ppl:      nan, accuracy: 48.976 %, elapse: 2.529 min
  - (Validation) ppl:      nan, accuracy: 14.667 %, elapse: 0.082 min
  - (Test) 
hits@1 0.13373676248108926
map@1 0.13373676248108926
hits@5 0.21099344427634897
map@5 0.16200706001008575
hits@10 0.25113464447806355
map@10 0.16727040959264863
hits@20 0.29702471003530007
map@20 0.1704048273179152
hits@50 0.3756933938477055
map@50 0.17286029592973787
hits@100 0.45496722138174484
map@100 0.17396406765825315
    - [Info] The checkpoint file has been updated.
[ Epoch 21 ]
  - (Training)   ppl:      nan, accuracy: 51.297 %, elapse: 2.476 min
  - (Validation) ppl:      nan, accuracy: 14.684 %, elapse: 0.085 min
  - (Test) 
hits@1 0.1329299041855774
map@1 0.1329299041855774
hits@5 0.210791729702471
map@5 0.16181206925533703
hits@10 0.24790721129601614
map@10 0.16669808451200285
hits@20 0.2926878466969238
map@20 0.1697738857050787
hits@50 0.37266767523953603
map@50 0.17229496689413612
hits@100 0.44296520423600605
map@100 0.17328738958629905
    - [Info] The checkpoint file has been updated.
[ Epoch 22 ]
  - (Training)   ppl:      nan, accuracy: 52.699 %, elapse: 2.484 min
  - (Validation) ppl:      nan, accuracy: 14.544 %, elapse: 0.098 min
  - (Test) 
hits@1 0.13061018658598084
map@1 0.13061018658598084
hits@5 0.21200201714573877
map@5 0.1608505631198521
hits@10 0.24901664145234492
map@10 0.16574990594657765
hits@20 0.29319213313161874
map@20 0.16878311850929326
hits@50 0.37650025214321736
map@50 0.17137640610245436
hits@100 0.4499243570347958
map@100 0.1724053511426056
[ Epoch 23 ]
  - (Training)   ppl:      nan, accuracy: 54.812 %, elapse: 2.534 min
  - (Validation) ppl:      nan, accuracy: 14.771 %, elapse: 0.093 min
  - (Test) 
hits@1 0.13444276348966214
map@1 0.13444276348966214
hits@5 0.2102874432677761
map@5 0.16224071272482773
hits@10 0.24780635400907716
map@10 0.16728417741277044
hits@20 0.2956127080181543
map@20 0.17051716295854547
hits@50 0.3738779626828038
map@50 0.1729996234353659
hits@100 0.44770549672213816
map@100 0.1740474159316425
    - [Info] The checkpoint file has been updated.
[ Epoch 24 ]
  - (Training)   ppl:      nan, accuracy: 56.508 %, elapse: 2.508 min
  - (Validation) ppl:      nan, accuracy: 14.675 %, elapse: 0.102 min
  - (Test) 
hits@1 0.13272818961169944
map@1 0.13272818961169944
hits@5 0.210791729702471
map@5 0.16197680282400406
hits@10 0.24871406959152798
map@10 0.1669567914575479
hits@20 0.29228441754916795
map@20 0.16997217563441455
hits@50 0.3693393847705497
map@50 0.17238541140465202
hits@100 0.4436712052445789
map@100 0.17344167060850132
[ Epoch 25 ]
  - (Training)   ppl:      nan, accuracy: 57.886 %, elapse: 2.572 min
  - (Validation) ppl:      nan, accuracy: 14.623 %, elapse: 0.093 min
  - (Test) 
hits@1 0.13040847201210287
map@1 0.13040847201210287
hits@5 0.20937972768532526
map@5 0.15985375693393847
hits@10 0.24992435703479576
map@10 0.16522204612219743
hits@20 0.2944024205748865
map@20 0.1682861320888538
hits@50 0.3698436712052446
map@50 0.1706567127998905
hits@100 0.4442763489662128
map@100 0.17170204317741922
[ Epoch 26 ]
  - (Training)   ppl:      nan, accuracy: 59.081 %, elapse: 2.505 min
  - (Validation) ppl:      nan, accuracy: 14.798 %, elapse: 0.086 min
  - (Test) 
hits@1 0.13313161875945537
map@1 0.13313161875945537
hits@5 0.21129601613716592
map@5 0.1622877794587326
hits@10 0.2476046394351992
map@10 0.1671046354329259
hits@20 0.2926878466969238
map@20 0.17020673612884257
hits@50 0.3685325264750378
map@50 0.1725977394776396
hits@100 0.4401412002017146
map@100 0.17360982848195333
    - [Info] The checkpoint file has been updated.
[ Epoch 27 ]
  - (Training)   ppl:      nan, accuracy: 60.515 %, elapse: 2.474 min
  - (Validation) ppl:      nan, accuracy: 14.833 %, elapse: 0.081 min
  - (Test) 
hits@1 0.13383761976802824
map@1 0.13383761976802824
hits@5 0.2113968734241049
map@5 0.16225247940830392
hits@10 0.24710035300050429
map@10 0.16696923852748363
hits@20 0.291981845688351
map@20 0.17004583421456954
hits@50 0.3670196671709531
map@50 0.17240516981465878
hits@100 0.43993948562783664
map@100 0.17343304248052646
    - [Info] The checkpoint file has been updated.
[ Epoch 28 ]
  - (Training)   ppl:      nan, accuracy: 61.358 %, elapse: 2.586 min
  - (Validation) ppl:      nan, accuracy: 14.780 %, elapse: 0.083 min
  - (Test) 
hits@1 0.1335350479072113
map@1 0.1335350479072113
hits@5 0.20796772566817953
map@5 0.16090603462766856
hits@10 0.2482097831568331
map@10 0.1663755012847297
hits@20 0.29480584972264245
map@20 0.16957018562186874
hits@50 0.3696419566313666
map@50 0.17190837380918428
hits@100 0.44064548663640946
map@100 0.17291014114486183
[ Epoch 29 ]
  - (Training)   ppl:      nan, accuracy: 62.441 %, elapse: 2.611 min
  - (Validation) ppl:      nan, accuracy: 14.518 %, elapse: 0.080 min
  - (Test) 
hits@1 0.13010590015128592
map@1 0.13010590015128592
hits@5 0.21149773071104389
map@5 0.1600420238695579
hits@10 0.24770549672213818
map@10 0.16483758774984195
hits@20 0.2913767019667171
map@20 0.16788822679050214
hits@50 0.37115481593545135
map@50 0.17044135848293124
hits@100 0.4419566313666162
map@100 0.17145143623859502
[ Epoch 30 ]
  - (Training)   ppl:      nan, accuracy: 63.483 %, elapse: 2.609 min
  - (Validation) ppl:      nan, accuracy: 14.448 %, elapse: 0.093 min
  - (Test) 
hits@1 0.13313161875945537
map@1 0.13313161875945537
hits@5 0.21159858799798287
map@5 0.16235165574046057
hits@10 0.24992435703479576
map@10 0.1674130105900151
hits@20 0.2944024205748865
map@20 0.17042170744340032
hits@50 0.37065052950075644
map@50 0.17284658248909313
hits@100 0.4422592032274332
map@100 0.17386574787378856
[ Epoch 31 ]
  - (Training)   ppl:      nan, accuracy: 64.502 %, elapse: 2.520 min
  - (Validation) ppl:      nan, accuracy: 14.632 %, elapse: 0.079 min
  - (Test) 
hits@1 0.13121533030761473
map@1 0.13121533030761473
hits@5 0.210791729702471
map@5 0.1604790721129601
hits@10 0.24881492687846696
map@10 0.16551221093581153
hits@20 0.2933938477054967
map@20 0.16862348829831722
hits@50 0.37175995965708525
map@50 0.1711017969115941
hits@100 0.4410489157841654
map@100 0.17207418778541167
[ Epoch 32 ]
  - (Training)   ppl:      nan, accuracy: 65.076 %, elapse: 2.515 min
  - (Validation) ppl:      nan, accuracy: 14.457 %, elapse: 0.085 min
  - (Test) 
hits@1 0.1308119011598588
map@1 0.1308119011598588
hits@5 0.2096822995461422
map@5 0.15977139014960495
hits@10 0.24942007060010085
map@10 0.16501656941142567
hits@20 0.2909732728189612
map@20 0.1678613578741914
hits@50 0.36712052445789206
map@50 0.17030287463312058
hits@100 0.4357034795763994
map@100 0.17127889386050346
[ Epoch 33 ]
  - (Training)   ppl:      nan, accuracy: 65.787 %, elapse: 2.514 min
  - (Validation) ppl:      nan, accuracy: 14.623 %, elapse: 0.081 min
  - (Test) 
hits@1 0.13121533030761473
map@1 0.13121533030761473
hits@5 0.20897629853756933
map@5 0.15950916120356362
hits@10 0.24800806858295513
map@10 0.1646897437744639
hits@20 0.29309127584467976
map@20 0.16774329031299656
hits@50 0.3654059505799294
map@50 0.17002791591011768
hits@100 0.4319717599596571
map@100 0.1709716154359102
[ Epoch 34 ]
  - (Training)   ppl:      nan, accuracy: 66.469 %, elapse: 2.620 min
  - (Validation) ppl:      nan, accuracy: 14.728 %, elapse: 0.095 min
  - (Test) 
hits@1 0.13121533030761473
map@1 0.13121533030761473
hits@5 0.20948058497226424
map@5 0.16021180030257187
hits@10 0.24780635400907716
map@10 0.16526114833225272
hits@20 0.29641956631366617
map@20 0.16857721869864553
hits@50 0.3686333837619768
map@50 0.17089044543437534
hits@100 0.43590519415027734
map@100 0.17183912801992265
[ Epoch 35 ]
  - (Training)   ppl:      nan, accuracy: 67.169 %, elapse: 2.621 min
  - (Validation) ppl:      nan, accuracy: 14.702 %, elapse: 0.095 min
  - (Test) 
hits@1 0.13182047402924862
map@1 0.13182047402924862
hits@5 0.21321230458900656
map@5 0.16187090267271811
hits@10 0.25103378719112457
map@10 0.1668233956887512
hits@20 0.2938981341401916
map@20 0.1697350328661364
hits@50 0.3656076651538074
map@50 0.17201912040581843
hits@100 0.4356026222894604
map@100 0.1730039528294635
[ Epoch 36 ]
  - (Training)   ppl:      nan, accuracy: 67.830 %, elapse: 2.491 min
  - (Validation) ppl:      nan, accuracy: 14.605 %, elapse: 0.092 min
  - (Test) 
hits@1 0.13212304589006554
map@1 0.13212304589006554
hits@5 0.21250630358043368
map@5 0.1616506975962347
hits@10 0.24952092788703983
map@10 0.1665591255833313
hits@20 0.2950075642965204
map@20 0.16963296242438688
hits@50 0.36671709531013613
map@50 0.17190312584319623
hits@100 0.43439233484619266
map@100 0.17285114712646957
[ Epoch 37 ]
  - (Training)   ppl:      nan, accuracy: 68.475 %, elapse: 2.617 min
  - (Validation) ppl:      nan, accuracy: 14.719 %, elapse: 0.098 min
  - (Test) 
hits@1 0.13262733232476046
map@1 0.13262733232476046
hits@5 0.21008572869389813
map@5 0.16116322070936287
hits@10 0.24931921331316187
map@10 0.16640391742509747
hits@20 0.2940998487140696
map@20 0.16946372065475784
hits@50 0.36651538073625817
map@50 0.17178534616324775
hits@100 0.43540090771558243
map@100 0.17274647223090867
[ Epoch 38 ]
  - (Training)   ppl:      nan, accuracy: 68.910 %, elapse: 2.465 min
  - (Validation) ppl:      nan, accuracy: 14.500 %, elapse: 0.096 min
  - (Test) 
hits@1 0.1320221886031266
map@1 0.1320221886031266
hits@5 0.21099344427634897
map@5 0.1608421583459405
hits@10 0.24851235501765004
map@10 0.1657639939485628
hits@20 0.2932929904185577
map@20 0.16884334416521316
hits@50 0.3630862329803328
map@50 0.17104945541265318
hits@100 0.4307614725163893
map@100 0.1720014383239705
[ Epoch 39 ]
  - (Training)   ppl:      nan, accuracy: 69.429 %, elapse: 2.670 min
  - (Validation) ppl:      nan, accuracy: 14.570 %, elapse: 0.082 min
  - (Test) 
hits@1 0.13071104387291982
map@1 0.13071104387291982
hits@5 0.21048915784165406
map@5 0.16039166246427972
hits@10 0.24982349974785678
map@10 0.16560102138014388
hits@20 0.2914775592536561
map@20 0.16853603059055677
hits@50 0.36348966212808875
map@50 0.17079275087350868
hits@100 0.4302571860816944
map@100 0.17173426248799345
[ Epoch 40 ]
  - (Training)   ppl:      nan, accuracy: 69.928 %, elapse: 2.509 min
  - (Validation) ppl:      nan, accuracy: 14.404 %, elapse: 0.095 min
  - (Test) 
hits@1 0.13101361573373677
map@1 0.13101361573373677
hits@5 0.20998487140695915
map@5 0.16010253824172127
hits@10 0.24942007060010085
map@10 0.16539498435111144
hits@20 0.29056984367120525
map@20 0.1682574516982816
hits@50 0.36409480584972265
map@50 0.17059652177598134
hits@100 0.42995461422087744
map@100 0.17153568763162377
[ Epoch 41 ]
  - (Training)   ppl:      nan, accuracy: 70.505 %, elapse: 2.587 min
  - (Validation) ppl:      nan, accuracy: 14.518 %, elapse: 0.090 min
  - (Test) 
hits@1 0.13101361573373677
map@1 0.13101361573373677
hits@5 0.21059001512859304
map@5 0.1599697428139183
hits@10 0.25012607160867373
map@10 0.16514240088370194
hits@20 0.29238527483610693
map@20 0.16807600111177812
hits@50 0.3609682299546142
map@50 0.1702305799885817
hits@100 0.4306606152294503
map@100 0.17121477343226119
[ Epoch 42 ]
  - (Training)   ppl:      nan, accuracy: 70.989 %, elapse: 2.633 min
  - (Validation) ppl:      nan, accuracy: 14.588 %, elapse: 0.085 min
  - (Test) 
hits@1 0.13071104387291982
map@1 0.13071104387291982
hits@5 0.20927887039838627
map@5 0.15957808034963852
hits@10 0.24730206757438225
map@10 0.16467725668179525
hits@20 0.29238527483610693
map@20 0.1677860261611426
hits@50 0.3596570852244075
map@50 0.16991259985026388
hits@100 0.4260211800302572
map@100 0.1708714403879268
[ Epoch 43 ]
  - (Training)   ppl:      nan, accuracy: 71.090 %, elapse: 2.503 min
  - (Validation) ppl:      nan, accuracy: 14.579 %, elapse: 0.095 min
  - (Test) 
hits@1 0.13071104387291982
map@1 0.13071104387291982
hits@5 0.20827029752899648
map@5 0.15970751386787693
hits@10 0.2469994957135653
map@10 0.16497286458708543
hits@20 0.29056984367120525
map@20 0.16799836744127924
hits@50 0.3595562279374685
map@50 0.1701744649518199
hits@100 0.42945032778618253
map@100 0.17117399039852868
[ Epoch 44 ]
  - (Training)   ppl:      nan, accuracy: 71.805 %, elapse: 2.420 min
  - (Validation) ppl:      nan, accuracy: 14.212 %, elapse: 0.092 min
  - (Test) 
hits@1 0.1320221886031266
map@1 0.1320221886031266
hits@5 0.20948058497226424
map@5 0.16105395864851235
hits@10 0.2469994957135653
map@10 0.16604163164677538
hits@20 0.2896621280887544
map@20 0.16897296849308063
hits@50 0.36238023197175995
map@50 0.17124774238361257
hits@100 0.4277357539082199
map@100 0.17218206138798467
[ Epoch 45 ]
  - (Training)   ppl:      nan, accuracy: 71.853 %, elapse: 2.394 min
  - (Validation) ppl:      nan, accuracy: 14.369 %, elapse: 0.085 min
  - (Test) 
hits@1 0.13222390317700453
map@1 0.13222390317700453
hits@5 0.20766515380736258
map@5 0.15996301899478907
hits@10 0.24568835098335856
map@10 0.1650553114168848
hits@20 0.28633383761976805
map@20 0.16786039704265676
hits@50 0.3584467977811397
map@50 0.1701235576668518
hits@100 0.42319717599596574
map@100 0.17105058871646522
[ Epoch 46 ]
  - (Training)   ppl:      nan, accuracy: 72.197 %, elapse: 2.495 min
  - (Validation) ppl:      nan, accuracy: 14.500 %, elapse: 0.092 min
  - (Test) 
hits@1 0.13222390317700453
map@1 0.13222390317700453
hits@5 0.20887544125063034
map@5 0.1607715582450832
hits@10 0.2454866364094806
map@10 0.16565701318348824
hits@20 0.28935955622793746
map@20 0.1686922310134513
hits@50 0.35925365607665155
map@50 0.17091908242037795
hits@100 0.42803832576903683
map@100 0.171899617537256
[ Epoch 47 ]
  - (Training)   ppl:      nan, accuracy: 72.778 %, elapse: 2.474 min
  - (Validation) ppl:      nan, accuracy: 14.387 %, elapse: 0.089 min
  - (Test) 
hits@1 0.13171961674230964
map@1 0.13171961674230964
hits@5 0.20806858295511851
map@5 0.16004202386955793
hits@10 0.24669692385274836
map@10 0.1651462430660615
hits@20 0.2898638426626324
map@20 0.16810392460270918
hits@50 0.3589510842158346
map@50 0.17028500862737075
hits@100 0.42793746848209785
map@100 0.17125212883563395
[ Epoch 48 ]
  - (Training)   ppl:      nan, accuracy: 73.002 %, elapse: 2.496 min
  - (Validation) ppl:      nan, accuracy: 14.369 %, elapse: 0.096 min
  - (Test) 
hits@1 0.13161875945537066
map@1 0.13161875945537066
hits@5 0.20958144225920322
map@5 0.160361405278198
hits@10 0.24367120524457891
map@10 0.16488065221045556
hits@20 0.2881492687846697
map@20 0.1679744056155863
hits@50 0.3605648008068583
map@50 0.17024737499493514
hits@100 0.4259203227433182
map@100 0.17117516050051154
[ Epoch 49 ]
  - (Training)   ppl:      nan, accuracy: 73.325 %, elapse: 2.466 min
  - (Validation) ppl:      nan, accuracy: 14.623 %, elapse: 0.093 min
  - (Test) 
hits@1 0.1303076147251639
map@1 0.1303076147251639
hits@5 0.20857286938981343
map@5 0.15969406622961843
hits@10 0.2454866364094806
map@10 0.1646044153078949
hits@20 0.28764498234997476
map@20 0.1675284891944845
hits@50 0.36127080181543114
map@50 0.16984041840398356
hits@100 0.42612203731719617
map@100 0.1707636911407002
