dataset: twitter, network: False
training set size:2753   valid set size:344  testing set size:345
3442
32.60139453805927
12627
training set size:2753   valid set size:344  testing set size:345
3442
32.60139453805927
12627
training set size:2753   valid set size:344  testing set size:345
3442
32.60139453805927
12627
[ Epoch 0 ]
  - (Training)   ppl:      nan, accuracy: 1.322 %, elapse: 1.047 min
  - (Validation) ppl:      nan, accuracy: 3.007 %, elapse: 0.057 min
  - (Test) 
hits@1 0.03479576399394856
map@1 0.03479576399394856
hits@5 0.03872919818456883
map@5 0.03614893259371323
hits@10 0.04427634896621281
map@10 0.03689275508488822
hits@20 0.05375693393847705
map@20 0.03752952251257896
hits@50 0.08492183560262229
map@50 0.03847341109964776
hits@100 0.12526475037821483
map@100 0.039033969501108434
    - [Info] The checkpoint file has been updated.
[ Epoch 1 ]
  - (Training)   ppl:      nan, accuracy: 3.011 %, elapse: 0.992 min
  - (Validation) ppl:      nan, accuracy: 2.884 %, elapse: 0.056 min
  - (Test) 
hits@1 0.03368633383761977
map@1 0.03368633383761977
hits@5 0.04901664145234493
map@5 0.0387981173306438
hits@10 0.061220373171961676
map@10 0.040394424032850644
hits@20 0.08522440746343923
map@20 0.04200936834063769
hits@50 0.1388804841149773
map@50 0.04365789276042507
hits@100 0.20937972768532526
map@100 0.04463540637636654
[ Epoch 2 ]
  - (Training)   ppl:      nan, accuracy: 2.919 %, elapse: 0.995 min
  - (Validation) ppl:      nan, accuracy: 2.823 %, elapse: 0.063 min
  - (Test) 
hits@1 0.03388804841149773
map@1 0.03388804841149773
hits@5 0.07181038830055471
map@5 0.047054967221381735
hits@10 0.1097327281896117
map@10 0.05201322351095421
hits@20 0.15864851235501765
map@20 0.05538231997789944
hits@50 0.2437720625315179
map@50 0.05801783222061738
hits@100 0.3368633383761977
map@100 0.05932657710528175
[ Epoch 3 ]
  - (Training)   ppl:      nan, accuracy: 3.088 %, elapse: 0.999 min
  - (Validation) ppl:      nan, accuracy: 3.330 %, elapse: 0.058 min
  - (Test) 
hits@1 0.03792233988905699
map@1 0.03792233988905699
hits@5 0.08714069591527988
map@5 0.05449487308791393
hits@10 0.12365103378719113
map@10 0.05933534247452552
hits@20 0.16954109934442763
map@20 0.062475613367860776
hits@50 0.26505295007564295
map@50 0.06546361832947512
hits@100 0.3723651033787191
map@100 0.0669771242572686
    - [Info] The checkpoint file has been updated.
[ Epoch 4 ]
  - (Training)   ppl:      nan, accuracy: 3.686 %, elapse: 0.980 min
  - (Validation) ppl:      nan, accuracy: 3.575 %, elapse: 0.059 min
  - (Test) 
hits@1 0.04044377206253152
map@1 0.04044377206253152
hits@5 0.08794755421079173
map@5 0.056253151790216845
hits@10 0.1286938981341402
map@10 0.061613236318228744
hits@20 0.18940998487140695
map@20 0.06577714517693113
hits@50 0.2989409984871407
map@50 0.06917653903282679
hits@100 0.42178517397882
map@100 0.0708938987472347
    - [Info] The checkpoint file has been updated.
[ Epoch 5 ]
  - (Training)   ppl:      nan, accuracy: 4.332 %, elapse: 1.017 min
  - (Validation) ppl:      nan, accuracy: 4.484 %, elapse: 0.059 min
  - (Test) 
hits@1 0.050126071608673724
map@1 0.050126071608673724
hits@5 0.10468986384266263
map@5 0.0695360564800807
hits@10 0.14442763489662128
map@10 0.07480084688102843
hits@20 0.20020171457387798
map@20 0.07859684311860628
hits@50 0.30892586989409987
map@50 0.0819885414827428
hits@100 0.4405446293494705
map@100 0.08382972910228448
    - [Info] The checkpoint file has been updated.
[ Epoch 6 ]
  - (Training)   ppl:      nan, accuracy: 5.310 %, elapse: 0.994 min
  - (Validation) ppl:      nan, accuracy: 5.078 %, elapse: 0.057 min
  - (Test) 
hits@1 0.05375693393847705
map@1 0.05375693393847705
hits@5 0.11880988401412002
map@5 0.07715078164397376
hits@10 0.1626828038325769
map@10 0.08295131634768549
hits@20 0.22390317700453857
map@20 0.08711945459562591
hits@50 0.34261220373171963
map@50 0.0907936910118368
hits@100 0.4720121028744327
map@100 0.09260990469934548
    - [Info] The checkpoint file has been updated.
[ Epoch 7 ]
  - (Training)   ppl:      nan, accuracy: 6.544 %, elapse: 1.005 min
  - (Validation) ppl:      nan, accuracy: 6.153 %, elapse: 0.058 min
  - (Test) 
hits@1 0.06031265758951084
map@1 0.06031265758951084
hits@5 0.13282904689863842
map@5 0.08619431837283575
hits@10 0.1734745335350479
map@10 0.09158758174643196
hits@20 0.2389309127584468
map@20 0.0960522137915781
hits@50 0.36651538073625817
map@50 0.10003617617540815
hits@100 0.4879475542107917
map@100 0.10173807978296315
    - [Info] The checkpoint file has been updated.
[ Epoch 8 ]
  - (Training)   ppl:      nan, accuracy: 7.627 %, elapse: 0.988 min
  - (Validation) ppl:      nan, accuracy: 7.342 %, elapse: 0.058 min
  - (Test) 
hits@1 0.07443267776096824
map@1 0.07443267776096824
hits@5 0.14583963691376703
map@5 0.10064884854597411
hits@10 0.18860312657589512
map@10 0.10625259147195608
hits@20 0.2557740796772567
map@20 0.110822709941001
hits@50 0.37539082198688856
map@50 0.11452541338037513
hits@100 0.5019667170953102
map@100 0.11630610338826698
    - [Info] The checkpoint file has been updated.
[ Epoch 9 ]
  - (Training)   ppl:      nan, accuracy: 8.777 %, elapse: 1.006 min
  - (Validation) ppl:      nan, accuracy: 8.041 %, elapse: 0.059 min
  - (Test) 
hits@1 0.07715582450832073
map@1 0.07715582450832073
hits@5 0.1508825012607161
map@5 0.10380063876281728
hits@10 0.19768028240040342
map@10 0.10997070335950822
hits@20 0.2616238023197176
map@20 0.11430028707842133
hits@50 0.38134140191628846
map@50 0.11806300543500993
hits@100 0.5102370146243066
map@100 0.11988136658833307
    - [Info] The checkpoint file has been updated.
[ Epoch 10 ]
  - (Training)   ppl:      nan, accuracy: 9.812 %, elapse: 0.991 min
  - (Validation) ppl:      nan, accuracy: 8.574 %, elapse: 0.057 min
  - (Test) 
hits@1 0.08996469994957136
map@1 0.08996469994957136
hits@5 0.16560766515380737
map@5 0.116631366616238
hits@10 0.21129601613716592
map@10 0.12264882453233436
hits@20 0.27634896621280886
map@20 0.12704173342820105
hits@50 0.3917297024710035
map@50 0.13064624325755536
hits@100 0.518608169440242
map@100 0.13242979913123687
    - [Info] The checkpoint file has been updated.
[ Epoch 11 ]
  - (Training)   ppl:      nan, accuracy: 10.777 %, elapse: 0.976 min
  - (Validation) ppl:      nan, accuracy: 9.300 %, elapse: 0.058 min
  - (Test) 
hits@1 0.0934947049924357
map@1 0.0934947049924357
hits@5 0.1714573877962683
map@5 0.12108757774415868
hits@10 0.2189611699445285
map@10 0.12739616101945905
hits@20 0.28290468986384265
map@20 0.13175149073233644
hits@50 0.405547150781644
map@50 0.13558854038353033
hits@100 0.5288956127080181
map@100 0.13732978660383263
    - [Info] The checkpoint file has been updated.
[ Epoch 12 ]
  - (Training)   ppl:      nan, accuracy: 11.717 %, elapse: 1.005 min
  - (Validation) ppl:      nan, accuracy: 9.143 %, elapse: 0.060 min
  - (Test) 
hits@1 0.09016641452344933
map@1 0.09016641452344933
hits@5 0.16792738275340394
map@5 0.11833753572028914
hits@10 0.21341401916288452
map@10 0.12434802968085872
hits@20 0.27917297024710036
map@20 0.1288933147654922
hits@50 0.40584972264246094
map@50 0.13283583166863222
hits@100 0.5268784669692386
map@100 0.13455065264379867
[ Epoch 13 ]
  - (Training)   ppl:      nan, accuracy: 12.533 %, elapse: 1.020 min
  - (Validation) ppl:      nan, accuracy: 10.454 %, elapse: 0.058 min
  - (Test) 
hits@1 0.09833585476550681
map@1 0.09833585476550681
hits@5 0.17912254160363086
map@5 0.12790048747688687
hits@10 0.22561775088250127
map@10 0.13404337663793037
hits@20 0.2914775592536561
map@20 0.13852769258604308
hits@50 0.4129097327281896
map@50 0.14231113222541272
hits@100 0.5347453353504791
map@100 0.14404460711742498
    - [Info] The checkpoint file has been updated.
[ Epoch 14 ]
  - (Training)   ppl:      nan, accuracy: 13.370 %, elapse: 0.991 min
  - (Validation) ppl:      nan, accuracy: 10.445 %, elapse: 0.058 min
  - (Test) 
hits@1 0.10418557740796773
map@1 0.10418557740796773
hits@5 0.18255168935955624
map@5 0.1324272987056648
hits@10 0.2318709026727181
map@10 0.13890950059633875
hits@20 0.2950075642965204
map@20 0.1432007948884058
hits@50 0.41492687846696924
map@50 0.14696482069737596
hits@100 0.5344427634896621
map@100 0.1486550741521481
[ Epoch 15 ]
  - (Training)   ppl:      nan, accuracy: 13.816 %, elapse: 0.970 min
  - (Validation) ppl:      nan, accuracy: 10.926 %, elapse: 0.059 min
  - (Test) 
hits@1 0.10347957639939485
map@1 0.10347957639939485
hits@5 0.1869894099848714
map@5 0.13335854765506808
hits@10 0.237720625315179
map@10 0.14010770117426696
hits@20 0.3004538577912254
map@20 0.14445806066446057
hits@50 0.41976802824004034
map@50 0.14816557743897368
hits@100 0.5365607665153808
map@100 0.14981007421964251
    - [Info] The checkpoint file has been updated.
[ Epoch 16 ]
  - (Training)   ppl:      nan, accuracy: 14.715 %, elapse: 0.959 min
  - (Validation) ppl:      nan, accuracy: 11.170 %, elapse: 0.060 min
  - (Test) 
hits@1 0.1075138678769541
map@1 0.1075138678769541
hits@5 0.19072112960161372
map@5 0.13759959657085227
hits@10 0.23933434190620273
map@10 0.14403757334165812
hits@20 0.30499243570347956
map@20 0.14851926417186623
hits@50 0.42017145738779627
map@50 0.152123995889202
hits@100 0.5373676248108926
map@100 0.15379592498972125
    - [Info] The checkpoint file has been updated.
[ Epoch 17 ]
  - (Training)   ppl:      nan, accuracy: 15.353 %, elapse: 0.964 min
  - (Validation) ppl:      nan, accuracy: 11.363 %, elapse: 0.058 min
  - (Test) 
hits@1 0.11114473020675744
map@1 0.11114473020675744
hits@5 0.19525970751386787
map@5 0.14126743990586654
hits@10 0.24367120524457891
map@10 0.14773911581778448
hits@20 0.30509329299041854
map@20 0.15196342080703193
hits@50 0.4234997478567826
map@50 0.15567053818431323
hits@100 0.5386787695410994
map@100 0.15730858554889687
    - [Info] The checkpoint file has been updated.
[ Epoch 18 ]
  - (Training)   ppl:      nan, accuracy: 15.904 %, elapse: 0.973 min
  - (Validation) ppl:      nan, accuracy: 11.083 %, elapse: 0.059 min
  - (Test) 
hits@1 0.10943015632879476
map@1 0.10943015632879476
hits@5 0.19697428139183057
map@5 0.14106068246764167
hits@10 0.24528492183560263
map@10 0.1474334221838004
hits@20 0.30912758446797783
map@20 0.15179109031771523
hits@50 0.427231467473525
map@50 0.15544879970452888
hits@100 0.5371659102370147
map@100 0.15701162683747102
[ Epoch 19 ]
  - (Training)   ppl:      nan, accuracy: 16.570 %, elapse: 1.009 min
  - (Validation) ppl:      nan, accuracy: 11.345 %, elapse: 0.059 min
  - (Test) 
hits@1 0.11144730206757439
map@1 0.11144730206757439
hits@5 0.19818456883509833
map@5 0.1425903513195495
hits@10 0.24800806858295513
map@10 0.14927230667018868
hits@20 0.31043872919818455
map@20 0.15350220560906122
hits@50 0.4275340393343419
map@50 0.15716235456637298
hits@100 0.5395864851235502
map@100 0.15875143001987313
[ Epoch 20 ]
  - (Training)   ppl:      nan, accuracy: 17.138 %, elapse: 1.001 min
  - (Validation) ppl:      nan, accuracy: 11.363 %, elapse: 0.059 min
  - (Test) 
hits@1 0.11255673222390318
map@1 0.11255673222390318
hits@5 0.19858799798285426
map@5 0.14376029584804173
hits@10 0.2464952092788704
map@10 0.15012415051749398
hits@20 0.30852244074634394
map@20 0.1543705806174835
hits@50 0.4275340393343419
map@50 0.15809470676223383
hits@100 0.5394856278366112
map@100 0.15968026760902895
    - [Info] The checkpoint file has been updated.
[ Epoch 21 ]
  - (Training)   ppl:      nan, accuracy: 17.655 %, elapse: 1.017 min
  - (Validation) ppl:      nan, accuracy: 11.625 %, elapse: 0.060 min
  - (Test) 
hits@1 0.11306101865859808
map@1 0.11306101865859808
hits@5 0.1982854261220373
map@5 0.14403597243234156
hits@10 0.24831064044377207
map@10 0.15066397713901494
hits@20 0.3112455874936964
map@20 0.15491918664515772
hits@50 0.42995461422087744
map@50 0.1586303323389499
hits@100 0.5432173474533535
map@100 0.16023062663694226
    - [Info] The checkpoint file has been updated.
[ Epoch 22 ]
  - (Training)   ppl:      nan, accuracy: 18.084 %, elapse: 1.013 min
  - (Validation) ppl:      nan, accuracy: 12.044 %, elapse: 0.058 min
  - (Test) 
hits@1 0.11578416540595057
map@1 0.11578416540595057
hits@5 0.20242057488653556
map@5 0.14732728189611696
hits@10 0.24790721129601614
map@10 0.15336471115593656
hits@20 0.30902672718103885
map@20 0.15756422055443614
hits@50 0.4290468986384266
map@50 0.1613691708030804
hits@100 0.5397881996974281
map@100 0.16294176007560277
    - [Info] The checkpoint file has been updated.
[ Epoch 23 ]
  - (Training)   ppl:      nan, accuracy: 18.592 %, elapse: 0.996 min
  - (Validation) ppl:      nan, accuracy: 11.974 %, elapse: 0.059 min
  - (Test) 
hits@1 0.11558245083207262
map@1 0.11558245083207262
hits@5 0.2028240040342915
map@5 0.1477592872751723
hits@10 0.25002521432173475
map@10 0.15407547486972606
hits@20 0.3100353000504286
map@20 0.15819606427095548
hits@50 0.43096318709026726
map@50 0.16200914351803242
hits@100 0.5397881996974281
map@100 0.16356609042204442
[ Epoch 24 ]
  - (Training)   ppl:      nan, accuracy: 18.916 %, elapse: 0.988 min
  - (Validation) ppl:      nan, accuracy: 12.132 %, elapse: 0.057 min
  - (Test) 
hits@1 0.11467473524962178
map@1 0.11467473524962178
hits@5 0.20403429147755925
map@5 0.14709026727181043
hits@10 0.2529500756429652
map@10 0.15369441842966802
hits@20 0.31578416540595056
map@20 0.1579571238906705
hits@50 0.4297528996469995
map@50 0.1615264826312852
hits@100 0.5434190620272314
map@100 0.16314867194759847
    - [Info] The checkpoint file has been updated.
[ Epoch 25 ]
  - (Training)   ppl:      nan, accuracy: 19.387 %, elapse: 0.977 min
  - (Validation) ppl:      nan, accuracy: 12.176 %, elapse: 0.057 min
  - (Test) 
hits@1 0.11578416540595057
map@1 0.11578416540595057
hits@5 0.2042360060514372
map@5 0.14779290637081863
hits@10 0.25315179021684314
map@10 0.15420470827429983
hits@20 0.32032274331820476
map@20 0.15871887269120566
hits@50 0.4312657589510842
map@50 0.16218125154640378
hits@100 0.5412002017145738
map@100 0.16373321681029696
    - [Info] The checkpoint file has been updated.
[ Epoch 26 ]
  - (Training)   ppl:      nan, accuracy: 19.909 %, elapse: 0.977 min
  - (Validation) ppl:      nan, accuracy: 12.377 %, elapse: 0.058 min
  - (Test) 
hits@1 0.11548159354513364
map@1 0.11548159354513364
hits@5 0.20534543620776602
map@5 0.14752899646999496
hits@10 0.25587493696419567
map@10 0.15428755533142824
hits@20 0.3172970247100353
map@20 0.15842974915448135
hits@50 0.4302571860816944
map@50 0.16196159526646822
hits@100 0.5418053454362077
map@100 0.16354294264743877
    - [Info] The checkpoint file has been updated.
[ Epoch 27 ]
  - (Training)   ppl:      nan, accuracy: 20.330 %, elapse: 1.013 min
  - (Validation) ppl:      nan, accuracy: 12.237 %, elapse: 0.059 min
  - (Test) 
hits@1 0.11770045385779122
map@1 0.11770045385779122
hits@5 0.20514372163388805
map@5 0.1491090939653723
hits@10 0.2562783661119516
map@10 0.15594841870182263
hits@20 0.31507816439737774
map@20 0.15997951672896524
hits@50 0.43267776096822996
map@50 0.16366196239821537
hits@100 0.5433182047402925
map@100 0.16522806698564485
[ Epoch 28 ]
  - (Training)   ppl:      nan, accuracy: 20.754 %, elapse: 0.975 min
  - (Validation) ppl:      nan, accuracy: 12.176 %, elapse: 0.057 min
  - (Test) 
hits@1 0.11749873928391326
map@1 0.11749873928391326
hits@5 0.20554715078164398
map@5 0.14960497562615566
hits@10 0.25416036308623297
map@10 0.15597475366007893
hits@20 0.3184064548663641
map@20 0.16033807980390702
hits@50 0.43106404437720625
map@50 0.16388825976618246
hits@100 0.5448310640443772
map@100 0.1655068714671773
[ Epoch 29 ]
  - (Training)   ppl:      nan, accuracy: 21.170 %, elapse: 1.008 min
  - (Validation) ppl:      nan, accuracy: 12.342 %, elapse: 0.059 min
  - (Test) 
hits@1 0.11921331316187594
map@1 0.11921331316187594
hits@5 0.20463943519919314
map@5 0.14999831904521765
hits@10 0.2520423600605144
map@10 0.15624978988065222
hits@20 0.3151790216843167
map@20 0.16055861681241648
hits@50 0.4308623298033283
map@50 0.1641915615543166
hits@100 0.5396873424104892
map@100 0.16574152791420413
[ Epoch 30 ]
  - (Training)   ppl:      nan, accuracy: 21.466 %, elapse: 0.973 min
  - (Validation) ppl:      nan, accuracy: 12.481 %, elapse: 0.058 min
  - (Test) 
hits@1 0.11770045385779122
map@1 0.11770045385779122
hits@5 0.20403429147755925
map@5 0.14885526979324254
hits@10 0.2519415027735754
map@10 0.15523125135076724
hits@20 0.31437216338880486
map@20 0.15950185890001725
hits@50 0.4306606152294503
map@50 0.16318109417210153
hits@100 0.5421079172970247
map@100 0.16475744110233606
    - [Info] The checkpoint file has been updated.
[ Epoch 31 ]
  - (Training)   ppl:      nan, accuracy: 21.869 %, elapse: 0.966 min
  - (Validation) ppl:      nan, accuracy: 12.359 %, elapse: 0.057 min
  - (Test) 
hits@1 0.11901159858799798
map@1 0.11901159858799798
hits@5 0.205446293494705
map@5 0.15014288115649688
hits@10 0.2551689359556228
map@10 0.15672245835634646
hits@20 0.31820474029248613
map@20 0.16107364644249372
hits@50 0.43338376197680284
map@50 0.16470347037138666
hits@100 0.5439233484619264
map@100 0.16627215541763127
[ Epoch 32 ]
  - (Training)   ppl:      nan, accuracy: 22.030 %, elapse: 0.993 min
  - (Validation) ppl:      nan, accuracy: 12.621 %, elapse: 0.055 min
  - (Test) 
hits@1 0.11931417044881493
map@1 0.11931417044881493
hits@5 0.2028240040342915
map@5 0.14997982854261221
hits@10 0.25315179021684314
map@10 0.1565735337671798
hits@20 0.31649016641452343
map@20 0.16090300165290913
hits@50 0.4318709026727181
map@50 0.16454154539488913
hits@100 0.5451336359051941
map@100 0.16613274803145003
    - [Info] The checkpoint file has been updated.
[ Epoch 33 ]
  - (Training)   ppl:      nan, accuracy: 22.482 %, elapse: 0.951 min
  - (Validation) ppl:      nan, accuracy: 12.682 %, elapse: 0.057 min
  - (Test) 
hits@1 0.11991931417044882
map@1 0.11991931417044882
hits@5 0.20837115481593546
map@5 0.15157673558581278
hits@10 0.259505799293999
map@10 0.15842442507344173
hits@20 0.31981845688350985
map@20 0.1625091568735803
hits@50 0.43449319213313164
map@50 0.16611528282226315
hits@100 0.5421079172970247
map@100 0.16763531416051505
    - [Info] The checkpoint file has been updated.
[ Epoch 34 ]
  - (Training)   ppl:      nan, accuracy: 22.690 %, elapse: 0.991 min
  - (Validation) ppl:      nan, accuracy: 12.508 %, elapse: 0.058 min
  - (Test) 
hits@1 0.12032274331820474
map@1 0.12032274331820474
hits@5 0.20625315179021683
map@5 0.1511749873928391
hits@10 0.2555723651033787
map@10 0.15772338688374993
hits@20 0.3167927382753404
map@20 0.1618775999956007
hits@50 0.43156833081190116
map@50 0.16548694256992552
hits@100 0.5418053454362077
map@100 0.16704722895198873
[ Epoch 35 ]
  - (Training)   ppl:      nan, accuracy: 23.066 %, elapse: 1.011 min
  - (Validation) ppl:      nan, accuracy: 12.691 %, elapse: 0.058 min
  - (Test) 
hits@1 0.12042360060514372
map@1 0.12042360060514372
hits@5 0.20615229450327785
map@5 0.15199193141704487
hits@10 0.2550680786686838
map@10 0.15846712932945917
hits@20 0.31921331316187596
map@20 0.16288179651618337
hits@50 0.43116490166414523
map@50 0.16640560532667809
hits@100 0.5377710539586485
map@100 0.1679161983719866
    - [Info] The checkpoint file has been updated.
[ Epoch 36 ]
  - (Training)   ppl:      nan, accuracy: 23.284 %, elapse: 0.966 min
  - (Validation) ppl:      nan, accuracy: 12.578 %, elapse: 0.058 min
  - (Test) 
hits@1 0.11961674230963187
map@1 0.11961674230963187
hits@5 0.2048411497730711
map@5 0.15050764834425956
hits@10 0.2562783661119516
map@10 0.15742273611411278
hits@20 0.31820474029248613
map@20 0.16163782839690202
hits@50 0.43096318709026726
map@50 0.16521802367488742
hits@100 0.5416036308623298
map@100 0.16677803731451468
[ Epoch 37 ]
  - (Training)   ppl:      nan, accuracy: 23.551 %, elapse: 0.981 min
  - (Validation) ppl:      nan, accuracy: 12.647 %, elapse: 0.058 min
  - (Test) 
hits@1 0.1178013111447302
map@1 0.1178013111447302
hits@5 0.20201714573877963
map@5 0.1489040174819298
hits@10 0.25355521936459907
map@10 0.15575078644670173
hits@20 0.31588502269288954
map@20 0.15999032029421534
hits@50 0.43096318709026726
map@50 0.16360025402032086
hits@100 0.5407967725668179
map@100 0.16515266798484546
[ Epoch 38 ]
  - (Training)   ppl:      nan, accuracy: 24.006 %, elapse: 0.994 min
  - (Validation) ppl:      nan, accuracy: 12.551 %, elapse: 0.059 min
  - (Test) 
hits@1 0.11790216843166919
map@1 0.11790216843166919
hits@5 0.20796772566817953
map@5 0.15078332492855945
hits@10 0.2566817952597075
map@10 0.15722210215402346
hits@20 0.3165910237014624
map@20 0.16130855009747813
hits@50 0.42945032778618253
map@50 0.16488614435599266
hits@100 0.5406959152798789
map@100 0.16645457579484932
[ Epoch 39 ]
  - (Training)   ppl:      nan, accuracy: 24.342 %, elapse: 0.967 min
  - (Validation) ppl:      nan, accuracy: 12.674 %, elapse: 0.058 min
  - (Test) 
hits@1 0.11860816944024205
map@1 0.11860816944024205
hits@5 0.20655572365103378
map@5 0.15112960161371658
hits@10 0.25607665153807363
map@10 0.15769485067518352
hits@20 0.31971759959657087
map@20 0.16202449342349018
hits@50 0.4307614725163893
map@50 0.16551958274745707
hits@100 0.5378719112455875
map@100 0.16704799766888953
[ Epoch 40 ]
  - (Training)   ppl:      nan, accuracy: 24.621 %, elapse: 0.984 min
  - (Validation) ppl:      nan, accuracy: 12.796 %, elapse: 0.059 min
  - (Test) 
hits@1 0.11921331316187594
map@1 0.11921331316187594
hits@5 0.20827029752899648
map@5 0.15144394015800972
hits@10 0.2566817952597075
map@10 0.15790448975017807
hits@20 0.318910741301059
map@20 0.16219189137807377
hits@50 0.43106404437720625
map@50 0.16574198979221738
hits@100 0.5393847705496723
map@100 0.16727576953402618
    - [Info] The checkpoint file has been updated.
[ Epoch 41 ]
  - (Training)   ppl:      nan, accuracy: 24.601 %, elapse: 1.016 min
  - (Validation) ppl:      nan, accuracy: 12.604 %, elapse: 0.058 min
  - (Test) 
hits@1 0.11830559757942512
map@1 0.11830559757942512
hits@5 0.2037317196167423
map@5 0.14949403261052274
hits@10 0.25648008068582956
map@10 0.15646835402508627
hits@20 0.31931417044881494
map@20 0.16078494177106376
hits@50 0.4301563287947554
map@50 0.16429813698770526
hits@100 0.540393343419062
map@100 0.1658603556345812
[ Epoch 42 ]
  - (Training)   ppl:      nan, accuracy: 24.921 %, elapse: 0.992 min
  - (Validation) ppl:      nan, accuracy: 12.595 %, elapse: 0.058 min
  - (Test) 
hits@1 0.12042360060514372
map@1 0.12042360060514372
hits@5 0.20806858295511851
map@5 0.15219700790048749
hits@10 0.2561775088250126
map@10 0.1585877578464568
hits@20 0.32042360060514374
map@20 0.16302725940020266
hits@50 0.43207261724659607
map@50 0.16654897132637947
hits@100 0.540292486132123
map@100 0.16808475378895635
[ Epoch 43 ]
  - (Training)   ppl:      nan, accuracy: 25.390 %, elapse: 0.967 min
  - (Validation) ppl:      nan, accuracy: 12.945 %, elapse: 0.058 min
  - (Test) 
hits@1 0.1200201714573878
map@1 0.1200201714573878
hits@5 0.20514372163388805
map@5 0.15157169272146578
hits@10 0.2572869389813414
map@10 0.15851635729094132
hits@20 0.319112455874937
map@20 0.16271937267789785
hits@50 0.4314674735249622
map@50 0.1662792167419767
hits@100 0.5364599092284418
map@100 0.16776647145798992
    - [Info] The checkpoint file has been updated.
[ Epoch 44 ]
  - (Training)   ppl:      nan, accuracy: 25.531 %, elapse: 0.994 min
  - (Validation) ppl:      nan, accuracy: 12.717 %, elapse: 0.060 min
  - (Test) 
hits@1 0.12344931921331316
map@1 0.12344931921331316
hits@5 0.20746343923348462
map@5 0.15317532358379554
hits@10 0.2562783661119516
map@10 0.15967873752291303
hits@20 0.3215330307614725
map@20 0.1641509490517116
hits@50 0.42924861321230456
map@50 0.16748467366425593
hits@100 0.540090771558245
map@100 0.1690528644802866
[ Epoch 45 ]
  - (Training)   ppl:      nan, accuracy: 25.730 %, elapse: 0.988 min
  - (Validation) ppl:      nan, accuracy: 12.709 %, elapse: 0.058 min
  - (Test) 
hits@1 0.118910741301059
map@1 0.118910741301059
hits@5 0.20463943519919314
map@5 0.15033282904689863
hits@10 0.25658093797276854
map@10 0.15717679642036678
hits@20 0.32042360060514374
map@20 0.16151986796014048
hits@50 0.4290468986384266
map@50 0.16498329742121792
hits@100 0.5366616238023197
map@100 0.16651886427083112
[ Epoch 46 ]
  - (Training)   ppl:      nan, accuracy: 25.796 %, elapse: 1.013 min
  - (Validation) ppl:      nan, accuracy: 12.674 %, elapse: 0.058 min
  - (Test) 
hits@1 0.11870902672718103
map@1 0.11870902672718103
hits@5 0.20635400907715581
map@5 0.15082030593377033
hits@10 0.25597579425113465
map@10 0.15734625267151736
hits@20 0.3214321734745335
map@20 0.16183618145503928
hits@50 0.4306606152294503
map@50 0.16528259435752954
hits@100 0.5386787695410994
map@100 0.16682425814605553
[ Epoch 47 ]
  - (Training)   ppl:      nan, accuracy: 26.144 %, elapse: 0.974 min
  - (Validation) ppl:      nan, accuracy: 12.770 %, elapse: 0.059 min
  - (Test) 
hits@1 0.1211296016137166
map@1 0.1211296016137166
hits@5 0.20716086737266767
map@5 0.15203395528660277
hits@10 0.2600100857286939
map@10 0.15898926590303292
hits@20 0.3194150277357539
map@20 0.1630293872900885
hits@50 0.42945032778618253
map@50 0.16647419891143747
hits@100 0.535451336359052
map@100 0.1679788680847668
[ Epoch 48 ]
  - (Training)   ppl:      nan, accuracy: 26.393 %, elapse: 1.001 min
  - (Validation) ppl:      nan, accuracy: 12.761 %, elapse: 0.058 min
  - (Test) 
hits@1 0.11951588502269289
map@1 0.11951588502269289
hits@5 0.20625315179021683
map@5 0.1514523449319213
hits@10 0.25708522440746345
map@10 0.15811825116666264
hits@20 0.31870902672718104
map@20 0.16237355415247526
hits@50 0.4276348966212809
map@50 0.16581030156217896
hits@100 0.5380736258194655
map@100 0.167381073380149
[ Epoch 49 ]
  - (Training)   ppl:      nan, accuracy: 26.593 %, elapse: 0.969 min
  - (Validation) ppl:      nan, accuracy: 12.709 %, elapse: 0.056 min
  - (Test) 
hits@1 0.12314674735249621
map@1 0.12314674735249621
hits@5 0.20635400907715581
map@5 0.1536695242897966
hits@10 0.259304084720121
map@10 0.16068054655044064
hits@20 0.32465960665658095
map@20 0.16510272479207339
hits@50 0.4306606152294503
map@50 0.16843245145937752
hits@100 0.5363590519415028
map@100 0.16993948742566195
