dataset: douban, network: False
training set size:8487   valid set size:1057  testing set size:1058
10602
27.143935106583662
23123
training set size:8487   valid set size:1057  testing set size:1058
10602
27.143935106583662
23123
training set size:8487   valid set size:1057  testing set size:1058
10602
27.143935106583662
23123
[ Epoch 0 ]
  - (Training)   ppl:      nan, accuracy: 3.465 %, elapse: 6.707 min
  - (Validation) ppl:      nan, accuracy: 3.917 %, elapse: 0.285 min
  - (Test) 
hits@1 0.042429314799315894
map@1 0.042429314799315894
hits@5 0.08791528692551218
map@5 0.05922091626942249
hits@10 0.1154979804228376
map@10 0.06288457306433363
hits@20 0.14399039336268696
map@20 0.06485637711416925
hits@50 0.197299952694589
map@50 0.06652595339461795
hits@100 0.25428477857428766
map@100 0.06732834156447408
    - [Info] The checkpoint file has been updated.
[ Epoch 1 ]
  - (Training)   ppl:      nan, accuracy: 4.443 %, elapse: 6.187 min
  - (Validation) ppl:      nan, accuracy: 4.254 %, elapse: 0.292 min
  - (Test) 
hits@1 0.04694152323423456
map@1 0.04694152323423456
hits@5 0.10083330300935192
map@5 0.06614873306405637
hits@10 0.13267348349768932
map@10 0.0703467850514901
hits@20 0.17372002474436885
map@20 0.0731629616906898
hits@50 0.24056620938102688
map@50 0.07526904832795742
hits@100 0.30773989301699356
map@100 0.07622336561920716
    - [Info] The checkpoint file has been updated.
[ Epoch 2 ]
  - (Training)   ppl:      nan, accuracy: 4.661 %, elapse: 6.216 min
  - (Validation) ppl:      nan, accuracy: 4.517 %, elapse: 0.288 min
  - (Test) 
hits@1 0.05079873367053601
map@1 0.05079873367053601
hits@5 0.10825661366034715
map@5 0.07115158351830962
hits@10 0.14297150758706015
map@10 0.07571713328054074
hits@20 0.18609220916269423
map@20 0.07868674885788905
hits@50 0.25894254212001017
map@50 0.0809679566042295
hits@100 0.3317564862996252
map@100 0.08200563798969095
    - [Info] The checkpoint file has been updated.
[ Epoch 3 ]
  - (Training)   ppl:      nan, accuracy: 4.848 %, elapse: 5.945 min
  - (Validation) ppl:      nan, accuracy: 4.469 %, elapse: 0.273 min
  - (Test) 
hits@1 0.052618172555583854
map@1 0.052618172555583854
hits@5 0.10978494232378734
map@5 0.07308018873646033
hits@10 0.14551872202612715
map@10 0.07784245449814386
hits@20 0.190531640042211
map@20 0.0809123692028154
hits@50 0.26585640988319204
map@50 0.08330168352996686
hits@100 0.33917979695062045
map@100 0.08433946412091677
[ Epoch 4 ]
  - (Training)   ppl:      nan, accuracy: 4.981 %, elapse: 6.120 min
  - (Validation) ppl:      nan, accuracy: 4.527 %, elapse: 0.277 min
  - (Test) 
hits@1 0.052545395000181946
map@1 0.052545395000181946
hits@5 0.11094938321021797
map@5 0.0732360540009461
hits@10 0.146464830246352
map@10 0.07794942595259179
hits@20 0.19387940759069902
map@20 0.0811834635435008
hits@50 0.27007750809650305
map@50 0.08359540035642744
hits@100 0.3441650594956515
map@100 0.08463795894449967
    - [Info] The checkpoint file has been updated.
[ Epoch 5 ]
  - (Training)   ppl:      nan, accuracy: 5.151 %, elapse: 6.177 min
  - (Validation) ppl:      nan, accuracy: 4.447 %, elapse: 0.275 min
  - (Test) 
hits@1 0.052618172555583854
map@1 0.052618172555583854
hits@5 0.11284159965066773
map@5 0.07406207925475784
hits@10 0.14857537935300752
map@10 0.07877087372920857
hits@20 0.19362468614679232
map@20 0.0818703148734745
hits@50 0.27109639387212986
map@50 0.084320201668185
hits@100 0.3443470033841563
map@100 0.0853567955942673
[ Epoch 6 ]
  - (Training)   ppl:      nan, accuracy: 5.327 %, elapse: 6.196 min
  - (Validation) ppl:      nan, accuracy: 4.485 %, elapse: 0.287 min
  - (Test) 
hits@1 0.053345948109603
map@1 0.053345948109603
hits@5 0.11258687820676104
map@5 0.07437077738558764
hits@10 0.14886648957461518
map@10 0.07921136565927513
hits@20 0.1935519085913904
map@20 0.08230436152932534
hits@50 0.2717150030930461
map@50 0.08475260581094196
hits@100 0.34405589316254864
map@100 0.08577233023968438
[ Epoch 7 ]
  - (Training)   ppl:      nan, accuracy: 5.428 %, elapse: 6.159 min
  - (Validation) ppl:      nan, accuracy: 4.504 %, elapse: 0.292 min
  - (Test) 
hits@1 0.05247261744478003
map@1 0.05247261744478003
hits@5 0.113460208871584
map@5 0.07430042574869905
hits@10 0.14904843346311997
map@10 0.07901773981792903
hits@20 0.19304246570357703
map@20 0.08204334078910608
hits@50 0.27058695098431645
map@50 0.08448385141933858
hits@100 0.3416542338342855
map@100 0.08548805154008922
[ Epoch 8 ]
  - (Training)   ppl:      nan, accuracy: 5.511 %, elapse: 6.045 min
  - (Validation) ppl:      nan, accuracy: 4.485 %, elapse: 0.283 min
  - (Test) 
hits@1 0.05287289399949056
map@1 0.05287289399949056
hits@5 0.11349659764928496
map@5 0.07472253557003022
hits@10 0.14973982023943816
map@10 0.0795234427480343
hits@20 0.19307885448127798
map@20 0.08250354678602236
hits@50 0.26829445798915613
map@50 0.08488331895744144
hits@100 0.3375059131763764
map@100 0.08586169780812185
[ Epoch 9 ]
  - (Training)   ppl:      nan, accuracy: 5.645 %, elapse: 6.072 min
  - (Validation) ppl:      nan, accuracy: 4.511 %, elapse: 0.271 min
  - (Test) 
hits@1 0.05418288999672501
map@1 0.05418288999672501
hits@5 0.1129507659837706
map@5 0.07532234392246764
hits@10 0.147338160911175
map@10 0.0798593458221929
hits@20 0.19253302281576362
map@20 0.08296156020647882
hits@50 0.26818529165605326
map@50 0.08534527221454703
hits@100 0.33779702339798406
map@100 0.08633012337506339
[ Epoch 10 ]
  - (Training)   ppl:      nan, accuracy: 5.762 %, elapse: 6.075 min
  - (Validation) ppl:      nan, accuracy: 4.485 %, elapse: 0.314 min
  - (Test) 
hits@1 0.05345511444270587
map@1 0.05345511444270587
hits@5 0.11258687820676104
map@5 0.07484079909755838
hits@10 0.14711982824496925
map@10 0.07938528091269985
hits@20 0.19275135548196937
map@20 0.08253431679165846
hits@50 0.26803973654524943
map@50 0.08492598452117947
hits@100 0.3380153560641898
map@100 0.08591224873954587
[ Epoch 11 ]
  - (Training)   ppl:      nan, accuracy: 5.850 %, elapse: 6.293 min
  - (Validation) ppl:      nan, accuracy: 4.511 %, elapse: 0.269 min
  - (Test) 
hits@1 0.05396455733051927
map@1 0.05396455733051927
hits@5 0.113460208871584
map@5 0.07563831980883763
hits@10 0.14737454968887595
map@10 0.0801623834764914
hits@20 0.19180524726174447
map@20 0.08321316630897085
hits@50 0.2655289108838834
map@50 0.08554654345311513
hits@100 0.33805174484189077
map@100 0.08657369947541395
[ Epoch 12 ]
  - (Training)   ppl:      nan, accuracy: 5.944 %, elapse: 6.167 min
  - (Validation) ppl:      nan, accuracy: 4.427 %, elapse: 0.284 min
  - (Test) 
hits@1 0.05421927877442597
map@1 0.05421927877442597
hits@5 0.113460208871584
map@5 0.0756577271569448
hits@10 0.14959426512863433
map@10 0.08041853447952207
hits@20 0.1915141370401368
map@20 0.08328559354694859
hits@50 0.2662202976602016
map@50 0.08562990688598039
hits@100 0.33670536006695534
map@100 0.08663079191189213
[ Epoch 13 ]
  - (Training)   ppl:      nan, accuracy: 6.066 %, elapse: 6.309 min
  - (Validation) ppl:      nan, accuracy: 4.466 %, elapse: 0.313 min
  - (Test) 
hits@1 0.05389177977511735
map@1 0.05389177977511735
hits@5 0.1129507659837706
map@5 0.07539754739638295
hits@10 0.1481023252428951
map@10 0.08008286244522193
hits@20 0.19089552781922056
map@20 0.08301819770366768
hits@50 0.2649466904406681
map@50 0.08535926815160477
hits@100 0.3364870274007496
map@100 0.0863674911609663
[ Epoch 14 ]
  - (Training)   ppl:      nan, accuracy: 6.084 %, elapse: 6.224 min
  - (Validation) ppl:      nan, accuracy: 4.508 %, elapse: 0.291 min
  - (Test) 
hits@1 0.05392816855281831
map@1 0.05392816855281831
hits@5 0.11273243331756486
map@5 0.07513736763582107
hits@10 0.14817510279829701
map@10 0.07985099950730751
hits@20 0.1898402532658928
map@20 0.08271287502979865
hits@50 0.2645100251082566
map@50 0.08508563954849649
hits@100 0.33459481096029986
map@100 0.08607763943710238
[ Epoch 15 ]
  - (Training)   ppl:      nan, accuracy: 6.156 %, elapse: 6.431 min
  - (Validation) ppl:      nan, accuracy: 4.353 %, elapse: 0.303 min
  - (Test) 
hits@1 0.053236781776500125
map@1 0.053236781776500125
hits@5 0.11338743131618209
map@5 0.07489538226410974
hits@10 0.14591899858083768
map@10 0.07919626142853096
hits@20 0.19031330737600524
map@20 0.08225977567723167
hits@50 0.26352752811033076
map@50 0.08457577232814155
hits@100 0.33426731196099124
map@100 0.08556806519857464
[ Epoch 16 ]
  - (Training)   ppl:      nan, accuracy: 6.313 %, elapse: 5.918 min
  - (Validation) ppl:      nan, accuracy: 4.463 %, elapse: 0.287 min
  - (Test) 
hits@1 0.05494705432844511
map@1 0.05494705432844511
hits@5 0.113460208871584
map@5 0.07581844425845738
hits@10 0.14748371602197882
map@10 0.08029648767431237
hits@20 0.19049525126451003
map@20 0.08325061163530446
hits@50 0.261635311669881
map@50 0.08549347990059519
hits@100 0.3320839852989338
map@100 0.08648947744976103
[ Epoch 17 ]
  - (Training)   ppl:      nan, accuracy: 6.317 %, elapse: 6.441 min
  - (Validation) ppl:      nan, accuracy: 4.414 %, elapse: 0.311 min
  - (Test) 
hits@1 0.05407372366362214
map@1 0.05407372366362214
hits@5 0.11269604453986391
map@5 0.07546122775735963
hits@10 0.147338160911175
map@10 0.08003388199523713
hits@20 0.18954914304428513
map@20 0.0829313523374213
hits@50 0.2613805902259743
map@50 0.08520121452923055
hits@100 0.3312106546341108
map@100 0.08619030459698197
[ Epoch 18 ]
  - (Training)   ppl:      nan, accuracy: 6.298 %, elapse: 6.394 min
  - (Validation) ppl:      nan, accuracy: 4.411 %, elapse: 0.287 min
  - (Test) 
hits@1 0.05345511444270587
map@1 0.05345511444270587
hits@5 0.11164076998653616
map@5 0.07474376235702242
hits@10 0.1466467741348568
map@10 0.07937329572004437
hits@20 0.18812998071394782
map@20 0.08221006627952414
hits@50 0.26108948000436666
map@50 0.08450282672324042
hits@100 0.33044649030239076
map@100 0.08548555247950733
[ Epoch 19 ]
  - (Training)   ppl:      nan, accuracy: 6.424 %, elapse: 6.399 min
  - (Validation) ppl:      nan, accuracy: 4.424 %, elapse: 0.297 min
  - (Test) 
hits@1 0.05349150322040683
map@1 0.05349150322040683
hits@5 0.11349659764928496
map@5 0.07484019261792994
hits@10 0.14752010479967978
map@10 0.07933693582232572
hits@20 0.18903970015647176
map@20 0.08217810258410536
hits@50 0.2592336523416178
map@50 0.08438307165583589
hits@100 0.32910010552745533
map@100 0.08537970959353883
[ Epoch 20 ]
  - (Training)   ppl:      nan, accuracy: 6.456 %, elapse: 6.255 min
  - (Validation) ppl:      nan, accuracy: 4.459 %, elapse: 0.284 min
  - (Test) 
hits@1 0.05421927877442597
map@1 0.05421927877442597
hits@5 0.11244132309595721
map@5 0.07523501085598533
hits@10 0.14551872202612715
map@10 0.07964645703265112
hits@20 0.18794803682544303
map@20 0.08256635265561386
hits@50 0.259961427895637
map@50 0.08484356455303704
hits@100 0.3281176085295295
map@100 0.08580661485124677
[ Epoch 21 ]
  - (Training)   ppl:      nan, accuracy: 6.516 %, elapse: 6.301 min
  - (Validation) ppl:      nan, accuracy: 4.443 %, elapse: 0.294 min
  - (Test) 
hits@1 0.053054837887995344
map@1 0.053054837887995344
hits@5 0.11287798842836869
map@5 0.07473284572371214
hits@10 0.1458098322477348
map@10 0.07906391890963049
hits@20 0.18809359193624686
map@20 0.08196323978784231
hits@50 0.25821476656599107
map@50 0.08418099362263087
hits@100 0.32840871875113714
map@100 0.08517677921056031
[ Epoch 22 ]
  - (Training)   ppl:      nan, accuracy: 6.533 %, elapse: 6.219 min
  - (Validation) ppl:      nan, accuracy: 4.427 %, elapse: 0.329 min
  - (Test) 
hits@1 0.0541101124413231
map@1 0.0541101124413231
hits@5 0.11265965576216296
map@5 0.07534175127057482
hits@10 0.14526400058222044
map@10 0.07968083865158208
hits@20 0.18787525927004112
map@20 0.08259809287803103
hits@50 0.2584694880098978
map@50 0.08482422125614869
hits@100 0.3274989993086132
map@100 0.08580424190541774
[ Epoch 23 ]
  - (Training)   ppl:      nan, accuracy: 6.631 %, elapse: 6.084 min
  - (Validation) ppl:      nan, accuracy: 4.363 %, elapse: 0.303 min
  - (Test) 
hits@1 0.05341872566500491
map@1 0.05341872566500491
hits@5 0.11225937920745242
map@5 0.07477226689955487
hits@10 0.14526400058222044
map@10 0.07914260242141324
hits@20 0.18842109093555548
map@20 0.08209581655651292
hits@50 0.25905170845311304
map@50 0.08430208374203338
hits@100 0.32797205341872565
map@100 0.08527270007700845
[ Epoch 24 ]
  - (Training)   ppl:      nan, accuracy: 6.676 %, elapse: 6.504 min
  - (Validation) ppl:      nan, accuracy: 4.395 %, elapse: 0.296 min
  - (Test) 
hits@1 0.05298206033259343
map@1 0.05298206033259343
hits@5 0.1116771587642371
map@5 0.07416093543417876
hits@10 0.14446344747279938
map@10 0.07851297548724862
hits@20 0.18743859393762963
map@20 0.08146933594038734
hits@50 0.2603617044503475
map@50 0.08374878088190249
hits@100 0.32702594519850076
map@100 0.08469325894183771
[ Epoch 25 ]
  - (Training)   ppl:      nan, accuracy: 6.709 %, elapse: 6.250 min
  - (Validation) ppl:      nan, accuracy: 4.405 %, elapse: 0.288 min
  - (Test) 
hits@1 0.05298206033259343
map@1 0.05298206033259343
hits@5 0.11240493431825625
map@5 0.07441747631697052
hits@10 0.1455551108038281
map@10 0.07879718339308603
hits@20 0.18809359193624686
map@20 0.08173383646071194
hits@50 0.25937920745242166
map@50 0.08396755656340583
hits@100 0.3263345584221826
map@100 0.08491659649722039
[ Epoch 26 ]
  - (Training)   ppl:      nan, accuracy: 6.703 %, elapse: 6.052 min
  - (Validation) ppl:      nan, accuracy: 4.382 %, elapse: 0.295 min
  - (Test) 
hits@1 0.054510388996033624
map@1 0.054510388996033624
hits@5 0.1123685455405553
map@5 0.07516405273946851
hits@10 0.14449983625050034
map@10 0.079412038216303
hits@20 0.1868927622721153
map@20 0.08235991563764293
hits@50 0.2570867144572614
map@50 0.08457731389691091
hits@100 0.32648011353298645
map@100 0.08556526715760544
[ Epoch 27 ]
  - (Training)   ppl:      nan, accuracy: 6.763 %, elapse: 6.262 min
  - (Validation) ppl:      nan, accuracy: 4.357 %, elapse: 0.332 min
  - (Test) 
hits@1 0.05316400422109821
map@1 0.05316400422109821
hits@5 0.1116043812088352
map@5 0.07435015707822375
hits@10 0.14417233725119175
map@10 0.07867799570612423
hits@20 0.1859466540518904
map@20 0.08156357140876894
hits@50 0.25788726756668245
map@50 0.08381998670712705
hits@100 0.32640733597758453
map@100 0.0847959730511955
[ Epoch 28 ]
  - (Training)   ppl:      nan, accuracy: 6.851 %, elapse: 6.236 min
  - (Validation) ppl:      nan, accuracy: 4.363 %, elapse: 0.291 min
  - (Test) 
hits@1 0.05345511444270587
map@1 0.05345511444270587
hits@5 0.11269604453986391
map@5 0.07473345220334049
hits@10 0.1442815035842946
map@10 0.07894725822112016
hits@20 0.18587387649648848
map@20 0.08177568117330891
hits@50 0.25694115934645756
map@50 0.08401893002783174
hits@100 0.32476984098104145
map@100 0.08498390641276521
[ Epoch 29 ]
  - (Training)   ppl:      nan, accuracy: 6.910 %, elapse: 6.358 min
  - (Validation) ppl:      nan, accuracy: 4.353 %, elapse: 0.295 min
  - (Test) 
hits@1 0.05378261344201448
map@1 0.05378261344201448
hits@5 0.11051271787780649
map@5 0.07449389275014254
hits@10 0.14333539536406972
map@10 0.07887876934309017
hits@20 0.18634693060660093
map@20 0.08185291101778829
hits@50 0.256577271569448
map@50 0.08406644734158589
hits@100 0.3250609512026491
map@100 0.08503335691463698
[ Epoch 30 ]
  - (Training)   ppl:      nan, accuracy: 6.920 %, elapse: 6.158 min
  - (Validation) ppl:      nan, accuracy: 4.321 %, elapse: 0.289 min
  - (Test) 
hits@1 0.05440122266293075
map@1 0.05440122266293075
hits@5 0.1123685455405553
map@5 0.07519195080237256
hits@10 0.1446090025836032
map@10 0.07943205204403851
hits@20 0.1857647101633856
map@20 0.0822469907180897
hits@50 0.25788726756668245
map@50 0.08451022224986575
hits@100 0.32648011353298645
map@100 0.0854792369145457
[ Epoch 31 ]
  - (Training)   ppl:      nan, accuracy: 7.007 %, elapse: 6.336 min
  - (Validation) ppl:      nan, accuracy: 4.350 %, elapse: 0.287 min
  - (Test) 
hits@1 0.05320039299879917
map@1 0.05320039299879917
hits@5 0.11156799243113424
map@5 0.07449146683162912
hits@10 0.14468178013900512
map@10 0.07886396835216018
hits@20 0.18485499072086167
map@20 0.08163454844070825
hits@50 0.2578508787889815
map@50 0.08395356567585445
hits@100 0.3266984461991922
map@100 0.0849293294425084
[ Epoch 32 ]
  - (Training)   ppl:      nan, accuracy: 7.064 %, elapse: 6.531 min
  - (Validation) ppl:      nan, accuracy: 4.382 %, elapse: 0.296 min
  - (Test) 
hits@1 0.0541101124413231
map@1 0.0541101124413231
hits@5 0.11251410065135913
map@5 0.07495299782880292
hits@10 0.14482733524980895
map@10 0.0792223689325323
hits@20 0.18631054182889997
map@20 0.08205459812057862
hits@50 0.256577271569448
map@50 0.08426662480282006
hits@100 0.3259342818674721
map@100 0.08525241064332668
[ Epoch 33 ]
  - (Training)   ppl:      nan, accuracy: 7.058 %, elapse: 6.385 min
  - (Validation) ppl:      nan, accuracy: 4.331 %, elapse: 0.302 min
  - (Test) 
hits@1 0.0530912266656963
map@1 0.0530912266656963
hits@5 0.11244132309595721
map@5 0.07456848974442949
hits@10 0.143954004584986
map@10 0.07874621022432238
hits@20 0.1857647101633856
map@20 0.08161478490589213
hits@50 0.2569047705687566
map@50 0.0838534774881157
hits@100 0.32597067064517304
map@100 0.08483157851285886
[ Epoch 34 ]
  - (Training)   ppl:      nan, accuracy: 7.101 %, elapse: 6.351 min
  - (Validation) ppl:      nan, accuracy: 4.389 %, elapse: 0.322 min
  - (Test) 
hits@1 0.05349150322040683
map@1 0.05349150322040683
hits@5 0.11327826498307922
map@5 0.0751816406486906
hits@10 0.143954004584986
map@10 0.07922236893253234
hits@20 0.18540082238637604
map@20 0.08209315814379396
hits@50 0.2555583857938212
map@50 0.084299408944272
hits@100 0.32356901131690985
map@100 0.08526745919949447
[ Epoch 35 ]
  - (Training)   ppl:      nan, accuracy: 7.130 %, elapse: 6.381 min
  - (Validation) ppl:      nan, accuracy: 4.382 %, elapse: 0.318 min
  - (Test) 
hits@1 0.05403733488592118
map@1 0.05403733488592118
hits@5 0.11233215676285434
map@5 0.07483655374015988
hits@10 0.1435173392525745
map@10 0.07895543125611171
hits@20 0.1843455478330483
map@20 0.08174029003943098
hits@50 0.25599505112623266
map@50 0.08401051271873579
hits@100 0.3247334522033405
map@100 0.08498408238151414
[ Epoch 36 ]
  - (Training)   ppl:      nan, accuracy: 7.210 %, elapse: 6.254 min
  - (Validation) ppl:      nan, accuracy: 4.392 %, elapse: 0.325 min
  - (Test) 
hits@1 0.05403733488592118
map@1 0.05403733488592118
hits@5 0.1116771587642371
map@5 0.07467826255716074
hits@10 0.143954004584986
map@10 0.07891368524169366
hits@20 0.18449110294385213
map@20 0.08167603318848261
hits@50 0.2564681052363451
map@50 0.08393497420484816
hits@100 0.3237145664277137
map@100 0.08488850968747003
[ Epoch 37 ]
  - (Training)   ppl:      nan, accuracy: 7.204 %, elapse: 6.533 min
  - (Validation) ppl:      nan, accuracy: 4.366 %, elapse: 0.330 min
  - (Test) 
hits@1 0.05381900221971544
map@1 0.05381900221971544
hits@5 0.11196826898584476
map@5 0.0747680215421564
hits@10 0.14391761580728504
map@10 0.07902288045477884
hits@20 0.18438193661074925
map@20 0.0818021229259495
hits@50 0.255703940904625
map@50 0.08405834834863003
hits@100 0.32364178887231176
map@100 0.08501701703936926
[ Epoch 38 ]
  - (Training)   ppl:      nan, accuracy: 7.319 %, elapse: 6.360 min
  - (Validation) ppl:      nan, accuracy: 4.350 %, elapse: 0.292 min
  - (Test) 
hits@1 0.05378261344201448
map@1 0.05378261344201448
hits@5 0.11178632509733998
map@5 0.07476377618475796
hits@10 0.14431789236199555
map@10 0.07906238827056847
hits@20 0.18521887849787125
map@20 0.08186180845723105
hits@50 0.25534005312761543
map@50 0.08408609444308053
hits@100 0.3241876205378261
map@100 0.08505952087383661
[ Epoch 39 ]
  - (Training)   ppl:      nan, accuracy: 7.376 %, elapse: 6.242 min
  - (Validation) ppl:      nan, accuracy: 4.344 %, elapse: 0.311 min
  - (Test) 
hits@1 0.05363705833121066
map@1 0.05363705833121066
hits@5 0.1116771587642371
map@5 0.07443203182805087
hits@10 0.1441359484734908
map@10 0.07874961806223402
hits@20 0.18463665805465596
map@20 0.08152354218359095
hits@50 0.25610421745933554
map@50 0.08379843518109845
hits@100 0.3228412357628907
map@100 0.08474469278135383
[ Epoch 40 ]
  - (Training)   ppl:      nan, accuracy: 7.423 %, elapse: 6.468 min
  - (Validation) ppl:      nan, accuracy: 4.334 %, elapse: 0.304 min
  - (Test) 
hits@1 0.05298206033259343
map@1 0.05298206033259343
hits@5 0.11215021287434955
map@5 0.07437077738558763
hits@10 0.1432626178086678
map@10 0.07849866545601783
hits@20 0.18463665805465596
map@20 0.08132868730138554
hits@50 0.25592227357083075
map@50 0.08357949147961993
hits@100 0.3219679050980678
map@100 0.08451896155553199
[ Epoch 41 ]
  - (Training)   ppl:      nan, accuracy: 7.441 %, elapse: 6.390 min
  - (Validation) ppl:      nan, accuracy: 4.405 %, elapse: 0.311 min
  - (Test) 
hits@1 0.05374622466431352
map@1 0.05374622466431352
hits@5 0.11153160365343329
map@5 0.07463035066652113
hits@10 0.14315345147556494
map@10 0.07886512355145234
hits@20 0.18423638149994542
map@20 0.08170139156585125
hits@50 0.255703940904625
map@50 0.08396942346367993
hits@100 0.323459844983807
map@100 0.08493136698460262
[ Epoch 42 ]
  - (Training)   ppl:      nan, accuracy: 7.421 %, elapse: 6.044 min
  - (Validation) ppl:      nan, accuracy: 4.376 %, elapse: 0.301 min
  - (Test) 
hits@1 0.05341872566500491
map@1 0.05341872566500491
hits@5 0.1123685455405553
map@5 0.07462004051283917
hits@10 0.14464539136130417
map@10 0.07889110109553324
hits@20 0.18547359994177795
map@20 0.08169421512409514
hits@50 0.25523088679451256
map@50 0.08387318395552375
hits@100 0.3224409592081802
map@100 0.08482762264042497
[ Epoch 43 ]
  - (Training)   ppl:      nan, accuracy: 7.453 %, elapse: 6.368 min
  - (Validation) ppl:      nan, accuracy: 4.395 %, elapse: 0.293 min
  - (Test) 
hits@1 0.05392816855281831
map@1 0.05392816855281831
hits@5 0.11164076998653616
map@5 0.07477711873658162
hits@10 0.14439066991739746
map@10 0.0790768427017108
hits@20 0.18430915905534734
map@20 0.08182593712291515
hits@50 0.25592227357083075
map@50 0.08407766585043867
hits@100 0.3222226265419745
map@100 0.08502278209626216
[ Epoch 44 ]
  - (Training)   ppl:      nan, accuracy: 7.475 %, elapse: 6.418 min
  - (Validation) ppl:      nan, accuracy: 4.408 %, elapse: 0.326 min
  - (Test) 
hits@1 0.05418288999672501
map@1 0.05418288999672501
hits@5 0.11054910665550745
map@5 0.07451390657787806
hits@10 0.14406317091808887
map@10 0.07895551789605865
hits@20 0.18438193661074925
map@20 0.0817277376093526
hits@50 0.25548560823841926
map@50 0.0839756120098652
hits@100 0.32094901932244096
map@100 0.08490725132098698
[ Epoch 45 ]
  - (Training)   ppl:      nan, accuracy: 7.551 %, elapse: 6.266 min
  - (Validation) ppl:      nan, accuracy: 4.382 %, elapse: 0.304 min
  - (Test) 
hits@1 0.05320039299879917
map@1 0.05320039299879917
hits@5 0.11073105054401222
map@5 0.07397959802530234
hits@10 0.14359011680797643
map@10 0.07831279388991992
hits@20 0.18332666205742149
map@20 0.08106228777466395
hits@50 0.25610421745933554
map@50 0.08336238417139531
hits@100 0.32269568065208687
map@100 0.0843022576347902
[ Epoch 46 ]
  - (Training)   ppl:      nan, accuracy: 7.641 %, elapse: 5.989 min
  - (Validation) ppl:      nan, accuracy: 4.347 %, elapse: 0.272 min
  - (Test) 
hits@1 0.05392816855281831
map@1 0.05392816855281831
hits@5 0.11120410465412467
map@5 0.07447266596315029
hits@10 0.14373567191878026
map@10 0.07878314772168707
hits@20 0.18449110294385213
map@20 0.0815648134605953
hits@50 0.2572322695680652
map@50 0.0838518540728605
hits@100 0.32305956842909644
map@100 0.08478497230185039
[ Epoch 47 ]
  - (Training)   ppl:      nan, accuracy: 7.655 %, elapse: 5.990 min
  - (Validation) ppl:      nan, accuracy: 4.280 %, elapse: 0.272 min
  - (Test) 
hits@1 0.053855390997416396
map@1 0.053855390997416396
hits@5 0.11127688220952658
map@5 0.07456909622405783
hits@10 0.1443542811396965
map@10 0.0789550269363595
hits@20 0.18398166005603872
map@20 0.08166911737748409
hits@50 0.2555583857938212
map@50 0.08393971464780585
hits@100 0.32258651431898405
map@100 0.08488773734384145
[ Epoch 48 ]
  - (Training)   ppl:      nan, accuracy: 7.657 %, elapse: 6.093 min
  - (Validation) ppl:      nan, accuracy: 4.373 %, elapse: 0.276 min
  - (Test) 
hits@1 0.05381900221971544
map@1 0.05381900221971544
hits@5 0.11171354754193806
map@5 0.07462731826837936
hits@10 0.1451184454714166
map@10 0.07907681382172846
hits@20 0.18387249372293585
map@20 0.08172751954403992
hits@50 0.2554492194607183
map@50 0.0839744880840106
hits@100 0.3219679050980678
map@100 0.08491260200504305
[ Epoch 49 ]
  - (Training)   ppl:      nan, accuracy: 7.694 %, elapse: 5.957 min
  - (Validation) ppl:      nan, accuracy: 4.414 %, elapse: 0.279 min
  - (Test) 
hits@1 0.05356428077580874
map@1 0.05356428077580874
hits@5 0.11036716276700266
map@5 0.07406814405104133
hits@10 0.14439066991739746
map@10 0.07861083530728008
hits@20 0.18372693861213202
map@20 0.08128275712266195
hits@50 0.25497616535060585
map@50 0.08354023560212466
hits@100 0.32240457043047926
map@100 0.08449775961670696
