dataset: douban, network: False
training set size:8487   valid set size:1057  testing set size:1058
10602
27.143935106583662
23123
training set size:8487   valid set size:1057  testing set size:1058
10602
27.143935106583662
23123
training set size:8487   valid set size:1057  testing set size:1058
10602
27.143935106583662
23123
[ Epoch 0 ]
  - (Training)   ppl:      nan, accuracy: 3.350 %, elapse: 7.003 min
  - (Validation) ppl:      nan, accuracy: 3.859 %, elapse: 0.298 min
  - (Test) 
hits@1 0.04373931079655034
map@1 0.04373931079655034
hits@5 0.08383974382300499
map@5 0.05848828887837656
hits@10 0.10840216877115098
map@10 0.06180259896736736
hits@20 0.13525708671445727
map@20 0.0636584334097747
hits@50 0.18176194461628034
map@50 0.06511013581261231
hits@100 0.23441650594956515
map@100 0.06585056639416088
    - [Info] The checkpoint file has been updated.
[ Epoch 1 ]
  - (Training)   ppl:      nan, accuracy: 4.572 %, elapse: 6.492 min
  - (Validation) ppl:      nan, accuracy: 4.549 %, elapse: 0.276 min
  - (Test) 
hits@1 0.05112623266984462
map@1 0.05112623266984462
hits@5 0.10112441323095957
map@5 0.06897796053030578
hits@10 0.12943488228230413
map@10 0.07271445264058343
hits@20 0.16498671809613916
map@20 0.07517056128309832
hits@50 0.22368181652778282
map@50 0.07699880815121174
hits@100 0.2843782977329791
map@100 0.07785529409546951
    - [Info] The checkpoint file has been updated.
[ Epoch 2 ]
  - (Training)   ppl:      nan, accuracy: 5.080 %, elapse: 6.452 min
  - (Validation) ppl:      nan, accuracy: 4.710 %, elapse: 0.274 min
  - (Test) 
hits@1 0.05363705833121066
map@1 0.05363705833121066
hits@5 0.10898438921436629
map@5 0.07341981732833597
hits@10 0.14111567992431134
map@10 0.07765564433262116
hits@20 0.17997889450893345
map@20 0.08034112007317305
hits@50 0.24769840981041447
map@50 0.08247285170860562
hits@100 0.3129434882282304
map@100 0.08339643768023658
    - [Info] The checkpoint file has been updated.
[ Epoch 3 ]
  - (Training)   ppl:      nan, accuracy: 5.568 %, elapse: 6.538 min
  - (Validation) ppl:      nan, accuracy: 4.803 %, elapse: 0.273 min
  - (Test) 
hits@1 0.05501983188384702
map@1 0.05501983188384702
hits@5 0.11349659764928496
map@5 0.07597430952294314
hits@10 0.14752010479967978
map@10 0.08050975190362403
hits@20 0.18871220115716314
map@20 0.0833297256238288
hits@50 0.26025253811724464
map@50 0.0855850845524258
hits@100 0.3274262217532113
map@100 0.08653978525888802
    - [Info] The checkpoint file has been updated.
[ Epoch 4 ]
  - (Training)   ppl:      nan, accuracy: 5.950 %, elapse: 6.387 min
  - (Validation) ppl:      nan, accuracy: 4.838 %, elapse: 0.282 min
  - (Test) 
hits@1 0.05585677377096903
map@1 0.05585677377096903
hits@5 0.1160802008660529
map@5 0.07722972235362616
hits@10 0.1510498162366726
map@10 0.0819329574314837
hits@20 0.19344274225828753
map@20 0.08483782607291865
hits@50 0.2644372475528547
map@50 0.08707611407124041
hits@100 0.3354317528474219
map@100 0.08807853856857706
    - [Info] The checkpoint file has been updated.
[ Epoch 5 ]
  - (Training)   ppl:      nan, accuracy: 6.374 %, elapse: 6.297 min
  - (Validation) ppl:      nan, accuracy: 4.806 %, elapse: 0.280 min
  - (Test) 
hits@1 0.05563844110476329
map@1 0.05563844110476329
hits@5 0.11637131108766056
map@5 0.0773437405237558
hits@10 0.152432589789309
map@10 0.08212376747455531
hits@20 0.19504384847712966
map@20 0.08504713982105594
hits@50 0.2670208507696227
map@50 0.08730396280848815
hits@100 0.33885229795131183
map@100 0.08832589954036392
[ Epoch 6 ]
  - (Training)   ppl:      nan, accuracy: 6.780 %, elapse: 6.360 min
  - (Validation) ppl:      nan, accuracy: 4.716 %, elapse: 0.273 min
  - (Test) 
hits@1 0.05665732688039009
map@1 0.05665732688039009
hits@5 0.11706269786397874
map@5 0.07828317746806886
hits@10 0.15166842545758888
map@10 0.08284065527524646
hits@20 0.19311524325897894
map@20 0.08569586576704612
hits@50 0.264182526108948
map@50 0.08797457266267802
hits@100 0.33270259451985007
map@100 0.088940152132936
[ Epoch 7 ]
  - (Training)   ppl:      nan, accuracy: 7.240 %, elapse: 6.249 min
  - (Validation) ppl:      nan, accuracy: 4.633 %, elapse: 0.274 min
  - (Test) 
hits@1 0.05651177176958626
map@1 0.05651177176958626
hits@5 0.11680797642007205
map@5 0.07809759470179392
hits@10 0.15108620501437356
map@10 0.08261468385372171
hits@20 0.19511662603253158
map@20 0.08563095853219349
hits@50 0.2637458607765365
map@50 0.08777844845170246
hits@100 0.3329573159637568
map@100 0.08875834808531377
[ Epoch 8 ]
  - (Training)   ppl:      nan, accuracy: 7.670 %, elapse: 6.556 min
  - (Validation) ppl:      nan, accuracy: 4.674 %, elapse: 0.280 min
  - (Test) 
hits@1 0.05651177176958626
map@1 0.05651177176958626
hits@5 0.11786325097339981
map@5 0.0783850660456315
hits@10 0.151559259124486
map@10 0.08286137666254835
hits@20 0.1915141370401368
map@20 0.08558552276614927
hits@50 0.26309086277791927
map@50 0.0878421639234911
hits@100 0.33161093118882135
map@100 0.0888133063639032
[ Epoch 9 ]
  - (Training)   ppl:      nan, accuracy: 8.137 %, elapse: 6.331 min
  - (Validation) ppl:      nan, accuracy: 4.559 %, elapse: 0.285 min
  - (Test) 
hits@1 0.05636621665878243
map@1 0.05636621665878243
hits@5 0.11466103853571559
map@5 0.07729825455162961
hits@10 0.14933954368472763
map@10 0.0818827062622776
hits@20 0.19071358393071577
map@20 0.08473608459043652
hits@50 0.25945198500782357
map@50 0.08690008840495358
hits@100 0.3274989993086132
map@100 0.08786201251083768
[ Epoch 10 ]
  - (Training)   ppl:      nan, accuracy: 8.626 %, elapse: 6.362 min
  - (Validation) ppl:      nan, accuracy: 4.642 %, elapse: 0.280 min
  - (Test) 
hits@1 0.05542010843855755
map@1 0.05542010843855755
hits@5 0.11477020486881846
map@5 0.07664022415487061
hits@10 0.14890287835231614
map@10 0.08114320543544368
hits@20 0.18903970015647176
map@20 0.08389231974090575
hits@50 0.2572686583457662
map@50 0.08603088160011078
hits@100 0.32586150431207017
map@100 0.08700253371075266
[ Epoch 11 ]
  - (Training)   ppl:      nan, accuracy: 8.950 %, elapse: 6.325 min
  - (Validation) ppl:      nan, accuracy: 4.633 %, elapse: 0.286 min
  - (Test) 
hits@1 0.05611149521487573
map@1 0.05611149521487573
hits@5 0.11411520687020123
map@5 0.07713753745011706
hits@10 0.14697427313416542
map@10 0.0814985736176741
hits@20 0.18820275826934973
map@20 0.08432052111466191
hits@50 0.2568319930133547
map@50 0.08649610809109813
hits@100 0.32444234198173283
map@100 0.08745684609069701
[ Epoch 12 ]
  - (Training)   ppl:      nan, accuracy: 9.406 %, elapse: 6.135 min
  - (Validation) ppl:      nan, accuracy: 4.520 %, elapse: 0.316 min
  - (Test) 
hits@1 0.05501983188384702
map@1 0.05501983188384702
hits@5 0.11233215676285434
map@5 0.07561284766444694
hits@10 0.1457370546923329
map@10 0.0800576069006985
hits@20 0.18634693060660093
map@20 0.08286540773212259
hits@50 0.2531203376878571
map@50 0.08497409683701264
hits@100 0.3185837487718787
map@100 0.08590607072652677
[ Epoch 13 ]
  - (Training)   ppl:      nan, accuracy: 9.760 %, elapse: 6.447 min
  - (Validation) ppl:      nan, accuracy: 4.559 %, elapse: 0.280 min
  - (Test) 
hits@1 0.055602052327062335
map@1 0.055602052327062335
hits@5 0.11342382009388305
map@5 0.07617202188178501
hits@10 0.1442087260288927
map@10 0.08022915399557444
hits@20 0.18470943561005787
map@20 0.08303723212553693
hits@50 0.2533386703540628
map@50 0.08518707803059927
hits@100 0.31792875077326155
map@100 0.0861065877867892
[ Epoch 14 ]
  - (Training)   ppl:      nan, accuracy: 10.185 %, elapse: 6.290 min
  - (Validation) ppl:      nan, accuracy: 4.421 %, elapse: 0.286 min
  - (Test) 
hits@1 0.05425566755212692
map@1 0.05425566755212692
hits@5 0.11087660565481605
map@5 0.07458971653142168
hits@10 0.14519122302681853
map@10 0.07913118038841267
hits@20 0.18398166005603872
map@20 0.08176252825496835
hits@50 0.250609512026491
map@50 0.08385022776910232
hits@100 0.3139987627815582
map@100 0.08474582043870008
[ Epoch 15 ]
  - (Training)   ppl:      nan, accuracy: 10.531 %, elapse: 6.341 min
  - (Validation) ppl:      nan, accuracy: 4.382 %, elapse: 0.278 min
  - (Test) 
hits@1 0.05389177977511735
map@1 0.05389177977511735
hits@5 0.11164076998653616
map@5 0.07487233603823248
hits@10 0.14519122302681853
map@10 0.07932294347090024
hits@20 0.1841636039445435
map@20 0.08197811746072446
hits@50 0.25039117936028527
map@50 0.08406096833322958
hits@100 0.31527237000109165
map@100 0.08497964802809739
[ Epoch 16 ]
  - (Training)   ppl:      nan, accuracy: 10.891 %, elapse: 6.249 min
  - (Validation) ppl:      nan, accuracy: 4.353 %, elapse: 0.277 min
  - (Test) 
hits@1 0.05443761144063171
map@1 0.05443761144063171
hits@5 0.11073105054401222
map@5 0.07486081292529381
hits@10 0.14333539536406972
map@10 0.07919106303171655
hits@20 0.1840908263891416
map@20 0.08197449990592774
hits@50 0.24875368436374223
map@50 0.08400531769652465
hits@100 0.3129798770059314
map@100 0.08491512851436979
[ Epoch 17 ]
  - (Training)   ppl:      nan, accuracy: 11.227 %, elapse: 6.198 min
  - (Validation) ppl:      nan, accuracy: 4.328 %, elapse: 0.279 min
  - (Test) 
hits@1 0.05454677777373458
map@1 0.05454677777373458
hits@5 0.10938466576907682
map@5 0.07424705554140437
hits@10 0.14304428514246206
map@10 0.07873719966984406
hits@20 0.182053054837888
map@20 0.08139605018305085
hits@50 0.24798952003202213
map@50 0.08349170742120114
hits@100 0.3114879371201921
map@100 0.08438106474976259
[ Epoch 18 ]
  - (Training)   ppl:      nan, accuracy: 11.516 %, elapse: 6.367 min
  - (Validation) ppl:      nan, accuracy: 4.321 %, elapse: 0.280 min
  - (Test) 
hits@1 0.05421927877442597
map@1 0.05421927877442597
hits@5 0.11105854954332084
map@5 0.07459396188882014
hits@10 0.14187984425603145
map@10 0.07868876793952305
hits@20 0.1811069466176631
map@20 0.08139429166527204
hits@50 0.24671591281248864
map@50 0.08347478423475581
hits@100 0.3103234962337615
map@100 0.0843743211534542
[ Epoch 19 ]
  - (Training)   ppl:      nan, accuracy: 11.860 %, elapse: 6.435 min
  - (Validation) ppl:      nan, accuracy: 4.369 %, elapse: 0.316 min
  - (Test) 
hits@1 0.05491066555074415
map@1 0.05491066555074415
hits@5 0.10891161165896437
map@5 0.07432165253569133
hits@10 0.1409701248135075
map@10 0.07863336169347596
hits@20 0.18252610894800045
map@20 0.08149748492490645
hits@50 0.24660674647938577
map@50 0.08350648696285577
hits@100 0.3077762817946945
map@100 0.08437613189042308
[ Epoch 20 ]
  - (Training)   ppl:      nan, accuracy: 12.149 %, elapse: 6.420 min
  - (Validation) ppl:      nan, accuracy: 4.344 %, elapse: 0.281 min
  - (Test) 
hits@1 0.05349150322040683
map@1 0.05349150322040683
hits@5 0.10920272188057203
map@5 0.07347925233191417
hits@10 0.14260761981005057
map@10 0.07789686438480149
hits@20 0.18037917106364398
map@20 0.0804866372296439
hits@50 0.2446417524835341
map@50 0.0824942154418655
hits@100 0.30639350824205813
map@100 0.08336195059584323
[ Epoch 21 ]
  - (Training)   ppl:      nan, accuracy: 12.523 %, elapse: 6.301 min
  - (Validation) ppl:      nan, accuracy: 4.318 %, elapse: 0.286 min
  - (Test) 
hits@1 0.052763727666387684
map@1 0.052763727666387684
hits@5 0.10920272188057203
map@5 0.07303348980507746
hits@10 0.14082456970270368
map@10 0.07720563644838595
hits@20 0.1796877842873258
map@20 0.07987903023108459
hits@50 0.243004257486991
map@50 0.08187950817203943
hits@100 0.3046832356901132
map@100 0.08276027201026374
[ Epoch 22 ]
  - (Training)   ppl:      nan, accuracy: 12.808 %, elapse: 6.380 min
  - (Validation) ppl:      nan, accuracy: 4.389 %, elapse: 0.276 min
  - (Test) 
hits@1 0.05421927877442597
map@1 0.05421927877442597
hits@5 0.10898438921436629
map@5 0.07369212668146478
hits@10 0.14049707070339507
map@10 0.07789764414432368
hits@20 0.17866889851169898
map@20 0.08048932454250965
hits@50 0.24322259015319675
map@50 0.08252958758327628
hits@100 0.30697572868527345
map@100 0.0834308483547272
[ Epoch 23 ]
  - (Training)   ppl:      nan, accuracy: 13.140 %, elapse: 6.375 min
  - (Validation) ppl:      nan, accuracy: 4.337 %, elapse: 0.279 min
  - (Test) 
hits@1 0.054474000218332666
map@1 0.054474000218332666
hits@5 0.10902077799206725
map@5 0.07386679281442939
hits@10 0.139732906371675
map@10 0.07792389604823649
hits@20 0.17830501073468943
map@20 0.08059033103541338
hits@50 0.24296786870929005
map@50 0.08263585318175766
hits@100 0.3050107346894218
map@100 0.08351703176348216
[ Epoch 24 ]
  - (Training)   ppl:      nan, accuracy: 13.411 %, elapse: 7.115 min
  - (Validation) ppl:      nan, accuracy: 4.315 %, elapse: 0.283 min
  - (Test) 
hits@1 0.053855390997416396
map@1 0.053855390997416396
hits@5 0.10916633310287108
map@5 0.07380311245345267
hits@10 0.14067901459189985
map@10 0.07805036149073846
hits@20 0.1779047341799789
map@20 0.08060311338442111
hits@50 0.2441323095957207
map@50 0.0827155528235981
hits@100 0.3051199010225247
map@100 0.08357424701017449
[ Epoch 25 ]
  - (Training)   ppl:      nan, accuracy: 13.653 %, elapse: 6.382 min
  - (Validation) ppl:      nan, accuracy: 4.350 %, elapse: 0.284 min
  - (Test) 
hits@1 0.05392816855281831
map@1 0.05392816855281831
hits@5 0.10843855754885194
map@5 0.07335128513033248
hits@10 0.1404606819256941
map@10 0.07756760370657242
hits@20 0.17965139550962483
map@20 0.08024092800824414
hits@50 0.24340453404170154
map@50 0.08224525106262093
hits@100 0.30377351624758925
map@100 0.08309643669067107
[ Epoch 26 ]
  - (Training)   ppl:      nan, accuracy: 13.935 %, elapse: 6.351 min
  - (Validation) ppl:      nan, accuracy: 4.228 %, elapse: 0.280 min
  - (Test) 
hits@1 0.053527891998107785
map@1 0.053527891998107785
hits@5 0.1082202248826462
map@5 0.07310566088085099
hits@10 0.13995123903788073
map@10 0.07733626060833951
hits@20 0.1776500127360722
map@20 0.0799008868546386
hits@50 0.24322259015319675
map@50 0.08197281784935267
hits@100 0.3027182416942615
map@100 0.08281539573137266
[ Epoch 27 ]
  - (Training)   ppl:      nan, accuracy: 14.170 %, elapse: 6.358 min
  - (Validation) ppl:      nan, accuracy: 4.325 %, elapse: 0.275 min
  - (Test) 
hits@1 0.05356428077580874
map@1 0.05356428077580874
hits@5 0.10814744732724428
map@5 0.07305592955132638
hits@10 0.13987846148247882
map@10 0.07725827021613199
hits@20 0.17659473818274443
map@20 0.07978296887148127
hits@50 0.24245842582147667
map@50 0.08186945193681096
hits@100 0.3016629671409337
map@100 0.08270333423924603
[ Epoch 28 ]
  - (Training)   ppl:      nan, accuracy: 14.385 %, elapse: 6.371 min
  - (Validation) ppl:      nan, accuracy: 4.273 %, elapse: 0.276 min
  - (Test) 
hits@1 0.054146501219024055
map@1 0.054146501219024055
hits@5 0.10869327899275863
map@5 0.07353747437623573
hits@10 0.13944179615006733
map@10 0.07761075040013216
hits@20 0.1773952912921655
map@20 0.0802109198092905
hits@50 0.2398020450493068
map@50 0.08217367198966503
hits@100 0.3006804701430079
map@100 0.08304026231281313
[ Epoch 29 ]
  - (Training)   ppl:      nan, accuracy: 14.761 %, elapse: 6.296 min
  - (Validation) ppl:      nan, accuracy: 4.283 %, elapse: 0.274 min
  - (Test) 
hits@1 0.053855390997416396
map@1 0.053855390997416396
hits@5 0.10785633710563662
map@5 0.0730638137864949
hits@10 0.13856846548524435
map@10 0.0771359490510904
hits@20 0.1764491830719406
map@20 0.07970323752573757
hits@50 0.24009315527091446
map@50 0.08171676580726402
hits@100 0.30180852225173754
map@100 0.08258884997946438
[ Epoch 30 ]
  - (Training)   ppl:      nan, accuracy: 14.865 %, elapse: 6.345 min
  - (Validation) ppl:      nan, accuracy: 4.186 %, elapse: 0.278 min
  - (Test) 
hits@1 0.053345948109603
map@1 0.053345948109603
hits@5 0.10767439321713183
map@5 0.0728103053018449
hits@10 0.13896874203995488
map@10 0.07695420732246173
hits@20 0.176958625959754
map@20 0.07957842637306514
hits@50 0.24049343182562496
map@50 0.08157150951536539
hits@100 0.30108074669771845
map@100 0.0824296177948004
[ Epoch 31 ]
  - (Training)   ppl:      nan, accuracy: 15.146 %, elapse: 6.552 min
  - (Validation) ppl:      nan, accuracy: 4.203 %, elapse: 0.277 min
  - (Test) 
hits@1 0.05345511444270587
map@1 0.05345511444270587
hits@5 0.10738328299552417
map@5 0.07292796234974466
hits@10 0.13875040937374913
map@10 0.07710705462879688
hits@20 0.17623085040573488
map@20 0.07966385767201684
hits@50 0.23958371238310106
map@50 0.08167465110558256
hits@100 0.2994068629234744
map@100 0.08252062001434092
[ Epoch 32 ]
  - (Training)   ppl:      nan, accuracy: 15.450 %, elapse: 6.514 min
  - (Validation) ppl:      nan, accuracy: 4.154 %, elapse: 0.311 min
  - (Test) 
hits@1 0.052763727666387684
map@1 0.052763727666387684
hits@5 0.10731050544012227
map@5 0.07237121405092002
hits@10 0.13762235726501948
map@10 0.07638846290914994
hits@20 0.17572140751792148
map@20 0.07901531966553306
hits@50 0.2392926021614934
map@50 0.08101649766522451
hits@100 0.2990793639241658
map@100 0.08186487063345194
[ Epoch 33 ]
  - (Training)   ppl:      nan, accuracy: 15.682 %, elapse: 6.312 min
  - (Validation) ppl:      nan, accuracy: 4.209 %, elapse: 0.315 min
  - (Test) 
hits@1 0.05349150322040683
map@1 0.05349150322040683
hits@5 0.10763800443943088
map@5 0.07284669407954587
hits@10 0.1378406899312252
map@10 0.07688023124779428
hits@20 0.1746661329645937
map@20 0.07939911658604776
hits@50 0.23892871438448382
map@50 0.0814444314033097
hits@100 0.2992613078126706
map@100 0.08229707782023095
[ Epoch 34 ]
  - (Training)   ppl:      nan, accuracy: 15.869 %, elapse: 6.298 min
  - (Validation) ppl:      nan, accuracy: 4.280 %, elapse: 0.278 min
  - (Test) 
hits@1 0.053673447108911615
map@1 0.053673447108911615
hits@5 0.10727411666242131
map@5 0.07272721759276105
hits@10 0.13845929915214147
map@10 0.07691270678789332
hits@20 0.17543029729631382
map@20 0.07944676015152066
hits@50 0.23994760016011063
map@50 0.08148831414006359
hits@100 0.30031658236599834
map@100 0.08233361487669387
[ Epoch 35 ]
  - (Training)   ppl:      nan, accuracy: 16.230 %, elapse: 6.118 min
  - (Validation) ppl:      nan, accuracy: 4.264 %, elapse: 0.277 min
  - (Test) 
hits@1 0.05349150322040683
map@1 0.05349150322040683
hits@5 0.10665550744150504
map@5 0.07261380590225973
hits@10 0.1382773552636367
map@10 0.07682785739988898
hits@20 0.17426585640988318
map@20 0.07929416049389428
hits@50 0.2377642734980532
map@50 0.08131310482724548
hits@100 0.2982060332593428
map@100 0.08216752690215585
[ Epoch 36 ]
  - (Training)   ppl:      nan, accuracy: 16.323 %, elapse: 6.534 min
  - (Validation) ppl:      nan, accuracy: 4.196 %, elapse: 0.284 min
  - (Test) 
hits@1 0.052618172555583854
map@1 0.052618172555583854
hits@5 0.10741967177322513
map@5 0.07225476996227698
hits@10 0.13871402059604818
map@10 0.07638567599085778
hits@20 0.17455696663149084
map@20 0.07885594439118672
hits@50 0.23758232960954842
map@50 0.08086597917871212
hits@100 0.29835158837014664
map@100 0.0817291939522427
[ Epoch 37 ]
  - (Training)   ppl:      nan, accuracy: 16.449 %, elapse: 6.309 min
  - (Validation) ppl:      nan, accuracy: 4.276 %, elapse: 0.285 min
  - (Test) 
hits@1 0.05341872566500491
map@1 0.05341872566500491
hits@5 0.1077835595502347
map@5 0.07285943015174123
hits@10 0.1386048542629453
map@10 0.07691815066455725
hits@20 0.17666751573814635
map@20 0.0795267861652779
hits@50 0.23707288672173502
map@50 0.08142618100310403
hits@100 0.2985699210363524
map@100 0.08230041258507508
[ Epoch 38 ]
  - (Training)   ppl:      nan, accuracy: 16.670 %, elapse: 5.943 min
  - (Validation) ppl:      nan, accuracy: 4.186 %, elapse: 0.288 min
  - (Test) 
hits@1 0.05316400422109821
map@1 0.05316400422109821
hits@5 0.10672828499690695
map@5 0.07239850563419574
hits@10 0.13805902259743094
map@10 0.07655065288975986
hits@20 0.1751027982970052
map@20 0.07909276273083611
hits@50 0.2380189949419599
map@50 0.08110444232222036
hits@100 0.29704159237291217
map@100 0.08193536009176486
[ Epoch 39 ]
  - (Training)   ppl:      nan, accuracy: 16.920 %, elapse: 6.253 min
  - (Validation) ppl:      nan, accuracy: 4.183 %, elapse: 0.284 min
  - (Test) 
hits@1 0.053236781776500125
map@1 0.053236781776500125
hits@5 0.10589134310978494
map@5 0.07201763642759239
hits@10 0.1377679123758233
map@10 0.07627201882050687
hits@20 0.17546668607401478
map@20 0.0788590330982285
hits@50 0.2380189949419599
map@50 0.0808425086662766
hits@100 0.2954404861540701
map@100 0.08165058097750952
[ Epoch 40 ]
  - (Training)   ppl:      nan, accuracy: 17.196 %, elapse: 6.294 min
  - (Validation) ppl:      nan, accuracy: 4.138 %, elapse: 0.279 min
  - (Test) 
hits@1 0.05356428077580874
map@1 0.05356428077580874
hits@5 0.10716495032931844
map@5 0.07254830610239803
hits@10 0.13820457770823477
map@10 0.07663291751934817
hits@20 0.17564862996251956
map@20 0.079190905420287
hits@50 0.23667261016702448
map@50 0.08112969260868173
hits@100 0.2948218769331538
map@100 0.08195805235381033
[ Epoch 41 ]
  - (Training)   ppl:      nan, accuracy: 17.339 %, elapse: 6.456 min
  - (Validation) ppl:      nan, accuracy: 4.183 %, elapse: 0.279 min
  - (Test) 
hits@1 0.052909282777191514
map@1 0.052909282777191514
hits@5 0.10683745133000982
map@5 0.07207646495154228
hits@10 0.13802263381972998
map@10 0.07620438190195476
hits@20 0.17543029729631382
map@20 0.07878655296040661
hits@50 0.23638149994541682
map@50 0.0807062130293119
hits@100 0.29591354026418254
map@100 0.08154487659195213
[ Epoch 42 ]
  - (Training)   ppl:      nan, accuracy: 17.527 %, elapse: 6.337 min
  - (Validation) ppl:      nan, accuracy: 4.142 %, elapse: 0.275 min
  - (Test) 
hits@1 0.052581783777882904
map@1 0.052581783777882904
hits@5 0.10643717477529929
map@5 0.07182902126317577
hits@10 0.1367490266001965
map@10 0.07585372115683968
hits@20 0.17430224518758414
map@20 0.07843709412704365
hits@50 0.23634511116771587
map@50 0.08040125549614649
hits@100 0.2968960372621084
map@100 0.08126026678614623
[ Epoch 43 ]
  - (Training)   ppl:      nan, accuracy: 17.608 %, elapse: 6.275 min
  - (Validation) ppl:      nan, accuracy: 4.193 %, elapse: 0.284 min
  - (Test) 
hits@1 0.05167206433535897
map@1 0.05167206433535897
hits@5 0.10549106655507441
map@5 0.07108365779993449
hits@10 0.136312361267785
map@10 0.07522351662302901
hits@20 0.17419307885448126
map@20 0.07780306693860307
hits@50 0.23729121938794076
map@50 0.07979291936465448
hits@100 0.29565881882027584
map@100 0.08061310730135823
[ Epoch 44 ]
  - (Training)   ppl:      nan, accuracy: 17.800 %, elapse: 6.272 min
  - (Validation) ppl:      nan, accuracy: 4.209 %, elapse: 0.288 min
  - (Test) 
hits@1 0.05298206033259343
map@1 0.05298206033259343
hits@5 0.10629161966449548
map@5 0.072103756534818
hits@10 0.13711291437720607
map@10 0.076201826023521
hits@20 0.1739383574105746
map@20 0.07871304204140635
hits@50 0.23569011316909866
map@50 0.08066359426473893
hits@100 0.2940577126014337
map@100 0.0814974058995099
[ Epoch 45 ]
  - (Training)   ppl:      nan, accuracy: 17.996 %, elapse: 5.953 min
  - (Validation) ppl:      nan, accuracy: 4.183 %, elapse: 0.290 min
  - (Test) 
hits@1 0.052436228667079074
map@1 0.052436228667079074
hits@5 0.10716495032931844
map@5 0.07183751197797267
hits@10 0.13682180415559841
map@10 0.07577788232331373
hits@20 0.17506640951930424
map@20 0.07840190259527297
hits@50 0.23634511116771587
map@50 0.08032777498471753
hits@100 0.2950038208216586
map@100 0.08115317330747705
[ Epoch 46 ]
  - (Training)   ppl:      nan, accuracy: 18.274 %, elapse: 5.911 min
  - (Validation) ppl:      nan, accuracy: 4.183 %, elapse: 0.288 min
  - (Test) 
hits@1 0.052108729667770456
map@1 0.052108729667770456
hits@5 0.10578217677668207
map@5 0.07134141164198295
hits@10 0.13813180015283286
map@10 0.0756411933670767
hits@20 0.1763764055165387
map@20 0.07827502597817308
hits@50 0.23721844183253885
map@50 0.08018430218602132
hits@100 0.2962046504857902
map@100 0.08101682028010429
[ Epoch 47 ]
  - (Training)   ppl:      nan, accuracy: 18.214 %, elapse: 5.838 min
  - (Validation) ppl:      nan, accuracy: 4.161 %, elapse: 0.298 min
  - (Test) 
hits@1 0.05196317455696663
map@1 0.05196317455696663
hits@5 0.10549106655507441
map@5 0.07129895806799848
hits@10 0.13740402459881373
map@10 0.075528315956248
hits@20 0.17532113096321095
map@20 0.07815225611484618
hits@50 0.23569011316909866
map@50 0.08003250189223525
hits@100 0.2954404861540701
map@100 0.08087699765720656
[ Epoch 48 ]
  - (Training)   ppl:      nan, accuracy: 18.426 %, elapse: 5.971 min
  - (Validation) ppl:      nan, accuracy: 4.122 %, elapse: 0.289 min
  - (Test) 
hits@1 0.053236781776500125
map@1 0.053236781776500125
hits@5 0.1059277318874859
map@5 0.07184721565202626
hits@10 0.13733124704341182
map@10 0.07601908793550292
hits@20 0.17506640951930424
map@20 0.0786139082492555
hits@50 0.2354717805028929
map@50 0.08052229801181891
hits@100 0.29489465448855573
map@100 0.0813619935221826
[ Epoch 49 ]
  - (Training)   ppl:      nan, accuracy: 18.495 %, elapse: 6.022 min
  - (Validation) ppl:      nan, accuracy: 4.081 %, elapse: 0.290 min
  - (Test) 
hits@1 0.05119901022524653
map@1 0.05119901022524653
hits@5 0.1049088461118591
map@5 0.07076040415802431
hits@10 0.13736763582111278
map@10 0.07508164370996873
hits@20 0.1740111349659765
map@20 0.07759965650951381
hits@50 0.23670899894472544
map@50 0.07958979776106359
hits@100 0.29453076671154615
map@100 0.08039244138526376
