dataset: douban, network: False
training set size:8487   valid set size:1057  testing set size:1058
10602
27.143935106583662
23123
training set size:8487   valid set size:1057  testing set size:1058
10602
27.143935106583662
23123
training set size:8487   valid set size:1057  testing set size:1058
10602
27.143935106583662
23123
[ Epoch 0 ]
  - (Training)   ppl:      nan, accuracy: 3.251 %, elapse: 2.462 min
  - (Validation) ppl:      nan, accuracy: 3.621 %, elapse: 0.188 min
  - (Test) 
hits@1 0.04060987591426804
map@1 0.04060987591426804
hits@5 0.0777264291692442
map@5 0.05406341350994019
hits@10 0.10530912266656962
map@10 0.057715215072116174
hits@20 0.13358320294021322
map@20 0.059699883342073566
hits@50 0.18063389250755066
map@50 0.06116855786720172
hits@100 0.23026818529165605
map@100 0.06186362774288631
    - [Info] The checkpoint file has been updated.
[ Epoch 1 ]
  - (Training)   ppl:      nan, accuracy: 4.312 %, elapse: 2.426 min
  - (Validation) ppl:      nan, accuracy: 4.235 %, elapse: 0.190 min
  - (Test) 
hits@1 0.0481787416760671
map@1 0.0481787416760671
hits@5 0.09886830901350023
map@5 0.06648957461518867
hits@10 0.1289618281721917
map@10 0.07045821846320376
hits@20 0.16676976820348605
map@20 0.07304110615354054
hits@50 0.23350678650704124
map@50 0.07512814512345896
hits@100 0.2988246424802591
map@100 0.07604877215798454
    - [Info] The checkpoint file has been updated.
[ Epoch 2 ]
  - (Training)   ppl:      nan, accuracy: 4.663 %, elapse: 2.370 min
  - (Validation) ppl:      nan, accuracy: 4.443 %, elapse: 0.188 min
  - (Test) 
hits@1 0.05065317855973218
map@1 0.05065317855973218
hits@5 0.10367162767002656
map@5 0.06989495772836987
hits@10 0.13736763582111278
map@10 0.07438318133798649
hits@20 0.18099778028456023
map@20 0.07736447026183009
hits@50 0.25490338779520394
map@50 0.07969273836723838
hits@100 0.3237873439831156
map@100 0.08066552732694475
    - [Info] The checkpoint file has been updated.
[ Epoch 3 ]
  - (Training)   ppl:      nan, accuracy: 4.806 %, elapse: 2.429 min
  - (Validation) ppl:      nan, accuracy: 4.501 %, elapse: 0.186 min
  - (Test) 
hits@1 0.0504712346712274
map@1 0.0504712346712274
hits@5 0.10603689822058877
map@5 0.07039651638101474
hits@10 0.141406790145919
map@10 0.07507069819667617
hits@20 0.185437211164077
map@20 0.0781099961523844
hits@50 0.2592700411193188
map@50 0.08045130913668663
hits@100 0.33088315563480225
map@100 0.08146370132717315
    - [Info] The checkpoint file has been updated.
[ Epoch 4 ]
  - (Training)   ppl:      nan, accuracy: 4.895 %, elapse: 2.355 min
  - (Validation) ppl:      nan, accuracy: 4.456 %, elapse: 0.182 min
  - (Test) 
hits@1 0.05079873367053601
map@1 0.05079873367053601
hits@5 0.10883883410356246
map@5 0.07167254951906166
hits@10 0.14471816891670608
map@10 0.07646843158014512
hits@20 0.18842109093555548
map@20 0.07946206961074452
hits@50 0.2655652996615844
map@50 0.08189449287493532
hits@100 0.33670536006695534
map@100 0.0828891763016268
[ Epoch 5 ]
  - (Training)   ppl:      nan, accuracy: 4.993 %, elapse: 2.450 min
  - (Validation) ppl:      nan, accuracy: 4.443 %, elapse: 0.187 min
  - (Test) 
hits@1 0.051017066336741745
map@1 0.051017066336741745
hits@5 0.10927549943597395
map@5 0.07187086835753191
hits@10 0.14497289036061278
map@10 0.07659824710059417
hits@20 0.19074997270841673
map@20 0.07976653480224315
hits@50 0.2669116844365198
map@50 0.08216685651261091
hits@100 0.3382700775080965
map@100 0.08316913946251091
[ Epoch 6 ]
  - (Training)   ppl:      nan, accuracy: 5.059 %, elapse: 2.437 min
  - (Validation) ppl:      nan, accuracy: 4.581 %, elapse: 0.195 min
  - (Test) 
hits@1 0.0515628980022561
map@1 0.0515628980022561
hits@5 0.11076743932171318
map@5 0.07298193903666778
hits@10 0.14642844146865105
map@10 0.07769177319048139
hits@20 0.19202357992795022
map@20 0.08084278124759797
hits@50 0.2678214038790437
map@50 0.08325651580391616
hits@100 0.34016229394854625
map@100 0.08427226172852757
    - [Info] The checkpoint file has been updated.
[ Epoch 7 ]
  - (Training)   ppl:      nan, accuracy: 5.105 %, elapse: 2.371 min
  - (Validation) ppl:      nan, accuracy: 4.530 %, elapse: 0.183 min
  - (Test) 
hits@1 0.05250900622248099
map@1 0.05250900622248099
hits@5 0.11189549143044285
map@5 0.07357446963356501
hits@10 0.14737454968887595
map@10 0.07826862195698847
hits@20 0.19336996470288564
map@20 0.08138918256652711
hits@50 0.27033222954040975
map@50 0.08381517223369023
hits@100 0.34136312361267784
map@100 0.08481658270003183
[ Epoch 8 ]
  - (Training)   ppl:      nan, accuracy: 5.184 %, elapse: 2.403 min
  - (Validation) ppl:      nan, accuracy: 4.610 %, elapse: 0.185 min
  - (Test) 
hits@1 0.051308176558349405
map@1 0.051308176558349405
hits@5 0.11153160365343329
map@5 0.07283517096660722
hits@10 0.1470834394672683
map@10 0.0775409619228985
hits@20 0.1931516320366799
map@20 0.08069964912769925
hits@50 0.2701866744296059
map@50 0.08312904568812671
hits@100 0.3411447909464721
map@100 0.08414016324098252
    - [Info] The checkpoint file has been updated.
[ Epoch 9 ]
  - (Training)   ppl:      nan, accuracy: 5.242 %, elapse: 2.423 min
  - (Validation) ppl:      nan, accuracy: 4.546 %, elapse: 0.187 min
  - (Test) 
hits@1 0.05236345111167716
map@1 0.05236345111167716
hits@5 0.11244132309595721
map@5 0.07389651031621847
hits@10 0.14821149157599797
map@10 0.07862048122136912
hits@20 0.19260580037116554
map@20 0.08168083160857789
hits@50 0.26920417743168007
map@50 0.08411177406099779
hits@100 0.3401986827262472
map@100 0.08512371897192682
[ Epoch 10 ]
  - (Training)   ppl:      nan, accuracy: 5.269 %, elapse: 2.423 min
  - (Validation) ppl:      nan, accuracy: 4.604 %, elapse: 0.180 min
  - (Test) 
hits@1 0.0530912266656963
map@1 0.0530912266656963
hits@5 0.11338743131618209
map@5 0.07468008199604576
hits@10 0.14722899457807212
map@10 0.07914498501995317
hits@20 0.19402496270150285
map@20 0.08235514660070528
hits@50 0.27007750809650305
map@50 0.08473420365512747
hits@100 0.3426003420545104
map@100 0.0857602015129616
[ Epoch 11 ]
  - (Training)   ppl:      nan, accuracy: 5.345 %, elapse: 2.394 min
  - (Validation) ppl:      nan, accuracy: 4.585 %, elapse: 0.192 min
  - (Test) 
hits@1 0.052072340890069506
map@1 0.052072340890069506
hits@5 0.11287798842836869
map@5 0.0735029050374198
hits@10 0.14795677013209127
map@10 0.07813417119937989
hits@20 0.1945707943670172
map@20 0.08134071398576381
hits@50 0.2719697245369528
map@50 0.08378356109408693
hits@100 0.3425275644991085
map@100 0.08478381942024117
[ Epoch 12 ]
  - (Training)   ppl:      nan, accuracy: 5.402 %, elapse: 2.436 min
  - (Validation) ppl:      nan, accuracy: 4.623 %, elapse: 0.183 min
  - (Test) 
hits@1 0.05280011644408864
map@1 0.05280011644408864
hits@5 0.11251410065135913
map@5 0.07406086629550113
hits@10 0.1476656599104836
map@10 0.07873371963197659
hits@20 0.19402496270150285
map@20 0.08191403294115548
hits@50 0.2711691714275318
map@50 0.08434873011889536
hits@100 0.3414722899457807
map@100 0.0853438097081642
    - [Info] The checkpoint file has been updated.
[ Epoch 13 ]
  - (Training)   ppl:      nan, accuracy: 5.461 %, elapse: 2.404 min
  - (Validation) ppl:      nan, accuracy: 4.646 %, elapse: 0.188 min
  - (Test) 
hits@1 0.05199956333466759
map@1 0.05199956333466759
hits@5 0.11338743131618209
map@5 0.07421430564147352
hits@10 0.1474109384665769
map@10 0.07872790031554268
hits@20 0.1929696881481751
map@20 0.08187350223789723
hits@50 0.270113896874204
map@50 0.08429319839916602
hits@100 0.3409628470579673
map@100 0.08529527178201737
    - [Info] The checkpoint file has been updated.
[ Epoch 14 ]
  - (Training)   ppl:      nan, accuracy: 5.424 %, elapse: 2.353 min
  - (Validation) ppl:      nan, accuracy: 4.572 %, elapse: 0.183 min
  - (Test) 
hits@1 0.05287289399949056
map@1 0.05287289399949056
hits@5 0.11305993231687347
map@5 0.07421976395812864
hits@10 0.14883010079691422
map@10 0.07896539485000603
hits@20 0.19420690659000764
map@20 0.08207120282268626
hits@50 0.26945889887558677
map@50 0.08444518826113838
hits@100 0.34059895928095774
map@100 0.08545708432796346
[ Epoch 15 ]
  - (Training)   ppl:      nan, accuracy: 5.468 %, elapse: 2.410 min
  - (Validation) ppl:      nan, accuracy: 4.569 %, elapse: 0.188 min
  - (Test) 
hits@1 0.05269095011098577
map@1 0.05269095011098577
hits@5 0.11291437720606964
map@5 0.07435137003748041
hits@10 0.1476656599104836
map@10 0.07895385729707627
hits@20 0.1952621811433354
map@20 0.08220059741625219
hits@50 0.26956806520868964
map@50 0.08452839799122217
hits@100 0.3405261817255558
map@100 0.08553856577293026
[ Epoch 16 ]
  - (Training)   ppl:      nan, accuracy: 5.544 %, elapse: 2.539 min
  - (Validation) ppl:      nan, accuracy: 4.630 %, elapse: 0.182 min
  - (Test) 
hits@1 0.0530912266656963
map@1 0.0530912266656963
hits@5 0.11225937920745242
map@5 0.07432771733197484
hits@10 0.1475928823550817
map@10 0.0790146063398492
hits@20 0.19453440558931626
map@20 0.0822157448614577
hits@50 0.269240566209381
map@50 0.08455323992172248
hits@100 0.3396528510607329
map@100 0.08554806362581002
[ Epoch 17 ]
  - (Training)   ppl:      nan, accuracy: 5.557 %, elapse: 2.487 min
  - (Validation) ppl:      nan, accuracy: 4.585 %, elapse: 0.187 min
  - (Test) 
hits@1 0.052618172555583854
map@1 0.052618172555583854
hits@5 0.11265965576216296
map@5 0.07426161105248476
hits@10 0.14737454968887595
map@10 0.07885170879967283
hits@20 0.1933335759251847
map@20 0.08199444500841538
hits@50 0.27000473054110113
map@50 0.08441969228773212
hits@100 0.34023507150394816
map@100 0.08540857145651203
[ Epoch 18 ]
  - (Training)   ppl:      nan, accuracy: 5.637 %, elapse: 2.550 min
  - (Validation) ppl:      nan, accuracy: 4.527 %, elapse: 0.196 min
  - (Test) 
hits@1 0.052108729667770456
map@1 0.052108729667770456
hits@5 0.11255048942906008
map@5 0.07382251980155988
hits@10 0.14661038535715584
map@10 0.07829415186134374
hits@20 0.1928969105927732
map@20 0.08146878433078704
hits@50 0.2687675120992686
map@50 0.08385078039918452
hits@100 0.33892507550671375
map@100 0.0848460177352724
[ Epoch 19 ]
  - (Training)   ppl:      nan, accuracy: 5.617 %, elapse: 2.579 min
  - (Validation) ppl:      nan, accuracy: 4.569 %, elapse: 0.195 min
  - (Test) 
hits@1 0.05294567155489247
map@1 0.05294567155489247
hits@5 0.11356937520468688
map@5 0.07469463750712614
hits@10 0.14737454968887595
map@10 0.07918436287582242
hits@20 0.19366107492449328
map@20 0.08236991956590992
hits@50 0.26818529165605326
map@50 0.08472024054653458
hits@100 0.3393981296168262
map@100 0.0857336193928752
[ Epoch 20 ]
  - (Training)   ppl:      nan, accuracy: 5.628 %, elapse: 2.549 min
  - (Validation) ppl:      nan, accuracy: 4.630 %, elapse: 0.186 min
  - (Test) 
hits@1 0.053527891998107785
map@1 0.053527891998107785
hits@5 0.112623266984462
map@5 0.07504336329342695
hits@10 0.14762927113278265
map@10 0.07964148967569515
hits@20 0.19344274225828753
map@20 0.08279743327623723
hits@50 0.26913139987627815
map@50 0.08517182614393672
hits@100 0.3392161857283214
map@100 0.08615974866062148
[ Epoch 21 ]
  - (Training)   ppl:      nan, accuracy: 5.615 %, elapse: 2.617 min
  - (Validation) ppl:      nan, accuracy: 4.591 %, elapse: 0.188 min
  - (Test) 
hits@1 0.053382336887303955
map@1 0.053382336887303955
hits@5 0.11382409664859357
map@5 0.07502638186383319
hits@10 0.14711982824496925
map@10 0.0794126591359225
hits@20 0.19311524325897894
map@20 0.08258347503385839
hits@50 0.26854917943306283
map@50 0.08496308239509846
hits@100 0.3387795203959099
map@100 0.08595624509624715
[ Epoch 22 ]
  - (Training)   ppl:      nan, accuracy: 5.678 %, elapse: 2.475 min
  - (Validation) ppl:      nan, accuracy: 4.591 %, elapse: 0.190 min
  - (Test) 
hits@1 0.05272733888868673
map@1 0.05272733888868673
hits@5 0.11316909864997635
map@5 0.0745454435185522
hits@10 0.14737454968887595
map@10 0.07908250317824206
hits@20 0.19158691459553873
map@20 0.08210657365213403
hits@50 0.26716640588042645
map@50 0.08449569470657282
hits@100 0.3379425785087879
map@100 0.08550543700565122
[ Epoch 23 ]
  - (Training)   ppl:      nan, accuracy: 5.633 %, elapse: 2.485 min
  - (Validation) ppl:      nan, accuracy: 4.585 %, elapse: 0.188 min
  - (Test) 
hits@1 0.05312761544339726
map@1 0.05312761544339726
hits@5 0.11276882209526581
map@5 0.07484625741421347
hits@10 0.14817510279829701
map@10 0.07950529167915726
hits@20 0.19322440959208181
map@20 0.0825680182682172
hits@50 0.267530293657436
map@50 0.08490518324312352
hits@100 0.3374331356209745
map@100 0.08589449450152448
[ Epoch 24 ]
  - (Training)   ppl:      nan, accuracy: 5.689 %, elapse: 2.574 min
  - (Validation) ppl:      nan, accuracy: 4.549 %, elapse: 0.185 min
  - (Test) 
hits@1 0.05403733488592118
map@1 0.05403733488592118
hits@5 0.11287798842836869
map@5 0.07524532100966727
hits@10 0.14781121502128744
map@10 0.07982864640100547
hits@20 0.1928969105927732
map@20 0.08292220642049197
hits@50 0.2682216804337542
map@50 0.08530770457753341
hits@100 0.3379425785087879
map@100 0.08629746653994051
[ Epoch 25 ]
  - (Training)   ppl:      nan, accuracy: 5.721 %, elapse: 2.446 min
  - (Validation) ppl:      nan, accuracy: 4.626 %, elapse: 0.183 min
  - (Test) 
hits@1 0.05345511444270587
map@1 0.05345511444270587
hits@5 0.11276882209526581
map@5 0.0749505719102895
hits@10 0.14711982824496925
map@10 0.07951113987557346
hits@20 0.19366107492449328
map@20 0.08273230819147286
hits@50 0.26913139987627815
map@50 0.08510807434866191
hits@100 0.33728758051017066
map@100 0.08606747696879447
[ Epoch 26 ]
  - (Training)   ppl:      nan, accuracy: 5.715 %, elapse: 2.500 min
  - (Validation) ppl:      nan, accuracy: 4.549 %, elapse: 0.180 min
  - (Test) 
hits@1 0.05389177977511735
map@1 0.05389177977511735
hits@5 0.11375131909319167
map@5 0.07535448734277016
hits@10 0.14806593646519414
map@10 0.07988565548607031
hits@20 0.19344274225828753
map@20 0.08302522919497377
hits@50 0.26800334776754847
map@50 0.08538688215652238
hits@100 0.33746952439867545
map@100 0.08637472376486265
[ Epoch 27 ]
  - (Training)   ppl:      nan, accuracy: 5.794 %, elapse: 2.416 min
  - (Validation) ppl:      nan, accuracy: 4.617 %, elapse: 0.182 min
  - (Test) 
hits@1 0.05294567155489247
map@1 0.05294567155489247
hits@5 0.11229576798515338
map@5 0.07419307885448127
hits@10 0.14657399657945488
map@10 0.07871500540344468
hits@20 0.1929696881481751
map@20 0.08188999276969232
hits@50 0.26636585277100544
map@50 0.08419705888260777
hits@100 0.33601397329063715
map@100 0.08518080044655403
[ Epoch 28 ]
  - (Training)   ppl:      nan, accuracy: 5.712 %, elapse: 2.414 min
  - (Validation) ppl:      nan, accuracy: 4.556 %, elapse: 0.183 min
  - (Test) 
hits@1 0.05356428077580874
map@1 0.05356428077580874
hits@5 0.11276882209526581
map@5 0.07490447945853498
hits@10 0.1476656599104836
map@10 0.07957938327375393
hits@20 0.19395218514610094
map@20 0.08278428159340394
hits@50 0.26760307121283794
map@50 0.0851110463468664
hits@100 0.33714202539936683
map@100 0.08609196998057404
[ Epoch 29 ]
  - (Training)   ppl:      nan, accuracy: 5.750 %, elapse: 2.453 min
  - (Validation) ppl:      nan, accuracy: 4.601 %, elapse: 0.181 min
  - (Test) 
hits@1 0.05330955933190204
map@1 0.05330955933190204
hits@5 0.11305993231687347
map@5 0.07491418313258859
hits@10 0.14773843746588552
map@10 0.07951372463398954
hits@20 0.19242385648266075
map@20 0.08256787420782008
hits@50 0.2673847385466322
map@50 0.08493296465688631
hits@100 0.33685091517775917
map@100 0.08591621585498697
[ Epoch 30 ]
  - (Training)   ppl:      nan, accuracy: 5.782 %, elapse: 2.394 min
  - (Validation) ppl:      nan, accuracy: 4.620 %, elapse: 0.186 min
  - (Test) 
hits@1 0.052909282777191514
map@1 0.052909282777191514
hits@5 0.1129507659837706
map@5 0.07467037832199219
hits@10 0.1486845456861104
map@10 0.07935609769058335
hits@20 0.1937338524798952
map@20 0.08244149170343265
hits@50 0.26723918343582836
map@50 0.08476743621868607
hits@100 0.33816091117499364
map@100 0.08577004940962779
[ Epoch 31 ]
  - (Training)   ppl:      nan, accuracy: 5.827 %, elapse: 2.412 min
  - (Validation) ppl:      nan, accuracy: 4.552 %, elapse: 0.185 min
  - (Test) 
hits@1 0.0530912266656963
map@1 0.0530912266656963
hits@5 0.11269604453986391
map@5 0.07478015113472339
hits@10 0.1471562170226702
map@10 0.07934958525457415
hits@20 0.19275135548196937
map@20 0.08249757069600289
hits@50 0.26643863032640736
map@50 0.0848372734250562
hits@100 0.33557730795822566
map@100 0.08582129321734762
[ Epoch 32 ]
  - (Training)   ppl:      nan, accuracy: 5.825 %, elapse: 2.408 min
  - (Validation) ppl:      nan, accuracy: 4.565 %, elapse: 0.192 min
  - (Test) 
hits@1 0.053382336887303955
map@1 0.053382336887303955
hits@5 0.11251410065135913
map@5 0.07485899348640879
hits@10 0.1483570466868018
map@10 0.0795906897868253
hits@20 0.19326079836978277
map@20 0.08267598913377622
hits@50 0.26803973654524943
map@50 0.0850301964811452
hits@100 0.3363778610676467
map@100 0.08600215261207063
[ Epoch 33 ]
  - (Training)   ppl:      nan, accuracy: 5.846 %, elapse: 2.396 min
  - (Validation) ppl:      nan, accuracy: 4.559 %, elapse: 0.184 min
  - (Test) 
hits@1 0.05345511444270587
map@1 0.05345511444270587
hits@5 0.11327826498307922
map@5 0.0748874980289412
hits@10 0.1482842691313999
map@10 0.07950077196192692
hits@20 0.19191441359484734
map@20 0.08250477927267141
hits@50 0.2668389068811179
map@50 0.08486578040492922
hits@100 0.33575925184673044
map@100 0.08584221617275255
[ Epoch 34 ]
  - (Training)   ppl:      nan, accuracy: 5.830 %, elapse: 2.431 min
  - (Validation) ppl:      nan, accuracy: 4.498 %, elapse: 0.184 min
  - (Test) 
hits@1 0.05320039299879917
map@1 0.05320039299879917
hits@5 0.11265965576216296
map@5 0.07470070230340961
hits@10 0.14850260179760563
map@10 0.07945995010694262
hits@20 0.19260580037116554
map@20 0.08250237697041668
hits@50 0.26651140788180927
map@50 0.08482298732083389
hits@100 0.33557730795822566
map@100 0.08580006999564174
[ Epoch 35 ]
  - (Training)   ppl:      nan, accuracy: 5.857 %, elapse: 2.428 min
  - (Validation) ppl:      nan, accuracy: 4.559 %, elapse: 0.185 min
  - (Test) 
hits@1 0.0541101124413231
map@1 0.0541101124413231
hits@5 0.11313270987227539
map@5 0.07545031112404937
hits@10 0.14839343546450276
map@10 0.08009053008052316
hits@20 0.19202357992795022
map@20 0.08309614676890754
hits@50 0.2659655762162949
map@50 0.08544239948985766
hits@100 0.3345584221825989
map@100 0.08641659638007153
[ Epoch 36 ]
  - (Training)   ppl:      nan, accuracy: 5.859 %, elapse: 2.433 min
  - (Validation) ppl:      nan, accuracy: 4.604 %, elapse: 0.184 min
  - (Test) 
hits@1 0.054000946108220226
map@1 0.054000946108220226
hits@5 0.11309632109457443
map@5 0.07522227478379
hits@10 0.1482842691313999
map@10 0.0798863341656544
hits@20 0.19256941159346458
map@20 0.08293452834530633
hits@50 0.2674575161020341
map@50 0.08529773163084951
hits@100 0.33575925184673044
map@100 0.0862645189666569
[ Epoch 37 ]
  - (Training)   ppl:      nan, accuracy: 5.879 %, elapse: 2.407 min
  - (Validation) ppl:      nan, accuracy: 4.617 %, elapse: 0.183 min
  - (Test) 
hits@1 0.05320039299879917
map@1 0.05320039299879917
hits@5 0.11276882209526581
map@5 0.07467886903678907
hits@10 0.1483570466868018
map@10 0.07937733891756674
hits@20 0.1931516320366799
map@20 0.082458722696115
hits@50 0.2659655762162949
map@50 0.08475378038873105
hits@100 0.3363050835122448
map@100 0.0857439442016432
[ Epoch 38 ]
  - (Training)   ppl:      nan, accuracy: 5.888 %, elapse: 2.400 min
  - (Validation) ppl:      nan, accuracy: 4.633 %, elapse: 0.185 min
  - (Test) 
hits@1 0.05345511444270587
map@1 0.05345511444270587
hits@5 0.1132054874276773
map@5 0.07499363196390235
hits@10 0.14832065790910084
map@10 0.07963990127666849
hits@20 0.19180524726174447
map@20 0.08262980286741034
hits@50 0.26662057421491214
map@50 0.08499260468973832
hits@100 0.3348859211819075
map@100 0.08596092261798402
[ Epoch 39 ]
  - (Training)   ppl:      nan, accuracy: 5.942 %, elapse: 2.397 min
  - (Validation) ppl:      nan, accuracy: 4.620 %, elapse: 0.187 min
  - (Test) 
hits@1 0.05392816855281831
map@1 0.05392816855281831
hits@5 0.11302354353917252
map@5 0.07517921473017722
hits@10 0.14933954368472763
map@10 0.07998391962585404
hits@20 0.19224191259415596
map@20 0.08291303209768126
hits@50 0.2665477966595102
map@50 0.08526637112370246
hits@100 0.3355409191805247
map@100 0.08624215750748135
[ Epoch 40 ]
  - (Training)   ppl:      nan, accuracy: 5.887 %, elapse: 2.414 min
  - (Validation) ppl:      nan, accuracy: 4.581 %, elapse: 0.187 min
  - (Test) 
hits@1 0.053673447108911615
map@1 0.053673447108911615
hits@5 0.11367854153778975
map@5 0.07511674732845726
hits@10 0.14890287835231614
map@10 0.07979056814433987
hits@20 0.19235107892725883
map@20 0.08278623168827641
hits@50 0.26509224555147193
map@50 0.08508380956080824
hits@100 0.335322586514319
map@100 0.08607949039146057
[ Epoch 41 ]
  - (Training)   ppl:      nan, accuracy: 5.907 %, elapse: 2.410 min
  - (Validation) ppl:      nan, accuracy: 4.604 %, elapse: 0.185 min
  - (Test) 
hits@1 0.05403733488592118
map@1 0.05403733488592118
hits@5 0.11342382009388305
map@5 0.07522833958007351
hits@10 0.14959426512863433
map@10 0.07999232370070404
hits@20 0.19344274225828753
map@20 0.08302477448437624
hits@50 0.2668389068811179
map@50 0.08532588619901375
hits@100 0.33626869473454385
map@100 0.08630704834437461
[ Epoch 42 ]
  - (Training)   ppl:      nan, accuracy: 5.929 %, elapse: 2.445 min
  - (Validation) ppl:      nan, accuracy: 4.543 %, elapse: 0.186 min
  - (Test) 
hits@1 0.05298206033259343
map@1 0.05298206033259343
hits@5 0.11265965576216296
map@5 0.07444901325764469
hits@10 0.1492667661293257
map@10 0.07929609952735021
hits@20 0.19227830137185692
map@20 0.08226407240384587
hits@50 0.26523780066227576
map@50 0.08456263099145496
hits@100 0.3355409191805247
map@100 0.08555968079670385
[ Epoch 43 ]
  - (Training)   ppl:      nan, accuracy: 5.916 %, elapse: 2.360 min
  - (Validation) ppl:      nan, accuracy: 4.607 %, elapse: 0.187 min
  - (Test) 
hits@1 0.05345511444270587
map@1 0.05345511444270587
hits@5 0.11349659764928496
map@5 0.0750136457916379
hits@10 0.1491939885739238
map@10 0.07970753819522063
hits@20 0.19216913503875405
map@20 0.08265762697276201
hits@50 0.2653105782176777
map@50 0.08495430967285811
hits@100 0.3349950875150104
map@100 0.0859425930496924
[ Epoch 44 ]
  - (Training)   ppl:      nan, accuracy: 5.931 %, elapse: 2.420 min
  - (Validation) ppl:      nan, accuracy: 4.610 %, elapse: 0.187 min
  - (Test) 
hits@1 0.054000946108220226
map@1 0.054000946108220226
hits@5 0.11353298642698592
map@5 0.07545031112404935
hits@10 0.1489392671300171
map@10 0.08013578501279095
hits@20 0.19205996870565117
map@20 0.08311386055496735
hits@50 0.2660383537716968
map@50 0.0854366713474973
hits@100 0.3356136967359266
map@100 0.08641873617730832
[ Epoch 45 ]
  - (Training)   ppl:      nan, accuracy: 5.940 %, elapse: 2.429 min
  - (Validation) ppl:      nan, accuracy: 4.575 %, elapse: 0.188 min
  - (Test) 
hits@1 0.05407372366362214
map@1 0.05407372366362214
hits@5 0.11360576398238784
map@5 0.07545819535921788
hits@10 0.14864815690840943
map@10 0.08008980808096565
hits@20 0.19242385648266075
map@20 0.08307307698851568
hits@50 0.26574724355008916
map@50 0.08538923381299603
hits@100 0.33521342018121614
map@100 0.08637141031575742
[ Epoch 46 ]
  - (Training)   ppl:      nan, accuracy: 5.947 %, elapse: 2.395 min
  - (Validation) ppl:      nan, accuracy: 4.597 %, elapse: 0.183 min
  - (Test) 
hits@1 0.05389177977511735
map@1 0.05389177977511735
hits@5 0.11302354353917252
map@5 0.07507368727484444
hits@10 0.14912121101852188
map@10 0.07983208311889946
hits@20 0.19260580037116554
map@20 0.08280304666406017
hits@50 0.2646191914413595
map@50 0.08507897715743355
hits@100 0.3352498089589171
map@100 0.08608031242489017
[ Epoch 47 ]
  - (Training)   ppl:      nan, accuracy: 5.963 %, elapse: 2.363 min
  - (Validation) ppl:      nan, accuracy: 4.597 %, elapse: 0.183 min
  - (Test) 
hits@1 0.05330955933190204
map@1 0.05330955933190204
hits@5 0.11393326298169644
map@5 0.07501121987312445
hits@10 0.14781121502128744
map@10 0.07947531425752742
hits@20 0.1918780248171464
map@20 0.08253570804224152
hits@50 0.2655289108838834
map@50 0.08484189016653886
hits@100 0.3351770314035152
map@100 0.08582949426233788
[ Epoch 48 ]
  - (Training)   ppl:      nan, accuracy: 5.978 %, elapse: 2.408 min
  - (Validation) ppl:      nan, accuracy: 4.517 %, elapse: 0.186 min
  - (Test) 
hits@1 0.05345511444270587
map@1 0.05345511444270587
hits@5 0.112623266984462
map@5 0.07477590577732493
hits@10 0.14824788035369893
map@10 0.07951613611251179
hits@20 0.19147774826243585
map@20 0.08246878661854506
hits@50 0.2627633637786107
map@50 0.08473506788506549
hits@100 0.3344128670717951
map@100 0.08575287854415009
[ Epoch 49 ]
  - (Training)   ppl:      nan, accuracy: 6.044 %, elapse: 2.415 min
  - (Validation) ppl:      nan, accuracy: 4.540 %, elapse: 0.188 min
  - (Test) 
hits@1 0.05363705833121066
map@1 0.05363705833121066
hits@5 0.11305993231687347
map@5 0.0751027982970052
hits@10 0.14850260179760563
map@10 0.07978610618707413
hits@20 0.19209635748335213
map@20 0.0827586498125335
hits@50 0.2632364178887231
map@50 0.08500458113629673
hits@100 0.33324842618536443
map@100 0.08599482666516436
